-- Found ament_cmake: 2.5.4 (/opt/ros/jazzy/share/ament_cmake/cmake)
-- Found Python3: /usr/bin/python3 (found version "3.12.3") found components: Interpreter 
-- Found rclcpp: 28.1.13 (/opt/ros/jazzy/share/rclcpp/cmake)
-- Found rosidl_generator_c: 4.6.6 (/opt/ros/jazzy/share/rosidl_generator_c/cmake)
-- Found rosidl_generator_cpp: 4.6.6 (/opt/ros/jazzy/share/rosidl_generator_cpp/cmake)
-- Using all available rosidl_typesupport_c: rosidl_typesupport_fastrtps_c;rosidl_typesupport_introspection_c
-- Using all available rosidl_typesupport_cpp: rosidl_typesupport_fastrtps_cpp;rosidl_typesupport_introspection_cpp
-- Found rmw_implementation_cmake: 7.3.2 (/opt/ros/jazzy/share/rmw_implementation_cmake/cmake)
-- Found rmw_fastrtps_cpp: 8.4.3 (/opt/ros/jazzy/share/rmw_fastrtps_cpp/cmake)
-- Found OpenSSL: /usr/lib/aarch64-linux-gnu/libcrypto.so (found version "3.0.13")  
-- Found FastRTPS: /opt/ros/jazzy/include (Required is at least version "2.13") 
-- Using RMW implementation 'rmw_fastrtps_cpp' as default
-- Found sensor_msgs: 5.3.6 (/opt/ros/jazzy/share/sensor_msgs/cmake)
-- Found ament_cmake_gmock: 2.5.4 (/opt/ros/jazzy/share/ament_cmake_gmock/cmake)
-- Found ament_cmake_gtest: 2.5.4 (/opt/ros/jazzy/share/ament_cmake_gtest/cmake)
-- Found gmock sources under '/opt/ros/jazzy/src/gmock_vendor': C++ tests using 'Google Mock' will be built
-- Found gtest sources under '/opt/ros/jazzy/src/gtest_vendor': C++ tests using 'Google Test' will be built
-- Configuring done (1.1s)
-- Generating done (0.0s)
-- Build files have been written to: /home/crazy_rat/ros2_ws/build/bno08x_driver
[ 22%] [32mBuilding C object include/sh2/CMakeFiles/sh2_library.dir/sh2.c.o[0m
[ 22%] [32mBuilding C object include/sh2/CMakeFiles/sh2_library.dir/sh2_SensorValue.c.o[0m
[ 22%] [32mBuilding CXX object gmock/CMakeFiles/gmock_main.dir/src/gmock_main.cc.o[0m
[ 22%] [32mBuilding CXX object gmock/CMakeFiles/gmock.dir/opt/ros/jazzy/src/gtest_vendor/src/gtest-all.cc.o[0m
[ 27%] [32mBuilding C object include/sh2/CMakeFiles/sh2_library.dir/sh2_util.c.o[0m
[ 33%] [32mBuilding CXX object gmock/CMakeFiles/gmock.dir/src/gmock-all.cc.o[0m
[ 38%] [32mBuilding C object include/sh2/CMakeFiles/sh2_library.dir/shtp.c.o[0m
[ 44%] [32m[1mLinking C static library libsh2_library.a[0m
[ 44%] Built target sh2_library
[ 50%] [32mBuilding CXX object CMakeFiles/bno08x_driver.dir/src/bno08x.cpp.o[0m
[ 55%] [32mBuilding CXX object CMakeFiles/bno08x_driver.dir/src/bno08x_ros.cpp.o[0m
[ 61%] [32m[1mLinking CXX static library libgmock_main.a[0m
[ 61%] Built target gmock_main
[ 66%] [32mBuilding CXX object CMakeFiles/bno08x_driver.dir/src/ros_node.cpp.o[0m
[ 72%] [32m[1mLinking CXX static library libgmock.a[0m
[ 72%] Built target gmock
[ 83%] [32mBuilding CXX object CMakeFiles/test_watchdog.dir/test/watchdog_test.cpp.o[0m
[ 83%] [32mBuilding CXX object CMakeFiles/test_i2c_mock.dir/test/i2c_interface_mock_test.cpp.o[0m
[ 88%] [32m[1mLinking CXX executable test_watchdog[0m
[ 88%] Built target test_watchdog
[ 94%] [32m[1mLinking CXX executable test_i2c_mock[0m
[100%] [32m[1mLinking CXX executable bno08x_driver[0m
[100%] Built target test_i2c_mock
[100%] Built target bno08x_driver
-- Install configuration: ""
-- Installing: /home/crazy_rat/ros2_ws/install/bno08x_driver/lib/bno08x_driver/bno08x_driver
-- Set non-toolchain portion of runtime path of "/home/crazy_rat/ros2_ws/install/bno08x_driver/lib/bno08x_driver/bno08x_driver" to ""
-- Installing: /home/crazy_rat/ros2_ws/install/bno08x_driver/share/bno08x_driver/config
-- Installing: /home/crazy_rat/ros2_ws/install/bno08x_driver/share/bno08x_driver/config/bno085_i2c.yaml
-- Installing: /home/crazy_rat/ros2_ws/install/bno08x_driver/share/bno08x_driver/launch
-- Installing: /home/crazy_rat/ros2_ws/install/bno08x_driver/share/bno08x_driver/launch/bno085_i2c.launch.py
-- Installing: /home/crazy_rat/ros2_ws/install/bno08x_driver/share/ament_index/resource_index/package_run_dependencies/bno08x_driver
-- Installing: /home/crazy_rat/ros2_ws/install/bno08x_driver/share/ament_index/resource_index/parent_prefix_path/bno08x_driver
-- Installing: /home/crazy_rat/ros2_ws/install/bno08x_driver/share/bno08x_driver/environment/ament_prefix_path.sh
-- Installing: /home/crazy_rat/ros2_ws/install/bno08x_driver/share/bno08x_driver/environment/ament_prefix_path.dsv
-- Installing: /home/crazy_rat/ros2_ws/install/bno08x_driver/share/bno08x_driver/environment/path.sh
-- Installing: /home/crazy_rat/ros2_ws/install/bno08x_driver/share/bno08x_driver/environment/path.dsv
-- Installing: /home/crazy_rat/ros2_ws/install/bno08x_driver/share/bno08x_driver/local_setup.bash
-- Installing: /home/crazy_rat/ros2_ws/install/bno08x_driver/share/bno08x_driver/local_setup.sh
-- Installing: /home/crazy_rat/ros2_ws/install/bno08x_driver/share/bno08x_driver/local_setup.zsh
-- Installing: /home/crazy_rat/ros2_ws/install/bno08x_driver/share/bno08x_driver/local_setup.dsv
-- Installing: /home/crazy_rat/ros2_ws/install/bno08x_driver/share/bno08x_driver/package.dsv
-- Installing: /home/crazy_rat/ros2_ws/install/bno08x_driver/share/ament_index/resource_index/packages/bno08x_driver
-- Installing: /home/crazy_rat/ros2_ws/install/bno08x_driver/share/bno08x_driver/cmake/bno08x_driverConfig.cmake
-- Installing: /home/crazy_rat/ros2_ws/install/bno08x_driver/share/bno08x_driver/cmake/bno08x_driverConfig-version.cmake
-- Installing: /home/crazy_rat/ros2_ws/install/bno08x_driver/share/bno08x_driver/package.xml
