[3.028s] Invoking command in '/home/crazy_rat/ros2_ws/src/ROS2-FrontierBaseExplorationForAutonomousRobot/autonomous_exploration': DEBUGINFOD_URLS=https://debuginfod.ubuntu.com PYTHONPATH=/home/crazy_rat/ros2_ws/build/autonomous_exploration/prefix_override:/usr/lib/python3/dist-packages/colcon_core/task/python/colcon_distutils_commands:/home/crazy_rat/ros2_ws/install/autonomous_exploration/lib/python3.12/site-packages:${PYTHONPATH} /usr/bin/python3 -W ignore:setup.py install is deprecated -W ignore:easy_install command is deprecated setup.py egg_info --egg-base ../../../build/autonomous_exploration build --build-base /home/crazy_rat/ros2_ws/build/autonomous_exploration/build install --record /home/crazy_rat/ros2_ws/build/autonomous_exploration/install.log --single-version-externally-managed install_data
[3.943s] running egg_info
[4.005s] writing ../../../build/autonomous_exploration/autonomous_exploration.egg-info/PKG-INFO
[4.007s] writing dependency_links to ../../../build/autonomous_exploration/autonomous_exploration.egg-info/dependency_links.txt
[4.013s] writing entry points to ../../../build/autonomous_exploration/autonomous_exploration.egg-info/entry_points.txt
[4.014s] writing requirements to ../../../build/autonomous_exploration/autonomous_exploration.egg-info/requires.txt
[4.014s] writing top-level names to ../../../build/autonomous_exploration/autonomous_exploration.egg-info/top_level.txt
[4.315s] reading manifest file '../../../build/autonomous_exploration/autonomous_exploration.egg-info/SOURCES.txt'
[4.320s] writing manifest file '../../../build/autonomous_exploration/autonomous_exploration.egg-info/SOURCES.txt'
[4.324s] running build
[4.324s] running build_py
[4.326s] running install
[4.362s] running install_lib
[4.529s] running install_data
[4.536s] running install_egg_info
[4.605s] removing '/home/crazy_rat/ros2_ws/install/autonomous_exploration/lib/python3.12/site-packages/autonomous_exploration-0.0.0-py3.12.egg-info' (and everything under it)
[4.605s] Copying ../../../build/autonomous_exploration/autonomous_exploration.egg-info to /home/crazy_rat/ros2_ws/install/autonomous_exploration/lib/python3.12/site-packages/autonomous_exploration-0.0.0-py3.12.egg-info
[4.612s] running install_scripts
[5.331s] Installing control script to /home/crazy_rat/ros2_ws/install/autonomous_exploration/lib/autonomous_exploration
[5.336s] writing list of installed files to '/home/crazy_rat/ros2_ws/build/autonomous_exploration/install.log'
[5.863s] Invoked command in '/home/crazy_rat/ros2_ws/src/ROS2-FrontierBaseExplorationForAutonomousRobot/autonomous_exploration' returned '0': DEBUGINFOD_URLS=https://debuginfod.ubuntu.com PYTHONPATH=/home/crazy_rat/ros2_ws/build/autonomous_exploration/prefix_override:/usr/lib/python3/dist-packages/colcon_core/task/python/colcon_distutils_commands:/home/crazy_rat/ros2_ws/install/autonomous_exploration/lib/python3.12/site-packages:${PYTHONPATH} /usr/bin/python3 -W ignore:setup.py install is deprecated -W ignore:easy_install command is deprecated setup.py egg_info --egg-base ../../../build/autonomous_exploration build --build-base /home/crazy_rat/ros2_ws/build/autonomous_exploration/build install --record /home/crazy_rat/ros2_ws/build/autonomous_exploration/install.log --single-version-externally-managed install_data
