[0.243s] DEBUG:colcon:Command line arguments: ['/usr/bin/colcon', 'build', '--symlink-install']
[0.243s] DEBUG:colcon:Parsed command line arguments: Namespace(log_base=None, log_level=None, verb_name='build', build_base='build', install_base='install', merge_install=False, symlink_install=True, test_result_base=None, continue_on_error=False, executor='parallel', parallel_workers=4, event_handlers=None, ignore_user_meta=False, metas=['./colcon.meta'], base_paths=['.'], packages_ignore=None, packages_ignore_regex=None, paths=None, packages_up_to=None, packages_up_to_regex=None, packages_above=None, packages_above_and_dependencies=None, packages_above_depth=None, packages_select_by_dep=None, packages_skip_by_dep=None, packages_skip_up_to=None, packages_select_build_failed=False, packages_skip_build_finished=False, packages_select_test_failures=False, packages_skip_test_passed=False, packages_select=None, packages_skip=None, packages_select_regex=None, packages_skip_regex=None, packages_start=None, packages_end=None, allow_overriding=[], cmake_args=None, cmake_target=None, cmake_target_skip_unavailable=False, cmake_clean_cache=False, cmake_clean_first=False, cmake_force_configure=False, ament_cmake_args=None, catkin_cmake_args=None, catkin_skip_building_tests=False, mixin_files=None, mixin=None, verb_parser=<colcon_mixin.mixin.mixin_argument.MixinArgumentDecorator object at 0xffffbbf33d10>, verb_extension=<colcon_core.verb.build.BuildVerb object at 0xffffbc1183b0>, main=<bound method BuildVerb.main of <colcon_core.verb.build.BuildVerb object at 0xffffbc1183b0>>, mixin_verb=('build',))
[0.301s] Level 1:colcon.colcon_core.package_discovery:discover_packages(colcon_meta) check parameters
[0.302s] Level 1:colcon.colcon_core.package_discovery:discover_packages(recursive) check parameters
[0.302s] Level 1:colcon.colcon_core.package_discovery:discover_packages(ignore) check parameters
[0.302s] Level 1:colcon.colcon_core.package_discovery:discover_packages(path) check parameters
[0.302s] Level 1:colcon.colcon_core.package_discovery:discover_packages(colcon_meta) discover
[0.302s] Level 1:colcon.colcon_core.package_discovery:discover_packages(recursive) discover
[0.302s] INFO:colcon.colcon_core.package_discovery:Crawling recursively for packages in '/home/crazy_rat/ros2_ws'
[0.302s] Level 1:colcon.colcon_core.package_identification:_identify(.) by extensions ['ignore', 'ignore_ament_install']
[0.302s] Level 1:colcon.colcon_core.package_identification:_identify(.) by extension 'ignore'
[0.302s] Level 1:colcon.colcon_core.package_identification:_identify(.) by extension 'ignore_ament_install'
[0.302s] Level 1:colcon.colcon_core.package_identification:_identify(.) by extensions ['colcon_pkg']
[0.302s] Level 1:colcon.colcon_core.package_identification:_identify(.) by extension 'colcon_pkg'
[0.302s] Level 1:colcon.colcon_core.package_identification:_identify(.) by extensions ['colcon_meta']
[0.302s] Level 1:colcon.colcon_core.package_identification:_identify(.) by extension 'colcon_meta'
[0.302s] Level 1:colcon.colcon_core.package_identification:_identify(.) by extensions ['ros']
[0.302s] Level 1:colcon.colcon_core.package_identification:_identify(.) by extension 'ros'
[0.341s] Level 1:colcon.colcon_core.package_identification:_identify(.) by extensions ['cmake', 'python']
[0.341s] Level 1:colcon.colcon_core.package_identification:_identify(.) by extension 'cmake'
[0.341s] Level 1:colcon.colcon_core.package_identification:_identify(.) by extension 'python'
[0.341s] Level 1:colcon.colcon_core.package_identification:_identify(.) by extensions ['python_setup_py']
[0.341s] Level 1:colcon.colcon_core.package_identification:_identify(.) by extension 'python_setup_py'
[0.341s] Level 1:colcon.colcon_core.package_identification:_identify(build) by extensions ['ignore', 'ignore_ament_install']
[0.341s] Level 1:colcon.colcon_core.package_identification:_identify(build) by extension 'ignore'
[0.341s] Level 1:colcon.colcon_core.package_identification:_identify(build) ignored
[0.341s] Level 1:colcon.colcon_core.package_identification:_identify(install) by extensions ['ignore', 'ignore_ament_install']
[0.341s] Level 1:colcon.colcon_core.package_identification:_identify(install) by extension 'ignore'
[0.342s] Level 1:colcon.colcon_core.package_identification:_identify(install) ignored
[0.342s] Level 1:colcon.colcon_core.package_identification:_identify(log) by extensions ['ignore', 'ignore_ament_install']
[0.342s] Level 1:colcon.colcon_core.package_identification:_identify(log) by extension 'ignore'
[0.342s] Level 1:colcon.colcon_core.package_identification:_identify(log) ignored
[0.342s] Level 1:colcon.colcon_core.package_identification:_identify(src) by extensions ['ignore', 'ignore_ament_install']
[0.342s] Level 1:colcon.colcon_core.package_identification:_identify(src) by extension 'ignore'
[0.342s] Level 1:colcon.colcon_core.package_identification:_identify(src) by extension 'ignore_ament_install'
[0.342s] Level 1:colcon.colcon_core.package_identification:_identify(src) by extensions ['colcon_pkg']
[0.342s] Level 1:colcon.colcon_core.package_identification:_identify(src) by extension 'colcon_pkg'
[0.342s] Level 1:colcon.colcon_core.package_identification:_identify(src) by extensions ['colcon_meta']
[0.342s] Level 1:colcon.colcon_core.package_identification:_identify(src) by extension 'colcon_meta'
[0.342s] Level 1:colcon.colcon_core.package_identification:_identify(src) by extensions ['ros']
[0.342s] Level 1:colcon.colcon_core.package_identification:_identify(src) by extension 'ros'
[0.342s] Level 1:colcon.colcon_core.package_identification:_identify(src) by extensions ['cmake', 'python']
[0.342s] Level 1:colcon.colcon_core.package_identification:_identify(src) by extension 'cmake'
[0.342s] Level 1:colcon.colcon_core.package_identification:_identify(src) by extension 'python'
[0.342s] Level 1:colcon.colcon_core.package_identification:_identify(src) by extensions ['python_setup_py']
[0.342s] Level 1:colcon.colcon_core.package_identification:_identify(src) by extension 'python_setup_py'
[0.343s] Level 1:colcon.colcon_core.package_identification:_identify(src/ROS2-FrontierBaseExplorationForAutonomousRobot) by extensions ['ignore', 'ignore_ament_install']
[0.343s] Level 1:colcon.colcon_core.package_identification:_identify(src/ROS2-FrontierBaseExplorationForAutonomousRobot) by extension 'ignore'
[0.343s] Level 1:colcon.colcon_core.package_identification:_identify(src/ROS2-FrontierBaseExplorationForAutonomousRobot) by extension 'ignore_ament_install'
[0.343s] Level 1:colcon.colcon_core.package_identification:_identify(src/ROS2-FrontierBaseExplorationForAutonomousRobot) by extensions ['colcon_pkg']
[0.343s] Level 1:colcon.colcon_core.package_identification:_identify(src/ROS2-FrontierBaseExplorationForAutonomousRobot) by extension 'colcon_pkg'
[0.343s] Level 1:colcon.colcon_core.package_identification:_identify(src/ROS2-FrontierBaseExplorationForAutonomousRobot) by extensions ['colcon_meta']
[0.343s] Level 1:colcon.colcon_core.package_identification:_identify(src/ROS2-FrontierBaseExplorationForAutonomousRobot) by extension 'colcon_meta'
[0.343s] Level 1:colcon.colcon_core.package_identification:_identify(src/ROS2-FrontierBaseExplorationForAutonomousRobot) by extensions ['ros']
[0.343s] Level 1:colcon.colcon_core.package_identification:_identify(src/ROS2-FrontierBaseExplorationForAutonomousRobot) by extension 'ros'
[0.343s] Level 1:colcon.colcon_core.package_identification:_identify(src/ROS2-FrontierBaseExplorationForAutonomousRobot) by extensions ['cmake', 'python']
[0.343s] Level 1:colcon.colcon_core.package_identification:_identify(src/ROS2-FrontierBaseExplorationForAutonomousRobot) by extension 'cmake'
[0.343s] Level 1:colcon.colcon_core.package_identification:_identify(src/ROS2-FrontierBaseExplorationForAutonomousRobot) by extension 'python'
[0.343s] Level 1:colcon.colcon_core.package_identification:_identify(src/ROS2-FrontierBaseExplorationForAutonomousRobot) by extensions ['python_setup_py']
[0.343s] Level 1:colcon.colcon_core.package_identification:_identify(src/ROS2-FrontierBaseExplorationForAutonomousRobot) by extension 'python_setup_py'
[0.343s] Level 1:colcon.colcon_core.package_identification:_identify(src/ROS2-FrontierBaseExplorationForAutonomousRobot/autonomous_exploration) by extensions ['ignore', 'ignore_ament_install']
[0.343s] Level 1:colcon.colcon_core.package_identification:_identify(src/ROS2-FrontierBaseExplorationForAutonomousRobot/autonomous_exploration) by extension 'ignore'
[0.343s] Level 1:colcon.colcon_core.package_identification:_identify(src/ROS2-FrontierBaseExplorationForAutonomousRobot/autonomous_exploration) by extension 'ignore_ament_install'
[0.343s] Level 1:colcon.colcon_core.package_identification:_identify(src/ROS2-FrontierBaseExplorationForAutonomousRobot/autonomous_exploration) by extensions ['colcon_pkg']
[0.344s] Level 1:colcon.colcon_core.package_identification:_identify(src/ROS2-FrontierBaseExplorationForAutonomousRobot/autonomous_exploration) by extension 'colcon_pkg'
[0.344s] Level 1:colcon.colcon_core.package_identification:_identify(src/ROS2-FrontierBaseExplorationForAutonomousRobot/autonomous_exploration) by extensions ['colcon_meta']
[0.344s] Level 1:colcon.colcon_core.package_identification:_identify(src/ROS2-FrontierBaseExplorationForAutonomousRobot/autonomous_exploration) by extension 'colcon_meta'
[0.344s] Level 1:colcon.colcon_core.package_identification:_identify(src/ROS2-FrontierBaseExplorationForAutonomousRobot/autonomous_exploration) by extensions ['ros']
[0.344s] Level 1:colcon.colcon_core.package_identification:_identify(src/ROS2-FrontierBaseExplorationForAutonomousRobot/autonomous_exploration) by extension 'ros'
[0.347s] DEBUG:colcon.colcon_core.package_identification:Package 'src/ROS2-FrontierBaseExplorationForAutonomousRobot/autonomous_exploration' with type 'ros.ament_python' and name 'autonomous_exploration'
[0.347s] Level 1:colcon.colcon_core.package_identification:_identify(src/bno08x-ros2-driver) by extensions ['ignore', 'ignore_ament_install']
[0.347s] Level 1:colcon.colcon_core.package_identification:_identify(src/bno08x-ros2-driver) by extension 'ignore'
[0.347s] Level 1:colcon.colcon_core.package_identification:_identify(src/bno08x-ros2-driver) by extension 'ignore_ament_install'
[0.347s] Level 1:colcon.colcon_core.package_identification:_identify(src/bno08x-ros2-driver) by extensions ['colcon_pkg']
[0.347s] Level 1:colcon.colcon_core.package_identification:_identify(src/bno08x-ros2-driver) by extension 'colcon_pkg'
[0.347s] Level 1:colcon.colcon_core.package_identification:_identify(src/bno08x-ros2-driver) by extensions ['colcon_meta']
[0.347s] Level 1:colcon.colcon_core.package_identification:_identify(src/bno08x-ros2-driver) by extension 'colcon_meta'
[0.347s] Level 1:colcon.colcon_core.package_identification:_identify(src/bno08x-ros2-driver) by extensions ['ros']
[0.347s] Level 1:colcon.colcon_core.package_identification:_identify(src/bno08x-ros2-driver) by extension 'ros'
[0.348s] DEBUG:colcon.colcon_core.package_identification:Package 'src/bno08x-ros2-driver' with type 'ros.ament_cmake' and name 'bno08x_driver'
[0.348s] Level 1:colcon.colcon_core.package_identification:_identify(src/build) by extensions ['ignore', 'ignore_ament_install']
[0.348s] Level 1:colcon.colcon_core.package_identification:_identify(src/build) by extension 'ignore'
[0.348s] Level 1:colcon.colcon_core.package_identification:_identify(src/build) ignored
[0.349s] Level 1:colcon.colcon_core.package_identification:_identify(src/fake_rplidar) by extensions ['ignore', 'ignore_ament_install']
[0.349s] Level 1:colcon.colcon_core.package_identification:_identify(src/fake_rplidar) by extension 'ignore'
[0.349s] Level 1:colcon.colcon_core.package_identification:_identify(src/fake_rplidar) by extension 'ignore_ament_install'
[0.349s] Level 1:colcon.colcon_core.package_identification:_identify(src/fake_rplidar) by extensions ['colcon_pkg']
[0.349s] Level 1:colcon.colcon_core.package_identification:_identify(src/fake_rplidar) by extension 'colcon_pkg'
[0.349s] Level 1:colcon.colcon_core.package_identification:_identify(src/fake_rplidar) by extensions ['colcon_meta']
[0.349s] Level 1:colcon.colcon_core.package_identification:_identify(src/fake_rplidar) by extension 'colcon_meta'
[0.349s] Level 1:colcon.colcon_core.package_identification:_identify(src/fake_rplidar) by extensions ['ros']
[0.349s] Level 1:colcon.colcon_core.package_identification:_identify(src/fake_rplidar) by extension 'ros'
[0.350s] DEBUG:colcon.colcon_core.package_identification:Package 'src/fake_rplidar' with type 'ros.ament_python' and name 'fake_rplidar'
[0.350s] Level 1:colcon.colcon_core.package_identification:_identify(src/install) by extensions ['ignore', 'ignore_ament_install']
[0.350s] Level 1:colcon.colcon_core.package_identification:_identify(src/install) by extension 'ignore'
[0.350s] Level 1:colcon.colcon_core.package_identification:_identify(src/install) ignored
[0.350s] Level 1:colcon.colcon_core.package_identification:_identify(src/log) by extensions ['ignore', 'ignore_ament_install']
[0.350s] Level 1:colcon.colcon_core.package_identification:_identify(src/log) by extension 'ignore'
[0.350s] Level 1:colcon.colcon_core.package_identification:_identify(src/log) ignored
[0.350s] Level 1:colcon.colcon_core.package_identification:_identify(src/sllidar_ros2) by extensions ['ignore', 'ignore_ament_install']
[0.350s] Level 1:colcon.colcon_core.package_identification:_identify(src/sllidar_ros2) by extension 'ignore'
[0.350s] Level 1:colcon.colcon_core.package_identification:_identify(src/sllidar_ros2) by extension 'ignore_ament_install'
[0.350s] Level 1:colcon.colcon_core.package_identification:_identify(src/sllidar_ros2) by extensions ['colcon_pkg']
[0.350s] Level 1:colcon.colcon_core.package_identification:_identify(src/sllidar_ros2) by extension 'colcon_pkg'
[0.350s] Level 1:colcon.colcon_core.package_identification:_identify(src/sllidar_ros2) by extensions ['colcon_meta']
[0.350s] Level 1:colcon.colcon_core.package_identification:_identify(src/sllidar_ros2) by extension 'colcon_meta'
[0.350s] Level 1:colcon.colcon_core.package_identification:_identify(src/sllidar_ros2) by extensions ['ros']
[0.350s] Level 1:colcon.colcon_core.package_identification:_identify(src/sllidar_ros2) by extension 'ros'
[0.351s] DEBUG:colcon.colcon_core.package_identification:Package 'src/sllidar_ros2' with type 'ros.ament_cmake' and name 'sllidar_ros2'
[0.351s] Level 1:colcon.colcon_core.package_discovery:discover_packages(recursive) using defaults
[0.351s] Level 1:colcon.colcon_core.package_discovery:discover_packages(ignore) discover
[0.351s] Level 1:colcon.colcon_core.package_discovery:discover_packages(ignore) using defaults
[0.351s] Level 1:colcon.colcon_core.package_discovery:discover_packages(path) discover
[0.351s] Level 1:colcon.colcon_core.package_discovery:discover_packages(path) using defaults
[0.375s] Level 1:colcon.colcon_core.package_discovery:discover_packages(prefix_path) check parameters
[0.375s] Level 1:colcon.colcon_core.package_discovery:discover_packages(prefix_path) discover
[0.380s] DEBUG:colcon.colcon_installed_package_information.package_discovery:Found 289 installed packages in /opt/ros/jazzy
[0.383s] Level 1:colcon.colcon_core.package_discovery:discover_packages(prefix_path) using defaults
[0.444s] Level 5:colcon.colcon_core.verb:set package 'autonomous_exploration' build argument 'cmake_args' from command line to 'None'
[0.444s] Level 5:colcon.colcon_core.verb:set package 'autonomous_exploration' build argument 'cmake_target' from command line to 'None'
[0.444s] Level 5:colcon.colcon_core.verb:set package 'autonomous_exploration' build argument 'cmake_target_skip_unavailable' from command line to 'False'
[0.444s] Level 5:colcon.colcon_core.verb:set package 'autonomous_exploration' build argument 'cmake_clean_cache' from command line to 'False'
[0.444s] Level 5:colcon.colcon_core.verb:set package 'autonomous_exploration' build argument 'cmake_clean_first' from command line to 'False'
[0.444s] Level 5:colcon.colcon_core.verb:set package 'autonomous_exploration' build argument 'cmake_force_configure' from command line to 'False'
[0.444s] Level 5:colcon.colcon_core.verb:set package 'autonomous_exploration' build argument 'ament_cmake_args' from command line to 'None'
[0.444s] Level 5:colcon.colcon_core.verb:set package 'autonomous_exploration' build argument 'catkin_cmake_args' from command line to 'None'
[0.444s] Level 5:colcon.colcon_core.verb:set package 'autonomous_exploration' build argument 'catkin_skip_building_tests' from command line to 'False'
[0.444s] DEBUG:colcon.colcon_core.verb:Building package 'autonomous_exploration' with the following arguments: {'ament_cmake_args': None, 'build_base': '/home/crazy_rat/ros2_ws/build/autonomous_exploration', 'catkin_cmake_args': None, 'catkin_skip_building_tests': False, 'cmake_args': None, 'cmake_clean_cache': False, 'cmake_clean_first': False, 'cmake_force_configure': False, 'cmake_target': None, 'cmake_target_skip_unavailable': False, 'install_base': '/home/crazy_rat/ros2_ws/install/autonomous_exploration', 'merge_install': False, 'path': '/home/crazy_rat/ros2_ws/src/ROS2-FrontierBaseExplorationForAutonomousRobot/autonomous_exploration', 'symlink_install': True, 'test_result_base': None}
[0.444s] Level 5:colcon.colcon_core.verb:set package 'bno08x_driver' build argument 'cmake_args' from command line to 'None'
[0.444s] Level 5:colcon.colcon_core.verb:set package 'bno08x_driver' build argument 'cmake_target' from command line to 'None'
[0.444s] Level 5:colcon.colcon_core.verb:set package 'bno08x_driver' build argument 'cmake_target_skip_unavailable' from command line to 'False'
[0.444s] Level 5:colcon.colcon_core.verb:set package 'bno08x_driver' build argument 'cmake_clean_cache' from command line to 'False'
[0.444s] Level 5:colcon.colcon_core.verb:set package 'bno08x_driver' build argument 'cmake_clean_first' from command line to 'False'
[0.445s] Level 5:colcon.colcon_core.verb:set package 'bno08x_driver' build argument 'cmake_force_configure' from command line to 'False'
[0.445s] Level 5:colcon.colcon_core.verb:set package 'bno08x_driver' build argument 'ament_cmake_args' from command line to 'None'
[0.445s] Level 5:colcon.colcon_core.verb:set package 'bno08x_driver' build argument 'catkin_cmake_args' from command line to 'None'
[0.445s] Level 5:colcon.colcon_core.verb:set package 'bno08x_driver' build argument 'catkin_skip_building_tests' from command line to 'False'
[0.445s] DEBUG:colcon.colcon_core.verb:Building package 'bno08x_driver' with the following arguments: {'ament_cmake_args': None, 'build_base': '/home/crazy_rat/ros2_ws/build/bno08x_driver', 'catkin_cmake_args': None, 'catkin_skip_building_tests': False, 'cmake_args': None, 'cmake_clean_cache': False, 'cmake_clean_first': False, 'cmake_force_configure': False, 'cmake_target': None, 'cmake_target_skip_unavailable': False, 'install_base': '/home/crazy_rat/ros2_ws/install/bno08x_driver', 'merge_install': False, 'path': '/home/crazy_rat/ros2_ws/src/bno08x-ros2-driver', 'symlink_install': True, 'test_result_base': None}
[0.445s] Level 5:colcon.colcon_core.verb:set package 'fake_rplidar' build argument 'cmake_args' from command line to 'None'
[0.445s] Level 5:colcon.colcon_core.verb:set package 'fake_rplidar' build argument 'cmake_target' from command line to 'None'
[0.445s] Level 5:colcon.colcon_core.verb:set package 'fake_rplidar' build argument 'cmake_target_skip_unavailable' from command line to 'False'
[0.445s] Level 5:colcon.colcon_core.verb:set package 'fake_rplidar' build argument 'cmake_clean_cache' from command line to 'False'
[0.445s] Level 5:colcon.colcon_core.verb:set package 'fake_rplidar' build argument 'cmake_clean_first' from command line to 'False'
[0.445s] Level 5:colcon.colcon_core.verb:set package 'fake_rplidar' build argument 'cmake_force_configure' from command line to 'False'
[0.445s] Level 5:colcon.colcon_core.verb:set package 'fake_rplidar' build argument 'ament_cmake_args' from command line to 'None'
[0.445s] Level 5:colcon.colcon_core.verb:set package 'fake_rplidar' build argument 'catkin_cmake_args' from command line to 'None'
[0.445s] Level 5:colcon.colcon_core.verb:set package 'fake_rplidar' build argument 'catkin_skip_building_tests' from command line to 'False'
[0.445s] DEBUG:colcon.colcon_core.verb:Building package 'fake_rplidar' with the following arguments: {'ament_cmake_args': None, 'build_base': '/home/crazy_rat/ros2_ws/build/fake_rplidar', 'catkin_cmake_args': None, 'catkin_skip_building_tests': False, 'cmake_args': None, 'cmake_clean_cache': False, 'cmake_clean_first': False, 'cmake_force_configure': False, 'cmake_target': None, 'cmake_target_skip_unavailable': False, 'install_base': '/home/crazy_rat/ros2_ws/install/fake_rplidar', 'merge_install': False, 'path': '/home/crazy_rat/ros2_ws/src/fake_rplidar', 'symlink_install': True, 'test_result_base': None}
[0.445s] Level 5:colcon.colcon_core.verb:set package 'sllidar_ros2' build argument 'cmake_args' from command line to 'None'
[0.445s] Level 5:colcon.colcon_core.verb:set package 'sllidar_ros2' build argument 'cmake_target' from command line to 'None'
[0.445s] Level 5:colcon.colcon_core.verb:set package 'sllidar_ros2' build argument 'cmake_target_skip_unavailable' from command line to 'False'
[0.446s] Level 5:colcon.colcon_core.verb:set package 'sllidar_ros2' build argument 'cmake_clean_cache' from command line to 'False'
[0.446s] Level 5:colcon.colcon_core.verb:set package 'sllidar_ros2' build argument 'cmake_clean_first' from command line to 'False'
[0.446s] Level 5:colcon.colcon_core.verb:set package 'sllidar_ros2' build argument 'cmake_force_configure' from command line to 'False'
[0.446s] Level 5:colcon.colcon_core.verb:set package 'sllidar_ros2' build argument 'ament_cmake_args' from command line to 'None'
[0.446s] Level 5:colcon.colcon_core.verb:set package 'sllidar_ros2' build argument 'catkin_cmake_args' from command line to 'None'
[0.446s] Level 5:colcon.colcon_core.verb:set package 'sllidar_ros2' build argument 'catkin_skip_building_tests' from command line to 'False'
[0.446s] DEBUG:colcon.colcon_core.verb:Building package 'sllidar_ros2' with the following arguments: {'ament_cmake_args': None, 'build_base': '/home/crazy_rat/ros2_ws/build/sllidar_ros2', 'catkin_cmake_args': None, 'catkin_skip_building_tests': False, 'cmake_args': None, 'cmake_clean_cache': False, 'cmake_clean_first': False, 'cmake_force_configure': False, 'cmake_target': None, 'cmake_target_skip_unavailable': False, 'install_base': '/home/crazy_rat/ros2_ws/install/sllidar_ros2', 'merge_install': False, 'path': '/home/crazy_rat/ros2_ws/src/sllidar_ros2', 'symlink_install': True, 'test_result_base': None}
[0.446s] INFO:colcon.colcon_core.executor:Executing jobs using 'parallel' executor
[0.447s] DEBUG:colcon.colcon_parallel_executor.executor.parallel:run_until_complete
[0.448s] INFO:colcon.colcon_ros.task.ament_python.build:Building ROS package in '/home/crazy_rat/ros2_ws/src/ROS2-FrontierBaseExplorationForAutonomousRobot/autonomous_exploration' with build type 'ament_python'
[0.449s] Level 1:colcon.colcon_core.shell:create_environment_hook('autonomous_exploration', 'ament_prefix_path')
[0.458s] INFO:colcon.colcon_core.plugin_system:Skipping extension 'colcon_core.shell.bat': Not used on non-Windows systems
[0.458s] INFO:colcon.colcon_core.shell:Creating environment hook '/home/crazy_rat/ros2_ws/install/autonomous_exploration/share/autonomous_exploration/hook/ament_prefix_path.ps1'
[0.462s] INFO:colcon.colcon_core.shell:Creating environment descriptor '/home/crazy_rat/ros2_ws/install/autonomous_exploration/share/autonomous_exploration/hook/ament_prefix_path.dsv'
[0.465s] INFO:colcon.colcon_core.shell:Creating environment hook '/home/crazy_rat/ros2_ws/install/autonomous_exploration/share/autonomous_exploration/hook/ament_prefix_path.sh'
[0.466s] INFO:colcon.colcon_core.shell:Skip shell extension 'powershell' for command environment: Not usable outside of PowerShell
[0.466s] DEBUG:colcon.colcon_core.shell:Skip shell extension 'dsv' for command environment
[0.473s] INFO:colcon.colcon_ros.task.ament_cmake.build:Building ROS package in '/home/crazy_rat/ros2_ws/src/bno08x-ros2-driver' with build type 'ament_cmake'
[0.474s] INFO:colcon.colcon_cmake.task.cmake.build:Building CMake package in '/home/crazy_rat/ros2_ws/src/bno08x-ros2-driver'
[0.476s] INFO:colcon.colcon_core.shell:Skip shell extension 'powershell' for command environment: Not usable outside of PowerShell
[0.478s] DEBUG:colcon.colcon_core.shell:Skip shell extension 'dsv' for command environment
[0.488s] INFO:colcon.colcon_ros.task.ament_python.build:Building ROS package in '/home/crazy_rat/ros2_ws/src/fake_rplidar' with build type 'ament_python'
[0.488s] Level 1:colcon.colcon_core.shell:create_environment_hook('fake_rplidar', 'ament_prefix_path')
[0.489s] INFO:colcon.colcon_core.shell:Creating environment hook '/home/crazy_rat/ros2_ws/install/fake_rplidar/share/fake_rplidar/hook/ament_prefix_path.ps1'
[0.490s] INFO:colcon.colcon_core.shell:Creating environment descriptor '/home/crazy_rat/ros2_ws/install/fake_rplidar/share/fake_rplidar/hook/ament_prefix_path.dsv'
[0.492s] INFO:colcon.colcon_core.shell:Creating environment hook '/home/crazy_rat/ros2_ws/install/fake_rplidar/share/fake_rplidar/hook/ament_prefix_path.sh'
[0.493s] INFO:colcon.colcon_core.shell:Skip shell extension 'powershell' for command environment: Not usable outside of PowerShell
[0.493s] DEBUG:colcon.colcon_core.shell:Skip shell extension 'dsv' for command environment
[0.502s] INFO:colcon.colcon_ros.task.ament_cmake.build:Building ROS package in '/home/crazy_rat/ros2_ws/src/sllidar_ros2' with build type 'ament_cmake'
[0.503s] INFO:colcon.colcon_cmake.task.cmake.build:Building CMake package in '/home/crazy_rat/ros2_ws/src/sllidar_ros2'
[0.504s] INFO:colcon.colcon_core.shell:Skip shell extension 'powershell' for command environment: Not usable outside of PowerShell
[0.504s] DEBUG:colcon.colcon_core.shell:Skip shell extension 'dsv' for command environment
[0.908s] INFO:colcon.colcon_core.task.python.build:Building Python package in '/home/crazy_rat/ros2_ws/src/ROS2-FrontierBaseExplorationForAutonomousRobot/autonomous_exploration'
[0.908s] INFO:colcon.colcon_core.shell:Skip shell extension 'powershell' for command environment: Not usable outside of PowerShell
[0.908s] DEBUG:colcon.colcon_core.shell:Skip shell extension 'dsv' for command environment
[0.918s] DEBUG:colcon.colcon_core.event_handler.log_command:Invoking command in '/home/crazy_rat/ros2_ws/build/bno08x_driver': CMAKE_PREFIX_PATH=${CMAKE_PREFIX_PATH}:/opt/ros/jazzy DEBUGINFOD_URLS=https://debuginfod.ubuntu.com /usr/bin/cmake /home/crazy_rat/ros2_ws/src/bno08x-ros2-driver -DAMENT_CMAKE_SYMLINK_INSTALL=1 -DCMAKE_INSTALL_PREFIX=/home/crazy_rat/ros2_ws/install/bno08x_driver
[1.409s] WARNING:colcon.colcon_ros.task.ament_python.build:Package 'fake_rplidar' doesn't explicitly install a marker in the package index (colcon-ros currently does it implicitly but that fallback will be removed in the future)
[1.410s] WARNING:colcon.colcon_ros.task.ament_python.build:Package 'fake_rplidar' doesn't explicitly install the 'package.xml' file (colcon-ros currently does it implicitly but that fallback will be removed in the future)
[1.410s] INFO:colcon.colcon_core.task.python.build:Building Python package in '/home/crazy_rat/ros2_ws/src/fake_rplidar'
[1.411s] INFO:colcon.colcon_core.shell:Skip shell extension 'powershell' for command environment: Not usable outside of PowerShell
[1.411s] DEBUG:colcon.colcon_core.shell:Skip shell extension 'dsv' for command environment
[1.438s] DEBUG:colcon.colcon_core.event_handler.log_command:Invoking command in '/home/crazy_rat/ros2_ws/build/sllidar_ros2': CMAKE_PREFIX_PATH=${CMAKE_PREFIX_PATH}:/opt/ros/jazzy DEBUGINFOD_URLS=https://debuginfod.ubuntu.com /usr/bin/cmake /home/crazy_rat/ros2_ws/src/sllidar_ros2 -DAMENT_CMAKE_SYMLINK_INSTALL=1 -DCMAKE_INSTALL_PREFIX=/home/crazy_rat/ros2_ws/install/sllidar_ros2
[3.315s] DEBUG:colcon.colcon_core.event_handler.log_command:Invoking command in '/home/crazy_rat/ros2_ws/build/autonomous_exploration': DEBUGINFOD_URLS=https://debuginfod.ubuntu.com PYTHONPATH=/home/crazy_rat/ros2_ws/build/autonomous_exploration/prefix_override:/usr/lib/python3/dist-packages/colcon_core/task/python/colcon_distutils_commands:/home/crazy_rat/ros2_ws/install/autonomous_exploration/lib/python3.12/site-packages:${PYTHONPATH} /usr/bin/python3 -W ignore:setup.py install is deprecated -W ignore:easy_install command is deprecated setup.py develop --editable --build-directory /home/crazy_rat/ros2_ws/build/autonomous_exploration/build --no-deps symlink_data
[3.325s] DEBUG:colcon.colcon_core.event_handler.log_command:Invoking command in '/home/crazy_rat/ros2_ws/build/fake_rplidar': DEBUGINFOD_URLS=https://debuginfod.ubuntu.com PYTHONPATH=/home/crazy_rat/ros2_ws/build/fake_rplidar/prefix_override:/usr/lib/python3/dist-packages/colcon_core/task/python/colcon_distutils_commands:/home/crazy_rat/ros2_ws/install/fake_rplidar/lib/python3.12/site-packages:${PYTHONPATH} /usr/bin/python3 -W ignore:setup.py install is deprecated -W ignore:easy_install command is deprecated setup.py develop --editable --build-directory /home/crazy_rat/ros2_ws/build/fake_rplidar/build --no-deps
[3.333s] DEBUG:colcon.colcon_core.event_handler.log_command:Invoked command in '/home/crazy_rat/ros2_ws/build/bno08x_driver' returned '0': CMAKE_PREFIX_PATH=${CMAKE_PREFIX_PATH}:/opt/ros/jazzy DEBUGINFOD_URLS=https://debuginfod.ubuntu.com /usr/bin/cmake /home/crazy_rat/ros2_ws/src/bno08x-ros2-driver -DAMENT_CMAKE_SYMLINK_INSTALL=1 -DCMAKE_INSTALL_PREFIX=/home/crazy_rat/ros2_ws/install/bno08x_driver
[3.333s] DEBUG:colcon.colcon_core.event_handler.log_command:Invoking command in '/home/crazy_rat/ros2_ws/build/bno08x_driver': CMAKE_PREFIX_PATH=${CMAKE_PREFIX_PATH}:/opt/ros/jazzy DEBUGINFOD_URLS=https://debuginfod.ubuntu.com /usr/bin/cmake --build /home/crazy_rat/ros2_ws/build/bno08x_driver -- -j4 -l4
[3.940s] DEBUG:colcon.colcon_core.event_handler.log_command:Invoked command in '/home/crazy_rat/ros2_ws/build/sllidar_ros2' returned '0': CMAKE_PREFIX_PATH=${CMAKE_PREFIX_PATH}:/opt/ros/jazzy DEBUGINFOD_URLS=https://debuginfod.ubuntu.com /usr/bin/cmake /home/crazy_rat/ros2_ws/src/sllidar_ros2 -DAMENT_CMAKE_SYMLINK_INSTALL=1 -DCMAKE_INSTALL_PREFIX=/home/crazy_rat/ros2_ws/install/sllidar_ros2
[3.940s] DEBUG:colcon.colcon_core.event_handler.log_command:Invoking command in '/home/crazy_rat/ros2_ws/build/sllidar_ros2': CMAKE_PREFIX_PATH=${CMAKE_PREFIX_PATH}:/opt/ros/jazzy DEBUGINFOD_URLS=https://debuginfod.ubuntu.com /usr/bin/cmake --build /home/crazy_rat/ros2_ws/build/sllidar_ros2 -- -j4 -l4
[5.769s] Level 1:colcon.colcon_core.shell:create_environment_hook('autonomous_exploration', 'pythonpath_develop')
[5.771s] INFO:colcon.colcon_core.shell:Creating environment hook '/home/crazy_rat/ros2_ws/build/autonomous_exploration/share/autonomous_exploration/hook/pythonpath_develop.ps1'
[5.776s] INFO:colcon.colcon_core.shell:Creating environment descriptor '/home/crazy_rat/ros2_ws/build/autonomous_exploration/share/autonomous_exploration/hook/pythonpath_develop.dsv'
[5.778s] DEBUG:colcon.colcon_core.event_handler.log_command:Invoked command in '/home/crazy_rat/ros2_ws/build/autonomous_exploration' returned '0': DEBUGINFOD_URLS=https://debuginfod.ubuntu.com PYTHONPATH=/home/crazy_rat/ros2_ws/build/autonomous_exploration/prefix_override:/usr/lib/python3/dist-packages/colcon_core/task/python/colcon_distutils_commands:/home/crazy_rat/ros2_ws/install/autonomous_exploration/lib/python3.12/site-packages:${PYTHONPATH} /usr/bin/python3 -W ignore:setup.py install is deprecated -W ignore:easy_install command is deprecated setup.py develop --editable --build-directory /home/crazy_rat/ros2_ws/build/autonomous_exploration/build --no-deps symlink_data
[5.781s] INFO:colcon.colcon_core.shell:Creating environment hook '/home/crazy_rat/ros2_ws/build/autonomous_exploration/share/autonomous_exploration/hook/pythonpath_develop.sh'
[5.807s] Level 1:colcon.colcon_core.environment:checking '/home/crazy_rat/ros2_ws/install/autonomous_exploration' for CMake module files
[5.811s] Level 1:colcon.colcon_core.environment:checking '/home/crazy_rat/ros2_ws/install/autonomous_exploration' for CMake config files
[5.817s] Level 1:colcon.colcon_core.environment:checking '/home/crazy_rat/ros2_ws/install/autonomous_exploration/lib'
[5.818s] Level 1:colcon.colcon_core.environment:checking '/home/crazy_rat/ros2_ws/install/autonomous_exploration/bin'
[5.819s] Level 1:colcon.colcon_core.environment:checking '/home/crazy_rat/ros2_ws/install/autonomous_exploration/lib/pkgconfig/autonomous_exploration.pc'
[5.819s] Level 1:colcon.colcon_core.environment:checking '/home/crazy_rat/ros2_ws/install/autonomous_exploration/lib/python3.12/site-packages'
[5.823s] Level 1:colcon.colcon_core.shell:create_environment_hook('autonomous_exploration', 'pythonpath')
[5.824s] INFO:colcon.colcon_core.shell:Creating environment hook '/home/crazy_rat/ros2_ws/install/autonomous_exploration/share/autonomous_exploration/hook/pythonpath.ps1'
[5.825s] INFO:colcon.colcon_core.shell:Creating environment descriptor '/home/crazy_rat/ros2_ws/install/autonomous_exploration/share/autonomous_exploration/hook/pythonpath.dsv'
[5.843s] INFO:colcon.colcon_core.shell:Creating environment hook '/home/crazy_rat/ros2_ws/install/autonomous_exploration/share/autonomous_exploration/hook/pythonpath.sh'
[5.845s] Level 1:colcon.colcon_core.environment:checking '/home/crazy_rat/ros2_ws/install/autonomous_exploration/bin'
[5.845s] Level 1:colcon.colcon_core.environment:create_environment_scripts_only(autonomous_exploration)
[5.853s] INFO:colcon.colcon_core.shell:Creating package script '/home/crazy_rat/ros2_ws/install/autonomous_exploration/share/autonomous_exploration/package.ps1'
[5.860s] INFO:colcon.colcon_core.shell:Creating package descriptor '/home/crazy_rat/ros2_ws/install/autonomous_exploration/share/autonomous_exploration/package.dsv'
[5.866s] INFO:colcon.colcon_core.shell:Creating package script '/home/crazy_rat/ros2_ws/install/autonomous_exploration/share/autonomous_exploration/package.sh'
[5.873s] INFO:colcon.colcon_core.shell:Creating package script '/home/crazy_rat/ros2_ws/install/autonomous_exploration/share/autonomous_exploration/package.bash'
[5.879s] INFO:colcon.colcon_core.shell:Creating package script '/home/crazy_rat/ros2_ws/install/autonomous_exploration/share/autonomous_exploration/package.zsh'
[5.884s] Level 1:colcon.colcon_core.environment:create_file_with_runtime_dependencies(/home/crazy_rat/ros2_ws/install/autonomous_exploration/share/colcon-core/packages/autonomous_exploration)
[5.971s] Level 1:colcon.colcon_core.shell:create_environment_hook('fake_rplidar', 'pythonpath_develop')
[5.972s] DEBUG:colcon.colcon_core.event_handler.log_command:Invoked command in '/home/crazy_rat/ros2_ws/build/fake_rplidar' returned '0': DEBUGINFOD_URLS=https://debuginfod.ubuntu.com PYTHONPATH=/home/crazy_rat/ros2_ws/build/fake_rplidar/prefix_override:/usr/lib/python3/dist-packages/colcon_core/task/python/colcon_distutils_commands:/home/crazy_rat/ros2_ws/install/fake_rplidar/lib/python3.12/site-packages:${PYTHONPATH} /usr/bin/python3 -W ignore:setup.py install is deprecated -W ignore:easy_install command is deprecated setup.py develop --editable --build-directory /home/crazy_rat/ros2_ws/build/fake_rplidar/build --no-deps
[5.973s] INFO:colcon.colcon_core.shell:Creating environment hook '/home/crazy_rat/ros2_ws/build/fake_rplidar/share/fake_rplidar/hook/pythonpath_develop.ps1'
[5.978s] INFO:colcon.colcon_core.shell:Creating environment descriptor '/home/crazy_rat/ros2_ws/build/fake_rplidar/share/fake_rplidar/hook/pythonpath_develop.dsv'
[5.982s] INFO:colcon.colcon_core.shell:Creating environment hook '/home/crazy_rat/ros2_ws/build/fake_rplidar/share/fake_rplidar/hook/pythonpath_develop.sh'
[5.987s] Level 1:colcon.colcon_core.environment:checking '/home/crazy_rat/ros2_ws/install/fake_rplidar' for CMake module files
[5.989s] Level 1:colcon.colcon_core.environment:checking '/home/crazy_rat/ros2_ws/install/fake_rplidar' for CMake config files
[5.990s] Level 1:colcon.colcon_core.environment:checking '/home/crazy_rat/ros2_ws/install/fake_rplidar/lib'
[5.991s] Level 1:colcon.colcon_core.environment:checking '/home/crazy_rat/ros2_ws/install/fake_rplidar/bin'
[5.991s] Level 1:colcon.colcon_core.environment:checking '/home/crazy_rat/ros2_ws/install/fake_rplidar/lib/pkgconfig/fake_rplidar.pc'
[5.992s] Level 1:colcon.colcon_core.environment:checking '/home/crazy_rat/ros2_ws/install/fake_rplidar/lib/python3.12/site-packages'
[5.992s] Level 1:colcon.colcon_core.shell:create_environment_hook('fake_rplidar', 'pythonpath')
[5.994s] INFO:colcon.colcon_core.shell:Creating environment hook '/home/crazy_rat/ros2_ws/install/fake_rplidar/share/fake_rplidar/hook/pythonpath.ps1'
[5.997s] INFO:colcon.colcon_core.shell:Creating environment descriptor '/home/crazy_rat/ros2_ws/install/fake_rplidar/share/fake_rplidar/hook/pythonpath.dsv'
[6.001s] INFO:colcon.colcon_core.shell:Creating environment hook '/home/crazy_rat/ros2_ws/install/fake_rplidar/share/fake_rplidar/hook/pythonpath.sh'
[6.006s] Level 1:colcon.colcon_core.environment:checking '/home/crazy_rat/ros2_ws/install/fake_rplidar/bin'
[6.007s] Level 1:colcon.colcon_core.environment:create_environment_scripts_only(fake_rplidar)
[6.014s] INFO:colcon.colcon_core.shell:Creating package script '/home/crazy_rat/ros2_ws/install/fake_rplidar/share/fake_rplidar/package.ps1'
[6.020s] INFO:colcon.colcon_core.shell:Creating package descriptor '/home/crazy_rat/ros2_ws/install/fake_rplidar/share/fake_rplidar/package.dsv'
[6.029s] INFO:colcon.colcon_core.shell:Creating package script '/home/crazy_rat/ros2_ws/install/fake_rplidar/share/fake_rplidar/package.sh'
[6.036s] INFO:colcon.colcon_core.shell:Creating package script '/home/crazy_rat/ros2_ws/install/fake_rplidar/share/fake_rplidar/package.bash'
[6.039s] INFO:colcon.colcon_core.shell:Creating package script '/home/crazy_rat/ros2_ws/install/fake_rplidar/share/fake_rplidar/package.zsh'
[6.046s] Level 1:colcon.colcon_core.environment:create_file_with_runtime_dependencies(/home/crazy_rat/ros2_ws/install/fake_rplidar/share/colcon-core/packages/fake_rplidar)
[6.702s] DEBUG:colcon.colcon_core.event_handler.log_command:Invoked command in '/home/crazy_rat/ros2_ws/build/bno08x_driver' returned '0': CMAKE_PREFIX_PATH=${CMAKE_PREFIX_PATH}:/opt/ros/jazzy DEBUGINFOD_URLS=https://debuginfod.ubuntu.com /usr/bin/cmake --build /home/crazy_rat/ros2_ws/build/bno08x_driver -- -j4 -l4
[6.770s] DEBUG:colcon.colcon_core.event_handler.log_command:Invoking command in '/home/crazy_rat/ros2_ws/build/bno08x_driver': CMAKE_PREFIX_PATH=${CMAKE_PREFIX_PATH}:/opt/ros/jazzy DEBUGINFOD_URLS=https://debuginfod.ubuntu.com /usr/bin/cmake --install /home/crazy_rat/ros2_ws/build/bno08x_driver
[7.422s] Level 1:colcon.colcon_core.environment:create_environment_scripts_only(bno08x_driver)
[7.423s] Level 1:colcon.colcon_core.environment:checking '/home/crazy_rat/ros2_ws/install/bno08x_driver' for CMake module files
[7.424s] Level 1:colcon.colcon_core.environment:checking '/home/crazy_rat/ros2_ws/install/bno08x_driver' for CMake config files
[7.425s] DEBUG:colcon.colcon_core.event_handler.log_command:Invoked command in '/home/crazy_rat/ros2_ws/build/bno08x_driver' returned '0': CMAKE_PREFIX_PATH=${CMAKE_PREFIX_PATH}:/opt/ros/jazzy DEBUGINFOD_URLS=https://debuginfod.ubuntu.com /usr/bin/cmake --install /home/crazy_rat/ros2_ws/build/bno08x_driver
[7.426s] Level 1:colcon.colcon_core.shell:create_environment_hook('bno08x_driver', 'cmake_prefix_path')
[7.427s] INFO:colcon.colcon_core.shell:Creating environment hook '/home/crazy_rat/ros2_ws/install/bno08x_driver/share/bno08x_driver/hook/cmake_prefix_path.ps1'
[7.429s] INFO:colcon.colcon_core.shell:Creating environment descriptor '/home/crazy_rat/ros2_ws/install/bno08x_driver/share/bno08x_driver/hook/cmake_prefix_path.dsv'
[7.430s] INFO:colcon.colcon_core.shell:Creating environment hook '/home/crazy_rat/ros2_ws/install/bno08x_driver/share/bno08x_driver/hook/cmake_prefix_path.sh'
[7.432s] Level 1:colcon.colcon_core.environment:checking '/home/crazy_rat/ros2_ws/install/bno08x_driver/lib'
[7.432s] Level 1:colcon.colcon_core.environment:checking '/home/crazy_rat/ros2_ws/install/bno08x_driver/bin'
[7.432s] Level 1:colcon.colcon_core.environment:checking '/home/crazy_rat/ros2_ws/install/bno08x_driver/lib/pkgconfig/bno08x_driver.pc'
[7.433s] Level 1:colcon.colcon_core.environment:checking '/home/crazy_rat/ros2_ws/install/bno08x_driver/lib/python3.12/site-packages'
[7.434s] Level 1:colcon.colcon_core.environment:checking '/home/crazy_rat/ros2_ws/install/bno08x_driver/bin'
[7.434s] INFO:colcon.colcon_core.shell:Creating package script '/home/crazy_rat/ros2_ws/install/bno08x_driver/share/bno08x_driver/package.ps1'
[7.436s] INFO:colcon.colcon_core.shell:Creating package descriptor '/home/crazy_rat/ros2_ws/install/bno08x_driver/share/bno08x_driver/package.dsv'
[7.437s] INFO:colcon.colcon_core.shell:Creating package script '/home/crazy_rat/ros2_ws/install/bno08x_driver/share/bno08x_driver/package.sh'
[7.438s] INFO:colcon.colcon_core.shell:Creating package script '/home/crazy_rat/ros2_ws/install/bno08x_driver/share/bno08x_driver/package.bash'
[7.440s] INFO:colcon.colcon_core.shell:Creating package script '/home/crazy_rat/ros2_ws/install/bno08x_driver/share/bno08x_driver/package.zsh'
[7.442s] Level 1:colcon.colcon_core.environment:create_file_with_runtime_dependencies(/home/crazy_rat/ros2_ws/install/bno08x_driver/share/colcon-core/packages/bno08x_driver)
[7.454s] Level 1:colcon.colcon_core.environment:create_environment_scripts_only(bno08x_driver)
[7.459s] Level 1:colcon.colcon_core.environment:checking '/home/crazy_rat/ros2_ws/install/bno08x_driver' for CMake module files
[7.460s] Level 1:colcon.colcon_core.environment:checking '/home/crazy_rat/ros2_ws/install/bno08x_driver' for CMake config files
[7.460s] Level 1:colcon.colcon_core.shell:create_environment_hook('bno08x_driver', 'cmake_prefix_path')
[7.466s] INFO:colcon.colcon_core.shell:Creating environment hook '/home/crazy_rat/ros2_ws/install/bno08x_driver/share/bno08x_driver/hook/cmake_prefix_path.ps1'
[7.470s] INFO:colcon.colcon_core.shell:Creating environment descriptor '/home/crazy_rat/ros2_ws/install/bno08x_driver/share/bno08x_driver/hook/cmake_prefix_path.dsv'
[7.472s] INFO:colcon.colcon_core.shell:Creating environment hook '/home/crazy_rat/ros2_ws/install/bno08x_driver/share/bno08x_driver/hook/cmake_prefix_path.sh'
[7.475s] Level 1:colcon.colcon_core.environment:checking '/home/crazy_rat/ros2_ws/install/bno08x_driver/lib'
[7.475s] Level 1:colcon.colcon_core.environment:checking '/home/crazy_rat/ros2_ws/install/bno08x_driver/bin'
[7.476s] Level 1:colcon.colcon_core.environment:checking '/home/crazy_rat/ros2_ws/install/bno08x_driver/lib/pkgconfig/bno08x_driver.pc'
[7.482s] Level 1:colcon.colcon_core.environment:checking '/home/crazy_rat/ros2_ws/install/bno08x_driver/lib/python3.12/site-packages'
[7.483s] Level 1:colcon.colcon_core.environment:checking '/home/crazy_rat/ros2_ws/install/bno08x_driver/bin'
[7.483s] INFO:colcon.colcon_core.shell:Creating package script '/home/crazy_rat/ros2_ws/install/bno08x_driver/share/bno08x_driver/package.ps1'
[7.485s] INFO:colcon.colcon_core.shell:Creating package descriptor '/home/crazy_rat/ros2_ws/install/bno08x_driver/share/bno08x_driver/package.dsv'
[7.487s] INFO:colcon.colcon_core.shell:Creating package script '/home/crazy_rat/ros2_ws/install/bno08x_driver/share/bno08x_driver/package.sh'
[7.492s] INFO:colcon.colcon_core.shell:Creating package script '/home/crazy_rat/ros2_ws/install/bno08x_driver/share/bno08x_driver/package.bash'
[7.504s] INFO:colcon.colcon_core.shell:Creating package script '/home/crazy_rat/ros2_ws/install/bno08x_driver/share/bno08x_driver/package.zsh'
[7.505s] Level 1:colcon.colcon_core.environment:create_file_with_runtime_dependencies(/home/crazy_rat/ros2_ws/install/bno08x_driver/share/colcon-core/packages/bno08x_driver)
[27.319s] DEBUG:colcon.colcon_core.event_handler.log_command:Invoked command in '/home/crazy_rat/ros2_ws/build/sllidar_ros2' returned '0': CMAKE_PREFIX_PATH=${CMAKE_PREFIX_PATH}:/opt/ros/jazzy DEBUGINFOD_URLS=https://debuginfod.ubuntu.com /usr/bin/cmake --build /home/crazy_rat/ros2_ws/build/sllidar_ros2 -- -j4 -l4
[27.326s] DEBUG:colcon.colcon_core.event_handler.log_command:Invoking command in '/home/crazy_rat/ros2_ws/build/sllidar_ros2': CMAKE_PREFIX_PATH=${CMAKE_PREFIX_PATH}:/opt/ros/jazzy DEBUGINFOD_URLS=https://debuginfod.ubuntu.com /usr/bin/cmake --install /home/crazy_rat/ros2_ws/build/sllidar_ros2
[28.227s] Level 1:colcon.colcon_core.environment:create_environment_scripts_only(sllidar_ros2)
[28.229s] Level 1:colcon.colcon_core.environment:checking '/home/crazy_rat/ros2_ws/install/sllidar_ros2' for CMake module files
[28.231s] DEBUG:colcon.colcon_core.event_handler.log_command:Invoked command in '/home/crazy_rat/ros2_ws/build/sllidar_ros2' returned '0': CMAKE_PREFIX_PATH=${CMAKE_PREFIX_PATH}:/opt/ros/jazzy DEBUGINFOD_URLS=https://debuginfod.ubuntu.com /usr/bin/cmake --install /home/crazy_rat/ros2_ws/build/sllidar_ros2
[28.232s] Level 1:colcon.colcon_core.environment:checking '/home/crazy_rat/ros2_ws/install/sllidar_ros2' for CMake config files
[28.233s] Level 1:colcon.colcon_core.shell:create_environment_hook('sllidar_ros2', 'cmake_prefix_path')
[28.233s] INFO:colcon.colcon_core.shell:Creating environment hook '/home/crazy_rat/ros2_ws/install/sllidar_ros2/share/sllidar_ros2/hook/cmake_prefix_path.ps1'
[28.238s] INFO:colcon.colcon_core.shell:Creating environment descriptor '/home/crazy_rat/ros2_ws/install/sllidar_ros2/share/sllidar_ros2/hook/cmake_prefix_path.dsv'
[28.239s] INFO:colcon.colcon_core.shell:Creating environment hook '/home/crazy_rat/ros2_ws/install/sllidar_ros2/share/sllidar_ros2/hook/cmake_prefix_path.sh'
[28.241s] Level 1:colcon.colcon_core.environment:checking '/home/crazy_rat/ros2_ws/install/sllidar_ros2/lib'
[28.241s] Level 1:colcon.colcon_core.environment:checking '/home/crazy_rat/ros2_ws/install/sllidar_ros2/bin'
[28.242s] Level 1:colcon.colcon_core.environment:checking '/home/crazy_rat/ros2_ws/install/sllidar_ros2/lib/pkgconfig/sllidar_ros2.pc'
[28.242s] Level 1:colcon.colcon_core.environment:checking '/home/crazy_rat/ros2_ws/install/sllidar_ros2/lib/python3.12/site-packages'
[28.243s] Level 1:colcon.colcon_core.environment:checking '/home/crazy_rat/ros2_ws/install/sllidar_ros2/bin'
[28.243s] INFO:colcon.colcon_core.shell:Creating package script '/home/crazy_rat/ros2_ws/install/sllidar_ros2/share/sllidar_ros2/package.ps1'
[28.286s] INFO:colcon.colcon_core.shell:Creating package descriptor '/home/crazy_rat/ros2_ws/install/sllidar_ros2/share/sllidar_ros2/package.dsv'
[28.287s] INFO:colcon.colcon_core.shell:Creating package script '/home/crazy_rat/ros2_ws/install/sllidar_ros2/share/sllidar_ros2/package.sh'
[28.288s] INFO:colcon.colcon_core.shell:Creating package script '/home/crazy_rat/ros2_ws/install/sllidar_ros2/share/sllidar_ros2/package.bash'
[28.288s] INFO:colcon.colcon_core.shell:Creating package script '/home/crazy_rat/ros2_ws/install/sllidar_ros2/share/sllidar_ros2/package.zsh'
[28.289s] Level 1:colcon.colcon_core.environment:create_file_with_runtime_dependencies(/home/crazy_rat/ros2_ws/install/sllidar_ros2/share/colcon-core/packages/sllidar_ros2)
[28.291s] Level 1:colcon.colcon_core.environment:create_environment_scripts_only(sllidar_ros2)
[28.291s] Level 1:colcon.colcon_core.environment:checking '/home/crazy_rat/ros2_ws/install/sllidar_ros2' for CMake module files
[28.291s] Level 1:colcon.colcon_core.environment:checking '/home/crazy_rat/ros2_ws/install/sllidar_ros2' for CMake config files
[28.292s] Level 1:colcon.colcon_core.shell:create_environment_hook('sllidar_ros2', 'cmake_prefix_path')
[28.292s] INFO:colcon.colcon_core.shell:Creating environment hook '/home/crazy_rat/ros2_ws/install/sllidar_ros2/share/sllidar_ros2/hook/cmake_prefix_path.ps1'
[28.293s] INFO:colcon.colcon_core.shell:Creating environment descriptor '/home/crazy_rat/ros2_ws/install/sllidar_ros2/share/sllidar_ros2/hook/cmake_prefix_path.dsv'
[28.294s] INFO:colcon.colcon_core.shell:Creating environment hook '/home/crazy_rat/ros2_ws/install/sllidar_ros2/share/sllidar_ros2/hook/cmake_prefix_path.sh'
[28.295s] Level 1:colcon.colcon_core.environment:checking '/home/crazy_rat/ros2_ws/install/sllidar_ros2/lib'
[28.295s] Level 1:colcon.colcon_core.environment:checking '/home/crazy_rat/ros2_ws/install/sllidar_ros2/bin'
[28.295s] Level 1:colcon.colcon_core.environment:checking '/home/crazy_rat/ros2_ws/install/sllidar_ros2/lib/pkgconfig/sllidar_ros2.pc'
[28.295s] Level 1:colcon.colcon_core.environment:checking '/home/crazy_rat/ros2_ws/install/sllidar_ros2/lib/python3.12/site-packages'
[28.296s] Level 1:colcon.colcon_core.environment:checking '/home/crazy_rat/ros2_ws/install/sllidar_ros2/bin'
[28.296s] INFO:colcon.colcon_core.shell:Creating package script '/home/crazy_rat/ros2_ws/install/sllidar_ros2/share/sllidar_ros2/package.ps1'
[28.296s] INFO:colcon.colcon_core.shell:Creating package descriptor '/home/crazy_rat/ros2_ws/install/sllidar_ros2/share/sllidar_ros2/package.dsv'
[28.297s] INFO:colcon.colcon_core.shell:Creating package script '/home/crazy_rat/ros2_ws/install/sllidar_ros2/share/sllidar_ros2/package.sh'
[28.299s] INFO:colcon.colcon_core.shell:Creating package script '/home/crazy_rat/ros2_ws/install/sllidar_ros2/share/sllidar_ros2/package.bash'
[28.300s] INFO:colcon.colcon_core.shell:Creating package script '/home/crazy_rat/ros2_ws/install/sllidar_ros2/share/sllidar_ros2/package.zsh'
[28.302s] Level 1:colcon.colcon_core.environment:create_file_with_runtime_dependencies(/home/crazy_rat/ros2_ws/install/sllidar_ros2/share/colcon-core/packages/sllidar_ros2)
[28.303s] DEBUG:colcon.colcon_parallel_executor.executor.parallel:closing loop
[28.304s] DEBUG:colcon.colcon_parallel_executor.executor.parallel:loop closed
[28.304s] DEBUG:colcon.colcon_parallel_executor.executor.parallel:run_until_complete finished with '0'
[28.305s] DEBUG:colcon.colcon_core.event_reactor:joining thread
[28.357s] INFO:colcon.colcon_core.plugin_system:Skipping extension 'colcon_notification.desktop_notification.terminal_notifier': Not used on non-Darwin systems
[28.357s] INFO:colcon.colcon_core.plugin_system:Skipping extension 'colcon_notification.desktop_notification.win32': Not used on non-Windows systems
[28.358s] INFO:colcon.colcon_notification.desktop_notification:Sending desktop notification using 'notify2'
[28.394s] DEBUG:colcon.colcon_core.event_reactor:joined thread
[28.395s] INFO:colcon.colcon_core.shell:Creating prefix script '/home/crazy_rat/ros2_ws/install/local_setup.ps1'
[28.397s] INFO:colcon.colcon_core.shell:Creating prefix util module '/home/crazy_rat/ros2_ws/install/_local_setup_util_ps1.py'
[28.399s] INFO:colcon.colcon_core.shell:Creating prefix chain script '/home/crazy_rat/ros2_ws/install/setup.ps1'
[28.405s] INFO:colcon.colcon_core.shell:Creating prefix script '/home/crazy_rat/ros2_ws/install/local_setup.sh'
[28.407s] INFO:colcon.colcon_core.shell:Creating prefix util module '/home/crazy_rat/ros2_ws/install/_local_setup_util_sh.py'
[28.408s] INFO:colcon.colcon_core.shell:Creating prefix chain script '/home/crazy_rat/ros2_ws/install/setup.sh'
[28.410s] INFO:colcon.colcon_core.shell:Creating prefix script '/home/crazy_rat/ros2_ws/install/local_setup.bash'
[28.411s] INFO:colcon.colcon_core.shell:Creating prefix chain script '/home/crazy_rat/ros2_ws/install/setup.bash'
[28.413s] INFO:colcon.colcon_core.shell:Creating prefix script '/home/crazy_rat/ros2_ws/install/local_setup.zsh'
[28.414s] INFO:colcon.colcon_core.shell:Creating prefix chain script '/home/crazy_rat/ros2_ws/install/setup.zsh'
