[0.009s] Invoking command in '/home/crazy_rat/ros2_ws/build/bno08x_driver': DEBUGINFOD_URLS=https://debuginfod.ubuntu.com /usr/bin/cmake /home/crazy_rat/ros2_ws/src/bno08x-ros2-driver -DCMAKE_INSTALL_PREFIX=/home/crazy_rat/ros2_ws/install/bno08x_driver
[0.103s] -- The C compiler identification is GNU 13.3.0
[0.197s] -- The CXX compiler identification is GNU 13.3.0
[0.224s] -- Detecting C compiler ABI info
[0.372s] -- Detecting C compiler ABI info - done
[0.388s] -- Check for working C compiler: /usr/bin/cc - skipped
[0.388s] -- Detecting C compile features
[0.389s] -- Detecting C compile features - done
[0.402s] -- Detecting CXX compiler ABI info
[0.566s] -- Detecting CXX compiler ABI info - done
[0.581s] -- Check for working CXX compiler: /usr/bin/c++ - skipped
[0.582s] -- Detecting CXX compile features
[0.582s] -- Detecting CXX compile features - done
[0.591s] [31mCMake Error at CMakeLists.txt:19 (find_package):
[0.591s]   By not providing "Findament_cmake.cmake" in CMAKE_MODULE_PATH this project
[0.591s]   has asked CMake to find a package configuration file provided by
[0.591s]   "ament_cmake", but CMake did not find one.
[0.591s] 
[0.591s]   Could not find a package configuration file provided by "ament_cmake" with
[0.591s]   any of the following names:
[0.591s] 
[0.592s]     ament_cmakeConfig.cmake
[0.592s]     ament_cmake-config.cmake
[0.592s] 
[0.592s]   Add the installation prefix of "ament_cmake" to CMAKE_PREFIX_PATH or set
[0.592s]   "ament_cmake_DIR" to a directory containing one of the above files.  If
[0.592s]   "ament_cmake" provides a separate development package or SDK, be sure it
[0.592s]   has been installed.
[0.592s] 
[0.592s] [0m
[0.592s] -- Configuring incomplete, errors occurred!
[0.597s] Invoked command in '/home/crazy_rat/ros2_ws/build/bno08x_driver' returned '1': DEBUGINFOD_URLS=https://debuginfod.ubuntu.com /usr/bin/cmake /home/crazy_rat/ros2_ws/src/bno08x-ros2-driver -DCMAKE_INSTALL_PREFIX=/home/crazy_rat/ros2_ws/install/bno08x_driver
