[0.604s] DEBUG:colcon:Command line arguments: ['/usr/bin/colcon', 'build', '--symlink-install']
[0.604s] DEBUG:colcon:Parsed command line arguments: Namespace(log_base=None, log_level=None, verb_name='build', build_base='build', install_base='install', merge_install=False, symlink_install=True, test_result_base=None, continue_on_error=False, executor='parallel', parallel_workers=4, event_handlers=None, ignore_user_meta=False, metas=['./colcon.meta'], base_paths=['.'], packages_ignore=None, packages_ignore_regex=None, paths=None, packages_up_to=None, packages_up_to_regex=None, packages_above=None, packages_above_and_dependencies=None, packages_above_depth=None, packages_select_by_dep=None, packages_skip_by_dep=None, packages_skip_up_to=None, packages_select_build_failed=False, packages_skip_build_finished=False, packages_select_test_failures=False, packages_skip_test_passed=False, packages_select=None, packages_skip=None, packages_select_regex=None, packages_skip_regex=None, packages_start=None, packages_end=None, allow_overriding=[], cmake_args=None, cmake_target=None, cmake_target_skip_unavailable=False, cmake_clean_cache=False, cmake_clean_first=False, cmake_force_configure=False, ament_cmake_args=None, catkin_cmake_args=None, catkin_skip_building_tests=False, mixin_files=None, mixin=None, verb_parser=<colcon_mixin.mixin.mixin_argument.MixinArgumentDecorator object at 0xffff8f094b60>, verb_extension=<colcon_core.verb.build.BuildVerb object at 0xffff8f277860>, main=<bound method BuildVerb.main of <colcon_core.verb.build.BuildVerb object at 0xffff8f277860>>, mixin_verb=('build',))
[0.720s] Level 1:colcon.colcon_core.package_discovery:discover_packages(colcon_meta) check parameters
[0.721s] Level 1:colcon.colcon_core.package_discovery:discover_packages(recursive) check parameters
[0.721s] Level 1:colcon.colcon_core.package_discovery:discover_packages(ignore) check parameters
[0.721s] Level 1:colcon.colcon_core.package_discovery:discover_packages(path) check parameters
[0.721s] Level 1:colcon.colcon_core.package_discovery:discover_packages(colcon_meta) discover
[0.721s] Level 1:colcon.colcon_core.package_discovery:discover_packages(recursive) discover
[0.721s] INFO:colcon.colcon_core.package_discovery:Crawling recursively for packages in '/home/crazy_rat/ros2_ws/src'
[0.721s] Level 1:colcon.colcon_core.package_identification:_identify(.) by extensions ['ignore', 'ignore_ament_install']
[0.721s] Level 1:colcon.colcon_core.package_identification:_identify(.) by extension 'ignore'
[0.721s] Level 1:colcon.colcon_core.package_identification:_identify(.) by extension 'ignore_ament_install'
[0.721s] Level 1:colcon.colcon_core.package_identification:_identify(.) by extensions ['colcon_pkg']
[0.721s] Level 1:colcon.colcon_core.package_identification:_identify(.) by extension 'colcon_pkg'
[0.722s] Level 1:colcon.colcon_core.package_identification:_identify(.) by extensions ['colcon_meta']
[0.722s] Level 1:colcon.colcon_core.package_identification:_identify(.) by extension 'colcon_meta'
[0.722s] Level 1:colcon.colcon_core.package_identification:_identify(.) by extensions ['ros']
[0.722s] Level 1:colcon.colcon_core.package_identification:_identify(.) by extension 'ros'
[0.777s] Level 1:colcon.colcon_core.package_identification:_identify(.) by extensions ['cmake', 'python']
[0.777s] Level 1:colcon.colcon_core.package_identification:_identify(.) by extension 'cmake'
[0.777s] Level 1:colcon.colcon_core.package_identification:_identify(.) by extension 'python'
[0.777s] Level 1:colcon.colcon_core.package_identification:_identify(.) by extensions ['python_setup_py']
[0.777s] Level 1:colcon.colcon_core.package_identification:_identify(.) by extension 'python_setup_py'
[0.777s] Level 1:colcon.colcon_core.package_identification:_identify(build) by extensions ['ignore', 'ignore_ament_install']
[0.777s] Level 1:colcon.colcon_core.package_identification:_identify(build) by extension 'ignore'
[0.777s] Level 1:colcon.colcon_core.package_identification:_identify(build) ignored
[0.778s] Level 1:colcon.colcon_core.package_identification:_identify(fake_rplidar) by extensions ['ignore', 'ignore_ament_install']
[0.778s] Level 1:colcon.colcon_core.package_identification:_identify(fake_rplidar) by extension 'ignore'
[0.778s] Level 1:colcon.colcon_core.package_identification:_identify(fake_rplidar) by extension 'ignore_ament_install'
[0.778s] Level 1:colcon.colcon_core.package_identification:_identify(fake_rplidar) by extensions ['colcon_pkg']
[0.779s] Level 1:colcon.colcon_core.package_identification:_identify(fake_rplidar) by extension 'colcon_pkg'
[0.779s] Level 1:colcon.colcon_core.package_identification:_identify(fake_rplidar) by extensions ['colcon_meta']
[0.779s] Level 1:colcon.colcon_core.package_identification:_identify(fake_rplidar) by extension 'colcon_meta'
[0.779s] Level 1:colcon.colcon_core.package_identification:_identify(fake_rplidar) by extensions ['ros']
[0.779s] Level 1:colcon.colcon_core.package_identification:_identify(fake_rplidar) by extension 'ros'
[0.784s] DEBUG:colcon.colcon_core.package_identification:Package 'fake_rplidar' with type 'ros.ament_python' and name 'fake_rplidar'
[0.784s] Level 1:colcon.colcon_core.package_identification:_identify(install) by extensions ['ignore', 'ignore_ament_install']
[0.784s] Level 1:colcon.colcon_core.package_identification:_identify(install) by extension 'ignore'
[0.784s] Level 1:colcon.colcon_core.package_identification:_identify(install) ignored
[0.785s] Level 1:colcon.colcon_core.package_identification:_identify(log) by extensions ['ignore', 'ignore_ament_install']
[0.785s] Level 1:colcon.colcon_core.package_identification:_identify(log) by extension 'ignore'
[0.785s] Level 1:colcon.colcon_core.package_identification:_identify(log) ignored
[0.785s] Level 1:colcon.colcon_core.package_identification:_identify(sllidar_ros2) by extensions ['ignore', 'ignore_ament_install']
[0.785s] Level 1:colcon.colcon_core.package_identification:_identify(sllidar_ros2) by extension 'ignore'
[0.785s] Level 1:colcon.colcon_core.package_identification:_identify(sllidar_ros2) by extension 'ignore_ament_install'
[0.785s] Level 1:colcon.colcon_core.package_identification:_identify(sllidar_ros2) by extensions ['colcon_pkg']
[0.785s] Level 1:colcon.colcon_core.package_identification:_identify(sllidar_ros2) by extension 'colcon_pkg'
[0.785s] Level 1:colcon.colcon_core.package_identification:_identify(sllidar_ros2) by extensions ['colcon_meta']
[0.785s] Level 1:colcon.colcon_core.package_identification:_identify(sllidar_ros2) by extension 'colcon_meta'
[0.785s] Level 1:colcon.colcon_core.package_identification:_identify(sllidar_ros2) by extensions ['ros']
[0.785s] Level 1:colcon.colcon_core.package_identification:_identify(sllidar_ros2) by extension 'ros'
[0.786s] DEBUG:colcon.colcon_core.package_identification:Package 'sllidar_ros2' with type 'ros.ament_cmake' and name 'sllidar_ros2'
[0.786s] Level 1:colcon.colcon_core.package_discovery:discover_packages(recursive) using defaults
[0.786s] Level 1:colcon.colcon_core.package_discovery:discover_packages(ignore) discover
[0.786s] Level 1:colcon.colcon_core.package_discovery:discover_packages(ignore) using defaults
[0.786s] Level 1:colcon.colcon_core.package_discovery:discover_packages(path) discover
[0.786s] Level 1:colcon.colcon_core.package_discovery:discover_packages(path) using defaults
[0.830s] Level 1:colcon.colcon_core.package_discovery:discover_packages(prefix_path) check parameters
[0.830s] Level 1:colcon.colcon_core.package_discovery:discover_packages(prefix_path) discover
[0.837s] DEBUG:colcon.colcon_installed_package_information.package_discovery:Found 285 installed packages in /opt/ros/jazzy
[0.840s] Level 1:colcon.colcon_core.package_discovery:discover_packages(prefix_path) using defaults
[0.904s] Level 5:colcon.colcon_core.verb:set package 'fake_rplidar' build argument 'cmake_args' from command line to 'None'
[0.904s] Level 5:colcon.colcon_core.verb:set package 'fake_rplidar' build argument 'cmake_target' from command line to 'None'
[0.904s] Level 5:colcon.colcon_core.verb:set package 'fake_rplidar' build argument 'cmake_target_skip_unavailable' from command line to 'False'
[0.904s] Level 5:colcon.colcon_core.verb:set package 'fake_rplidar' build argument 'cmake_clean_cache' from command line to 'False'
[0.904s] Level 5:colcon.colcon_core.verb:set package 'fake_rplidar' build argument 'cmake_clean_first' from command line to 'False'
[0.904s] Level 5:colcon.colcon_core.verb:set package 'fake_rplidar' build argument 'cmake_force_configure' from command line to 'False'
[0.904s] Level 5:colcon.colcon_core.verb:set package 'fake_rplidar' build argument 'ament_cmake_args' from command line to 'None'
[0.904s] Level 5:colcon.colcon_core.verb:set package 'fake_rplidar' build argument 'catkin_cmake_args' from command line to 'None'
[0.904s] Level 5:colcon.colcon_core.verb:set package 'fake_rplidar' build argument 'catkin_skip_building_tests' from command line to 'False'
[0.904s] DEBUG:colcon.colcon_core.verb:Building package 'fake_rplidar' with the following arguments: {'ament_cmake_args': None, 'build_base': '/home/crazy_rat/ros2_ws/src/build/fake_rplidar', 'catkin_cmake_args': None, 'catkin_skip_building_tests': False, 'cmake_args': None, 'cmake_clean_cache': False, 'cmake_clean_first': False, 'cmake_force_configure': False, 'cmake_target': None, 'cmake_target_skip_unavailable': False, 'install_base': '/home/crazy_rat/ros2_ws/src/install/fake_rplidar', 'merge_install': False, 'path': '/home/crazy_rat/ros2_ws/src/fake_rplidar', 'symlink_install': True, 'test_result_base': None}
[0.905s] Level 5:colcon.colcon_core.verb:set package 'sllidar_ros2' build argument 'cmake_args' from command line to 'None'
[0.905s] Level 5:colcon.colcon_core.verb:set package 'sllidar_ros2' build argument 'cmake_target' from command line to 'None'
[0.905s] Level 5:colcon.colcon_core.verb:set package 'sllidar_ros2' build argument 'cmake_target_skip_unavailable' from command line to 'False'
[0.905s] Level 5:colcon.colcon_core.verb:set package 'sllidar_ros2' build argument 'cmake_clean_cache' from command line to 'False'
[0.905s] Level 5:colcon.colcon_core.verb:set package 'sllidar_ros2' build argument 'cmake_clean_first' from command line to 'False'
[0.905s] Level 5:colcon.colcon_core.verb:set package 'sllidar_ros2' build argument 'cmake_force_configure' from command line to 'False'
[0.905s] Level 5:colcon.colcon_core.verb:set package 'sllidar_ros2' build argument 'ament_cmake_args' from command line to 'None'
[0.905s] Level 5:colcon.colcon_core.verb:set package 'sllidar_ros2' build argument 'catkin_cmake_args' from command line to 'None'
[0.905s] Level 5:colcon.colcon_core.verb:set package 'sllidar_ros2' build argument 'catkin_skip_building_tests' from command line to 'False'
[0.905s] DEBUG:colcon.colcon_core.verb:Building package 'sllidar_ros2' with the following arguments: {'ament_cmake_args': None, 'build_base': '/home/crazy_rat/ros2_ws/src/build/sllidar_ros2', 'catkin_cmake_args': None, 'catkin_skip_building_tests': False, 'cmake_args': None, 'cmake_clean_cache': False, 'cmake_clean_first': False, 'cmake_force_configure': False, 'cmake_target': None, 'cmake_target_skip_unavailable': False, 'install_base': '/home/crazy_rat/ros2_ws/src/install/sllidar_ros2', 'merge_install': False, 'path': '/home/crazy_rat/ros2_ws/src/sllidar_ros2', 'symlink_install': True, 'test_result_base': None}
[0.905s] INFO:colcon.colcon_core.executor:Executing jobs using 'parallel' executor
[0.906s] DEBUG:colcon.colcon_parallel_executor.executor.parallel:run_until_complete
[0.910s] INFO:colcon.colcon_ros.task.ament_python.build:Building ROS package in '/home/crazy_rat/ros2_ws/src/fake_rplidar' with build type 'ament_python'
[0.910s] Level 1:colcon.colcon_core.shell:create_environment_hook('fake_rplidar', 'ament_prefix_path')
[0.923s] INFO:colcon.colcon_core.plugin_system:Skipping extension 'colcon_core.shell.bat': Not used on non-Windows systems
[0.923s] INFO:colcon.colcon_core.shell:Creating environment hook '/home/crazy_rat/ros2_ws/src/install/fake_rplidar/share/fake_rplidar/hook/ament_prefix_path.ps1'
[0.925s] INFO:colcon.colcon_core.shell:Creating environment descriptor '/home/crazy_rat/ros2_ws/src/install/fake_rplidar/share/fake_rplidar/hook/ament_prefix_path.dsv'
[0.926s] INFO:colcon.colcon_core.shell:Creating environment hook '/home/crazy_rat/ros2_ws/src/install/fake_rplidar/share/fake_rplidar/hook/ament_prefix_path.sh'
[0.928s] INFO:colcon.colcon_core.shell:Skip shell extension 'powershell' for command environment: Not usable outside of PowerShell
[0.928s] DEBUG:colcon.colcon_core.shell:Skip shell extension 'dsv' for command environment
[0.933s] INFO:colcon.colcon_ros.task.ament_cmake.build:Building ROS package in '/home/crazy_rat/ros2_ws/src/sllidar_ros2' with build type 'ament_cmake'
[0.933s] INFO:colcon.colcon_cmake.task.cmake.build:Building CMake package in '/home/crazy_rat/ros2_ws/src/sllidar_ros2'
[0.933s] INFO:colcon.colcon_core.shell:Skip shell extension 'powershell' for command environment: Not usable outside of PowerShell
[0.933s] DEBUG:colcon.colcon_core.shell:Skip shell extension 'dsv' for command environment
[1.254s] WARNING:colcon.colcon_ros.task.ament_python.build:Package 'fake_rplidar' doesn't explicitly install a marker in the package index (colcon-ros currently does it implicitly but that fallback will be removed in the future)
[1.255s] WARNING:colcon.colcon_ros.task.ament_python.build:Package 'fake_rplidar' doesn't explicitly install the 'package.xml' file (colcon-ros currently does it implicitly but that fallback will be removed in the future)
[1.255s] INFO:colcon.colcon_core.task.python.build:Building Python package in '/home/crazy_rat/ros2_ws/src/fake_rplidar'
[1.255s] INFO:colcon.colcon_core.shell:Skip shell extension 'powershell' for command environment: Not usable outside of PowerShell
[1.255s] DEBUG:colcon.colcon_core.shell:Skip shell extension 'dsv' for command environment
[1.261s] DEBUG:colcon.colcon_core.event_handler.log_command:Invoking command in '/home/crazy_rat/ros2_ws/src/build/sllidar_ros2': CMAKE_PREFIX_PATH=${CMAKE_PREFIX_PATH}:/opt/ros/jazzy DEBUGINFOD_URLS=https://debuginfod.ubuntu.com /usr/bin/cmake /home/crazy_rat/ros2_ws/src/sllidar_ros2 -DAMENT_CMAKE_SYMLINK_INSTALL=1 -DCMAKE_INSTALL_PREFIX=/home/crazy_rat/ros2_ws/src/install/sllidar_ros2
[3.165s] DEBUG:colcon.colcon_core.event_handler.log_command:Invoking command in '/home/crazy_rat/ros2_ws/src/build/fake_rplidar': DEBUGINFOD_URLS=https://debuginfod.ubuntu.com PYTHONPATH=/home/crazy_rat/ros2_ws/src/build/fake_rplidar/prefix_override:/usr/lib/python3/dist-packages/colcon_core/task/python/colcon_distutils_commands:/home/crazy_rat/ros2_ws/src/install/fake_rplidar/lib/python3.12/site-packages:${PYTHONPATH} /usr/bin/python3 -W ignore:setup.py install is deprecated -W ignore:easy_install command is deprecated setup.py develop --editable --build-directory /home/crazy_rat/ros2_ws/src/build/fake_rplidar/build --no-deps
[4.091s] Level 1:colcon.colcon_core.shell:create_environment_hook('fake_rplidar', 'pythonpath_develop')
[4.091s] INFO:colcon.colcon_core.shell:Creating environment hook '/home/crazy_rat/ros2_ws/src/build/fake_rplidar/share/fake_rplidar/hook/pythonpath_develop.ps1'
[4.092s] DEBUG:colcon.colcon_core.event_handler.log_command:Invoked command in '/home/crazy_rat/ros2_ws/src/build/fake_rplidar' returned '0': DEBUGINFOD_URLS=https://debuginfod.ubuntu.com PYTHONPATH=/home/crazy_rat/ros2_ws/src/build/fake_rplidar/prefix_override:/usr/lib/python3/dist-packages/colcon_core/task/python/colcon_distutils_commands:/home/crazy_rat/ros2_ws/src/install/fake_rplidar/lib/python3.12/site-packages:${PYTHONPATH} /usr/bin/python3 -W ignore:setup.py install is deprecated -W ignore:easy_install command is deprecated setup.py develop --editable --build-directory /home/crazy_rat/ros2_ws/src/build/fake_rplidar/build --no-deps
[4.092s] INFO:colcon.colcon_core.shell:Creating environment descriptor '/home/crazy_rat/ros2_ws/src/build/fake_rplidar/share/fake_rplidar/hook/pythonpath_develop.dsv'
[4.093s] INFO:colcon.colcon_core.shell:Creating environment hook '/home/crazy_rat/ros2_ws/src/build/fake_rplidar/share/fake_rplidar/hook/pythonpath_develop.sh'
[4.125s] Level 1:colcon.colcon_core.environment:checking '/home/crazy_rat/ros2_ws/src/install/fake_rplidar' for CMake module files
[4.126s] Level 1:colcon.colcon_core.environment:checking '/home/crazy_rat/ros2_ws/src/install/fake_rplidar' for CMake config files
[4.127s] Level 1:colcon.colcon_core.environment:checking '/home/crazy_rat/ros2_ws/src/install/fake_rplidar/lib'
[4.127s] Level 1:colcon.colcon_core.environment:checking '/home/crazy_rat/ros2_ws/src/install/fake_rplidar/bin'
[4.127s] Level 1:colcon.colcon_core.environment:checking '/home/crazy_rat/ros2_ws/src/install/fake_rplidar/lib/pkgconfig/fake_rplidar.pc'
[4.128s] Level 1:colcon.colcon_core.environment:checking '/home/crazy_rat/ros2_ws/src/install/fake_rplidar/lib/python3.12/site-packages'
[4.128s] Level 1:colcon.colcon_core.shell:create_environment_hook('fake_rplidar', 'pythonpath')
[4.128s] INFO:colcon.colcon_core.shell:Creating environment hook '/home/crazy_rat/ros2_ws/src/install/fake_rplidar/share/fake_rplidar/hook/pythonpath.ps1'
[4.129s] INFO:colcon.colcon_core.shell:Creating environment descriptor '/home/crazy_rat/ros2_ws/src/install/fake_rplidar/share/fake_rplidar/hook/pythonpath.dsv'
[4.129s] INFO:colcon.colcon_core.shell:Creating environment hook '/home/crazy_rat/ros2_ws/src/install/fake_rplidar/share/fake_rplidar/hook/pythonpath.sh'
[4.131s] Level 1:colcon.colcon_core.environment:checking '/home/crazy_rat/ros2_ws/src/install/fake_rplidar/bin'
[4.131s] Level 1:colcon.colcon_core.environment:create_environment_scripts_only(fake_rplidar)
[4.132s] INFO:colcon.colcon_core.shell:Creating package script '/home/crazy_rat/ros2_ws/src/install/fake_rplidar/share/fake_rplidar/package.ps1'
[4.133s] INFO:colcon.colcon_core.shell:Creating package descriptor '/home/crazy_rat/ros2_ws/src/install/fake_rplidar/share/fake_rplidar/package.dsv'
[4.135s] INFO:colcon.colcon_core.shell:Creating package script '/home/crazy_rat/ros2_ws/src/install/fake_rplidar/share/fake_rplidar/package.sh'
[4.136s] INFO:colcon.colcon_core.shell:Creating package script '/home/crazy_rat/ros2_ws/src/install/fake_rplidar/share/fake_rplidar/package.bash'
[4.138s] INFO:colcon.colcon_core.shell:Creating package script '/home/crazy_rat/ros2_ws/src/install/fake_rplidar/share/fake_rplidar/package.zsh'
[4.139s] Level 1:colcon.colcon_core.environment:create_file_with_runtime_dependencies(/home/crazy_rat/ros2_ws/src/install/fake_rplidar/share/colcon-core/packages/fake_rplidar)
[4.492s] DEBUG:colcon.colcon_core.event_handler.log_command:Invoked command in '/home/crazy_rat/ros2_ws/src/build/sllidar_ros2' returned '0': CMAKE_PREFIX_PATH=${CMAKE_PREFIX_PATH}:/opt/ros/jazzy DEBUGINFOD_URLS=https://debuginfod.ubuntu.com /usr/bin/cmake /home/crazy_rat/ros2_ws/src/sllidar_ros2 -DAMENT_CMAKE_SYMLINK_INSTALL=1 -DCMAKE_INSTALL_PREFIX=/home/crazy_rat/ros2_ws/src/install/sllidar_ros2
[4.494s] DEBUG:colcon.colcon_core.event_handler.log_command:Invoking command in '/home/crazy_rat/ros2_ws/src/build/sllidar_ros2': CMAKE_PREFIX_PATH=${CMAKE_PREFIX_PATH}:/opt/ros/jazzy DEBUGINFOD_URLS=https://debuginfod.ubuntu.com /usr/bin/cmake --build /home/crazy_rat/ros2_ws/src/build/sllidar_ros2 -- -j4 -l4
[22.020s] DEBUG:colcon.colcon_core.event_handler.log_command:Invoked command in '/home/crazy_rat/ros2_ws/src/build/sllidar_ros2' returned '0': CMAKE_PREFIX_PATH=${CMAKE_PREFIX_PATH}:/opt/ros/jazzy DEBUGINFOD_URLS=https://debuginfod.ubuntu.com /usr/bin/cmake --build /home/crazy_rat/ros2_ws/src/build/sllidar_ros2 -- -j4 -l4
[22.039s] DEBUG:colcon.colcon_core.event_handler.log_command:Invoking command in '/home/crazy_rat/ros2_ws/src/build/sllidar_ros2': CMAKE_PREFIX_PATH=${CMAKE_PREFIX_PATH}:/opt/ros/jazzy DEBUGINFOD_URLS=https://debuginfod.ubuntu.com /usr/bin/cmake --install /home/crazy_rat/ros2_ws/src/build/sllidar_ros2
[22.807s] Level 1:colcon.colcon_core.environment:create_environment_scripts_only(sllidar_ros2)
[22.807s] Level 1:colcon.colcon_core.environment:checking '/home/crazy_rat/ros2_ws/src/install/sllidar_ros2' for CMake module files
[22.808s] DEBUG:colcon.colcon_core.event_handler.log_command:Invoked command in '/home/crazy_rat/ros2_ws/src/build/sllidar_ros2' returned '0': CMAKE_PREFIX_PATH=${CMAKE_PREFIX_PATH}:/opt/ros/jazzy DEBUGINFOD_URLS=https://debuginfod.ubuntu.com /usr/bin/cmake --install /home/crazy_rat/ros2_ws/src/build/sllidar_ros2
[22.809s] Level 1:colcon.colcon_core.environment:checking '/home/crazy_rat/ros2_ws/src/install/sllidar_ros2' for CMake config files
[22.809s] Level 1:colcon.colcon_core.shell:create_environment_hook('sllidar_ros2', 'cmake_prefix_path')
[22.809s] INFO:colcon.colcon_core.shell:Creating environment hook '/home/crazy_rat/ros2_ws/src/install/sllidar_ros2/share/sllidar_ros2/hook/cmake_prefix_path.ps1'
[22.810s] INFO:colcon.colcon_core.shell:Creating environment descriptor '/home/crazy_rat/ros2_ws/src/install/sllidar_ros2/share/sllidar_ros2/hook/cmake_prefix_path.dsv'
[22.810s] INFO:colcon.colcon_core.shell:Creating environment hook '/home/crazy_rat/ros2_ws/src/install/sllidar_ros2/share/sllidar_ros2/hook/cmake_prefix_path.sh'
[22.811s] Level 1:colcon.colcon_core.environment:checking '/home/crazy_rat/ros2_ws/src/install/sllidar_ros2/lib'
[22.811s] Level 1:colcon.colcon_core.environment:checking '/home/crazy_rat/ros2_ws/src/install/sllidar_ros2/bin'
[22.811s] Level 1:colcon.colcon_core.environment:checking '/home/crazy_rat/ros2_ws/src/install/sllidar_ros2/lib/pkgconfig/sllidar_ros2.pc'
[22.812s] Level 1:colcon.colcon_core.environment:checking '/home/crazy_rat/ros2_ws/src/install/sllidar_ros2/lib/python3.12/site-packages'
[22.812s] Level 1:colcon.colcon_core.environment:checking '/home/crazy_rat/ros2_ws/src/install/sllidar_ros2/bin'
[22.813s] INFO:colcon.colcon_core.shell:Creating package script '/home/crazy_rat/ros2_ws/src/install/sllidar_ros2/share/sllidar_ros2/package.ps1'
[22.813s] INFO:colcon.colcon_core.shell:Creating package descriptor '/home/crazy_rat/ros2_ws/src/install/sllidar_ros2/share/sllidar_ros2/package.dsv'
[22.814s] INFO:colcon.colcon_core.shell:Creating package script '/home/crazy_rat/ros2_ws/src/install/sllidar_ros2/share/sllidar_ros2/package.sh'
[22.814s] INFO:colcon.colcon_core.shell:Creating package script '/home/crazy_rat/ros2_ws/src/install/sllidar_ros2/share/sllidar_ros2/package.bash'
[22.815s] INFO:colcon.colcon_core.shell:Creating package script '/home/crazy_rat/ros2_ws/src/install/sllidar_ros2/share/sllidar_ros2/package.zsh'
[22.815s] Level 1:colcon.colcon_core.environment:create_file_with_runtime_dependencies(/home/crazy_rat/ros2_ws/src/install/sllidar_ros2/share/colcon-core/packages/sllidar_ros2)
[22.816s] Level 1:colcon.colcon_core.environment:create_environment_scripts_only(sllidar_ros2)
[22.816s] Level 1:colcon.colcon_core.environment:checking '/home/crazy_rat/ros2_ws/src/install/sllidar_ros2' for CMake module files
[22.817s] Level 1:colcon.colcon_core.environment:checking '/home/crazy_rat/ros2_ws/src/install/sllidar_ros2' for CMake config files
[22.818s] Level 1:colcon.colcon_core.shell:create_environment_hook('sllidar_ros2', 'cmake_prefix_path')
[22.818s] INFO:colcon.colcon_core.shell:Creating environment hook '/home/crazy_rat/ros2_ws/src/install/sllidar_ros2/share/sllidar_ros2/hook/cmake_prefix_path.ps1'
[22.819s] INFO:colcon.colcon_core.shell:Creating environment descriptor '/home/crazy_rat/ros2_ws/src/install/sllidar_ros2/share/sllidar_ros2/hook/cmake_prefix_path.dsv'
[22.820s] INFO:colcon.colcon_core.shell:Creating environment hook '/home/crazy_rat/ros2_ws/src/install/sllidar_ros2/share/sllidar_ros2/hook/cmake_prefix_path.sh'
[22.821s] Level 1:colcon.colcon_core.environment:checking '/home/crazy_rat/ros2_ws/src/install/sllidar_ros2/lib'
[22.821s] Level 1:colcon.colcon_core.environment:checking '/home/crazy_rat/ros2_ws/src/install/sllidar_ros2/bin'
[22.821s] Level 1:colcon.colcon_core.environment:checking '/home/crazy_rat/ros2_ws/src/install/sllidar_ros2/lib/pkgconfig/sllidar_ros2.pc'
[22.821s] Level 1:colcon.colcon_core.environment:checking '/home/crazy_rat/ros2_ws/src/install/sllidar_ros2/lib/python3.12/site-packages'
[22.822s] Level 1:colcon.colcon_core.environment:checking '/home/crazy_rat/ros2_ws/src/install/sllidar_ros2/bin'
[22.822s] INFO:colcon.colcon_core.shell:Creating package script '/home/crazy_rat/ros2_ws/src/install/sllidar_ros2/share/sllidar_ros2/package.ps1'
[22.823s] INFO:colcon.colcon_core.shell:Creating package descriptor '/home/crazy_rat/ros2_ws/src/install/sllidar_ros2/share/sllidar_ros2/package.dsv'
[22.824s] INFO:colcon.colcon_core.shell:Creating package script '/home/crazy_rat/ros2_ws/src/install/sllidar_ros2/share/sllidar_ros2/package.sh'
[22.824s] INFO:colcon.colcon_core.shell:Creating package script '/home/crazy_rat/ros2_ws/src/install/sllidar_ros2/share/sllidar_ros2/package.bash'
[22.825s] INFO:colcon.colcon_core.shell:Creating package script '/home/crazy_rat/ros2_ws/src/install/sllidar_ros2/share/sllidar_ros2/package.zsh'
[22.826s] Level 1:colcon.colcon_core.environment:create_file_with_runtime_dependencies(/home/crazy_rat/ros2_ws/src/install/sllidar_ros2/share/colcon-core/packages/sllidar_ros2)
[22.827s] DEBUG:colcon.colcon_parallel_executor.executor.parallel:closing loop
[22.829s] DEBUG:colcon.colcon_parallel_executor.executor.parallel:loop closed
[22.829s] DEBUG:colcon.colcon_parallel_executor.executor.parallel:run_until_complete finished with '0'
[22.829s] DEBUG:colcon.colcon_core.event_reactor:joining thread
[22.840s] INFO:colcon.colcon_core.plugin_system:Skipping extension 'colcon_notification.desktop_notification.terminal_notifier': Not used on non-Darwin systems
[22.840s] INFO:colcon.colcon_core.plugin_system:Skipping extension 'colcon_notification.desktop_notification.win32': Not used on non-Windows systems
[22.840s] INFO:colcon.colcon_notification.desktop_notification:Sending desktop notification using 'notify2'
[22.841s] DEBUG:colcon.colcon_notification.desktop_notification.notify2:Failed to initialize notify2: org.freedesktop.DBus.Error.ServiceUnknown: The name org.freedesktop.Notifications was not provided by any .service files
[22.841s] DEBUG:colcon.colcon_core.event_reactor:joined thread
[22.842s] INFO:colcon.colcon_core.shell:Creating prefix script '/home/crazy_rat/ros2_ws/src/install/local_setup.ps1'
[22.844s] INFO:colcon.colcon_core.shell:Creating prefix util module '/home/crazy_rat/ros2_ws/src/install/_local_setup_util_ps1.py'
[22.846s] INFO:colcon.colcon_core.shell:Creating prefix chain script '/home/crazy_rat/ros2_ws/src/install/setup.ps1'
[22.847s] INFO:colcon.colcon_core.shell:Creating prefix script '/home/crazy_rat/ros2_ws/src/install/local_setup.sh'
[22.848s] INFO:colcon.colcon_core.shell:Creating prefix util module '/home/crazy_rat/ros2_ws/src/install/_local_setup_util_sh.py'
[22.849s] INFO:colcon.colcon_core.shell:Creating prefix chain script '/home/crazy_rat/ros2_ws/src/install/setup.sh'
[22.851s] INFO:colcon.colcon_core.shell:Creating prefix script '/home/crazy_rat/ros2_ws/src/install/local_setup.bash'
[22.852s] INFO:colcon.colcon_core.shell:Creating prefix chain script '/home/crazy_rat/ros2_ws/src/install/setup.bash'
[22.853s] INFO:colcon.colcon_core.shell:Creating prefix script '/home/crazy_rat/ros2_ws/src/install/local_setup.zsh'
[22.854s] INFO:colcon.colcon_core.shell:Creating prefix chain script '/home/crazy_rat/ros2_ws/src/install/setup.zsh'
