[0.064s] Invoking command in '/home/crazy_rat/ros2_ws/build/nav2_voxel_grid': AMENT_PREFIX_PATH=/home/crazy_rat/ros2_ws/install/nav2_common:${AMENT_PREFIX_PATH} CMAKE_PREFIX_PATH=/home/crazy_rat/ros2_ws/install/nav2_common:/home/crazy_rat/ros2_ws/install/sllidar_ros2:/home/crazy_rat/ros2_ws/install/multirobot_map_merge:/home/crazy_rat/ros2_ws/install/explore_lite:/home/crazy_rat/ros2_ws/install/bno08x_driver:/opt/ros/jazzy/opt/gz_sim_vendor:/opt/ros/jazzy/opt/gz_sensors_vendor:/opt/ros/jazzy/opt/gz_physics_vendor:/opt/ros/jazzy/opt/sdformat_vendor:/opt/ros/jazzy/opt/gz_gui_vendor:/opt/ros/jazzy/opt/gz_transport_vendor:/opt/ros/jazzy/opt/gz_rendering_vendor:/opt/ros/jazzy/opt/gz_plugin_vendor:/opt/ros/jazzy/opt/gz_fuel_tools_vendor:/opt/ros/jazzy/opt/gz_msgs_vendor:/opt/ros/jazzy/opt/gz_common_vendor:/opt/ros/jazzy/opt/gz_math_vendor:/opt/ros/jazzy/opt/gz_utils_vendor:/opt/ros/jazzy/opt/gz_tools_vendor:/opt/ros/jazzy/opt/gz_ogre_next_vendor:/opt/ros/jazzy/opt/gz_dartsim_vendor:/opt/ros/jazzy/opt/gz_cmake_vendor:/home/crazy_rat/ros2_ws/install/fake_rplidar:/home/crazy_rat/ros2_ws/install/autonomous_exploration:/opt/ros/jazzy DEBUGINFOD_URLS=https://debuginfod.ubuntu.com PYTHONPATH=/home/crazy_rat/ros2_ws/install/nav2_common/lib/python3.12/site-packages:${PYTHONPATH} /usr/bin/cmake /home/crazy_rat/ros2_ws/src/navigation2/nav2_voxel_grid -DCMAKE_INSTALL_PREFIX=/home/crazy_rat/ros2_ws/install/nav2_voxel_grid
[0.471s] -- The C compiler identification is GNU 13.3.0
[0.844s] -- The CXX compiler identification is GNU 13.3.0
[0.927s] -- Detecting C compiler ABI info
[1.352s] -- Detecting C compiler ABI info - done
[1.390s] -- Check for working C compiler: /usr/bin/cc - skipped
[1.390s] -- Detecting C compile features
[1.395s] -- Detecting C compile features - done
[1.429s] -- Detecting CXX compiler ABI info
[2.029s] -- Detecting CXX compiler ABI info - done
[2.072s] -- Check for working CXX compiler: /usr/bin/c++ - skipped
[2.075s] -- Detecting CXX compile features
[2.080s] -- Detecting CXX compile features - done
[2.107s] -- Found ament_cmake: 2.5.4 (/opt/ros/jazzy/share/ament_cmake/cmake)
[3.107s] -- Found Python3: /usr/bin/python3 (found version "3.12.3") found components: Interpreter 
[3.670s] -- Found nav2_common: 1.4.0 (/home/crazy_rat/ros2_ws/install/nav2_common/share/nav2_common/cmake)
[3.691s] -- Found rclcpp: 28.1.13 (/opt/ros/jazzy/share/rclcpp/cmake)
[4.072s] -- Found rosidl_generator_c: 4.6.6 (/opt/ros/jazzy/share/rosidl_generator_c/cmake)
[4.182s] -- Found rosidl_generator_cpp: 4.6.6 (/opt/ros/jazzy/share/rosidl_generator_cpp/cmake)
[4.309s] -- Using all available rosidl_typesupport_c: rosidl_typesupport_fastrtps_c;rosidl_typesupport_introspection_c
[4.458s] -- Using all available rosidl_typesupport_cpp: rosidl_typesupport_fastrtps_cpp;rosidl_typesupport_introspection_cpp
[5.134s] -- Found rmw_implementation_cmake: 7.3.2 (/opt/ros/jazzy/share/rmw_implementation_cmake/cmake)
[5.160s] -- Found rmw_fastrtps_cpp: 8.4.3 (/opt/ros/jazzy/share/rmw_fastrtps_cpp/cmake)
[5.812s] -- Found OpenSSL: /usr/lib/aarch64-linux-gnu/libcrypto.so (found version "3.0.13")  
[5.922s] -- Found FastRTPS: /opt/ros/jazzy/include (Required is at least version "2.13") 
[6.067s] -- Using RMW implementation 'rmw_fastrtps_cpp' as default
[6.570s] -- Setting build type to Release as none was specified.
[6.608s] -- Found ament_lint_auto: 0.17.3 (/opt/ros/jazzy/share/ament_lint_auto/cmake)
[7.436s] -- Found gtest sources under '/opt/ros/jazzy/src/gtest_vendor': C++ tests using 'Google Test' will be built
[7.462s] -- Performing Test CMAKE_HAVE_LIBC_PTHREAD
[8.265s] -- Performing Test CMAKE_HAVE_LIBC_PTHREAD - Success
[8.271s] -- Found Threads: TRUE  
[8.319s] -- Added test 'cppcheck' to perform static code analysis on C / C++ code
[8.319s] -- Configured cppcheck include dirs: $<BUILD_INTERFACE:/home/crazy_rat/ros2_ws/src/navigation2/nav2_voxel_grid/include>
[8.319s] -- Configured cppcheck exclude dirs and/or files: 
[8.326s] -- Added test 'cpplint' to check C / C++ code against the Google style
[8.326s] -- Configured cpplint exclude dirs and/or files: 
[8.332s] -- Added test 'lint_cmake' to check CMake code style
[8.337s] -- Added test 'uncrustify' to check C / C++ code style
[8.337s] -- Configured uncrustify additional arguments: 
[8.340s] -- Added test 'xmllint' to check XML markup files
[8.351s] -- Configuring done (8.2s)
[8.393s] -- Generating done (0.0s)
[8.418s] -- Build files have been written to: /home/crazy_rat/ros2_ws/build/nav2_voxel_grid
[8.458s] Invoked command in '/home/crazy_rat/ros2_ws/build/nav2_voxel_grid' returned '0': AMENT_PREFIX_PATH=/home/crazy_rat/ros2_ws/install/nav2_common:${AMENT_PREFIX_PATH} CMAKE_PREFIX_PATH=/home/crazy_rat/ros2_ws/install/nav2_common:/home/crazy_rat/ros2_ws/install/sllidar_ros2:/home/crazy_rat/ros2_ws/install/multirobot_map_merge:/home/crazy_rat/ros2_ws/install/explore_lite:/home/crazy_rat/ros2_ws/install/bno08x_driver:/opt/ros/jazzy/opt/gz_sim_vendor:/opt/ros/jazzy/opt/gz_sensors_vendor:/opt/ros/jazzy/opt/gz_physics_vendor:/opt/ros/jazzy/opt/sdformat_vendor:/opt/ros/jazzy/opt/gz_gui_vendor:/opt/ros/jazzy/opt/gz_transport_vendor:/opt/ros/jazzy/opt/gz_rendering_vendor:/opt/ros/jazzy/opt/gz_plugin_vendor:/opt/ros/jazzy/opt/gz_fuel_tools_vendor:/opt/ros/jazzy/opt/gz_msgs_vendor:/opt/ros/jazzy/opt/gz_common_vendor:/opt/ros/jazzy/opt/gz_math_vendor:/opt/ros/jazzy/opt/gz_utils_vendor:/opt/ros/jazzy/opt/gz_tools_vendor:/opt/ros/jazzy/opt/gz_ogre_next_vendor:/opt/ros/jazzy/opt/gz_dartsim_vendor:/opt/ros/jazzy/opt/gz_cmake_vendor:/home/crazy_rat/ros2_ws/install/fake_rplidar:/home/crazy_rat/ros2_ws/install/autonomous_exploration:/opt/ros/jazzy DEBUGINFOD_URLS=https://debuginfod.ubuntu.com PYTHONPATH=/home/crazy_rat/ros2_ws/install/nav2_common/lib/python3.12/site-packages:${PYTHONPATH} /usr/bin/cmake /home/crazy_rat/ros2_ws/src/navigation2/nav2_voxel_grid -DCMAKE_INSTALL_PREFIX=/home/crazy_rat/ros2_ws/install/nav2_voxel_grid
[8.459s] Invoking command in '/home/crazy_rat/ros2_ws/build/nav2_voxel_grid': AMENT_PREFIX_PATH=/home/crazy_rat/ros2_ws/install/nav2_common:${AMENT_PREFIX_PATH} CMAKE_PREFIX_PATH=/home/crazy_rat/ros2_ws/install/nav2_common:/home/crazy_rat/ros2_ws/install/sllidar_ros2:/home/crazy_rat/ros2_ws/install/multirobot_map_merge:/home/crazy_rat/ros2_ws/install/explore_lite:/home/crazy_rat/ros2_ws/install/bno08x_driver:/opt/ros/jazzy/opt/gz_sim_vendor:/opt/ros/jazzy/opt/gz_sensors_vendor:/opt/ros/jazzy/opt/gz_physics_vendor:/opt/ros/jazzy/opt/sdformat_vendor:/opt/ros/jazzy/opt/gz_gui_vendor:/opt/ros/jazzy/opt/gz_transport_vendor:/opt/ros/jazzy/opt/gz_rendering_vendor:/opt/ros/jazzy/opt/gz_plugin_vendor:/opt/ros/jazzy/opt/gz_fuel_tools_vendor:/opt/ros/jazzy/opt/gz_msgs_vendor:/opt/ros/jazzy/opt/gz_common_vendor:/opt/ros/jazzy/opt/gz_math_vendor:/opt/ros/jazzy/opt/gz_utils_vendor:/opt/ros/jazzy/opt/gz_tools_vendor:/opt/ros/jazzy/opt/gz_ogre_next_vendor:/opt/ros/jazzy/opt/gz_dartsim_vendor:/opt/ros/jazzy/opt/gz_cmake_vendor:/home/crazy_rat/ros2_ws/install/fake_rplidar:/home/crazy_rat/ros2_ws/install/autonomous_exploration:/opt/ros/jazzy DEBUGINFOD_URLS=https://debuginfod.ubuntu.com PYTHONPATH=/home/crazy_rat/ros2_ws/install/nav2_common/lib/python3.12/site-packages:${PYTHONPATH} /usr/bin/cmake --build /home/crazy_rat/ros2_ws/build/nav2_voxel_grid -- -j4 -l4
[8.609s] [ 10%] [32mBuilding CXX object gtest/CMakeFiles/gtest_main.dir/src/gtest_main.cc.o[0m
[8.618s] [ 20%] [32mBuilding CXX object gtest/CMakeFiles/gtest.dir/src/gtest-all.cc.o[0m
[8.657s] [ 30%] [32mBuilding CXX object CMakeFiles/voxel_grid.dir/src/voxel_grid.cpp.o[0m
[12.532s] [ 40%] [32m[1mLinking CXX static library libgtest_main.a[0m
[12.699s] [ 40%] Built target gtest_main
[13.220s] [ 50%] [32m[1mLinking CXX shared library libvoxel_grid.so[0m
[14.035s] [ 50%] Built target voxel_grid
[44.184s] [ 60%] [32m[1mLinking CXX static library libgtest.a[0m
[44.373s] [ 60%] Built target gtest
[44.530s] [ 70%] [32mBuilding CXX object test/CMakeFiles/voxel_grid_tests.dir/voxel_grid_tests.cpp.o[0m
[52.106s] [ 80%] [32m[1mLinking CXX executable voxel_grid_tests[0m
[53.111s] [ 80%] Built target voxel_grid_tests
[53.270s] [ 90%] [32mBuilding CXX object test/CMakeFiles/voxel_grid_bresenham_3d.dir/voxel_grid_bresenham_3d.cpp.o[0m
[60.955s] [100%] [32m[1mLinking CXX executable voxel_grid_bresenham_3d[0m
[61.407s] [100%] Built target voxel_grid_bresenham_3d
[61.448s] Invoked command in '/home/crazy_rat/ros2_ws/build/nav2_voxel_grid' returned '0': AMENT_PREFIX_PATH=/home/crazy_rat/ros2_ws/install/nav2_common:${AMENT_PREFIX_PATH} CMAKE_PREFIX_PATH=/home/crazy_rat/ros2_ws/install/nav2_common:/home/crazy_rat/ros2_ws/install/sllidar_ros2:/home/crazy_rat/ros2_ws/install/multirobot_map_merge:/home/crazy_rat/ros2_ws/install/explore_lite:/home/crazy_rat/ros2_ws/install/bno08x_driver:/opt/ros/jazzy/opt/gz_sim_vendor:/opt/ros/jazzy/opt/gz_sensors_vendor:/opt/ros/jazzy/opt/gz_physics_vendor:/opt/ros/jazzy/opt/sdformat_vendor:/opt/ros/jazzy/opt/gz_gui_vendor:/opt/ros/jazzy/opt/gz_transport_vendor:/opt/ros/jazzy/opt/gz_rendering_vendor:/opt/ros/jazzy/opt/gz_plugin_vendor:/opt/ros/jazzy/opt/gz_fuel_tools_vendor:/opt/ros/jazzy/opt/gz_msgs_vendor:/opt/ros/jazzy/opt/gz_common_vendor:/opt/ros/jazzy/opt/gz_math_vendor:/opt/ros/jazzy/opt/gz_utils_vendor:/opt/ros/jazzy/opt/gz_tools_vendor:/opt/ros/jazzy/opt/gz_ogre_next_vendor:/opt/ros/jazzy/opt/gz_dartsim_vendor:/opt/ros/jazzy/opt/gz_cmake_vendor:/home/crazy_rat/ros2_ws/install/fake_rplidar:/home/crazy_rat/ros2_ws/install/autonomous_exploration:/opt/ros/jazzy DEBUGINFOD_URLS=https://debuginfod.ubuntu.com PYTHONPATH=/home/crazy_rat/ros2_ws/install/nav2_common/lib/python3.12/site-packages:${PYTHONPATH} /usr/bin/cmake --build /home/crazy_rat/ros2_ws/build/nav2_voxel_grid -- -j4 -l4
[61.453s] Invoking command in '/home/crazy_rat/ros2_ws/build/nav2_voxel_grid': AMENT_PREFIX_PATH=/home/crazy_rat/ros2_ws/install/nav2_common:${AMENT_PREFIX_PATH} CMAKE_PREFIX_PATH=/home/crazy_rat/ros2_ws/install/nav2_common:/home/crazy_rat/ros2_ws/install/sllidar_ros2:/home/crazy_rat/ros2_ws/install/multirobot_map_merge:/home/crazy_rat/ros2_ws/install/explore_lite:/home/crazy_rat/ros2_ws/install/bno08x_driver:/opt/ros/jazzy/opt/gz_sim_vendor:/opt/ros/jazzy/opt/gz_sensors_vendor:/opt/ros/jazzy/opt/gz_physics_vendor:/opt/ros/jazzy/opt/sdformat_vendor:/opt/ros/jazzy/opt/gz_gui_vendor:/opt/ros/jazzy/opt/gz_transport_vendor:/opt/ros/jazzy/opt/gz_rendering_vendor:/opt/ros/jazzy/opt/gz_plugin_vendor:/opt/ros/jazzy/opt/gz_fuel_tools_vendor:/opt/ros/jazzy/opt/gz_msgs_vendor:/opt/ros/jazzy/opt/gz_common_vendor:/opt/ros/jazzy/opt/gz_math_vendor:/opt/ros/jazzy/opt/gz_utils_vendor:/opt/ros/jazzy/opt/gz_tools_vendor:/opt/ros/jazzy/opt/gz_ogre_next_vendor:/opt/ros/jazzy/opt/gz_dartsim_vendor:/opt/ros/jazzy/opt/gz_cmake_vendor:/home/crazy_rat/ros2_ws/install/fake_rplidar:/home/crazy_rat/ros2_ws/install/autonomous_exploration:/opt/ros/jazzy DEBUGINFOD_URLS=https://debuginfod.ubuntu.com PYTHONPATH=/home/crazy_rat/ros2_ws/install/nav2_common/lib/python3.12/site-packages:${PYTHONPATH} /usr/bin/cmake --install /home/crazy_rat/ros2_ws/build/nav2_voxel_grid
[61.485s] -- Install configuration: "Release"
[61.486s] -- Installing: /home/crazy_rat/ros2_ws/install/nav2_voxel_grid/lib/libvoxel_grid.so
[61.486s] -- Set non-toolchain portion of runtime path of "/home/crazy_rat/ros2_ws/install/nav2_voxel_grid/lib/libvoxel_grid.so" to ""
[61.486s] -- Installing: /home/crazy_rat/ros2_ws/install/nav2_voxel_grid/include/nav2_voxel_grid
[61.486s] -- Installing: /home/crazy_rat/ros2_ws/install/nav2_voxel_grid/include/nav2_voxel_grid/nav2_voxel_grid
[61.486s] -- Installing: /home/crazy_rat/ros2_ws/install/nav2_voxel_grid/include/nav2_voxel_grid/nav2_voxel_grid/voxel_grid.hpp
[61.487s] -- Installing: /home/crazy_rat/ros2_ws/install/nav2_voxel_grid/share/nav2_voxel_grid/environment/library_path.sh
[61.487s] -- Installing: /home/crazy_rat/ros2_ws/install/nav2_voxel_grid/share/nav2_voxel_grid/environment/library_path.dsv
[61.490s] -- Installing: /home/crazy_rat/ros2_ws/install/nav2_voxel_grid/share/ament_index/resource_index/package_run_dependencies/nav2_voxel_grid
[61.491s] -- Installing: /home/crazy_rat/ros2_ws/install/nav2_voxel_grid/share/ament_index/resource_index/parent_prefix_path/nav2_voxel_grid
[61.491s] -- Installing: /home/crazy_rat/ros2_ws/install/nav2_voxel_grid/share/nav2_voxel_grid/environment/ament_prefix_path.sh
[61.491s] -- Installing: /home/crazy_rat/ros2_ws/install/nav2_voxel_grid/share/nav2_voxel_grid/environment/ament_prefix_path.dsv
[61.491s] -- Installing: /home/crazy_rat/ros2_ws/install/nav2_voxel_grid/share/nav2_voxel_grid/environment/path.sh
[61.491s] -- Installing: /home/crazy_rat/ros2_ws/install/nav2_voxel_grid/share/nav2_voxel_grid/environment/path.dsv
[61.491s] -- Installing: /home/crazy_rat/ros2_ws/install/nav2_voxel_grid/share/nav2_voxel_grid/local_setup.bash
[61.492s] -- Installing: /home/crazy_rat/ros2_ws/install/nav2_voxel_grid/share/nav2_voxel_grid/local_setup.sh
[61.492s] -- Installing: /home/crazy_rat/ros2_ws/install/nav2_voxel_grid/share/nav2_voxel_grid/local_setup.zsh
[61.492s] -- Installing: /home/crazy_rat/ros2_ws/install/nav2_voxel_grid/share/nav2_voxel_grid/local_setup.dsv
[61.492s] -- Installing: /home/crazy_rat/ros2_ws/install/nav2_voxel_grid/share/nav2_voxel_grid/package.dsv
[61.492s] -- Installing: /home/crazy_rat/ros2_ws/install/nav2_voxel_grid/share/ament_index/resource_index/packages/nav2_voxel_grid
[61.493s] -- Installing: /home/crazy_rat/ros2_ws/install/nav2_voxel_grid/share/nav2_voxel_grid/cmake/voxel_gridExport.cmake
[61.493s] -- Installing: /home/crazy_rat/ros2_ws/install/nav2_voxel_grid/share/nav2_voxel_grid/cmake/voxel_gridExport-release.cmake
[61.493s] -- Installing: /home/crazy_rat/ros2_ws/install/nav2_voxel_grid/share/nav2_voxel_grid/cmake/ament_cmake_export_dependencies-extras.cmake
[61.493s] -- Installing: /home/crazy_rat/ros2_ws/install/nav2_voxel_grid/share/nav2_voxel_grid/cmake/ament_cmake_export_include_directories-extras.cmake
[61.496s] -- Installing: /home/crazy_rat/ros2_ws/install/nav2_voxel_grid/share/nav2_voxel_grid/cmake/ament_cmake_export_libraries-extras.cmake
[61.496s] -- Installing: /home/crazy_rat/ros2_ws/install/nav2_voxel_grid/share/nav2_voxel_grid/cmake/ament_cmake_export_targets-extras.cmake
[61.497s] -- Installing: /home/crazy_rat/ros2_ws/install/nav2_voxel_grid/share/nav2_voxel_grid/cmake/nav2_voxel_gridConfig.cmake
[61.497s] -- Installing: /home/crazy_rat/ros2_ws/install/nav2_voxel_grid/share/nav2_voxel_grid/cmake/nav2_voxel_gridConfig-version.cmake
[61.497s] -- Installing: /home/crazy_rat/ros2_ws/install/nav2_voxel_grid/share/nav2_voxel_grid/package.xml
[61.500s] Invoked command in '/home/crazy_rat/ros2_ws/build/nav2_voxel_grid' returned '0': AMENT_PREFIX_PATH=/home/crazy_rat/ros2_ws/install/nav2_common:${AMENT_PREFIX_PATH} CMAKE_PREFIX_PATH=/home/crazy_rat/ros2_ws/install/nav2_common:/home/crazy_rat/ros2_ws/install/sllidar_ros2:/home/crazy_rat/ros2_ws/install/multirobot_map_merge:/home/crazy_rat/ros2_ws/install/explore_lite:/home/crazy_rat/ros2_ws/install/bno08x_driver:/opt/ros/jazzy/opt/gz_sim_vendor:/opt/ros/jazzy/opt/gz_sensors_vendor:/opt/ros/jazzy/opt/gz_physics_vendor:/opt/ros/jazzy/opt/sdformat_vendor:/opt/ros/jazzy/opt/gz_gui_vendor:/opt/ros/jazzy/opt/gz_transport_vendor:/opt/ros/jazzy/opt/gz_rendering_vendor:/opt/ros/jazzy/opt/gz_plugin_vendor:/opt/ros/jazzy/opt/gz_fuel_tools_vendor:/opt/ros/jazzy/opt/gz_msgs_vendor:/opt/ros/jazzy/opt/gz_common_vendor:/opt/ros/jazzy/opt/gz_math_vendor:/opt/ros/jazzy/opt/gz_utils_vendor:/opt/ros/jazzy/opt/gz_tools_vendor:/opt/ros/jazzy/opt/gz_ogre_next_vendor:/opt/ros/jazzy/opt/gz_dartsim_vendor:/opt/ros/jazzy/opt/gz_cmake_vendor:/home/crazy_rat/ros2_ws/install/fake_rplidar:/home/crazy_rat/ros2_ws/install/autonomous_exploration:/opt/ros/jazzy DEBUGINFOD_URLS=https://debuginfod.ubuntu.com PYTHONPATH=/home/crazy_rat/ros2_ws/install/nav2_common/lib/python3.12/site-packages:${PYTHONPATH} /usr/bin/cmake --install /home/crazy_rat/ros2_ws/build/nav2_voxel_grid
