[0.044s] Invoking command in '/home/crazy_rat/ros2_ws/build/sllidar_ros2': CMAKE_PREFIX_PATH=${CMAKE_PREFIX_PATH}:/home/crazy_rat/ros2_ws/install/nav2_simple_commander:/home/crazy_rat/ros2_ws/install/fake_rplidar:/home/crazy_rat/ros2_ws/install/autonomous_exploration:/opt/ros/jazzy DEBUGINFOD_URLS=https://debuginfod.ubuntu.com /usr/bin/cmake /home/crazy_rat/ros2_ws/src/sllidar_ros2 -DBUILD_TESTING=OFF -DCMAKE_INSTALL_PREFIX=/home/crazy_rat/ros2_ws/install/sllidar_ros2
[0.071s] -- Found ament_cmake: 2.5.4 (/opt/ros/jazzy/share/ament_cmake/cmake)
[0.482s] -- Override CMake install command with custom implementation using symlinks instead of copying resources
[0.492s] -- Found rclcpp: 28.1.13 (/opt/ros/jazzy/share/rclcpp/cmake)
[0.544s] -- Found rosidl_generator_c: 4.6.6 (/opt/ros/jazzy/share/rosidl_generator_c/cmake)
[0.557s] -- Found rosidl_generator_cpp: 4.6.6 (/opt/ros/jazzy/share/rosidl_generator_cpp/cmake)
[0.574s] -- Using all available rosidl_typesupport_c: rosidl_typesupport_fastrtps_c;rosidl_typesupport_introspection_c
[0.594s] -- Using all available rosidl_typesupport_cpp: rosidl_typesupport_fastrtps_cpp;rosidl_typesupport_introspection_cpp
[0.692s] -- Found rmw_implementation_cmake: 7.3.2 (/opt/ros/jazzy/share/rmw_implementation_cmake/cmake)
[0.694s] -- Found rmw_fastrtps_cpp: 8.4.3 (/opt/ros/jazzy/share/rmw_fastrtps_cpp/cmake)
[0.817s] -- Using RMW implementation 'rmw_fastrtps_cpp' as default
[0.917s] -- Found sensor_msgs: 5.3.6 (/opt/ros/jazzy/share/sensor_msgs/cmake)
[0.990s] -- Found std_srvs: 5.3.6 (/opt/ros/jazzy/share/std_srvs/cmake)
[1.227s] -- Configuring done (1.2s)
[1.273s] -- Generating done (0.0s)
[1.290s] -- Build files have been written to: /home/crazy_rat/ros2_ws/build/sllidar_ros2
[1.324s] Invoked command in '/home/crazy_rat/ros2_ws/build/sllidar_ros2' returned '0': CMAKE_PREFIX_PATH=${CMAKE_PREFIX_PATH}:/home/crazy_rat/ros2_ws/install/nav2_simple_commander:/home/crazy_rat/ros2_ws/install/fake_rplidar:/home/crazy_rat/ros2_ws/install/autonomous_exploration:/opt/ros/jazzy DEBUGINFOD_URLS=https://debuginfod.ubuntu.com /usr/bin/cmake /home/crazy_rat/ros2_ws/src/sllidar_ros2 -DBUILD_TESTING=OFF -DCMAKE_INSTALL_PREFIX=/home/crazy_rat/ros2_ws/install/sllidar_ros2
[1.328s] Invoking command in '/home/crazy_rat/ros2_ws/build/sllidar_ros2': CMAKE_PREFIX_PATH=${CMAKE_PREFIX_PATH}:/home/crazy_rat/ros2_ws/install/nav2_simple_commander:/home/crazy_rat/ros2_ws/install/fake_rplidar:/home/crazy_rat/ros2_ws/install/autonomous_exploration:/opt/ros/jazzy DEBUGINFOD_URLS=https://debuginfod.ubuntu.com /usr/bin/cmake --build /home/crazy_rat/ros2_ws/build/sllidar_ros2 -- -j4 -l4
[1.464s] [ 10%] Built target sllidar_client
[1.497s] [100%] Built target sllidar_node
[1.536s] Invoked command in '/home/crazy_rat/ros2_ws/build/sllidar_ros2' returned '0': CMAKE_PREFIX_PATH=${CMAKE_PREFIX_PATH}:/home/crazy_rat/ros2_ws/install/nav2_simple_commander:/home/crazy_rat/ros2_ws/install/fake_rplidar:/home/crazy_rat/ros2_ws/install/autonomous_exploration:/opt/ros/jazzy DEBUGINFOD_URLS=https://debuginfod.ubuntu.com /usr/bin/cmake --build /home/crazy_rat/ros2_ws/build/sllidar_ros2 -- -j4 -l4
[1.557s] Invoking command in '/home/crazy_rat/ros2_ws/build/sllidar_ros2': CMAKE_PREFIX_PATH=${CMAKE_PREFIX_PATH}:/home/crazy_rat/ros2_ws/install/nav2_simple_commander:/home/crazy_rat/ros2_ws/install/fake_rplidar:/home/crazy_rat/ros2_ws/install/autonomous_exploration:/opt/ros/jazzy DEBUGINFOD_URLS=https://debuginfod.ubuntu.com /usr/bin/cmake --install /home/crazy_rat/ros2_ws/build/sllidar_ros2
[1.574s] -- Install configuration: ""
[1.574s] -- Execute custom install script
[1.575s] -- Up-to-date symlink: /home/crazy_rat/ros2_ws/install/sllidar_ros2/share/sllidar_ros2/launch/sllidar_a1_launch.py
[1.575s] -- Up-to-date symlink: /home/crazy_rat/ros2_ws/install/sllidar_ros2/share/sllidar_ros2/launch/sllidar_a2m12_launch .py
[1.575s] -- Up-to-date symlink: /home/crazy_rat/ros2_ws/install/sllidar_ros2/share/sllidar_ros2/launch/sllidar_a2m7_launch.py
[1.575s] -- Up-to-date symlink: /home/crazy_rat/ros2_ws/install/sllidar_ros2/share/sllidar_ros2/launch/sllidar_a2m8_launch.py
[1.575s] -- Up-to-date symlink: /home/crazy_rat/ros2_ws/install/sllidar_ros2/share/sllidar_ros2/launch/sllidar_a3_launch.py
[1.576s] -- Up-to-date symlink: /home/crazy_rat/ros2_ws/install/sllidar_ros2/share/sllidar_ros2/launch/sllidar_c1_launch.py
[1.576s] -- Up-to-date symlink: /home/crazy_rat/ros2_ws/install/sllidar_ros2/share/sllidar_ros2/launch/sllidar_s1_launch.py
[1.576s] -- Up-to-date symlink: /home/crazy_rat/ros2_ws/install/sllidar_ros2/share/sllidar_ros2/launch/sllidar_s1_tcp_launch.py
[1.576s] -- Up-to-date symlink: /home/crazy_rat/ros2_ws/install/sllidar_ros2/share/sllidar_ros2/launch/sllidar_s2_launch.py
[1.576s] -- Up-to-date symlink: /home/crazy_rat/ros2_ws/install/sllidar_ros2/share/sllidar_ros2/launch/sllidar_s2e_launch.py
[1.576s] -- Up-to-date symlink: /home/crazy_rat/ros2_ws/install/sllidar_ros2/share/sllidar_ros2/launch/sllidar_s3_launch.py
[1.576s] -- Up-to-date symlink: /home/crazy_rat/ros2_ws/install/sllidar_ros2/share/sllidar_ros2/launch/sllidar_t1_launch.py
[1.577s] -- Up-to-date symlink: /home/crazy_rat/ros2_ws/install/sllidar_ros2/share/sllidar_ros2/launch/view_sllidar_a1_launch.py
[1.577s] -- Up-to-date symlink: /home/crazy_rat/ros2_ws/install/sllidar_ros2/share/sllidar_ros2/launch/view_sllidar_a2m12_launch.py
[1.577s] -- Up-to-date symlink: /home/crazy_rat/ros2_ws/install/sllidar_ros2/share/sllidar_ros2/launch/view_sllidar_a2m7_launch.py
[1.577s] -- Up-to-date symlink: /home/crazy_rat/ros2_ws/install/sllidar_ros2/share/sllidar_ros2/launch/view_sllidar_a2m8_launch.py
[1.577s] -- Up-to-date symlink: /home/crazy_rat/ros2_ws/install/sllidar_ros2/share/sllidar_ros2/launch/view_sllidar_a3_launch.py
[1.577s] -- Up-to-date symlink: /home/crazy_rat/ros2_ws/install/sllidar_ros2/share/sllidar_ros2/launch/view_sllidar_c1_launch.py
[1.577s] -- Up-to-date symlink: /home/crazy_rat/ros2_ws/install/sllidar_ros2/share/sllidar_ros2/launch/view_sllidar_s1_launch.py
[1.578s] -- Up-to-date symlink: /home/crazy_rat/ros2_ws/install/sllidar_ros2/share/sllidar_ros2/launch/view_sllidar_s1_tcp_launch.py
[1.578s] -- Up-to-date symlink: /home/crazy_rat/ros2_ws/install/sllidar_ros2/share/sllidar_ros2/launch/view_sllidar_s2_launch.py
[1.578s] -- Up-to-date symlink: /home/crazy_rat/ros2_ws/install/sllidar_ros2/share/sllidar_ros2/launch/view_sllidar_s2e_launch.py
[1.578s] -- Up-to-date symlink: /home/crazy_rat/ros2_ws/install/sllidar_ros2/share/sllidar_ros2/launch/view_sllidar_s3_launch.py
[1.578s] -- Up-to-date symlink: /home/crazy_rat/ros2_ws/install/sllidar_ros2/share/sllidar_ros2/launch/view_sllidar_t1_launch.py
[1.578s] -- Up-to-date symlink: /home/crazy_rat/ros2_ws/install/sllidar_ros2/share/sllidar_ros2/rviz/sllidar_ros2.rviz
[1.579s] -- Up-to-date symlink: /home/crazy_rat/ros2_ws/install/sllidar_ros2/lib/sllidar_ros2/sllidar_node
[1.579s] -- Up-to-date symlink: /home/crazy_rat/ros2_ws/install/sllidar_ros2/lib/sllidar_ros2/sllidar_client
[1.579s] -- Up-to-date symlink: /home/crazy_rat/ros2_ws/install/sllidar_ros2/share/ament_index/resource_index/package_run_dependencies/sllidar_ros2
[1.579s] -- Up-to-date symlink: /home/crazy_rat/ros2_ws/install/sllidar_ros2/share/ament_index/resource_index/parent_prefix_path/sllidar_ros2
[1.580s] -- Up-to-date symlink: /home/crazy_rat/ros2_ws/install/sllidar_ros2/share/sllidar_ros2/environment/ament_prefix_path.sh
[1.580s] -- Up-to-date symlink: /home/crazy_rat/ros2_ws/install/sllidar_ros2/share/sllidar_ros2/environment/ament_prefix_path.dsv
[1.580s] -- Up-to-date symlink: /home/crazy_rat/ros2_ws/install/sllidar_ros2/share/sllidar_ros2/environment/path.sh
[1.580s] -- Up-to-date symlink: /home/crazy_rat/ros2_ws/install/sllidar_ros2/share/sllidar_ros2/environment/path.dsv
[1.580s] -- Up-to-date symlink: /home/crazy_rat/ros2_ws/install/sllidar_ros2/share/sllidar_ros2/local_setup.bash
[1.580s] -- Up-to-date symlink: /home/crazy_rat/ros2_ws/install/sllidar_ros2/share/sllidar_ros2/local_setup.sh
[1.581s] -- Up-to-date symlink: /home/crazy_rat/ros2_ws/install/sllidar_ros2/share/sllidar_ros2/local_setup.zsh
[1.581s] -- Up-to-date symlink: /home/crazy_rat/ros2_ws/install/sllidar_ros2/share/sllidar_ros2/local_setup.dsv
[1.581s] -- Symlinking: /home/crazy_rat/ros2_ws/install/sllidar_ros2/share/sllidar_ros2/package.dsv
[1.611s] -- Up-to-date symlink: /home/crazy_rat/ros2_ws/install/sllidar_ros2/share/ament_index/resource_index/packages/sllidar_ros2
[1.612s] -- Up-to-date symlink: /home/crazy_rat/ros2_ws/install/sllidar_ros2/share/sllidar_ros2/cmake/ament_cmake_export_dependencies-extras.cmake
[1.612s] -- Up-to-date symlink: /home/crazy_rat/ros2_ws/install/sllidar_ros2/share/sllidar_ros2/cmake/ament_cmake_export_include_directories-extras.cmake
[1.613s] -- Up-to-date symlink: /home/crazy_rat/ros2_ws/install/sllidar_ros2/share/sllidar_ros2/cmake/sllidar_ros2Config.cmake
[1.613s] -- Up-to-date symlink: /home/crazy_rat/ros2_ws/install/sllidar_ros2/share/sllidar_ros2/cmake/sllidar_ros2Config-version.cmake
[1.613s] -- Up-to-date symlink: /home/crazy_rat/ros2_ws/install/sllidar_ros2/share/sllidar_ros2/package.xml
[1.621s] Invoked command in '/home/crazy_rat/ros2_ws/build/sllidar_ros2' returned '0': CMAKE_PREFIX_PATH=${CMAKE_PREFIX_PATH}:/home/crazy_rat/ros2_ws/install/nav2_simple_commander:/home/crazy_rat/ros2_ws/install/fake_rplidar:/home/crazy_rat/ros2_ws/install/autonomous_exploration:/opt/ros/jazzy DEBUGINFOD_URLS=https://debuginfod.ubuntu.com /usr/bin/cmake --install /home/crazy_rat/ros2_ws/build/sllidar_ros2
