[0.390s] Invoking command in '/home/crazy_rat/ros2_ws/src/build/sllidar_ros2': CMAKE_PREFIX_PATH=${CMAKE_PREFIX_PATH}:/home/crazy_rat/ros2_ws/install/fake_rplidar:/home/crazy_rat/ros2_ws/src/install/fake_rplidar:/opt/ros/jazzy DEBUGINFOD_URLS=https://debuginfod.ubuntu.com /usr/bin/cmake /home/crazy_rat/ros2_ws/src/sllidar_ros2 -DCMAKE_INSTALL_PREFIX=/home/crazy_rat/ros2_ws/src/install/sllidar_ros2
[0.413s] -- Found ament_cmake: 2.5.4 (/opt/ros/jazzy/share/ament_cmake/cmake)
[0.836s] -- Override CMake install command with custom implementation using symlinks instead of copying resources
[0.849s] -- Found rclcpp: 28.1.13 (/opt/ros/jazzy/share/rclcpp/cmake)
[0.888s] -- Found rosidl_generator_c: 4.6.6 (/opt/ros/jazzy/share/rosidl_generator_c/cmake)
[0.905s] -- Found rosidl_generator_cpp: 4.6.6 (/opt/ros/jazzy/share/rosidl_generator_cpp/cmake)
[0.921s] -- Using all available rosidl_typesupport_c: rosidl_typesupport_fastrtps_c;rosidl_typesupport_introspection_c
[0.945s] -- Using all available rosidl_typesupport_cpp: rosidl_typesupport_fastrtps_cpp;rosidl_typesupport_introspection_cpp
[1.038s] -- Found rmw_implementation_cmake: 7.3.2 (/opt/ros/jazzy/share/rmw_implementation_cmake/cmake)
[1.040s] -- Found rmw_fastrtps_cpp: 8.4.3 (/opt/ros/jazzy/share/rmw_fastrtps_cpp/cmake)
[1.138s] -- Using RMW implementation 'rmw_fastrtps_cpp' as default
[1.222s] -- Found sensor_msgs: 5.3.6 (/opt/ros/jazzy/share/sensor_msgs/cmake)
[1.299s] -- Found std_srvs: 5.3.6 (/opt/ros/jazzy/share/std_srvs/cmake)
[1.546s] -- Configuring done (1.1s)
[1.584s] -- Generating done (0.0s)
[1.604s] -- Build files have been written to: /home/crazy_rat/ros2_ws/src/build/sllidar_ros2
[1.625s] Invoked command in '/home/crazy_rat/ros2_ws/src/build/sllidar_ros2' returned '0': CMAKE_PREFIX_PATH=${CMAKE_PREFIX_PATH}:/home/crazy_rat/ros2_ws/install/fake_rplidar:/home/crazy_rat/ros2_ws/src/install/fake_rplidar:/opt/ros/jazzy DEBUGINFOD_URLS=https://debuginfod.ubuntu.com /usr/bin/cmake /home/crazy_rat/ros2_ws/src/sllidar_ros2 -DCMAKE_INSTALL_PREFIX=/home/crazy_rat/ros2_ws/src/install/sllidar_ros2
[1.628s] Invoking command in '/home/crazy_rat/ros2_ws/src/build/sllidar_ros2': CMAKE_PREFIX_PATH=${CMAKE_PREFIX_PATH}:/home/crazy_rat/ros2_ws/install/fake_rplidar:/home/crazy_rat/ros2_ws/src/install/fake_rplidar:/opt/ros/jazzy DEBUGINFOD_URLS=https://debuginfod.ubuntu.com /usr/bin/cmake --build /home/crazy_rat/ros2_ws/src/build/sllidar_ros2 -- -j4 -l4
[1.747s] [ 10%] Built target sllidar_client
[1.769s] [100%] Built target sllidar_node
[1.791s] Invoked command in '/home/crazy_rat/ros2_ws/src/build/sllidar_ros2' returned '0': CMAKE_PREFIX_PATH=${CMAKE_PREFIX_PATH}:/home/crazy_rat/ros2_ws/install/fake_rplidar:/home/crazy_rat/ros2_ws/src/install/fake_rplidar:/opt/ros/jazzy DEBUGINFOD_URLS=https://debuginfod.ubuntu.com /usr/bin/cmake --build /home/crazy_rat/ros2_ws/src/build/sllidar_ros2 -- -j4 -l4
[1.810s] Invoking command in '/home/crazy_rat/ros2_ws/src/build/sllidar_ros2': CMAKE_PREFIX_PATH=${CMAKE_PREFIX_PATH}:/home/crazy_rat/ros2_ws/install/fake_rplidar:/home/crazy_rat/ros2_ws/src/install/fake_rplidar:/opt/ros/jazzy DEBUGINFOD_URLS=https://debuginfod.ubuntu.com /usr/bin/cmake --install /home/crazy_rat/ros2_ws/src/build/sllidar_ros2
[1.826s] -- Install configuration: ""
[1.827s] -- Execute custom install script
[1.827s] -- Up-to-date symlink: /home/crazy_rat/ros2_ws/src/install/sllidar_ros2/share/sllidar_ros2/launch/sllidar_a1_launch.py
[1.829s] -- Up-to-date symlink: /home/crazy_rat/ros2_ws/src/install/sllidar_ros2/share/sllidar_ros2/launch/sllidar_a2m12_launch .py
[1.829s] -- Up-to-date symlink: /home/crazy_rat/ros2_ws/src/install/sllidar_ros2/share/sllidar_ros2/launch/sllidar_a2m7_launch.py
[1.829s] -- Up-to-date symlink: /home/crazy_rat/ros2_ws/src/install/sllidar_ros2/share/sllidar_ros2/launch/sllidar_a2m8_launch.py
[1.829s] -- Up-to-date symlink: /home/crazy_rat/ros2_ws/src/install/sllidar_ros2/share/sllidar_ros2/launch/sllidar_a3_launch.py
[1.830s] -- Up-to-date symlink: /home/crazy_rat/ros2_ws/src/install/sllidar_ros2/share/sllidar_ros2/launch/sllidar_c1_launch.py
[1.830s] -- Up-to-date symlink: /home/crazy_rat/ros2_ws/src/install/sllidar_ros2/share/sllidar_ros2/launch/sllidar_s1_launch.py
[1.830s] -- Up-to-date symlink: /home/crazy_rat/ros2_ws/src/install/sllidar_ros2/share/sllidar_ros2/launch/sllidar_s1_tcp_launch.py
[1.830s] -- Up-to-date symlink: /home/crazy_rat/ros2_ws/src/install/sllidar_ros2/share/sllidar_ros2/launch/sllidar_s2_launch.py
[1.830s] -- Up-to-date symlink: /home/crazy_rat/ros2_ws/src/install/sllidar_ros2/share/sllidar_ros2/launch/sllidar_s2e_launch.py
[1.830s] -- Up-to-date symlink: /home/crazy_rat/ros2_ws/src/install/sllidar_ros2/share/sllidar_ros2/launch/sllidar_s3_launch.py
[1.830s] -- Up-to-date symlink: /home/crazy_rat/ros2_ws/src/install/sllidar_ros2/share/sllidar_ros2/launch/sllidar_t1_launch.py
[1.830s] -- Up-to-date symlink: /home/crazy_rat/ros2_ws/src/install/sllidar_ros2/share/sllidar_ros2/launch/view_sllidar_a1_launch.py
[1.830s] -- Up-to-date symlink: /home/crazy_rat/ros2_ws/src/install/sllidar_ros2/share/sllidar_ros2/launch/view_sllidar_a2m12_launch.py
[1.831s] -- Up-to-date symlink: /home/crazy_rat/ros2_ws/src/install/sllidar_ros2/share/sllidar_ros2/launch/view_sllidar_a2m7_launch.py
[1.831s] -- Up-to-date symlink: /home/crazy_rat/ros2_ws/src/install/sllidar_ros2/share/sllidar_ros2/launch/view_sllidar_a2m8_launch.py
[1.831s] -- Up-to-date symlink: /home/crazy_rat/ros2_ws/src/install/sllidar_ros2/share/sllidar_ros2/launch/view_sllidar_a3_launch.py
[1.831s] -- Up-to-date symlink: /home/crazy_rat/ros2_ws/src/install/sllidar_ros2/share/sllidar_ros2/launch/view_sllidar_c1_launch.py
[1.831s] -- Up-to-date symlink: /home/crazy_rat/ros2_ws/src/install/sllidar_ros2/share/sllidar_ros2/launch/view_sllidar_s1_launch.py
[1.831s] -- Up-to-date symlink: /home/crazy_rat/ros2_ws/src/install/sllidar_ros2/share/sllidar_ros2/launch/view_sllidar_s1_tcp_launch.py
[1.831s] -- Up-to-date symlink: /home/crazy_rat/ros2_ws/src/install/sllidar_ros2/share/sllidar_ros2/launch/view_sllidar_s2_launch.py
[1.831s] -- Up-to-date symlink: /home/crazy_rat/ros2_ws/src/install/sllidar_ros2/share/sllidar_ros2/launch/view_sllidar_s2e_launch.py
[1.831s] -- Up-to-date symlink: /home/crazy_rat/ros2_ws/src/install/sllidar_ros2/share/sllidar_ros2/launch/view_sllidar_s3_launch.py
[1.832s] -- Up-to-date symlink: /home/crazy_rat/ros2_ws/src/install/sllidar_ros2/share/sllidar_ros2/launch/view_sllidar_t1_launch.py
[1.832s] -- Up-to-date symlink: /home/crazy_rat/ros2_ws/src/install/sllidar_ros2/share/sllidar_ros2/rviz/sllidar_ros2.rviz
[1.832s] -- Up-to-date symlink: /home/crazy_rat/ros2_ws/src/install/sllidar_ros2/lib/sllidar_ros2/sllidar_node
[1.832s] -- Up-to-date symlink: /home/crazy_rat/ros2_ws/src/install/sllidar_ros2/lib/sllidar_ros2/sllidar_client
[1.832s] -- Up-to-date symlink: /home/crazy_rat/ros2_ws/src/install/sllidar_ros2/share/ament_index/resource_index/package_run_dependencies/sllidar_ros2
[1.832s] -- Up-to-date symlink: /home/crazy_rat/ros2_ws/src/install/sllidar_ros2/share/ament_index/resource_index/parent_prefix_path/sllidar_ros2
[1.833s] -- Up-to-date symlink: /home/crazy_rat/ros2_ws/src/install/sllidar_ros2/share/sllidar_ros2/environment/ament_prefix_path.sh
[1.835s] -- Up-to-date symlink: /home/crazy_rat/ros2_ws/src/install/sllidar_ros2/share/sllidar_ros2/environment/ament_prefix_path.dsv
[1.835s] -- Up-to-date symlink: /home/crazy_rat/ros2_ws/src/install/sllidar_ros2/share/sllidar_ros2/environment/path.sh
[1.835s] -- Up-to-date symlink: /home/crazy_rat/ros2_ws/src/install/sllidar_ros2/share/sllidar_ros2/environment/path.dsv
[1.836s] -- Up-to-date symlink: /home/crazy_rat/ros2_ws/src/install/sllidar_ros2/share/sllidar_ros2/local_setup.bash
[1.836s] -- Up-to-date symlink: /home/crazy_rat/ros2_ws/src/install/sllidar_ros2/share/sllidar_ros2/local_setup.sh
[1.836s] -- Up-to-date symlink: /home/crazy_rat/ros2_ws/src/install/sllidar_ros2/share/sllidar_ros2/local_setup.zsh
[1.836s] -- Up-to-date symlink: /home/crazy_rat/ros2_ws/src/install/sllidar_ros2/share/sllidar_ros2/local_setup.dsv
[1.836s] -- Symlinking: /home/crazy_rat/ros2_ws/src/install/sllidar_ros2/share/sllidar_ros2/package.dsv
[1.853s] -- Up-to-date symlink: /home/crazy_rat/ros2_ws/src/install/sllidar_ros2/share/ament_index/resource_index/packages/sllidar_ros2
[1.853s] -- Up-to-date symlink: /home/crazy_rat/ros2_ws/src/install/sllidar_ros2/share/sllidar_ros2/cmake/ament_cmake_export_dependencies-extras.cmake
[1.853s] -- Up-to-date symlink: /home/crazy_rat/ros2_ws/src/install/sllidar_ros2/share/sllidar_ros2/cmake/ament_cmake_export_include_directories-extras.cmake
[1.853s] -- Up-to-date symlink: /home/crazy_rat/ros2_ws/src/install/sllidar_ros2/share/sllidar_ros2/cmake/sllidar_ros2Config.cmake
[1.854s] -- Up-to-date symlink: /home/crazy_rat/ros2_ws/src/install/sllidar_ros2/share/sllidar_ros2/cmake/sllidar_ros2Config-version.cmake
[1.854s] -- Up-to-date symlink: /home/crazy_rat/ros2_ws/src/install/sllidar_ros2/share/sllidar_ros2/package.xml
[1.857s] Invoked command in '/home/crazy_rat/ros2_ws/src/build/sllidar_ros2' returned '0': CMAKE_PREFIX_PATH=${CMAKE_PREFIX_PATH}:/home/crazy_rat/ros2_ws/install/fake_rplidar:/home/crazy_rat/ros2_ws/src/install/fake_rplidar:/opt/ros/jazzy DEBUGINFOD_URLS=https://debuginfod.ubuntu.com /usr/bin/cmake --install /home/crazy_rat/ros2_ws/src/build/sllidar_ros2
