[0.144s] DEBUG:colcon:Command line arguments: ['/usr/bin/colcon', 'build']
[0.144s] DEBUG:colcon:Parsed command line arguments: Namespace(log_base=None, log_level=None, verb_name='build', build_base='build', install_base='install', merge_install=False, symlink_install=False, test_result_base=None, continue_on_error=False, executor='parallel', parallel_workers=4, event_handlers=None, ignore_user_meta=False, metas=['./colcon.meta'], base_paths=['.'], packages_ignore=None, packages_ignore_regex=None, paths=None, packages_up_to=None, packages_up_to_regex=None, packages_above=None, packages_above_and_dependencies=None, packages_above_depth=None, packages_select_by_dep=None, packages_skip_by_dep=None, packages_skip_up_to=None, packages_select_build_failed=False, packages_skip_build_finished=False, packages_select_test_failures=False, packages_skip_test_passed=False, packages_select=None, packages_skip=None, packages_select_regex=None, packages_skip_regex=None, packages_start=None, packages_end=None, allow_overriding=[], cmake_args=None, cmake_target=None, cmake_target_skip_unavailable=False, cmake_clean_cache=False, cmake_clean_first=False, cmake_force_configure=False, ament_cmake_args=None, catkin_cmake_args=None, catkin_skip_building_tests=False, mixin_files=None, mixin=None, verb_parser=<colcon_mixin.mixin.mixin_argument.MixinArgumentDecorator object at 0xffffa3613b00>, verb_extension=<colcon_core.verb.build.BuildVerb object at 0xffffa37f8260>, main=<bound method BuildVerb.main of <colcon_core.verb.build.BuildVerb object at 0xffffa37f8260>>, mixin_verb=('build',))
[0.200s] Level 1:colcon.colcon_core.package_discovery:discover_packages(colcon_meta) check parameters
[0.200s] Level 1:colcon.colcon_core.package_discovery:discover_packages(recursive) check parameters
[0.200s] Level 1:colcon.colcon_core.package_discovery:discover_packages(ignore) check parameters
[0.200s] Level 1:colcon.colcon_core.package_discovery:discover_packages(path) check parameters
[0.200s] Level 1:colcon.colcon_core.package_discovery:discover_packages(colcon_meta) discover
[0.201s] Level 1:colcon.colcon_core.package_discovery:discover_packages(recursive) discover
[0.201s] INFO:colcon.colcon_core.package_discovery:Crawling recursively for packages in '/home/crazy_rat/ros2_ws'
[0.201s] Level 1:colcon.colcon_core.package_identification:_identify(.) by extensions ['ignore', 'ignore_ament_install']
[0.201s] Level 1:colcon.colcon_core.package_identification:_identify(.) by extension 'ignore'
[0.201s] Level 1:colcon.colcon_core.package_identification:_identify(.) by extension 'ignore_ament_install'
[0.201s] Level 1:colcon.colcon_core.package_identification:_identify(.) by extensions ['colcon_pkg']
[0.201s] Level 1:colcon.colcon_core.package_identification:_identify(.) by extension 'colcon_pkg'
[0.201s] Level 1:colcon.colcon_core.package_identification:_identify(.) by extensions ['colcon_meta']
[0.201s] Level 1:colcon.colcon_core.package_identification:_identify(.) by extension 'colcon_meta'
[0.201s] Level 1:colcon.colcon_core.package_identification:_identify(.) by extensions ['ros']
[0.201s] Level 1:colcon.colcon_core.package_identification:_identify(.) by extension 'ros'
[0.238s] Level 1:colcon.colcon_core.package_identification:_identify(.) by extensions ['cmake', 'python']
[0.238s] Level 1:colcon.colcon_core.package_identification:_identify(.) by extension 'cmake'
[0.238s] Level 1:colcon.colcon_core.package_identification:_identify(.) by extension 'python'
[0.238s] Level 1:colcon.colcon_core.package_identification:_identify(.) by extensions ['python_setup_py']
[0.238s] Level 1:colcon.colcon_core.package_identification:_identify(.) by extension 'python_setup_py'
[0.239s] Level 1:colcon.colcon_core.package_identification:_identify(build) by extensions ['ignore', 'ignore_ament_install']
[0.239s] Level 1:colcon.colcon_core.package_identification:_identify(build) by extension 'ignore'
[0.239s] Level 1:colcon.colcon_core.package_identification:_identify(build) ignored
[0.239s] Level 1:colcon.colcon_core.package_identification:_identify(install) by extensions ['ignore', 'ignore_ament_install']
[0.239s] Level 1:colcon.colcon_core.package_identification:_identify(install) by extension 'ignore'
[0.239s] Level 1:colcon.colcon_core.package_identification:_identify(install) ignored
[0.239s] Level 1:colcon.colcon_core.package_identification:_identify(log) by extensions ['ignore', 'ignore_ament_install']
[0.239s] Level 1:colcon.colcon_core.package_identification:_identify(log) by extension 'ignore'
[0.239s] Level 1:colcon.colcon_core.package_identification:_identify(log) ignored
[0.239s] Level 1:colcon.colcon_core.package_identification:_identify(src) by extensions ['ignore', 'ignore_ament_install']
[0.239s] Level 1:colcon.colcon_core.package_identification:_identify(src) by extension 'ignore'
[0.240s] Level 1:colcon.colcon_core.package_identification:_identify(src) by extension 'ignore_ament_install'
[0.240s] Level 1:colcon.colcon_core.package_identification:_identify(src) by extensions ['colcon_pkg']
[0.240s] Level 1:colcon.colcon_core.package_identification:_identify(src) by extension 'colcon_pkg'
[0.240s] Level 1:colcon.colcon_core.package_identification:_identify(src) by extensions ['colcon_meta']
[0.240s] Level 1:colcon.colcon_core.package_identification:_identify(src) by extension 'colcon_meta'
[0.240s] Level 1:colcon.colcon_core.package_identification:_identify(src) by extensions ['ros']
[0.240s] Level 1:colcon.colcon_core.package_identification:_identify(src) by extension 'ros'
[0.240s] Level 1:colcon.colcon_core.package_identification:_identify(src) by extensions ['cmake', 'python']
[0.240s] Level 1:colcon.colcon_core.package_identification:_identify(src) by extension 'cmake'
[0.240s] Level 1:colcon.colcon_core.package_identification:_identify(src) by extension 'python'
[0.240s] Level 1:colcon.colcon_core.package_identification:_identify(src) by extensions ['python_setup_py']
[0.240s] Level 1:colcon.colcon_core.package_identification:_identify(src) by extension 'python_setup_py'
[0.240s] Level 1:colcon.colcon_core.package_identification:_identify(src/ROS2-FrontierBaseExplorationForAutonomousRobot) by extensions ['ignore', 'ignore_ament_install']
[0.240s] Level 1:colcon.colcon_core.package_identification:_identify(src/ROS2-FrontierBaseExplorationForAutonomousRobot) by extension 'ignore'
[0.240s] Level 1:colcon.colcon_core.package_identification:_identify(src/ROS2-FrontierBaseExplorationForAutonomousRobot) by extension 'ignore_ament_install'
[0.240s] Level 1:colcon.colcon_core.package_identification:_identify(src/ROS2-FrontierBaseExplorationForAutonomousRobot) by extensions ['colcon_pkg']
[0.240s] Level 1:colcon.colcon_core.package_identification:_identify(src/ROS2-FrontierBaseExplorationForAutonomousRobot) by extension 'colcon_pkg'
[0.240s] Level 1:colcon.colcon_core.package_identification:_identify(src/ROS2-FrontierBaseExplorationForAutonomousRobot) by extensions ['colcon_meta']
[0.240s] Level 1:colcon.colcon_core.package_identification:_identify(src/ROS2-FrontierBaseExplorationForAutonomousRobot) by extension 'colcon_meta'
[0.240s] Level 1:colcon.colcon_core.package_identification:_identify(src/ROS2-FrontierBaseExplorationForAutonomousRobot) by extensions ['ros']
[0.240s] Level 1:colcon.colcon_core.package_identification:_identify(src/ROS2-FrontierBaseExplorationForAutonomousRobot) by extension 'ros'
[0.241s] Level 1:colcon.colcon_core.package_identification:_identify(src/ROS2-FrontierBaseExplorationForAutonomousRobot) by extensions ['cmake', 'python']
[0.241s] Level 1:colcon.colcon_core.package_identification:_identify(src/ROS2-FrontierBaseExplorationForAutonomousRobot) by extension 'cmake'
[0.241s] Level 1:colcon.colcon_core.package_identification:_identify(src/ROS2-FrontierBaseExplorationForAutonomousRobot) by extension 'python'
[0.241s] Level 1:colcon.colcon_core.package_identification:_identify(src/ROS2-FrontierBaseExplorationForAutonomousRobot) by extensions ['python_setup_py']
[0.241s] Level 1:colcon.colcon_core.package_identification:_identify(src/ROS2-FrontierBaseExplorationForAutonomousRobot) by extension 'python_setup_py'
[0.241s] Level 1:colcon.colcon_core.package_identification:_identify(src/ROS2-FrontierBaseExplorationForAutonomousRobot/autonomous_exploration) by extensions ['ignore', 'ignore_ament_install']
[0.241s] Level 1:colcon.colcon_core.package_identification:_identify(src/ROS2-FrontierBaseExplorationForAutonomousRobot/autonomous_exploration) by extension 'ignore'
[0.241s] Level 1:colcon.colcon_core.package_identification:_identify(src/ROS2-FrontierBaseExplorationForAutonomousRobot/autonomous_exploration) by extension 'ignore_ament_install'
[0.241s] Level 1:colcon.colcon_core.package_identification:_identify(src/ROS2-FrontierBaseExplorationForAutonomousRobot/autonomous_exploration) by extensions ['colcon_pkg']
[0.241s] Level 1:colcon.colcon_core.package_identification:_identify(src/ROS2-FrontierBaseExplorationForAutonomousRobot/autonomous_exploration) by extension 'colcon_pkg'
[0.241s] Level 1:colcon.colcon_core.package_identification:_identify(src/ROS2-FrontierBaseExplorationForAutonomousRobot/autonomous_exploration) by extensions ['colcon_meta']
[0.241s] Level 1:colcon.colcon_core.package_identification:_identify(src/ROS2-FrontierBaseExplorationForAutonomousRobot/autonomous_exploration) by extension 'colcon_meta'
[0.241s] Level 1:colcon.colcon_core.package_identification:_identify(src/ROS2-FrontierBaseExplorationForAutonomousRobot/autonomous_exploration) by extensions ['ros']
[0.241s] Level 1:colcon.colcon_core.package_identification:_identify(src/ROS2-FrontierBaseExplorationForAutonomousRobot/autonomous_exploration) by extension 'ros'
[0.244s] DEBUG:colcon.colcon_core.package_identification:Package 'src/ROS2-FrontierBaseExplorationForAutonomousRobot/autonomous_exploration' with type 'ros.ament_python' and name 'autonomous_exploration'
[0.244s] Level 1:colcon.colcon_core.package_identification:_identify(src/bno08x-ros2-driver) by extensions ['ignore', 'ignore_ament_install']
[0.245s] Level 1:colcon.colcon_core.package_identification:_identify(src/bno08x-ros2-driver) by extension 'ignore'
[0.245s] Level 1:colcon.colcon_core.package_identification:_identify(src/bno08x-ros2-driver) by extension 'ignore_ament_install'
[0.245s] Level 1:colcon.colcon_core.package_identification:_identify(src/bno08x-ros2-driver) by extensions ['colcon_pkg']
[0.245s] Level 1:colcon.colcon_core.package_identification:_identify(src/bno08x-ros2-driver) by extension 'colcon_pkg'
[0.245s] Level 1:colcon.colcon_core.package_identification:_identify(src/bno08x-ros2-driver) by extensions ['colcon_meta']
[0.245s] Level 1:colcon.colcon_core.package_identification:_identify(src/bno08x-ros2-driver) by extension 'colcon_meta'
[0.245s] Level 1:colcon.colcon_core.package_identification:_identify(src/bno08x-ros2-driver) by extensions ['ros']
[0.245s] Level 1:colcon.colcon_core.package_identification:_identify(src/bno08x-ros2-driver) by extension 'ros'
[0.246s] DEBUG:colcon.colcon_core.package_identification:Package 'src/bno08x-ros2-driver' with type 'ros.ament_cmake' and name 'bno08x_driver'
[0.246s] Level 1:colcon.colcon_core.package_identification:_identify(src/build) by extensions ['ignore', 'ignore_ament_install']
[0.246s] Level 1:colcon.colcon_core.package_identification:_identify(src/build) by extension 'ignore'
[0.246s] Level 1:colcon.colcon_core.package_identification:_identify(src/build) ignored
[0.246s] Level 1:colcon.colcon_core.package_identification:_identify(src/fake_rplidar) by extensions ['ignore', 'ignore_ament_install']
[0.246s] Level 1:colcon.colcon_core.package_identification:_identify(src/fake_rplidar) by extension 'ignore'
[0.246s] Level 1:colcon.colcon_core.package_identification:_identify(src/fake_rplidar) by extension 'ignore_ament_install'
[0.246s] Level 1:colcon.colcon_core.package_identification:_identify(src/fake_rplidar) by extensions ['colcon_pkg']
[0.246s] Level 1:colcon.colcon_core.package_identification:_identify(src/fake_rplidar) by extension 'colcon_pkg'
[0.246s] Level 1:colcon.colcon_core.package_identification:_identify(src/fake_rplidar) by extensions ['colcon_meta']
[0.246s] Level 1:colcon.colcon_core.package_identification:_identify(src/fake_rplidar) by extension 'colcon_meta'
[0.246s] Level 1:colcon.colcon_core.package_identification:_identify(src/fake_rplidar) by extensions ['ros']
[0.246s] Level 1:colcon.colcon_core.package_identification:_identify(src/fake_rplidar) by extension 'ros'
[0.247s] DEBUG:colcon.colcon_core.package_identification:Package 'src/fake_rplidar' with type 'ros.ament_python' and name 'fake_rplidar'
[0.247s] Level 1:colcon.colcon_core.package_identification:_identify(src/install) by extensions ['ignore', 'ignore_ament_install']
[0.247s] Level 1:colcon.colcon_core.package_identification:_identify(src/install) by extension 'ignore'
[0.247s] Level 1:colcon.colcon_core.package_identification:_identify(src/install) ignored
[0.247s] Level 1:colcon.colcon_core.package_identification:_identify(src/log) by extensions ['ignore', 'ignore_ament_install']
[0.247s] Level 1:colcon.colcon_core.package_identification:_identify(src/log) by extension 'ignore'
[0.247s] Level 1:colcon.colcon_core.package_identification:_identify(src/log) ignored
[0.248s] Level 1:colcon.colcon_core.package_identification:_identify(src/m-explore-ros2) by extensions ['ignore', 'ignore_ament_install']
[0.248s] Level 1:colcon.colcon_core.package_identification:_identify(src/m-explore-ros2) by extension 'ignore'
[0.248s] Level 1:colcon.colcon_core.package_identification:_identify(src/m-explore-ros2) by extension 'ignore_ament_install'
[0.248s] Level 1:colcon.colcon_core.package_identification:_identify(src/m-explore-ros2) by extensions ['colcon_pkg']
[0.248s] Level 1:colcon.colcon_core.package_identification:_identify(src/m-explore-ros2) by extension 'colcon_pkg'
[0.248s] Level 1:colcon.colcon_core.package_identification:_identify(src/m-explore-ros2) by extensions ['colcon_meta']
[0.248s] Level 1:colcon.colcon_core.package_identification:_identify(src/m-explore-ros2) by extension 'colcon_meta'
[0.248s] Level 1:colcon.colcon_core.package_identification:_identify(src/m-explore-ros2) by extensions ['ros']
[0.248s] Level 1:colcon.colcon_core.package_identification:_identify(src/m-explore-ros2) by extension 'ros'
[0.248s] Level 1:colcon.colcon_core.package_identification:_identify(src/m-explore-ros2) by extensions ['cmake', 'python']
[0.248s] Level 1:colcon.colcon_core.package_identification:_identify(src/m-explore-ros2) by extension 'cmake'
[0.248s] Level 1:colcon.colcon_core.package_identification:_identify(src/m-explore-ros2) by extension 'python'
[0.248s] Level 1:colcon.colcon_core.package_identification:_identify(src/m-explore-ros2) by extensions ['python_setup_py']
[0.248s] Level 1:colcon.colcon_core.package_identification:_identify(src/m-explore-ros2) by extension 'python_setup_py'
[0.248s] Level 1:colcon.colcon_core.package_identification:_identify(src/m-explore-ros2/explore) by extensions ['ignore', 'ignore_ament_install']
[0.248s] Level 1:colcon.colcon_core.package_identification:_identify(src/m-explore-ros2/explore) by extension 'ignore'
[0.249s] Level 1:colcon.colcon_core.package_identification:_identify(src/m-explore-ros2/explore) by extension 'ignore_ament_install'
[0.249s] Level 1:colcon.colcon_core.package_identification:_identify(src/m-explore-ros2/explore) by extensions ['colcon_pkg']
[0.249s] Level 1:colcon.colcon_core.package_identification:_identify(src/m-explore-ros2/explore) by extension 'colcon_pkg'
[0.249s] Level 1:colcon.colcon_core.package_identification:_identify(src/m-explore-ros2/explore) by extensions ['colcon_meta']
[0.249s] Level 1:colcon.colcon_core.package_identification:_identify(src/m-explore-ros2/explore) by extension 'colcon_meta'
[0.249s] Level 1:colcon.colcon_core.package_identification:_identify(src/m-explore-ros2/explore) by extensions ['ros']
[0.249s] Level 1:colcon.colcon_core.package_identification:_identify(src/m-explore-ros2/explore) by extension 'ros'
[0.250s] DEBUG:colcon.colcon_core.package_identification:Package 'src/m-explore-ros2/explore' with type 'ros.ament_cmake' and name 'explore_lite'
[0.250s] Level 1:colcon.colcon_core.package_identification:_identify(src/m-explore-ros2/map_merge) by extensions ['ignore', 'ignore_ament_install']
[0.250s] Level 1:colcon.colcon_core.package_identification:_identify(src/m-explore-ros2/map_merge) by extension 'ignore'
[0.250s] Level 1:colcon.colcon_core.package_identification:_identify(src/m-explore-ros2/map_merge) by extension 'ignore_ament_install'
[0.251s] Level 1:colcon.colcon_core.package_identification:_identify(src/m-explore-ros2/map_merge) by extensions ['colcon_pkg']
[0.251s] Level 1:colcon.colcon_core.package_identification:_identify(src/m-explore-ros2/map_merge) by extension 'colcon_pkg'
[0.251s] Level 1:colcon.colcon_core.package_identification:_identify(src/m-explore-ros2/map_merge) by extensions ['colcon_meta']
[0.251s] Level 1:colcon.colcon_core.package_identification:_identify(src/m-explore-ros2/map_merge) by extension 'colcon_meta'
[0.251s] Level 1:colcon.colcon_core.package_identification:_identify(src/m-explore-ros2/map_merge) by extensions ['ros']
[0.251s] Level 1:colcon.colcon_core.package_identification:_identify(src/m-explore-ros2/map_merge) by extension 'ros'
[0.252s] DEBUG:colcon.colcon_core.package_identification:Package 'src/m-explore-ros2/map_merge' with type 'ros.ament_cmake' and name 'multirobot_map_merge'
[0.252s] Level 1:colcon.colcon_core.package_identification:_identify(src/sllidar_ros2) by extensions ['ignore', 'ignore_ament_install']
[0.252s] Level 1:colcon.colcon_core.package_identification:_identify(src/sllidar_ros2) by extension 'ignore'
[0.252s] Level 1:colcon.colcon_core.package_identification:_identify(src/sllidar_ros2) by extension 'ignore_ament_install'
[0.252s] Level 1:colcon.colcon_core.package_identification:_identify(src/sllidar_ros2) by extensions ['colcon_pkg']
[0.252s] Level 1:colcon.colcon_core.package_identification:_identify(src/sllidar_ros2) by extension 'colcon_pkg'
[0.252s] Level 1:colcon.colcon_core.package_identification:_identify(src/sllidar_ros2) by extensions ['colcon_meta']
[0.252s] Level 1:colcon.colcon_core.package_identification:_identify(src/sllidar_ros2) by extension 'colcon_meta'
[0.252s] Level 1:colcon.colcon_core.package_identification:_identify(src/sllidar_ros2) by extensions ['ros']
[0.252s] Level 1:colcon.colcon_core.package_identification:_identify(src/sllidar_ros2) by extension 'ros'
[0.253s] DEBUG:colcon.colcon_core.package_identification:Package 'src/sllidar_ros2' with type 'ros.ament_cmake' and name 'sllidar_ros2'
[0.253s] Level 1:colcon.colcon_core.package_discovery:discover_packages(recursive) using defaults
[0.253s] Level 1:colcon.colcon_core.package_discovery:discover_packages(ignore) discover
[0.253s] Level 1:colcon.colcon_core.package_discovery:discover_packages(ignore) using defaults
[0.253s] Level 1:colcon.colcon_core.package_discovery:discover_packages(path) discover
[0.253s] Level 1:colcon.colcon_core.package_discovery:discover_packages(path) using defaults
[0.277s] Level 1:colcon.colcon_core.package_discovery:discover_packages(prefix_path) check parameters
[0.277s] Level 1:colcon.colcon_core.package_discovery:discover_packages(prefix_path) discover
[0.280s] DEBUG:colcon.colcon_installed_package_information.package_discovery:Found 295 installed packages in /opt/ros/jazzy
[0.283s] Level 1:colcon.colcon_core.package_discovery:discover_packages(prefix_path) using defaults
[0.342s] Level 5:colcon.colcon_core.verb:set package 'autonomous_exploration' build argument 'cmake_args' from command line to 'None'
[0.343s] Level 5:colcon.colcon_core.verb:set package 'autonomous_exploration' build argument 'cmake_target' from command line to 'None'
[0.343s] Level 5:colcon.colcon_core.verb:set package 'autonomous_exploration' build argument 'cmake_target_skip_unavailable' from command line to 'False'
[0.343s] Level 5:colcon.colcon_core.verb:set package 'autonomous_exploration' build argument 'cmake_clean_cache' from command line to 'False'
[0.343s] Level 5:colcon.colcon_core.verb:set package 'autonomous_exploration' build argument 'cmake_clean_first' from command line to 'False'
[0.343s] Level 5:colcon.colcon_core.verb:set package 'autonomous_exploration' build argument 'cmake_force_configure' from command line to 'False'
[0.343s] Level 5:colcon.colcon_core.verb:set package 'autonomous_exploration' build argument 'ament_cmake_args' from command line to 'None'
[0.343s] Level 5:colcon.colcon_core.verb:set package 'autonomous_exploration' build argument 'catkin_cmake_args' from command line to 'None'
[0.343s] Level 5:colcon.colcon_core.verb:set package 'autonomous_exploration' build argument 'catkin_skip_building_tests' from command line to 'False'
[0.343s] DEBUG:colcon.colcon_core.verb:Building package 'autonomous_exploration' with the following arguments: {'ament_cmake_args': None, 'build_base': '/home/crazy_rat/ros2_ws/build/autonomous_exploration', 'catkin_cmake_args': None, 'catkin_skip_building_tests': False, 'cmake_args': None, 'cmake_clean_cache': False, 'cmake_clean_first': False, 'cmake_force_configure': False, 'cmake_target': None, 'cmake_target_skip_unavailable': False, 'install_base': '/home/crazy_rat/ros2_ws/install/autonomous_exploration', 'merge_install': False, 'path': '/home/crazy_rat/ros2_ws/src/ROS2-FrontierBaseExplorationForAutonomousRobot/autonomous_exploration', 'symlink_install': False, 'test_result_base': None}
[0.343s] Level 5:colcon.colcon_core.verb:set package 'bno08x_driver' build argument 'cmake_args' from command line to 'None'
[0.343s] Level 5:colcon.colcon_core.verb:set package 'bno08x_driver' build argument 'cmake_target' from command line to 'None'
[0.343s] Level 5:colcon.colcon_core.verb:set package 'bno08x_driver' build argument 'cmake_target_skip_unavailable' from command line to 'False'
[0.343s] Level 5:colcon.colcon_core.verb:set package 'bno08x_driver' build argument 'cmake_clean_cache' from command line to 'False'
[0.343s] Level 5:colcon.colcon_core.verb:set package 'bno08x_driver' build argument 'cmake_clean_first' from command line to 'False'
[0.343s] Level 5:colcon.colcon_core.verb:set package 'bno08x_driver' build argument 'cmake_force_configure' from command line to 'False'
[0.343s] Level 5:colcon.colcon_core.verb:set package 'bno08x_driver' build argument 'ament_cmake_args' from command line to 'None'
[0.343s] Level 5:colcon.colcon_core.verb:set package 'bno08x_driver' build argument 'catkin_cmake_args' from command line to 'None'
[0.343s] Level 5:colcon.colcon_core.verb:set package 'bno08x_driver' build argument 'catkin_skip_building_tests' from command line to 'False'
[0.343s] DEBUG:colcon.colcon_core.verb:Building package 'bno08x_driver' with the following arguments: {'ament_cmake_args': None, 'build_base': '/home/crazy_rat/ros2_ws/build/bno08x_driver', 'catkin_cmake_args': None, 'catkin_skip_building_tests': False, 'cmake_args': None, 'cmake_clean_cache': False, 'cmake_clean_first': False, 'cmake_force_configure': False, 'cmake_target': None, 'cmake_target_skip_unavailable': False, 'install_base': '/home/crazy_rat/ros2_ws/install/bno08x_driver', 'merge_install': False, 'path': '/home/crazy_rat/ros2_ws/src/bno08x-ros2-driver', 'symlink_install': False, 'test_result_base': None}
[0.344s] Level 5:colcon.colcon_core.verb:set package 'explore_lite' build argument 'cmake_args' from command line to 'None'
[0.344s] Level 5:colcon.colcon_core.verb:set package 'explore_lite' build argument 'cmake_target' from command line to 'None'
[0.344s] Level 5:colcon.colcon_core.verb:set package 'explore_lite' build argument 'cmake_target_skip_unavailable' from command line to 'False'
[0.344s] Level 5:colcon.colcon_core.verb:set package 'explore_lite' build argument 'cmake_clean_cache' from command line to 'False'
[0.344s] Level 5:colcon.colcon_core.verb:set package 'explore_lite' build argument 'cmake_clean_first' from command line to 'False'
[0.344s] Level 5:colcon.colcon_core.verb:set package 'explore_lite' build argument 'cmake_force_configure' from command line to 'False'
[0.344s] Level 5:colcon.colcon_core.verb:set package 'explore_lite' build argument 'ament_cmake_args' from command line to 'None'
[0.344s] Level 5:colcon.colcon_core.verb:set package 'explore_lite' build argument 'catkin_cmake_args' from command line to 'None'
[0.344s] Level 5:colcon.colcon_core.verb:set package 'explore_lite' build argument 'catkin_skip_building_tests' from command line to 'False'
[0.344s] DEBUG:colcon.colcon_core.verb:Building package 'explore_lite' with the following arguments: {'ament_cmake_args': None, 'build_base': '/home/crazy_rat/ros2_ws/build/explore_lite', 'catkin_cmake_args': None, 'catkin_skip_building_tests': False, 'cmake_args': None, 'cmake_clean_cache': False, 'cmake_clean_first': False, 'cmake_force_configure': False, 'cmake_target': None, 'cmake_target_skip_unavailable': False, 'install_base': '/home/crazy_rat/ros2_ws/install/explore_lite', 'merge_install': False, 'path': '/home/crazy_rat/ros2_ws/src/m-explore-ros2/explore', 'symlink_install': False, 'test_result_base': None}
[0.344s] Level 5:colcon.colcon_core.verb:set package 'fake_rplidar' build argument 'cmake_args' from command line to 'None'
[0.344s] Level 5:colcon.colcon_core.verb:set package 'fake_rplidar' build argument 'cmake_target' from command line to 'None'
[0.344s] Level 5:colcon.colcon_core.verb:set package 'fake_rplidar' build argument 'cmake_target_skip_unavailable' from command line to 'False'
[0.344s] Level 5:colcon.colcon_core.verb:set package 'fake_rplidar' build argument 'cmake_clean_cache' from command line to 'False'
[0.344s] Level 5:colcon.colcon_core.verb:set package 'fake_rplidar' build argument 'cmake_clean_first' from command line to 'False'
[0.344s] Level 5:colcon.colcon_core.verb:set package 'fake_rplidar' build argument 'cmake_force_configure' from command line to 'False'
[0.344s] Level 5:colcon.colcon_core.verb:set package 'fake_rplidar' build argument 'ament_cmake_args' from command line to 'None'
[0.344s] Level 5:colcon.colcon_core.verb:set package 'fake_rplidar' build argument 'catkin_cmake_args' from command line to 'None'
[0.344s] Level 5:colcon.colcon_core.verb:set package 'fake_rplidar' build argument 'catkin_skip_building_tests' from command line to 'False'
[0.344s] DEBUG:colcon.colcon_core.verb:Building package 'fake_rplidar' with the following arguments: {'ament_cmake_args': None, 'build_base': '/home/crazy_rat/ros2_ws/build/fake_rplidar', 'catkin_cmake_args': None, 'catkin_skip_building_tests': False, 'cmake_args': None, 'cmake_clean_cache': False, 'cmake_clean_first': False, 'cmake_force_configure': False, 'cmake_target': None, 'cmake_target_skip_unavailable': False, 'install_base': '/home/crazy_rat/ros2_ws/install/fake_rplidar', 'merge_install': False, 'path': '/home/crazy_rat/ros2_ws/src/fake_rplidar', 'symlink_install': False, 'test_result_base': None}
[0.345s] Level 5:colcon.colcon_core.verb:set package 'multirobot_map_merge' build argument 'cmake_args' from command line to 'None'
[0.345s] Level 5:colcon.colcon_core.verb:set package 'multirobot_map_merge' build argument 'cmake_target' from command line to 'None'
[0.345s] Level 5:colcon.colcon_core.verb:set package 'multirobot_map_merge' build argument 'cmake_target_skip_unavailable' from command line to 'False'
[0.345s] Level 5:colcon.colcon_core.verb:set package 'multirobot_map_merge' build argument 'cmake_clean_cache' from command line to 'False'
[0.345s] Level 5:colcon.colcon_core.verb:set package 'multirobot_map_merge' build argument 'cmake_clean_first' from command line to 'False'
[0.345s] Level 5:colcon.colcon_core.verb:set package 'multirobot_map_merge' build argument 'cmake_force_configure' from command line to 'False'
[0.345s] Level 5:colcon.colcon_core.verb:set package 'multirobot_map_merge' build argument 'ament_cmake_args' from command line to 'None'
[0.345s] Level 5:colcon.colcon_core.verb:set package 'multirobot_map_merge' build argument 'catkin_cmake_args' from command line to 'None'
[0.345s] Level 5:colcon.colcon_core.verb:set package 'multirobot_map_merge' build argument 'catkin_skip_building_tests' from command line to 'False'
[0.345s] DEBUG:colcon.colcon_core.verb:Building package 'multirobot_map_merge' with the following arguments: {'ament_cmake_args': None, 'build_base': '/home/crazy_rat/ros2_ws/build/multirobot_map_merge', 'catkin_cmake_args': None, 'catkin_skip_building_tests': False, 'cmake_args': None, 'cmake_clean_cache': False, 'cmake_clean_first': False, 'cmake_force_configure': False, 'cmake_target': None, 'cmake_target_skip_unavailable': False, 'install_base': '/home/crazy_rat/ros2_ws/install/multirobot_map_merge', 'merge_install': False, 'path': '/home/crazy_rat/ros2_ws/src/m-explore-ros2/map_merge', 'symlink_install': False, 'test_result_base': None}
[0.345s] Level 5:colcon.colcon_core.verb:set package 'sllidar_ros2' build argument 'cmake_args' from command line to 'None'
[0.345s] Level 5:colcon.colcon_core.verb:set package 'sllidar_ros2' build argument 'cmake_target' from command line to 'None'
[0.345s] Level 5:colcon.colcon_core.verb:set package 'sllidar_ros2' build argument 'cmake_target_skip_unavailable' from command line to 'False'
[0.345s] Level 5:colcon.colcon_core.verb:set package 'sllidar_ros2' build argument 'cmake_clean_cache' from command line to 'False'
[0.345s] Level 5:colcon.colcon_core.verb:set package 'sllidar_ros2' build argument 'cmake_clean_first' from command line to 'False'
[0.345s] Level 5:colcon.colcon_core.verb:set package 'sllidar_ros2' build argument 'cmake_force_configure' from command line to 'False'
[0.345s] Level 5:colcon.colcon_core.verb:set package 'sllidar_ros2' build argument 'ament_cmake_args' from command line to 'None'
[0.345s] Level 5:colcon.colcon_core.verb:set package 'sllidar_ros2' build argument 'catkin_cmake_args' from command line to 'None'
[0.345s] Level 5:colcon.colcon_core.verb:set package 'sllidar_ros2' build argument 'catkin_skip_building_tests' from command line to 'False'
[0.345s] DEBUG:colcon.colcon_core.verb:Building package 'sllidar_ros2' with the following arguments: {'ament_cmake_args': None, 'build_base': '/home/crazy_rat/ros2_ws/build/sllidar_ros2', 'catkin_cmake_args': None, 'catkin_skip_building_tests': False, 'cmake_args': None, 'cmake_clean_cache': False, 'cmake_clean_first': False, 'cmake_force_configure': False, 'cmake_target': None, 'cmake_target_skip_unavailable': False, 'install_base': '/home/crazy_rat/ros2_ws/install/sllidar_ros2', 'merge_install': False, 'path': '/home/crazy_rat/ros2_ws/src/sllidar_ros2', 'symlink_install': False, 'test_result_base': None}
[0.346s] INFO:colcon.colcon_core.executor:Executing jobs using 'parallel' executor
[0.347s] DEBUG:colcon.colcon_parallel_executor.executor.parallel:run_until_complete
[0.348s] INFO:colcon.colcon_ros.task.ament_python.build:Building ROS package in '/home/crazy_rat/ros2_ws/src/ROS2-FrontierBaseExplorationForAutonomousRobot/autonomous_exploration' with build type 'ament_python'
[0.348s] Level 1:colcon.colcon_core.shell:create_environment_hook('autonomous_exploration', 'ament_prefix_path')
[0.358s] INFO:colcon.colcon_core.plugin_system:Skipping extension 'colcon_core.shell.bat': Not used on non-Windows systems
[0.359s] INFO:colcon.colcon_core.shell:Creating environment hook '/home/crazy_rat/ros2_ws/install/autonomous_exploration/share/autonomous_exploration/hook/ament_prefix_path.ps1'
[0.361s] INFO:colcon.colcon_core.shell:Creating environment descriptor '/home/crazy_rat/ros2_ws/install/autonomous_exploration/share/autonomous_exploration/hook/ament_prefix_path.dsv'
[0.366s] INFO:colcon.colcon_core.shell:Creating environment hook '/home/crazy_rat/ros2_ws/install/autonomous_exploration/share/autonomous_exploration/hook/ament_prefix_path.sh'
[0.368s] INFO:colcon.colcon_core.shell:Skip shell extension 'powershell' for command environment: Not usable outside of PowerShell
[0.368s] DEBUG:colcon.colcon_core.shell:Skip shell extension 'dsv' for command environment
[0.376s] INFO:colcon.colcon_ros.task.ament_cmake.build:Building ROS package in '/home/crazy_rat/ros2_ws/src/bno08x-ros2-driver' with build type 'ament_cmake'
[0.379s] INFO:colcon.colcon_cmake.task.cmake.build:Building CMake package in '/home/crazy_rat/ros2_ws/src/bno08x-ros2-driver'
[0.380s] INFO:colcon.colcon_core.shell:Skip shell extension 'powershell' for command environment: Not usable outside of PowerShell
[0.381s] DEBUG:colcon.colcon_core.shell:Skip shell extension 'dsv' for command environment
[0.392s] INFO:colcon.colcon_ros.task.ament_cmake.build:Building ROS package in '/home/crazy_rat/ros2_ws/src/m-explore-ros2/explore' with build type 'ament_cmake'
[0.392s] INFO:colcon.colcon_cmake.task.cmake.build:Building CMake package in '/home/crazy_rat/ros2_ws/src/m-explore-ros2/explore'
[0.393s] INFO:colcon.colcon_core.shell:Skip shell extension 'powershell' for command environment: Not usable outside of PowerShell
[0.394s] DEBUG:colcon.colcon_core.shell:Skip shell extension 'dsv' for command environment
[0.402s] INFO:colcon.colcon_ros.task.ament_python.build:Building ROS package in '/home/crazy_rat/ros2_ws/src/fake_rplidar' with build type 'ament_python'
[0.403s] Level 1:colcon.colcon_core.shell:create_environment_hook('fake_rplidar', 'ament_prefix_path')
[0.405s] INFO:colcon.colcon_core.shell:Creating environment hook '/home/crazy_rat/ros2_ws/install/fake_rplidar/share/fake_rplidar/hook/ament_prefix_path.ps1'
[0.408s] INFO:colcon.colcon_core.shell:Creating environment descriptor '/home/crazy_rat/ros2_ws/install/fake_rplidar/share/fake_rplidar/hook/ament_prefix_path.dsv'
[0.409s] INFO:colcon.colcon_core.shell:Creating environment hook '/home/crazy_rat/ros2_ws/install/fake_rplidar/share/fake_rplidar/hook/ament_prefix_path.sh'
[0.410s] INFO:colcon.colcon_core.shell:Skip shell extension 'powershell' for command environment: Not usable outside of PowerShell
[0.411s] DEBUG:colcon.colcon_core.shell:Skip shell extension 'dsv' for command environment
[0.884s] INFO:colcon.colcon_core.task.python.build:Building Python package in '/home/crazy_rat/ros2_ws/src/ROS2-FrontierBaseExplorationForAutonomousRobot/autonomous_exploration'
[0.884s] INFO:colcon.colcon_core.shell:Skip shell extension 'powershell' for command environment: Not usable outside of PowerShell
[0.884s] DEBUG:colcon.colcon_core.shell:Skip shell extension 'dsv' for command environment
[0.896s] DEBUG:colcon.colcon_core.event_handler.log_command:Invoking command in '/home/crazy_rat/ros2_ws/build/bno08x_driver': CMAKE_PREFIX_PATH=${CMAKE_PREFIX_PATH}:/opt/ros/jazzy DEBUGINFOD_URLS=https://debuginfod.ubuntu.com /usr/bin/cmake /home/crazy_rat/ros2_ws/src/bno08x-ros2-driver -DCMAKE_INSTALL_PREFIX=/home/crazy_rat/ros2_ws/install/bno08x_driver
[0.899s] DEBUG:colcon.colcon_core.event_handler.log_command:Invoking command in '/home/crazy_rat/ros2_ws/build/explore_lite': CMAKE_PREFIX_PATH=${CMAKE_PREFIX_PATH}:/opt/ros/jazzy DEBUGINFOD_URLS=https://debuginfod.ubuntu.com /usr/bin/cmake /home/crazy_rat/ros2_ws/src/m-explore-ros2/explore -DCMAKE_INSTALL_PREFIX=/home/crazy_rat/ros2_ws/install/explore_lite
[1.508s] WARNING:colcon.colcon_ros.task.ament_python.build:Package 'fake_rplidar' doesn't explicitly install a marker in the package index (colcon-ros currently does it implicitly but that fallback will be removed in the future)
[1.509s] WARNING:colcon.colcon_ros.task.ament_python.build:Package 'fake_rplidar' doesn't explicitly install the 'package.xml' file (colcon-ros currently does it implicitly but that fallback will be removed in the future)
[1.511s] INFO:colcon.colcon_core.task.python.build:Building Python package in '/home/crazy_rat/ros2_ws/src/fake_rplidar'
[1.515s] INFO:colcon.colcon_core.shell:Skip shell extension 'powershell' for command environment: Not usable outside of PowerShell
[1.516s] DEBUG:colcon.colcon_core.shell:Skip shell extension 'dsv' for command environment
[2.904s] DEBUG:colcon.colcon_core.event_handler.log_command:Invoked command in '/home/crazy_rat/ros2_ws/build/bno08x_driver' returned '0': CMAKE_PREFIX_PATH=${CMAKE_PREFIX_PATH}:/opt/ros/jazzy DEBUGINFOD_URLS=https://debuginfod.ubuntu.com /usr/bin/cmake /home/crazy_rat/ros2_ws/src/bno08x-ros2-driver -DCMAKE_INSTALL_PREFIX=/home/crazy_rat/ros2_ws/install/bno08x_driver
[2.904s] DEBUG:colcon.colcon_core.event_handler.log_command:Invoking command in '/home/crazy_rat/ros2_ws/build/bno08x_driver': CMAKE_PREFIX_PATH=${CMAKE_PREFIX_PATH}:/opt/ros/jazzy DEBUGINFOD_URLS=https://debuginfod.ubuntu.com /usr/bin/cmake --build /home/crazy_rat/ros2_ws/build/bno08x_driver -- -j4 -l4
[3.143s] DEBUG:colcon.colcon_core.event_handler.log_command:Invoking command in '/home/crazy_rat/ros2_ws/build/fake_rplidar': DEBUGINFOD_URLS=https://debuginfod.ubuntu.com PYTHONPATH=/home/crazy_rat/ros2_ws/build/fake_rplidar/prefix_override:/usr/lib/python3/dist-packages/colcon_core/task/python/colcon_distutils_commands:/home/crazy_rat/ros2_ws/install/fake_rplidar/lib/python3.12/site-packages:${PYTHONPATH} /usr/bin/python3 -W ignore:setup.py install is deprecated -W ignore:easy_install command is deprecated setup.py develop --uninstall --editable --build-directory /home/crazy_rat/ros2_ws/build/fake_rplidar/build
[3.239s] DEBUG:colcon.colcon_core.event_handler.log_command:Invoking command in '/home/crazy_rat/ros2_ws/build/autonomous_exploration': DEBUGINFOD_URLS=https://debuginfod.ubuntu.com PYTHONPATH=/home/crazy_rat/ros2_ws/build/autonomous_exploration/prefix_override:/usr/lib/python3/dist-packages/colcon_core/task/python/colcon_distutils_commands:/home/crazy_rat/ros2_ws/install/autonomous_exploration/lib/python3.12/site-packages:${PYTHONPATH} /usr/bin/python3 -W ignore:setup.py install is deprecated -W ignore:easy_install command is deprecated setup.py develop --uninstall --editable --build-directory /home/crazy_rat/ros2_ws/build/autonomous_exploration/build
[3.275s] DEBUG:colcon.colcon_core.event_handler.log_command:Invoked command in '/home/crazy_rat/ros2_ws/build/bno08x_driver' returned '0': CMAKE_PREFIX_PATH=${CMAKE_PREFIX_PATH}:/opt/ros/jazzy DEBUGINFOD_URLS=https://debuginfod.ubuntu.com /usr/bin/cmake --build /home/crazy_rat/ros2_ws/build/bno08x_driver -- -j4 -l4
[3.304s] DEBUG:colcon.colcon_core.event_handler.log_command:Invoking command in '/home/crazy_rat/ros2_ws/build/bno08x_driver': CMAKE_PREFIX_PATH=${CMAKE_PREFIX_PATH}:/opt/ros/jazzy DEBUGINFOD_URLS=https://debuginfod.ubuntu.com /usr/bin/cmake --install /home/crazy_rat/ros2_ws/build/bno08x_driver
[3.367s] Level 1:colcon.colcon_core.environment:create_environment_scripts_only(bno08x_driver)
[3.370s] DEBUG:colcon.colcon_core.event_handler.log_command:Invoked command in '/home/crazy_rat/ros2_ws/build/bno08x_driver' returned '0': CMAKE_PREFIX_PATH=${CMAKE_PREFIX_PATH}:/opt/ros/jazzy DEBUGINFOD_URLS=https://debuginfod.ubuntu.com /usr/bin/cmake --install /home/crazy_rat/ros2_ws/build/bno08x_driver
[3.372s] Level 1:colcon.colcon_core.environment:checking '/home/crazy_rat/ros2_ws/install/bno08x_driver' for CMake module files
[3.373s] Level 1:colcon.colcon_core.environment:checking '/home/crazy_rat/ros2_ws/install/bno08x_driver' for CMake config files
[3.374s] Level 1:colcon.colcon_core.shell:create_environment_hook('bno08x_driver', 'cmake_prefix_path')
[3.374s] INFO:colcon.colcon_core.shell:Creating environment hook '/home/crazy_rat/ros2_ws/install/bno08x_driver/share/bno08x_driver/hook/cmake_prefix_path.ps1'
[3.375s] INFO:colcon.colcon_core.shell:Creating environment descriptor '/home/crazy_rat/ros2_ws/install/bno08x_driver/share/bno08x_driver/hook/cmake_prefix_path.dsv'
[3.376s] INFO:colcon.colcon_core.shell:Creating environment hook '/home/crazy_rat/ros2_ws/install/bno08x_driver/share/bno08x_driver/hook/cmake_prefix_path.sh'
[3.378s] Level 1:colcon.colcon_core.environment:checking '/home/crazy_rat/ros2_ws/install/bno08x_driver/lib'
[3.378s] Level 1:colcon.colcon_core.environment:checking '/home/crazy_rat/ros2_ws/install/bno08x_driver/bin'
[3.378s] Level 1:colcon.colcon_core.environment:checking '/home/crazy_rat/ros2_ws/install/bno08x_driver/lib/pkgconfig/bno08x_driver.pc'
[3.379s] Level 1:colcon.colcon_core.environment:checking '/home/crazy_rat/ros2_ws/install/bno08x_driver/lib/python3.12/site-packages'
[3.379s] Level 1:colcon.colcon_core.environment:checking '/home/crazy_rat/ros2_ws/install/bno08x_driver/bin'
[3.381s] INFO:colcon.colcon_core.shell:Creating package script '/home/crazy_rat/ros2_ws/install/bno08x_driver/share/bno08x_driver/package.ps1'
[3.382s] INFO:colcon.colcon_core.shell:Creating package descriptor '/home/crazy_rat/ros2_ws/install/bno08x_driver/share/bno08x_driver/package.dsv'
[3.384s] INFO:colcon.colcon_core.shell:Creating package script '/home/crazy_rat/ros2_ws/install/bno08x_driver/share/bno08x_driver/package.sh'
[3.385s] INFO:colcon.colcon_core.shell:Creating package script '/home/crazy_rat/ros2_ws/install/bno08x_driver/share/bno08x_driver/package.bash'
[3.387s] INFO:colcon.colcon_core.shell:Creating package script '/home/crazy_rat/ros2_ws/install/bno08x_driver/share/bno08x_driver/package.zsh'
[3.388s] Level 1:colcon.colcon_core.environment:create_file_with_runtime_dependencies(/home/crazy_rat/ros2_ws/install/bno08x_driver/share/colcon-core/packages/bno08x_driver)
[3.390s] Level 1:colcon.colcon_core.environment:create_environment_scripts_only(bno08x_driver)
[3.390s] Level 1:colcon.colcon_core.environment:checking '/home/crazy_rat/ros2_ws/install/bno08x_driver' for CMake module files
[3.391s] Level 1:colcon.colcon_core.environment:checking '/home/crazy_rat/ros2_ws/install/bno08x_driver' for CMake config files
[3.392s] Level 1:colcon.colcon_core.shell:create_environment_hook('bno08x_driver', 'cmake_prefix_path')
[3.392s] INFO:colcon.colcon_core.shell:Creating environment hook '/home/crazy_rat/ros2_ws/install/bno08x_driver/share/bno08x_driver/hook/cmake_prefix_path.ps1'
[3.393s] INFO:colcon.colcon_core.shell:Creating environment descriptor '/home/crazy_rat/ros2_ws/install/bno08x_driver/share/bno08x_driver/hook/cmake_prefix_path.dsv'
[3.395s] INFO:colcon.colcon_core.shell:Creating environment hook '/home/crazy_rat/ros2_ws/install/bno08x_driver/share/bno08x_driver/hook/cmake_prefix_path.sh'
[3.396s] Level 1:colcon.colcon_core.environment:checking '/home/crazy_rat/ros2_ws/install/bno08x_driver/lib'
[3.397s] Level 1:colcon.colcon_core.environment:checking '/home/crazy_rat/ros2_ws/install/bno08x_driver/bin'
[3.397s] Level 1:colcon.colcon_core.environment:checking '/home/crazy_rat/ros2_ws/install/bno08x_driver/lib/pkgconfig/bno08x_driver.pc'
[3.397s] Level 1:colcon.colcon_core.environment:checking '/home/crazy_rat/ros2_ws/install/bno08x_driver/lib/python3.12/site-packages'
[3.398s] Level 1:colcon.colcon_core.environment:checking '/home/crazy_rat/ros2_ws/install/bno08x_driver/bin'
[3.398s] INFO:colcon.colcon_core.shell:Creating package script '/home/crazy_rat/ros2_ws/install/bno08x_driver/share/bno08x_driver/package.ps1'
[3.399s] INFO:colcon.colcon_core.shell:Creating package descriptor '/home/crazy_rat/ros2_ws/install/bno08x_driver/share/bno08x_driver/package.dsv'
[3.401s] INFO:colcon.colcon_core.shell:Creating package script '/home/crazy_rat/ros2_ws/install/bno08x_driver/share/bno08x_driver/package.sh'
[3.402s] INFO:colcon.colcon_core.shell:Creating package script '/home/crazy_rat/ros2_ws/install/bno08x_driver/share/bno08x_driver/package.bash'
[3.404s] INFO:colcon.colcon_core.shell:Creating package script '/home/crazy_rat/ros2_ws/install/bno08x_driver/share/bno08x_driver/package.zsh'
[3.405s] Level 1:colcon.colcon_core.environment:create_file_with_runtime_dependencies(/home/crazy_rat/ros2_ws/install/bno08x_driver/share/colcon-core/packages/bno08x_driver)
[3.407s] INFO:colcon.colcon_ros.task.ament_cmake.build:Building ROS package in '/home/crazy_rat/ros2_ws/src/m-explore-ros2/map_merge' with build type 'ament_cmake'
[3.407s] INFO:colcon.colcon_cmake.task.cmake.build:Building CMake package in '/home/crazy_rat/ros2_ws/src/m-explore-ros2/map_merge'
[3.407s] INFO:colcon.colcon_core.shell:Skip shell extension 'powershell' for command environment: Not usable outside of PowerShell
[3.407s] DEBUG:colcon.colcon_core.shell:Skip shell extension 'dsv' for command environment
[3.420s] DEBUG:colcon.colcon_core.event_handler.log_command:Invoking command in '/home/crazy_rat/ros2_ws/build/multirobot_map_merge': CMAKE_PREFIX_PATH=${CMAKE_PREFIX_PATH}:/opt/ros/jazzy DEBUGINFOD_URLS=https://debuginfod.ubuntu.com /usr/bin/cmake /home/crazy_rat/ros2_ws/src/m-explore-ros2/map_merge -DCMAKE_INSTALL_PREFIX=/home/crazy_rat/ros2_ws/install/multirobot_map_merge
[4.386s] DEBUG:colcon.colcon_core.event_handler.log_command:Invoked command in '/home/crazy_rat/ros2_ws/build/fake_rplidar' returned '0': DEBUGINFOD_URLS=https://debuginfod.ubuntu.com PYTHONPATH=/home/crazy_rat/ros2_ws/build/fake_rplidar/prefix_override:/usr/lib/python3/dist-packages/colcon_core/task/python/colcon_distutils_commands:/home/crazy_rat/ros2_ws/install/fake_rplidar/lib/python3.12/site-packages:${PYTHONPATH} /usr/bin/python3 -W ignore:setup.py install is deprecated -W ignore:easy_install command is deprecated setup.py develop --uninstall --editable --build-directory /home/crazy_rat/ros2_ws/build/fake_rplidar/build
[4.387s] DEBUG:colcon.colcon_core.event_handler.log_command:Invoking command in '/home/crazy_rat/ros2_ws/src/fake_rplidar': DEBUGINFOD_URLS=https://debuginfod.ubuntu.com PYTHONPATH=/home/crazy_rat/ros2_ws/build/fake_rplidar/prefix_override:/usr/lib/python3/dist-packages/colcon_core/task/python/colcon_distutils_commands:/home/crazy_rat/ros2_ws/install/fake_rplidar/lib/python3.12/site-packages:${PYTHONPATH} /usr/bin/python3 -W ignore:setup.py install is deprecated -W ignore:easy_install command is deprecated setup.py egg_info --egg-base ../../build/fake_rplidar build --build-base /home/crazy_rat/ros2_ws/build/fake_rplidar/build install --record /home/crazy_rat/ros2_ws/build/fake_rplidar/install.log --single-version-externally-managed
[4.588s] DEBUG:colcon.colcon_core.event_handler.log_command:Invoked command in '/home/crazy_rat/ros2_ws/build/autonomous_exploration' returned '0': DEBUGINFOD_URLS=https://debuginfod.ubuntu.com PYTHONPATH=/home/crazy_rat/ros2_ws/build/autonomous_exploration/prefix_override:/usr/lib/python3/dist-packages/colcon_core/task/python/colcon_distutils_commands:/home/crazy_rat/ros2_ws/install/autonomous_exploration/lib/python3.12/site-packages:${PYTHONPATH} /usr/bin/python3 -W ignore:setup.py install is deprecated -W ignore:easy_install command is deprecated setup.py develop --uninstall --editable --build-directory /home/crazy_rat/ros2_ws/build/autonomous_exploration/build
[4.593s] DEBUG:colcon.colcon_core.event_handler.log_command:Invoking command in '/home/crazy_rat/ros2_ws/src/ROS2-FrontierBaseExplorationForAutonomousRobot/autonomous_exploration': DEBUGINFOD_URLS=https://debuginfod.ubuntu.com PYTHONPATH=/home/crazy_rat/ros2_ws/build/autonomous_exploration/prefix_override:/usr/lib/python3/dist-packages/colcon_core/task/python/colcon_distutils_commands:/home/crazy_rat/ros2_ws/install/autonomous_exploration/lib/python3.12/site-packages:${PYTHONPATH} /usr/bin/python3 -W ignore:setup.py install is deprecated -W ignore:easy_install command is deprecated setup.py egg_info --egg-base ../../../build/autonomous_exploration build --build-base /home/crazy_rat/ros2_ws/build/autonomous_exploration/build install --record /home/crazy_rat/ros2_ws/build/autonomous_exploration/install.log --single-version-externally-managed install_data --force
[5.546s] Level 1:colcon.colcon_core.environment:checking '/home/crazy_rat/ros2_ws/install/fake_rplidar' for CMake module files
[5.547s] Level 1:colcon.colcon_core.environment:checking '/home/crazy_rat/ros2_ws/install/fake_rplidar' for CMake config files
[5.547s] Level 1:colcon.colcon_core.environment:checking '/home/crazy_rat/ros2_ws/install/fake_rplidar/lib'
[5.548s] Level 1:colcon.colcon_core.environment:checking '/home/crazy_rat/ros2_ws/install/fake_rplidar/bin'
[5.548s] Level 1:colcon.colcon_core.environment:checking '/home/crazy_rat/ros2_ws/install/fake_rplidar/lib/pkgconfig/fake_rplidar.pc'
[5.548s] Level 1:colcon.colcon_core.environment:checking '/home/crazy_rat/ros2_ws/install/fake_rplidar/lib/python3.12/site-packages'
[5.548s] DEBUG:colcon.colcon_core.event_handler.log_command:Invoked command in '/home/crazy_rat/ros2_ws/src/fake_rplidar' returned '0': DEBUGINFOD_URLS=https://debuginfod.ubuntu.com PYTHONPATH=/home/crazy_rat/ros2_ws/build/fake_rplidar/prefix_override:/usr/lib/python3/dist-packages/colcon_core/task/python/colcon_distutils_commands:/home/crazy_rat/ros2_ws/install/fake_rplidar/lib/python3.12/site-packages:${PYTHONPATH} /usr/bin/python3 -W ignore:setup.py install is deprecated -W ignore:easy_install command is deprecated setup.py egg_info --egg-base ../../build/fake_rplidar build --build-base /home/crazy_rat/ros2_ws/build/fake_rplidar/build install --record /home/crazy_rat/ros2_ws/build/fake_rplidar/install.log --single-version-externally-managed
[5.549s] Level 1:colcon.colcon_core.shell:create_environment_hook('fake_rplidar', 'pythonpath')
[5.549s] INFO:colcon.colcon_core.shell:Creating environment hook '/home/crazy_rat/ros2_ws/install/fake_rplidar/share/fake_rplidar/hook/pythonpath.ps1'
[5.567s] INFO:colcon.colcon_core.shell:Creating environment descriptor '/home/crazy_rat/ros2_ws/install/fake_rplidar/share/fake_rplidar/hook/pythonpath.dsv'
[5.577s] INFO:colcon.colcon_core.shell:Creating environment hook '/home/crazy_rat/ros2_ws/install/fake_rplidar/share/fake_rplidar/hook/pythonpath.sh'
[5.594s] Level 1:colcon.colcon_core.environment:checking '/home/crazy_rat/ros2_ws/install/fake_rplidar/bin'
[5.594s] Level 1:colcon.colcon_core.environment:create_environment_scripts_only(fake_rplidar)
[5.594s] INFO:colcon.colcon_core.shell:Creating package script '/home/crazy_rat/ros2_ws/install/fake_rplidar/share/fake_rplidar/package.ps1'
[5.611s] INFO:colcon.colcon_core.shell:Creating package descriptor '/home/crazy_rat/ros2_ws/install/fake_rplidar/share/fake_rplidar/package.dsv'
[5.621s] INFO:colcon.colcon_core.shell:Creating package script '/home/crazy_rat/ros2_ws/install/fake_rplidar/share/fake_rplidar/package.sh'
[5.652s] INFO:colcon.colcon_core.shell:Creating package script '/home/crazy_rat/ros2_ws/install/fake_rplidar/share/fake_rplidar/package.bash'
[5.660s] INFO:colcon.colcon_core.shell:Creating package script '/home/crazy_rat/ros2_ws/install/fake_rplidar/share/fake_rplidar/package.zsh'
[5.668s] Level 1:colcon.colcon_core.environment:create_file_with_runtime_dependencies(/home/crazy_rat/ros2_ws/install/fake_rplidar/share/colcon-core/packages/fake_rplidar)
[5.684s] INFO:colcon.colcon_ros.task.ament_cmake.build:Building ROS package in '/home/crazy_rat/ros2_ws/src/sllidar_ros2' with build type 'ament_cmake'
[5.684s] INFO:colcon.colcon_cmake.task.cmake.build:Building CMake package in '/home/crazy_rat/ros2_ws/src/sllidar_ros2'
[5.685s] INFO:colcon.colcon_core.shell:Skip shell extension 'powershell' for command environment: Not usable outside of PowerShell
[5.685s] DEBUG:colcon.colcon_core.shell:Skip shell extension 'dsv' for command environment
[5.733s] DEBUG:colcon.colcon_core.event_handler.log_command:Invoking command in '/home/crazy_rat/ros2_ws/build/sllidar_ros2': CMAKE_PREFIX_PATH=${CMAKE_PREFIX_PATH}:/opt/ros/jazzy DEBUGINFOD_URLS=https://debuginfod.ubuntu.com /usr/bin/cmake /home/crazy_rat/ros2_ws/src/sllidar_ros2 -DCMAKE_INSTALL_PREFIX=/home/crazy_rat/ros2_ws/install/sllidar_ros2
[5.931s] Level 1:colcon.colcon_core.environment:checking '/home/crazy_rat/ros2_ws/install/autonomous_exploration' for CMake module files
[5.932s] DEBUG:colcon.colcon_core.event_handler.log_command:Invoked command in '/home/crazy_rat/ros2_ws/src/ROS2-FrontierBaseExplorationForAutonomousRobot/autonomous_exploration' returned '0': DEBUGINFOD_URLS=https://debuginfod.ubuntu.com PYTHONPATH=/home/crazy_rat/ros2_ws/build/autonomous_exploration/prefix_override:/usr/lib/python3/dist-packages/colcon_core/task/python/colcon_distutils_commands:/home/crazy_rat/ros2_ws/install/autonomous_exploration/lib/python3.12/site-packages:${PYTHONPATH} /usr/bin/python3 -W ignore:setup.py install is deprecated -W ignore:easy_install command is deprecated setup.py egg_info --egg-base ../../../build/autonomous_exploration build --build-base /home/crazy_rat/ros2_ws/build/autonomous_exploration/build install --record /home/crazy_rat/ros2_ws/build/autonomous_exploration/install.log --single-version-externally-managed install_data --force
[5.933s] Level 1:colcon.colcon_core.environment:checking '/home/crazy_rat/ros2_ws/install/autonomous_exploration' for CMake config files
[5.934s] Level 1:colcon.colcon_core.environment:checking '/home/crazy_rat/ros2_ws/install/autonomous_exploration/lib'
[5.934s] Level 1:colcon.colcon_core.environment:checking '/home/crazy_rat/ros2_ws/install/autonomous_exploration/bin'
[5.934s] Level 1:colcon.colcon_core.environment:checking '/home/crazy_rat/ros2_ws/install/autonomous_exploration/lib/pkgconfig/autonomous_exploration.pc'
[5.934s] Level 1:colcon.colcon_core.environment:checking '/home/crazy_rat/ros2_ws/install/autonomous_exploration/lib/python3.12/site-packages'
[5.935s] Level 1:colcon.colcon_core.shell:create_environment_hook('autonomous_exploration', 'pythonpath')
[5.935s] INFO:colcon.colcon_core.shell:Creating environment hook '/home/crazy_rat/ros2_ws/install/autonomous_exploration/share/autonomous_exploration/hook/pythonpath.ps1'
[5.936s] INFO:colcon.colcon_core.shell:Creating environment descriptor '/home/crazy_rat/ros2_ws/install/autonomous_exploration/share/autonomous_exploration/hook/pythonpath.dsv'
[5.936s] INFO:colcon.colcon_core.shell:Creating environment hook '/home/crazy_rat/ros2_ws/install/autonomous_exploration/share/autonomous_exploration/hook/pythonpath.sh'
[5.937s] Level 1:colcon.colcon_core.environment:checking '/home/crazy_rat/ros2_ws/install/autonomous_exploration/bin'
[5.938s] Level 1:colcon.colcon_core.environment:create_environment_scripts_only(autonomous_exploration)
[5.938s] INFO:colcon.colcon_core.shell:Creating package script '/home/crazy_rat/ros2_ws/install/autonomous_exploration/share/autonomous_exploration/package.ps1'
[5.939s] INFO:colcon.colcon_core.shell:Creating package descriptor '/home/crazy_rat/ros2_ws/install/autonomous_exploration/share/autonomous_exploration/package.dsv'
[5.940s] INFO:colcon.colcon_core.shell:Creating package script '/home/crazy_rat/ros2_ws/install/autonomous_exploration/share/autonomous_exploration/package.sh'
[5.940s] INFO:colcon.colcon_core.shell:Creating package script '/home/crazy_rat/ros2_ws/install/autonomous_exploration/share/autonomous_exploration/package.bash'
[5.941s] INFO:colcon.colcon_core.shell:Creating package script '/home/crazy_rat/ros2_ws/install/autonomous_exploration/share/autonomous_exploration/package.zsh'
[5.941s] Level 1:colcon.colcon_core.environment:create_file_with_runtime_dependencies(/home/crazy_rat/ros2_ws/install/autonomous_exploration/share/colcon-core/packages/autonomous_exploration)
[6.913s] DEBUG:colcon.colcon_core.event_handler.log_command:Invoked command in '/home/crazy_rat/ros2_ws/build/explore_lite' returned '0': CMAKE_PREFIX_PATH=${CMAKE_PREFIX_PATH}:/opt/ros/jazzy DEBUGINFOD_URLS=https://debuginfod.ubuntu.com /usr/bin/cmake /home/crazy_rat/ros2_ws/src/m-explore-ros2/explore -DCMAKE_INSTALL_PREFIX=/home/crazy_rat/ros2_ws/install/explore_lite
[6.916s] DEBUG:colcon.colcon_core.event_handler.log_command:Invoking command in '/home/crazy_rat/ros2_ws/build/explore_lite': CMAKE_PREFIX_PATH=${CMAKE_PREFIX_PATH}:/opt/ros/jazzy DEBUGINFOD_URLS=https://debuginfod.ubuntu.com /usr/bin/cmake --build /home/crazy_rat/ros2_ws/build/explore_lite -- -j4 -l4
[7.142s] DEBUG:colcon.colcon_core.event_handler.log_command:Invoked command in '/home/crazy_rat/ros2_ws/build/sllidar_ros2' returned '0': CMAKE_PREFIX_PATH=${CMAKE_PREFIX_PATH}:/opt/ros/jazzy DEBUGINFOD_URLS=https://debuginfod.ubuntu.com /usr/bin/cmake /home/crazy_rat/ros2_ws/src/sllidar_ros2 -DCMAKE_INSTALL_PREFIX=/home/crazy_rat/ros2_ws/install/sllidar_ros2
[7.142s] DEBUG:colcon.colcon_core.event_handler.log_command:Invoking command in '/home/crazy_rat/ros2_ws/build/sllidar_ros2': CMAKE_PREFIX_PATH=${CMAKE_PREFIX_PATH}:/opt/ros/jazzy DEBUGINFOD_URLS=https://debuginfod.ubuntu.com /usr/bin/cmake --build /home/crazy_rat/ros2_ws/build/sllidar_ros2 -- -j4 -l4
[7.433s] DEBUG:colcon.colcon_core.event_handler.log_command:Invoked command in '/home/crazy_rat/ros2_ws/build/sllidar_ros2' returned '0': CMAKE_PREFIX_PATH=${CMAKE_PREFIX_PATH}:/opt/ros/jazzy DEBUGINFOD_URLS=https://debuginfod.ubuntu.com /usr/bin/cmake --build /home/crazy_rat/ros2_ws/build/sllidar_ros2 -- -j4 -l4
[7.440s] DEBUG:colcon.colcon_core.event_handler.log_command:Invoking command in '/home/crazy_rat/ros2_ws/build/sllidar_ros2': CMAKE_PREFIX_PATH=${CMAKE_PREFIX_PATH}:/opt/ros/jazzy DEBUGINFOD_URLS=https://debuginfod.ubuntu.com /usr/bin/cmake --install /home/crazy_rat/ros2_ws/build/sllidar_ros2
[7.539s] Level 1:colcon.colcon_core.environment:create_environment_scripts_only(sllidar_ros2)
[7.539s] Level 1:colcon.colcon_core.environment:checking '/home/crazy_rat/ros2_ws/install/sllidar_ros2' for CMake module files
[7.540s] Level 1:colcon.colcon_core.environment:checking '/home/crazy_rat/ros2_ws/install/sllidar_ros2' for CMake config files
[7.544s] Level 1:colcon.colcon_core.shell:create_environment_hook('sllidar_ros2', 'cmake_prefix_path')
[7.545s] INFO:colcon.colcon_core.shell:Creating environment hook '/home/crazy_rat/ros2_ws/install/sllidar_ros2/share/sllidar_ros2/hook/cmake_prefix_path.ps1'
[7.545s] INFO:colcon.colcon_core.shell:Creating environment descriptor '/home/crazy_rat/ros2_ws/install/sllidar_ros2/share/sllidar_ros2/hook/cmake_prefix_path.dsv'
[7.546s] DEBUG:colcon.colcon_core.event_handler.log_command:Invoked command in '/home/crazy_rat/ros2_ws/build/sllidar_ros2' returned '0': CMAKE_PREFIX_PATH=${CMAKE_PREFIX_PATH}:/opt/ros/jazzy DEBUGINFOD_URLS=https://debuginfod.ubuntu.com /usr/bin/cmake --install /home/crazy_rat/ros2_ws/build/sllidar_ros2
[7.549s] INFO:colcon.colcon_core.shell:Creating environment hook '/home/crazy_rat/ros2_ws/install/sllidar_ros2/share/sllidar_ros2/hook/cmake_prefix_path.sh'
[7.551s] Level 1:colcon.colcon_core.environment:checking '/home/crazy_rat/ros2_ws/install/sllidar_ros2/lib'
[7.551s] Level 1:colcon.colcon_core.environment:checking '/home/crazy_rat/ros2_ws/install/sllidar_ros2/bin'
[7.551s] Level 1:colcon.colcon_core.environment:checking '/home/crazy_rat/ros2_ws/install/sllidar_ros2/lib/pkgconfig/sllidar_ros2.pc'
[7.551s] Level 1:colcon.colcon_core.environment:checking '/home/crazy_rat/ros2_ws/install/sllidar_ros2/lib/python3.12/site-packages'
[7.552s] Level 1:colcon.colcon_core.environment:checking '/home/crazy_rat/ros2_ws/install/sllidar_ros2/bin'
[7.555s] INFO:colcon.colcon_core.shell:Creating package script '/home/crazy_rat/ros2_ws/install/sllidar_ros2/share/sllidar_ros2/package.ps1'
[7.556s] INFO:colcon.colcon_core.shell:Creating package descriptor '/home/crazy_rat/ros2_ws/install/sllidar_ros2/share/sllidar_ros2/package.dsv'
[7.557s] INFO:colcon.colcon_core.shell:Creating package script '/home/crazy_rat/ros2_ws/install/sllidar_ros2/share/sllidar_ros2/package.sh'
[7.558s] INFO:colcon.colcon_core.shell:Creating package script '/home/crazy_rat/ros2_ws/install/sllidar_ros2/share/sllidar_ros2/package.bash'
[7.560s] INFO:colcon.colcon_core.shell:Creating package script '/home/crazy_rat/ros2_ws/install/sllidar_ros2/share/sllidar_ros2/package.zsh'
[7.562s] Level 1:colcon.colcon_core.environment:create_file_with_runtime_dependencies(/home/crazy_rat/ros2_ws/install/sllidar_ros2/share/colcon-core/packages/sllidar_ros2)
[7.567s] Level 1:colcon.colcon_core.environment:create_environment_scripts_only(sllidar_ros2)
[7.567s] Level 1:colcon.colcon_core.environment:checking '/home/crazy_rat/ros2_ws/install/sllidar_ros2' for CMake module files
[7.568s] Level 1:colcon.colcon_core.environment:checking '/home/crazy_rat/ros2_ws/install/sllidar_ros2' for CMake config files
[7.569s] Level 1:colcon.colcon_core.shell:create_environment_hook('sllidar_ros2', 'cmake_prefix_path')
[7.570s] INFO:colcon.colcon_core.shell:Creating environment hook '/home/crazy_rat/ros2_ws/install/sllidar_ros2/share/sllidar_ros2/hook/cmake_prefix_path.ps1'
[7.571s] INFO:colcon.colcon_core.shell:Creating environment descriptor '/home/crazy_rat/ros2_ws/install/sllidar_ros2/share/sllidar_ros2/hook/cmake_prefix_path.dsv'
[7.574s] INFO:colcon.colcon_core.shell:Creating environment hook '/home/crazy_rat/ros2_ws/install/sllidar_ros2/share/sllidar_ros2/hook/cmake_prefix_path.sh'
[7.576s] Level 1:colcon.colcon_core.environment:checking '/home/crazy_rat/ros2_ws/install/sllidar_ros2/lib'
[7.576s] Level 1:colcon.colcon_core.environment:checking '/home/crazy_rat/ros2_ws/install/sllidar_ros2/bin'
[7.576s] Level 1:colcon.colcon_core.environment:checking '/home/crazy_rat/ros2_ws/install/sllidar_ros2/lib/pkgconfig/sllidar_ros2.pc'
[7.577s] Level 1:colcon.colcon_core.environment:checking '/home/crazy_rat/ros2_ws/install/sllidar_ros2/lib/python3.12/site-packages'
[7.577s] Level 1:colcon.colcon_core.environment:checking '/home/crazy_rat/ros2_ws/install/sllidar_ros2/bin'
[7.578s] INFO:colcon.colcon_core.shell:Creating package script '/home/crazy_rat/ros2_ws/install/sllidar_ros2/share/sllidar_ros2/package.ps1'
[7.584s] INFO:colcon.colcon_core.shell:Creating package descriptor '/home/crazy_rat/ros2_ws/install/sllidar_ros2/share/sllidar_ros2/package.dsv'
[7.585s] INFO:colcon.colcon_core.shell:Creating package script '/home/crazy_rat/ros2_ws/install/sllidar_ros2/share/sllidar_ros2/package.sh'
[7.586s] INFO:colcon.colcon_core.shell:Creating package script '/home/crazy_rat/ros2_ws/install/sllidar_ros2/share/sllidar_ros2/package.bash'
[7.587s] INFO:colcon.colcon_core.shell:Creating package script '/home/crazy_rat/ros2_ws/install/sllidar_ros2/share/sllidar_ros2/package.zsh'
[7.588s] Level 1:colcon.colcon_core.environment:create_file_with_runtime_dependencies(/home/crazy_rat/ros2_ws/install/sllidar_ros2/share/colcon-core/packages/sllidar_ros2)
[42.008s] DEBUG:colcon.colcon_core.event_handler.log_command:Invoked command in '/home/crazy_rat/ros2_ws/build/explore_lite' returned '0': CMAKE_PREFIX_PATH=${CMAKE_PREFIX_PATH}:/opt/ros/jazzy DEBUGINFOD_URLS=https://debuginfod.ubuntu.com /usr/bin/cmake --build /home/crazy_rat/ros2_ws/build/explore_lite -- -j4 -l4
[42.010s] DEBUG:colcon.colcon_core.event_handler.log_command:Invoking command in '/home/crazy_rat/ros2_ws/build/explore_lite': CMAKE_PREFIX_PATH=${CMAKE_PREFIX_PATH}:/opt/ros/jazzy DEBUGINFOD_URLS=https://debuginfod.ubuntu.com /usr/bin/cmake --install /home/crazy_rat/ros2_ws/build/explore_lite
[42.072s] Level 1:colcon.colcon_core.environment:create_environment_scripts_only(explore_lite)
[42.072s] Level 1:colcon.colcon_core.environment:checking '/home/crazy_rat/ros2_ws/install/explore_lite' for CMake module files
[42.073s] DEBUG:colcon.colcon_core.event_handler.log_command:Invoked command in '/home/crazy_rat/ros2_ws/build/explore_lite' returned '0': CMAKE_PREFIX_PATH=${CMAKE_PREFIX_PATH}:/opt/ros/jazzy DEBUGINFOD_URLS=https://debuginfod.ubuntu.com /usr/bin/cmake --install /home/crazy_rat/ros2_ws/build/explore_lite
[42.074s] Level 1:colcon.colcon_core.environment:checking '/home/crazy_rat/ros2_ws/install/explore_lite' for CMake config files
[42.074s] Level 1:colcon.colcon_core.shell:create_environment_hook('explore_lite', 'cmake_prefix_path')
[42.074s] INFO:colcon.colcon_core.shell:Creating environment hook '/home/crazy_rat/ros2_ws/install/explore_lite/share/explore_lite/hook/cmake_prefix_path.ps1'
[42.075s] INFO:colcon.colcon_core.shell:Creating environment descriptor '/home/crazy_rat/ros2_ws/install/explore_lite/share/explore_lite/hook/cmake_prefix_path.dsv'
[42.075s] INFO:colcon.colcon_core.shell:Creating environment hook '/home/crazy_rat/ros2_ws/install/explore_lite/share/explore_lite/hook/cmake_prefix_path.sh'
[42.076s] Level 1:colcon.colcon_core.environment:checking '/home/crazy_rat/ros2_ws/install/explore_lite/lib'
[42.076s] Level 1:colcon.colcon_core.environment:checking '/home/crazy_rat/ros2_ws/install/explore_lite/bin'
[42.076s] Level 1:colcon.colcon_core.environment:checking '/home/crazy_rat/ros2_ws/install/explore_lite/lib/pkgconfig/explore_lite.pc'
[42.076s] Level 1:colcon.colcon_core.environment:checking '/home/crazy_rat/ros2_ws/install/explore_lite/lib/python3.12/site-packages'
[42.077s] Level 1:colcon.colcon_core.environment:checking '/home/crazy_rat/ros2_ws/install/explore_lite/bin'
[42.077s] INFO:colcon.colcon_core.shell:Creating package script '/home/crazy_rat/ros2_ws/install/explore_lite/share/explore_lite/package.ps1'
[42.077s] INFO:colcon.colcon_core.shell:Creating package descriptor '/home/crazy_rat/ros2_ws/install/explore_lite/share/explore_lite/package.dsv'
[42.078s] INFO:colcon.colcon_core.shell:Creating package script '/home/crazy_rat/ros2_ws/install/explore_lite/share/explore_lite/package.sh'
[42.078s] INFO:colcon.colcon_core.shell:Creating package script '/home/crazy_rat/ros2_ws/install/explore_lite/share/explore_lite/package.bash'
[42.079s] INFO:colcon.colcon_core.shell:Creating package script '/home/crazy_rat/ros2_ws/install/explore_lite/share/explore_lite/package.zsh'
[42.079s] Level 1:colcon.colcon_core.environment:create_file_with_runtime_dependencies(/home/crazy_rat/ros2_ws/install/explore_lite/share/colcon-core/packages/explore_lite)
[42.080s] Level 1:colcon.colcon_core.environment:create_environment_scripts_only(explore_lite)
[42.080s] Level 1:colcon.colcon_core.environment:checking '/home/crazy_rat/ros2_ws/install/explore_lite' for CMake module files
[42.081s] Level 1:colcon.colcon_core.environment:checking '/home/crazy_rat/ros2_ws/install/explore_lite' for CMake config files
[42.081s] Level 1:colcon.colcon_core.shell:create_environment_hook('explore_lite', 'cmake_prefix_path')
[42.081s] INFO:colcon.colcon_core.shell:Creating environment hook '/home/crazy_rat/ros2_ws/install/explore_lite/share/explore_lite/hook/cmake_prefix_path.ps1'
[42.082s] INFO:colcon.colcon_core.shell:Creating environment descriptor '/home/crazy_rat/ros2_ws/install/explore_lite/share/explore_lite/hook/cmake_prefix_path.dsv'
[42.082s] INFO:colcon.colcon_core.shell:Creating environment hook '/home/crazy_rat/ros2_ws/install/explore_lite/share/explore_lite/hook/cmake_prefix_path.sh'
[42.083s] Level 1:colcon.colcon_core.environment:checking '/home/crazy_rat/ros2_ws/install/explore_lite/lib'
[42.083s] Level 1:colcon.colcon_core.environment:checking '/home/crazy_rat/ros2_ws/install/explore_lite/bin'
[42.084s] Level 1:colcon.colcon_core.environment:checking '/home/crazy_rat/ros2_ws/install/explore_lite/lib/pkgconfig/explore_lite.pc'
[42.084s] Level 1:colcon.colcon_core.environment:checking '/home/crazy_rat/ros2_ws/install/explore_lite/lib/python3.12/site-packages'
[42.084s] Level 1:colcon.colcon_core.environment:checking '/home/crazy_rat/ros2_ws/install/explore_lite/bin'
[42.085s] INFO:colcon.colcon_core.shell:Creating package script '/home/crazy_rat/ros2_ws/install/explore_lite/share/explore_lite/package.ps1'
[42.085s] INFO:colcon.colcon_core.shell:Creating package descriptor '/home/crazy_rat/ros2_ws/install/explore_lite/share/explore_lite/package.dsv'
[42.086s] INFO:colcon.colcon_core.shell:Creating package script '/home/crazy_rat/ros2_ws/install/explore_lite/share/explore_lite/package.sh'
[42.087s] INFO:colcon.colcon_core.shell:Creating package script '/home/crazy_rat/ros2_ws/install/explore_lite/share/explore_lite/package.bash'
[42.088s] INFO:colcon.colcon_core.shell:Creating package script '/home/crazy_rat/ros2_ws/install/explore_lite/share/explore_lite/package.zsh'
[42.088s] Level 1:colcon.colcon_core.environment:create_file_with_runtime_dependencies(/home/crazy_rat/ros2_ws/install/explore_lite/share/colcon-core/packages/explore_lite)
[104.601s] DEBUG:colcon.colcon_core.event_handler.log_command:Invoked command in '/home/crazy_rat/ros2_ws/build/multirobot_map_merge' returned '0': CMAKE_PREFIX_PATH=${CMAKE_PREFIX_PATH}:/opt/ros/jazzy DEBUGINFOD_URLS=https://debuginfod.ubuntu.com /usr/bin/cmake /home/crazy_rat/ros2_ws/src/m-explore-ros2/map_merge -DCMAKE_INSTALL_PREFIX=/home/crazy_rat/ros2_ws/install/multirobot_map_merge
[104.603s] DEBUG:colcon.colcon_core.event_handler.log_command:Invoking command in '/home/crazy_rat/ros2_ws/build/multirobot_map_merge': CMAKE_PREFIX_PATH=${CMAKE_PREFIX_PATH}:/opt/ros/jazzy DEBUGINFOD_URLS=https://debuginfod.ubuntu.com /usr/bin/cmake --build /home/crazy_rat/ros2_ws/build/multirobot_map_merge -- -j4 -l4
[146.091s] DEBUG:colcon.colcon_core.event_handler.log_command:Invoked command in '/home/crazy_rat/ros2_ws/build/multirobot_map_merge' returned '0': CMAKE_PREFIX_PATH=${CMAKE_PREFIX_PATH}:/opt/ros/jazzy DEBUGINFOD_URLS=https://debuginfod.ubuntu.com /usr/bin/cmake --build /home/crazy_rat/ros2_ws/build/multirobot_map_merge -- -j4 -l4
[146.093s] DEBUG:colcon.colcon_core.event_handler.log_command:Invoking command in '/home/crazy_rat/ros2_ws/build/multirobot_map_merge': CMAKE_PREFIX_PATH=${CMAKE_PREFIX_PATH}:/opt/ros/jazzy DEBUGINFOD_URLS=https://debuginfod.ubuntu.com /usr/bin/cmake --install /home/crazy_rat/ros2_ws/build/multirobot_map_merge
[146.134s] Level 1:colcon.colcon_core.environment:create_environment_scripts_only(multirobot_map_merge)
[146.134s] Level 1:colcon.colcon_core.environment:checking '/home/crazy_rat/ros2_ws/install/multirobot_map_merge' for CMake module files
[146.135s] DEBUG:colcon.colcon_core.event_handler.log_command:Invoked command in '/home/crazy_rat/ros2_ws/build/multirobot_map_merge' returned '0': CMAKE_PREFIX_PATH=${CMAKE_PREFIX_PATH}:/opt/ros/jazzy DEBUGINFOD_URLS=https://debuginfod.ubuntu.com /usr/bin/cmake --install /home/crazy_rat/ros2_ws/build/multirobot_map_merge
[146.135s] Level 1:colcon.colcon_core.environment:checking '/home/crazy_rat/ros2_ws/install/multirobot_map_merge' for CMake config files
[146.136s] Level 1:colcon.colcon_core.shell:create_environment_hook('multirobot_map_merge', 'cmake_prefix_path')
[146.136s] INFO:colcon.colcon_core.shell:Creating environment hook '/home/crazy_rat/ros2_ws/install/multirobot_map_merge/share/multirobot_map_merge/hook/cmake_prefix_path.ps1'
[146.137s] INFO:colcon.colcon_core.shell:Creating environment descriptor '/home/crazy_rat/ros2_ws/install/multirobot_map_merge/share/multirobot_map_merge/hook/cmake_prefix_path.dsv'
[146.137s] INFO:colcon.colcon_core.shell:Creating environment hook '/home/crazy_rat/ros2_ws/install/multirobot_map_merge/share/multirobot_map_merge/hook/cmake_prefix_path.sh'
[146.138s] Level 1:colcon.colcon_core.environment:checking '/home/crazy_rat/ros2_ws/install/multirobot_map_merge/lib'
[146.138s] Level 1:colcon.colcon_core.environment:checking '/home/crazy_rat/ros2_ws/install/multirobot_map_merge/bin'
[146.138s] Level 1:colcon.colcon_core.environment:checking '/home/crazy_rat/ros2_ws/install/multirobot_map_merge/lib/pkgconfig/multirobot_map_merge.pc'
[146.138s] Level 1:colcon.colcon_core.environment:checking '/home/crazy_rat/ros2_ws/install/multirobot_map_merge/lib/python3.12/site-packages'
[146.139s] Level 1:colcon.colcon_core.environment:checking '/home/crazy_rat/ros2_ws/install/multirobot_map_merge/bin'
[146.139s] INFO:colcon.colcon_core.shell:Creating package script '/home/crazy_rat/ros2_ws/install/multirobot_map_merge/share/multirobot_map_merge/package.ps1'
[146.140s] INFO:colcon.colcon_core.shell:Creating package descriptor '/home/crazy_rat/ros2_ws/install/multirobot_map_merge/share/multirobot_map_merge/package.dsv'
[146.140s] INFO:colcon.colcon_core.shell:Creating package script '/home/crazy_rat/ros2_ws/install/multirobot_map_merge/share/multirobot_map_merge/package.sh'
[146.140s] INFO:colcon.colcon_core.shell:Creating package script '/home/crazy_rat/ros2_ws/install/multirobot_map_merge/share/multirobot_map_merge/package.bash'
[146.141s] INFO:colcon.colcon_core.shell:Creating package script '/home/crazy_rat/ros2_ws/install/multirobot_map_merge/share/multirobot_map_merge/package.zsh'
[146.141s] Level 1:colcon.colcon_core.environment:create_file_with_runtime_dependencies(/home/crazy_rat/ros2_ws/install/multirobot_map_merge/share/colcon-core/packages/multirobot_map_merge)
[146.142s] Level 1:colcon.colcon_core.environment:create_environment_scripts_only(multirobot_map_merge)
[146.142s] Level 1:colcon.colcon_core.environment:checking '/home/crazy_rat/ros2_ws/install/multirobot_map_merge' for CMake module files
[146.143s] Level 1:colcon.colcon_core.environment:checking '/home/crazy_rat/ros2_ws/install/multirobot_map_merge' for CMake config files
[146.143s] Level 1:colcon.colcon_core.shell:create_environment_hook('multirobot_map_merge', 'cmake_prefix_path')
[146.144s] INFO:colcon.colcon_core.shell:Creating environment hook '/home/crazy_rat/ros2_ws/install/multirobot_map_merge/share/multirobot_map_merge/hook/cmake_prefix_path.ps1'
[146.144s] INFO:colcon.colcon_core.shell:Creating environment descriptor '/home/crazy_rat/ros2_ws/install/multirobot_map_merge/share/multirobot_map_merge/hook/cmake_prefix_path.dsv'
[146.145s] INFO:colcon.colcon_core.shell:Creating environment hook '/home/crazy_rat/ros2_ws/install/multirobot_map_merge/share/multirobot_map_merge/hook/cmake_prefix_path.sh'
[146.146s] Level 1:colcon.colcon_core.environment:checking '/home/crazy_rat/ros2_ws/install/multirobot_map_merge/lib'
[146.146s] Level 1:colcon.colcon_core.environment:checking '/home/crazy_rat/ros2_ws/install/multirobot_map_merge/bin'
[146.146s] Level 1:colcon.colcon_core.environment:checking '/home/crazy_rat/ros2_ws/install/multirobot_map_merge/lib/pkgconfig/multirobot_map_merge.pc'
[146.147s] Level 1:colcon.colcon_core.environment:checking '/home/crazy_rat/ros2_ws/install/multirobot_map_merge/lib/python3.12/site-packages'
[146.147s] Level 1:colcon.colcon_core.environment:checking '/home/crazy_rat/ros2_ws/install/multirobot_map_merge/bin'
[146.148s] INFO:colcon.colcon_core.shell:Creating package script '/home/crazy_rat/ros2_ws/install/multirobot_map_merge/share/multirobot_map_merge/package.ps1'
[146.148s] INFO:colcon.colcon_core.shell:Creating package descriptor '/home/crazy_rat/ros2_ws/install/multirobot_map_merge/share/multirobot_map_merge/package.dsv'
[146.149s] INFO:colcon.colcon_core.shell:Creating package script '/home/crazy_rat/ros2_ws/install/multirobot_map_merge/share/multirobot_map_merge/package.sh'
[146.150s] INFO:colcon.colcon_core.shell:Creating package script '/home/crazy_rat/ros2_ws/install/multirobot_map_merge/share/multirobot_map_merge/package.bash'
[146.151s] INFO:colcon.colcon_core.shell:Creating package script '/home/crazy_rat/ros2_ws/install/multirobot_map_merge/share/multirobot_map_merge/package.zsh'
[146.152s] Level 1:colcon.colcon_core.environment:create_file_with_runtime_dependencies(/home/crazy_rat/ros2_ws/install/multirobot_map_merge/share/colcon-core/packages/multirobot_map_merge)
[146.154s] DEBUG:colcon.colcon_parallel_executor.executor.parallel:closing loop
[146.154s] DEBUG:colcon.colcon_parallel_executor.executor.parallel:loop closed
[146.154s] DEBUG:colcon.colcon_parallel_executor.executor.parallel:run_until_complete finished with '0'
[146.155s] DEBUG:colcon.colcon_core.event_reactor:joining thread
[146.164s] INFO:colcon.colcon_core.plugin_system:Skipping extension 'colcon_notification.desktop_notification.terminal_notifier': Not used on non-Darwin systems
[146.164s] INFO:colcon.colcon_core.plugin_system:Skipping extension 'colcon_notification.desktop_notification.win32': Not used on non-Windows systems
[146.164s] INFO:colcon.colcon_notification.desktop_notification:Sending desktop notification using 'notify2'
[146.185s] DEBUG:colcon.colcon_core.event_reactor:joined thread
[146.185s] INFO:colcon.colcon_core.shell:Creating prefix script '/home/crazy_rat/ros2_ws/install/local_setup.ps1'
[146.187s] INFO:colcon.colcon_core.shell:Creating prefix util module '/home/crazy_rat/ros2_ws/install/_local_setup_util_ps1.py'
[146.188s] INFO:colcon.colcon_core.shell:Creating prefix chain script '/home/crazy_rat/ros2_ws/install/setup.ps1'
[146.190s] INFO:colcon.colcon_core.shell:Creating prefix script '/home/crazy_rat/ros2_ws/install/local_setup.sh'
[146.192s] INFO:colcon.colcon_core.shell:Creating prefix util module '/home/crazy_rat/ros2_ws/install/_local_setup_util_sh.py'
[146.194s] INFO:colcon.colcon_core.shell:Creating prefix chain script '/home/crazy_rat/ros2_ws/install/setup.sh'
[146.196s] INFO:colcon.colcon_core.shell:Creating prefix script '/home/crazy_rat/ros2_ws/install/local_setup.bash'
[146.198s] INFO:colcon.colcon_core.shell:Creating prefix chain script '/home/crazy_rat/ros2_ws/install/setup.bash'
[146.200s] INFO:colcon.colcon_core.shell:Creating prefix script '/home/crazy_rat/ros2_ws/install/local_setup.zsh'
[146.204s] INFO:colcon.colcon_core.shell:Creating prefix chain script '/home/crazy_rat/ros2_ws/install/setup.zsh'
