running develop
Removing /home/crazy_rat/ros2_ws/install/autonomous_exploration/lib/python3.12/site-packages/autonomous-exploration.egg-link (link to .)
running egg_info
writing ../../../build/autonomous_exploration/autonomous_exploration.egg-info/PKG-INFO
writing dependency_links to ../../../build/autonomous_exploration/autonomous_exploration.egg-info/dependency_links.txt
writing entry points to ../../../build/autonomous_exploration/autonomous_exploration.egg-info/entry_points.txt
writing requirements to ../../../build/autonomous_exploration/autonomous_exploration.egg-info/requires.txt
writing top-level names to ../../../build/autonomous_exploration/autonomous_exploration.egg-info/top_level.txt
reading manifest file '../../../build/autonomous_exploration/autonomous_exploration.egg-info/SOURCES.txt'
writing manifest file '../../../build/autonomous_exploration/autonomous_exploration.egg-info/SOURCES.txt'
running build
running build_py
creating /home/crazy_rat/ros2_ws/build/autonomous_exploration/build
creating /home/crazy_rat/ros2_ws/build/autonomous_exploration/build/lib
creating /home/crazy_rat/ros2_ws/build/autonomous_exploration/build/lib/autonomous_exploration
copying autonomous_exploration/control.py -> /home/crazy_rat/ros2_ws/build/autonomous_exploration/build/lib/autonomous_exploration
copying autonomous_exploration/__init__.py -> /home/crazy_rat/ros2_ws/build/autonomous_exploration/build/lib/autonomous_exploration
running install
running install_lib
creating /home/crazy_rat/ros2_ws/install/autonomous_exploration/lib/python3.12/site-packages/autonomous_exploration
copying /home/crazy_rat/ros2_ws/build/autonomous_exploration/build/lib/autonomous_exploration/control.py -> /home/crazy_rat/ros2_ws/install/autonomous_exploration/lib/python3.12/site-packages/autonomous_exploration
copying /home/crazy_rat/ros2_ws/build/autonomous_exploration/build/lib/autonomous_exploration/__init__.py -> /home/crazy_rat/ros2_ws/install/autonomous_exploration/lib/python3.12/site-packages/autonomous_exploration
byte-compiling /home/crazy_rat/ros2_ws/install/autonomous_exploration/lib/python3.12/site-packages/autonomous_exploration/control.py to control.cpython-312.pyc
byte-compiling /home/crazy_rat/ros2_ws/install/autonomous_exploration/lib/python3.12/site-packages/autonomous_exploration/__init__.py to __init__.cpython-312.pyc
running install_data
copying resource/autonomous_exploration -> /home/crazy_rat/ros2_ws/install/autonomous_exploration/share/ament_index/resource_index/packages
copying package.xml -> /home/crazy_rat/ros2_ws/install/autonomous_exploration/share/autonomous_exploration
running install_egg_info
Copying ../../../build/autonomous_exploration/autonomous_exploration.egg-info to /home/crazy_rat/ros2_ws/install/autonomous_exploration/lib/python3.12/site-packages/autonomous_exploration-0.0.0-py3.12.egg-info
running install_scripts
Installing control script to /home/crazy_rat/ros2_ws/install/autonomous_exploration/lib/autonomous_exploration
writing list of installed files to '/home/crazy_rat/ros2_ws/build/autonomous_exploration/install.log'
