[2.891s] Invoking command in '/home/crazy_rat/ros2_ws/build/autonomous_exploration': DEBUGINFOD_URLS=https://debuginfod.ubuntu.com PYTHONPATH=/home/crazy_rat/ros2_ws/build/autonomous_exploration/prefix_override:/usr/lib/python3/dist-packages/colcon_core/task/python/colcon_distutils_commands:/home/crazy_rat/ros2_ws/install/autonomous_exploration/lib/python3.12/site-packages:${PYTHONPATH} /usr/bin/python3 -W ignore:setup.py install is deprecated -W ignore:easy_install command is deprecated setup.py develop --uninstall --editable --build-directory /home/crazy_rat/ros2_ws/build/autonomous_exploration/build
[3.561s] running develop
[4.087s] Removing /home/crazy_rat/ros2_ws/install/autonomous_exploration/lib/python3.12/site-packages/autonomous-exploration.egg-link (link to .)
[4.240s] Invoked command in '/home/crazy_rat/ros2_ws/build/autonomous_exploration' returned '0': DEBUGINFOD_URLS=https://debuginfod.ubuntu.com PYTHONPATH=/home/crazy_rat/ros2_ws/build/autonomous_exploration/prefix_override:/usr/lib/python3/dist-packages/colcon_core/task/python/colcon_distutils_commands:/home/crazy_rat/ros2_ws/install/autonomous_exploration/lib/python3.12/site-packages:${PYTHONPATH} /usr/bin/python3 -W ignore:setup.py install is deprecated -W ignore:easy_install command is deprecated setup.py develop --uninstall --editable --build-directory /home/crazy_rat/ros2_ws/build/autonomous_exploration/build
[4.245s] Invoking command in '/home/crazy_rat/ros2_ws/src/ROS2-FrontierBaseExplorationForAutonomousRobot/autonomous_exploration': DEBUGINFOD_URLS=https://debuginfod.ubuntu.com PYTHONPATH=/home/crazy_rat/ros2_ws/build/autonomous_exploration/prefix_override:/usr/lib/python3/dist-packages/colcon_core/task/python/colcon_distutils_commands:/home/crazy_rat/ros2_ws/install/autonomous_exploration/lib/python3.12/site-packages:${PYTHONPATH} /usr/bin/python3 -W ignore:setup.py install is deprecated -W ignore:easy_install command is deprecated setup.py egg_info --egg-base ../../../build/autonomous_exploration build --build-base /home/crazy_rat/ros2_ws/build/autonomous_exploration/build install --record /home/crazy_rat/ros2_ws/build/autonomous_exploration/install.log --single-version-externally-managed install_data --force
[4.856s] running egg_info
[4.895s] writing ../../../build/autonomous_exploration/autonomous_exploration.egg-info/PKG-INFO
[4.896s] writing dependency_links to ../../../build/autonomous_exploration/autonomous_exploration.egg-info/dependency_links.txt
[4.900s] writing entry points to ../../../build/autonomous_exploration/autonomous_exploration.egg-info/entry_points.txt
[4.900s] writing requirements to ../../../build/autonomous_exploration/autonomous_exploration.egg-info/requires.txt
[4.900s] writing top-level names to ../../../build/autonomous_exploration/autonomous_exploration.egg-info/top_level.txt
[4.965s] reading manifest file '../../../build/autonomous_exploration/autonomous_exploration.egg-info/SOURCES.txt'
[4.967s] writing manifest file '../../../build/autonomous_exploration/autonomous_exploration.egg-info/SOURCES.txt'
[5.089s] running build
[5.090s] running build_py
[5.090s] creating /home/crazy_rat/ros2_ws/build/autonomous_exploration/build
[5.091s] creating /home/crazy_rat/ros2_ws/build/autonomous_exploration/build/lib
[5.091s] creating /home/crazy_rat/ros2_ws/build/autonomous_exploration/build/lib/autonomous_exploration
[5.091s] copying autonomous_exploration/control.py -> /home/crazy_rat/ros2_ws/build/autonomous_exploration/build/lib/autonomous_exploration
[5.091s] copying autonomous_exploration/__init__.py -> /home/crazy_rat/ros2_ws/build/autonomous_exploration/build/lib/autonomous_exploration
[5.091s] running install
[5.107s] running install_lib
[5.160s] creating /home/crazy_rat/ros2_ws/install/autonomous_exploration/lib/python3.12/site-packages/autonomous_exploration
[5.160s] copying /home/crazy_rat/ros2_ws/build/autonomous_exploration/build/lib/autonomous_exploration/control.py -> /home/crazy_rat/ros2_ws/install/autonomous_exploration/lib/python3.12/site-packages/autonomous_exploration
[5.160s] copying /home/crazy_rat/ros2_ws/build/autonomous_exploration/build/lib/autonomous_exploration/__init__.py -> /home/crazy_rat/ros2_ws/install/autonomous_exploration/lib/python3.12/site-packages/autonomous_exploration
[5.165s] byte-compiling /home/crazy_rat/ros2_ws/install/autonomous_exploration/lib/python3.12/site-packages/autonomous_exploration/control.py to control.cpython-312.pyc
[5.175s] byte-compiling /home/crazy_rat/ros2_ws/install/autonomous_exploration/lib/python3.12/site-packages/autonomous_exploration/__init__.py to __init__.cpython-312.pyc
[5.175s] running install_data
[5.175s] copying resource/autonomous_exploration -> /home/crazy_rat/ros2_ws/install/autonomous_exploration/share/ament_index/resource_index/packages
[5.175s] copying package.xml -> /home/crazy_rat/ros2_ws/install/autonomous_exploration/share/autonomous_exploration
[5.175s] running install_egg_info
[5.214s] Copying ../../../build/autonomous_exploration/autonomous_exploration.egg-info to /home/crazy_rat/ros2_ws/install/autonomous_exploration/lib/python3.12/site-packages/autonomous_exploration-0.0.0-py3.12.egg-info
[5.216s] running install_scripts
[5.435s] Installing control script to /home/crazy_rat/ros2_ws/install/autonomous_exploration/lib/autonomous_exploration
[5.466s] writing list of installed files to '/home/crazy_rat/ros2_ws/build/autonomous_exploration/install.log'
[5.583s] Invoked command in '/home/crazy_rat/ros2_ws/src/ROS2-FrontierBaseExplorationForAutonomousRobot/autonomous_exploration' returned '0': DEBUGINFOD_URLS=https://debuginfod.ubuntu.com PYTHONPATH=/home/crazy_rat/ros2_ws/build/autonomous_exploration/prefix_override:/usr/lib/python3/dist-packages/colcon_core/task/python/colcon_distutils_commands:/home/crazy_rat/ros2_ws/install/autonomous_exploration/lib/python3.12/site-packages:${PYTHONPATH} /usr/bin/python3 -W ignore:setup.py install is deprecated -W ignore:easy_install command is deprecated setup.py egg_info --egg-base ../../../build/autonomous_exploration build --build-base /home/crazy_rat/ros2_ws/build/autonomous_exploration/build install --record /home/crazy_rat/ros2_ws/build/autonomous_exploration/install.log --single-version-externally-managed install_data --force
