[0.504s] Invoking command in '/home/crazy_rat/ros2_ws/build/explore_lite': CMAKE_PREFIX_PATH=${CMAKE_PREFIX_PATH}:/opt/ros/jazzy DEBUGINFOD_URLS=https://debuginfod.ubuntu.com /usr/bin/cmake /home/crazy_rat/ros2_ws/src/m-explore-ros2/explore -DCMAKE_INSTALL_PREFIX=/home/crazy_rat/ros2_ws/install/explore_lite
[0.633s] -- The C compiler identification is GNU 13.3.0
[0.754s] -- The CXX compiler identification is GNU 13.3.0
[0.784s] -- Detecting C compiler ABI info
[1.118s] -- Detecting C compiler ABI info - done
[1.145s] -- Check for working C compiler: /usr/bin/cc - skipped
[1.147s] -- Detecting C compile features
[1.148s] -- Detecting C compile features - done
[1.178s] -- Detecting CXX compiler ABI info
[1.717s] -- Detecting CXX compiler ABI info - done
[1.750s] -- Check for working CXX compiler: /usr/bin/c++ - skipped
[1.753s] -- Detecting CXX compile features
[1.753s] -- Detecting CXX compile features - done
[1.762s] -- BuilD for ROS2: jazzy
[1.774s] -- Found ament_cmake: 2.5.4 (/opt/ros/jazzy/share/ament_cmake/cmake)
[2.180s] -- Found Python3: /usr/bin/python3 (found version "3.12.3") found components: Interpreter 
[2.396s] -- Found rclcpp: 28.1.13 (/opt/ros/jazzy/share/rclcpp/cmake)
[2.454s] -- Found rosidl_generator_c: 4.6.6 (/opt/ros/jazzy/share/rosidl_generator_c/cmake)
[2.477s] -- Found rosidl_generator_cpp: 4.6.6 (/opt/ros/jazzy/share/rosidl_generator_cpp/cmake)
[2.506s] -- Using all available rosidl_typesupport_c: rosidl_typesupport_fastrtps_c;rosidl_typesupport_introspection_c
[2.538s] -- Using all available rosidl_typesupport_cpp: rosidl_typesupport_fastrtps_cpp;rosidl_typesupport_introspection_cpp
[2.729s] -- Found rmw_implementation_cmake: 7.3.2 (/opt/ros/jazzy/share/rmw_implementation_cmake/cmake)
[2.739s] -- Found rmw_fastrtps_cpp: 8.4.3 (/opt/ros/jazzy/share/rmw_fastrtps_cpp/cmake)
[2.954s] -- Found OpenSSL: /usr/lib/aarch64-linux-gnu/libcrypto.so (found version "3.0.13")  
[2.989s] -- Found FastRTPS: /opt/ros/jazzy/include (Required is at least version "2.13") 
[3.038s] -- Using RMW implementation 'rmw_fastrtps_cpp' as default
[3.163s] -- Found std_msgs: 5.3.6 (/opt/ros/jazzy/share/std_msgs/cmake)
[3.191s] -- Found sensor_msgs: 5.3.6 (/opt/ros/jazzy/share/sensor_msgs/cmake)
[3.268s] -- Found tf2_ros: 0.36.16 (/opt/ros/jazzy/share/tf2_ros/cmake)
[3.789s] -- Found tf2_geometry_msgs: 0.36.16 (/opt/ros/jazzy/share/tf2_geometry_msgs/cmake)
[3.825s] -- Found eigen3_cmake_module: 0.3.0 (/opt/ros/jazzy/share/eigen3_cmake_module/cmake)
[3.828s] -- Found Eigen3: TRUE (found version "3.4.0") 
[3.829s] -- Ensuring Eigen3 include directory is part of orocos-kdl CMake target
[3.835s] -- Found nav2_msgs: 1.3.10 (/opt/ros/jazzy/share/nav2_msgs/cmake)
[4.141s] -- Found map_msgs: 2.4.1 (/opt/ros/jazzy/share/map_msgs/cmake)
[4.270s] -- Found visualization_msgs: 5.3.6 (/opt/ros/jazzy/share/visualization_msgs/cmake)
[4.400s] -- Found nav2_costmap_2d: 1.3.10 (/opt/ros/jazzy/share/nav2_costmap_2d/cmake)
[5.166s] -- Found ament_lint_auto: 0.17.3 (/opt/ros/jazzy/share/ament_lint_auto/cmake)
[5.987s] -- Found ament_cmake_gtest: 2.5.4 (/opt/ros/jazzy/share/ament_cmake_gtest/cmake)
[5.990s] -- Found gtest sources under '/opt/ros/jazzy/src/gtest_vendor': C++ tests using 'Google Test' will be built
[6.006s] -- Performing Test CMAKE_HAVE_LIBC_PTHREAD
[6.214s] -- Performing Test CMAKE_HAVE_LIBC_PTHREAD - Success
[6.215s] -- Found Threads: TRUE  
[6.233s] -- Added test 'cppcheck' to perform static code analysis on C / C++ code
[6.234s] -- Configured cppcheck include dirs: /home/crazy_rat/ros2_ws/src/m-explore-ros2/explore/include;$<BUILD_INTERFACE:/home/crazy_rat/ros2_ws/src/m-explore-ros2/explore/include>
[6.234s] -- Configured cppcheck exclude dirs and/or files: 
[6.235s] -- Added test 'flake8' to check Python code syntax and style conventions
[6.236s] -- Configured 'flake8' exclude dirs and/or files: 
[6.239s] -- Added test 'lint_cmake' to check CMake code style
[6.241s] -- Added test 'pep257' to check Python code against some of the docstring style conventions in PEP 257
[6.243s] -- Added test 'uncrustify' to check C / C++ code style
[6.244s] -- Configured uncrustify additional arguments: 
[6.245s] -- Added test 'xmllint' to check XML markup files
[6.248s] -- Configuring done (5.7s)
[6.453s] -- Generating done (0.1s)
[6.482s] -- Build files have been written to: /home/crazy_rat/ros2_ws/build/explore_lite
[6.519s] Invoked command in '/home/crazy_rat/ros2_ws/build/explore_lite' returned '0': CMAKE_PREFIX_PATH=${CMAKE_PREFIX_PATH}:/opt/ros/jazzy DEBUGINFOD_URLS=https://debuginfod.ubuntu.com /usr/bin/cmake /home/crazy_rat/ros2_ws/src/m-explore-ros2/explore -DCMAKE_INSTALL_PREFIX=/home/crazy_rat/ros2_ws/install/explore_lite
[6.521s] Invoking command in '/home/crazy_rat/ros2_ws/build/explore_lite': CMAKE_PREFIX_PATH=${CMAKE_PREFIX_PATH}:/opt/ros/jazzy DEBUGINFOD_URLS=https://debuginfod.ubuntu.com /usr/bin/cmake --build /home/crazy_rat/ros2_ws/build/explore_lite -- -j4 -l4
[6.645s] [ 20%] [32mBuilding CXX object gtest/CMakeFiles/gtest.dir/src/gtest-all.cc.o[0m
[6.645s] [ 20%] [32mBuilding CXX object gtest/CMakeFiles/gtest_main.dir/src/gtest_main.cc.o[0m
[6.656s] [ 30%] [32mBuilding CXX object CMakeFiles/explore.dir/src/costmap_client.cpp.o[0m
[6.662s] [ 40%] [32mBuilding CXX object CMakeFiles/explore.dir/src/explore.cpp.o[0m
[8.300s] [ 50%] [32m[1mLinking CXX static library libgtest_main.a[0m
[8.449s] [ 50%] Built target gtest_main
[8.481s] [ 60%] [32mBuilding CXX object CMakeFiles/explore.dir/src/frontier_search.cpp.o[0m
[16.447s] [ 70%] [32m[1mLinking CXX static library libgtest.a[0m
[16.715s] [ 70%] Built target gtest
[16.772s] [ 80%] [32mBuilding CXX object CMakeFiles/test_explore.dir/test/test_explore.cpp.o[0m
[19.648s] [ 90%] [32m[1mLinking CXX executable test_explore[0m
[21.143s] [ 90%] Built target test_explore
[34.819s] [100%] [32m[1mLinking CXX executable explore[0m
[41.591s] [100%] Built target explore
[41.613s] Invoked command in '/home/crazy_rat/ros2_ws/build/explore_lite' returned '0': CMAKE_PREFIX_PATH=${CMAKE_PREFIX_PATH}:/opt/ros/jazzy DEBUGINFOD_URLS=https://debuginfod.ubuntu.com /usr/bin/cmake --build /home/crazy_rat/ros2_ws/build/explore_lite -- -j4 -l4
[41.615s] Invoking command in '/home/crazy_rat/ros2_ws/build/explore_lite': CMAKE_PREFIX_PATH=${CMAKE_PREFIX_PATH}:/opt/ros/jazzy DEBUGINFOD_URLS=https://debuginfod.ubuntu.com /usr/bin/cmake --install /home/crazy_rat/ros2_ws/build/explore_lite
[41.646s] -- Install configuration: ""
[41.646s] -- Installing: /home/crazy_rat/ros2_ws/install/explore_lite/include/explore/
[41.647s] -- Installing: /home/crazy_rat/ros2_ws/install/explore_lite/include/explore//costmap_client.h
[41.647s] -- Installing: /home/crazy_rat/ros2_ws/install/explore_lite/include/explore//costmap_tools.h
[41.647s] -- Installing: /home/crazy_rat/ros2_ws/install/explore_lite/include/explore//explore.h
[41.647s] -- Installing: /home/crazy_rat/ros2_ws/install/explore_lite/include/explore//frontier_search.h
[41.647s] -- Installing: /home/crazy_rat/ros2_ws/install/explore_lite/share/explore_lite/config
[41.647s] -- Installing: /home/crazy_rat/ros2_ws/install/explore_lite/share/explore_lite/config/params_costmap.yaml
[41.647s] -- Installing: /home/crazy_rat/ros2_ws/install/explore_lite/share/explore_lite/config/params.yaml
[41.648s] -- Installing: /home/crazy_rat/ros2_ws/install/explore_lite/share/explore_lite/launch
[41.648s] -- Installing: /home/crazy_rat/ros2_ws/install/explore_lite/share/explore_lite/launch/explore.launch.py
[41.648s] -- Installing: /home/crazy_rat/ros2_ws/install/explore_lite/lib/explore_lite/explore
[41.672s] -- Set non-toolchain portion of runtime path of "/home/crazy_rat/ros2_ws/install/explore_lite/lib/explore_lite/explore" to ""
[41.672s] -- Installing: /home/crazy_rat/ros2_ws/install/explore_lite/share/ament_index/resource_index/package_run_dependencies/explore_lite
[41.672s] -- Installing: /home/crazy_rat/ros2_ws/install/explore_lite/share/ament_index/resource_index/parent_prefix_path/explore_lite
[41.672s] -- Installing: /home/crazy_rat/ros2_ws/install/explore_lite/share/explore_lite/environment/ament_prefix_path.sh
[41.672s] -- Installing: /home/crazy_rat/ros2_ws/install/explore_lite/share/explore_lite/environment/ament_prefix_path.dsv
[41.673s] -- Installing: /home/crazy_rat/ros2_ws/install/explore_lite/share/explore_lite/environment/path.sh
[41.673s] -- Installing: /home/crazy_rat/ros2_ws/install/explore_lite/share/explore_lite/environment/path.dsv
[41.673s] -- Installing: /home/crazy_rat/ros2_ws/install/explore_lite/share/explore_lite/local_setup.bash
[41.673s] -- Installing: /home/crazy_rat/ros2_ws/install/explore_lite/share/explore_lite/local_setup.sh
[41.673s] -- Installing: /home/crazy_rat/ros2_ws/install/explore_lite/share/explore_lite/local_setup.zsh
[41.673s] -- Installing: /home/crazy_rat/ros2_ws/install/explore_lite/share/explore_lite/local_setup.dsv
[41.674s] -- Installing: /home/crazy_rat/ros2_ws/install/explore_lite/share/explore_lite/package.dsv
[41.674s] -- Installing: /home/crazy_rat/ros2_ws/install/explore_lite/share/ament_index/resource_index/packages/explore_lite
[41.674s] -- Installing: /home/crazy_rat/ros2_ws/install/explore_lite/share/explore_lite/cmake/ament_cmake_export_include_directories-extras.cmake
[41.674s] -- Installing: /home/crazy_rat/ros2_ws/install/explore_lite/share/explore_lite/cmake/explore_liteConfig.cmake
[41.674s] -- Installing: /home/crazy_rat/ros2_ws/install/explore_lite/share/explore_lite/cmake/explore_liteConfig-version.cmake
[41.675s] -- Installing: /home/crazy_rat/ros2_ws/install/explore_lite/share/explore_lite/package.xml
[41.678s] Invoked command in '/home/crazy_rat/ros2_ws/build/explore_lite' returned '0': CMAKE_PREFIX_PATH=${CMAKE_PREFIX_PATH}:/opt/ros/jazzy DEBUGINFOD_URLS=https://debuginfod.ubuntu.com /usr/bin/cmake --install /home/crazy_rat/ros2_ws/build/explore_lite
