[2.188s] Invoking command in '/home/crazy_rat/ros2_ws/src/navigation2/nav2_simple_commander': AMENT_PREFIX_PATH=/home/crazy_rat/ros2_ws/install/nav2_msgs:/home/crazy_rat/ros2_ws/install/nav2_common:${AMENT_PREFIX_PATH} CMAKE_PREFIX_PATH=/home/crazy_rat/ros2_ws/install/nav2_msgs:/home/crazy_rat/ros2_ws/install/nav2_common:${CMAKE_PREFIX_PATH} DEBUGINFOD_URLS=https://debuginfod.ubuntu.com LD_LIBRARY_PATH=/home/crazy_rat/ros2_ws/install/nav2_msgs/lib:${LD_LIBRARY_PATH} PYTHONPATH=/home/crazy_rat/ros2_ws/build/nav2_simple_commander/prefix_override:/usr/lib/python3/dist-packages/colcon_core/task/python/colcon_distutils_commands:/home/crazy_rat/ros2_ws/install/nav2_simple_commander/lib/python3.12/site-packages:/home/crazy_rat/ros2_ws/install/nav2_msgs/lib/python3.12/site-packages:/home/crazy_rat/ros2_ws/install/nav2_common/lib/python3.12/site-packages:${PYTHONPATH} /usr/bin/python3 -W ignore:setup.py install is deprecated -W ignore:easy_install command is deprecated setup.py egg_info --egg-base ../../../build/nav2_simple_commander build --build-base /home/crazy_rat/ros2_ws/build/nav2_simple_commander/build install --record /home/crazy_rat/ros2_ws/build/nav2_simple_commander/install.log --single-version-externally-managed install_data
[2.780s] running egg_info
[2.781s] creating ../../../build/nav2_simple_commander/nav2_simple_commander.egg-info
[2.832s] writing ../../../build/nav2_simple_commander/nav2_simple_commander.egg-info/PKG-INFO
[2.832s] writing dependency_links to ../../../build/nav2_simple_commander/nav2_simple_commander.egg-info/dependency_links.txt
[2.832s] writing entry points to ../../../build/nav2_simple_commander/nav2_simple_commander.egg-info/entry_points.txt
[2.833s] writing requirements to ../../../build/nav2_simple_commander/nav2_simple_commander.egg-info/requires.txt
[2.833s] writing top-level names to ../../../build/nav2_simple_commander/nav2_simple_commander.egg-info/top_level.txt
[2.833s] writing manifest file '../../../build/nav2_simple_commander/nav2_simple_commander.egg-info/SOURCES.txt'
[2.895s] reading manifest file '../../../build/nav2_simple_commander/nav2_simple_commander.egg-info/SOURCES.txt'
[2.896s] writing manifest file '../../../build/nav2_simple_commander/nav2_simple_commander.egg-info/SOURCES.txt'
[2.896s] running build
[2.897s] running build_py
[2.897s] creating /home/crazy_rat/ros2_ws/build/nav2_simple_commander/build
[2.897s] creating /home/crazy_rat/ros2_ws/build/nav2_simple_commander/build/lib
[2.902s] creating /home/crazy_rat/ros2_ws/build/nav2_simple_commander/build/lib/nav2_simple_commander
[2.902s] copying nav2_simple_commander/example_follow_path.py -> /home/crazy_rat/ros2_ws/build/nav2_simple_commander/build/lib/nav2_simple_commander
[2.902s] copying nav2_simple_commander/demo_picking.py -> /home/crazy_rat/ros2_ws/build/nav2_simple_commander/build/lib/nav2_simple_commander
[2.902s] copying nav2_simple_commander/example_assisted_teleop.py -> /home/crazy_rat/ros2_ws/build/nav2_simple_commander/build/lib/nav2_simple_commander
[2.902s] copying nav2_simple_commander/example_route.py -> /home/crazy_rat/ros2_ws/build/nav2_simple_commander/build/lib/nav2_simple_commander
[2.902s] copying nav2_simple_commander/example_nav_through_poses.py -> /home/crazy_rat/ros2_ws/build/nav2_simple_commander/build/lib/nav2_simple_commander
[2.903s] copying nav2_simple_commander/costmap_2d.py -> /home/crazy_rat/ros2_ws/build/nav2_simple_commander/build/lib/nav2_simple_commander
[2.903s] copying nav2_simple_commander/robot_navigator.py -> /home/crazy_rat/ros2_ws/build/nav2_simple_commander/build/lib/nav2_simple_commander
[2.903s] copying nav2_simple_commander/footprint_collision_checker.py -> /home/crazy_rat/ros2_ws/build/nav2_simple_commander/build/lib/nav2_simple_commander
[2.903s] copying nav2_simple_commander/utils.py -> /home/crazy_rat/ros2_ws/build/nav2_simple_commander/build/lib/nav2_simple_commander
[2.903s] copying nav2_simple_commander/demo_security.py -> /home/crazy_rat/ros2_ws/build/nav2_simple_commander/build/lib/nav2_simple_commander
[2.903s] copying nav2_simple_commander/demo_recoveries.py -> /home/crazy_rat/ros2_ws/build/nav2_simple_commander/build/lib/nav2_simple_commander
[2.903s] copying nav2_simple_commander/example_waypoint_follower.py -> /home/crazy_rat/ros2_ws/build/nav2_simple_commander/build/lib/nav2_simple_commander
[2.903s] copying nav2_simple_commander/__init__.py -> /home/crazy_rat/ros2_ws/build/nav2_simple_commander/build/lib/nav2_simple_commander
[2.904s] copying nav2_simple_commander/example_nav_to_pose.py -> /home/crazy_rat/ros2_ws/build/nav2_simple_commander/build/lib/nav2_simple_commander
[2.904s] copying nav2_simple_commander/line_iterator.py -> /home/crazy_rat/ros2_ws/build/nav2_simple_commander/build/lib/nav2_simple_commander
[2.904s] copying nav2_simple_commander/demo_inspection.py -> /home/crazy_rat/ros2_ws/build/nav2_simple_commander/build/lib/nav2_simple_commander
[2.907s] running install
[2.927s] running install_lib
[2.959s] creating /home/crazy_rat/ros2_ws/install/nav2_simple_commander/lib/python3.12/site-packages/nav2_simple_commander
[2.959s] copying /home/crazy_rat/ros2_ws/build/nav2_simple_commander/build/lib/nav2_simple_commander/example_follow_path.py -> /home/crazy_rat/ros2_ws/install/nav2_simple_commander/lib/python3.12/site-packages/nav2_simple_commander
[2.959s] copying /home/crazy_rat/ros2_ws/build/nav2_simple_commander/build/lib/nav2_simple_commander/demo_picking.py -> /home/crazy_rat/ros2_ws/install/nav2_simple_commander/lib/python3.12/site-packages/nav2_simple_commander
[2.959s] copying /home/crazy_rat/ros2_ws/build/nav2_simple_commander/build/lib/nav2_simple_commander/example_assisted_teleop.py -> /home/crazy_rat/ros2_ws/install/nav2_simple_commander/lib/python3.12/site-packages/nav2_simple_commander
[2.959s] copying /home/crazy_rat/ros2_ws/build/nav2_simple_commander/build/lib/nav2_simple_commander/example_route.py -> /home/crazy_rat/ros2_ws/install/nav2_simple_commander/lib/python3.12/site-packages/nav2_simple_commander
[2.960s] copying /home/crazy_rat/ros2_ws/build/nav2_simple_commander/build/lib/nav2_simple_commander/example_nav_through_poses.py -> /home/crazy_rat/ros2_ws/install/nav2_simple_commander/lib/python3.12/site-packages/nav2_simple_commander
[2.960s] copying /home/crazy_rat/ros2_ws/build/nav2_simple_commander/build/lib/nav2_simple_commander/costmap_2d.py -> /home/crazy_rat/ros2_ws/install/nav2_simple_commander/lib/python3.12/site-packages/nav2_simple_commander
[2.960s] copying /home/crazy_rat/ros2_ws/build/nav2_simple_commander/build/lib/nav2_simple_commander/robot_navigator.py -> /home/crazy_rat/ros2_ws/install/nav2_simple_commander/lib/python3.12/site-packages/nav2_simple_commander
[2.960s] copying /home/crazy_rat/ros2_ws/build/nav2_simple_commander/build/lib/nav2_simple_commander/footprint_collision_checker.py -> /home/crazy_rat/ros2_ws/install/nav2_simple_commander/lib/python3.12/site-packages/nav2_simple_commander
[2.960s] copying /home/crazy_rat/ros2_ws/build/nav2_simple_commander/build/lib/nav2_simple_commander/utils.py -> /home/crazy_rat/ros2_ws/install/nav2_simple_commander/lib/python3.12/site-packages/nav2_simple_commander
[2.961s] copying /home/crazy_rat/ros2_ws/build/nav2_simple_commander/build/lib/nav2_simple_commander/demo_security.py -> /home/crazy_rat/ros2_ws/install/nav2_simple_commander/lib/python3.12/site-packages/nav2_simple_commander
[2.961s] copying /home/crazy_rat/ros2_ws/build/nav2_simple_commander/build/lib/nav2_simple_commander/demo_recoveries.py -> /home/crazy_rat/ros2_ws/install/nav2_simple_commander/lib/python3.12/site-packages/nav2_simple_commander
[2.961s] copying /home/crazy_rat/ros2_ws/build/nav2_simple_commander/build/lib/nav2_simple_commander/example_waypoint_follower.py -> /home/crazy_rat/ros2_ws/install/nav2_simple_commander/lib/python3.12/site-packages/nav2_simple_commander
[2.961s] copying /home/crazy_rat/ros2_ws/build/nav2_simple_commander/build/lib/nav2_simple_commander/__init__.py -> /home/crazy_rat/ros2_ws/install/nav2_simple_commander/lib/python3.12/site-packages/nav2_simple_commander
[2.961s] copying /home/crazy_rat/ros2_ws/build/nav2_simple_commander/build/lib/nav2_simple_commander/example_nav_to_pose.py -> /home/crazy_rat/ros2_ws/install/nav2_simple_commander/lib/python3.12/site-packages/nav2_simple_commander
[2.961s] copying /home/crazy_rat/ros2_ws/build/nav2_simple_commander/build/lib/nav2_simple_commander/line_iterator.py -> /home/crazy_rat/ros2_ws/install/nav2_simple_commander/lib/python3.12/site-packages/nav2_simple_commander
[2.962s] copying /home/crazy_rat/ros2_ws/build/nav2_simple_commander/build/lib/nav2_simple_commander/demo_inspection.py -> /home/crazy_rat/ros2_ws/install/nav2_simple_commander/lib/python3.12/site-packages/nav2_simple_commander
[2.963s] byte-compiling /home/crazy_rat/ros2_ws/install/nav2_simple_commander/lib/python3.12/site-packages/nav2_simple_commander/example_follow_path.py to example_follow_path.cpython-312.pyc
[2.964s] byte-compiling /home/crazy_rat/ros2_ws/install/nav2_simple_commander/lib/python3.12/site-packages/nav2_simple_commander/demo_picking.py to demo_picking.cpython-312.pyc
[2.965s] byte-compiling /home/crazy_rat/ros2_ws/install/nav2_simple_commander/lib/python3.12/site-packages/nav2_simple_commander/example_assisted_teleop.py to example_assisted_teleop.cpython-312.pyc
[2.966s] byte-compiling /home/crazy_rat/ros2_ws/install/nav2_simple_commander/lib/python3.12/site-packages/nav2_simple_commander/example_route.py to example_route.cpython-312.pyc
[2.967s] byte-compiling /home/crazy_rat/ros2_ws/install/nav2_simple_commander/lib/python3.12/site-packages/nav2_simple_commander/example_nav_through_poses.py to example_nav_through_poses.cpython-312.pyc
[2.968s] byte-compiling /home/crazy_rat/ros2_ws/install/nav2_simple_commander/lib/python3.12/site-packages/nav2_simple_commander/costmap_2d.py to costmap_2d.cpython-312.pyc
[2.970s] byte-compiling /home/crazy_rat/ros2_ws/install/nav2_simple_commander/lib/python3.12/site-packages/nav2_simple_commander/robot_navigator.py to robot_navigator.cpython-312.pyc
[2.987s] byte-compiling /home/crazy_rat/ros2_ws/install/nav2_simple_commander/lib/python3.12/site-packages/nav2_simple_commander/footprint_collision_checker.py to footprint_collision_checker.cpython-312.pyc
[2.989s] byte-compiling /home/crazy_rat/ros2_ws/install/nav2_simple_commander/lib/python3.12/site-packages/nav2_simple_commander/utils.py to utils.cpython-312.pyc
[2.990s] byte-compiling /home/crazy_rat/ros2_ws/install/nav2_simple_commander/lib/python3.12/site-packages/nav2_simple_commander/demo_security.py to demo_security.cpython-312.pyc
[2.991s] byte-compiling /home/crazy_rat/ros2_ws/install/nav2_simple_commander/lib/python3.12/site-packages/nav2_simple_commander/demo_recoveries.py to demo_recoveries.cpython-312.pyc
[2.992s] byte-compiling /home/crazy_rat/ros2_ws/install/nav2_simple_commander/lib/python3.12/site-packages/nav2_simple_commander/example_waypoint_follower.py to example_waypoint_follower.cpython-312.pyc
[2.993s] byte-compiling /home/crazy_rat/ros2_ws/install/nav2_simple_commander/lib/python3.12/site-packages/nav2_simple_commander/__init__.py to __init__.cpython-312.pyc
[2.993s] byte-compiling /home/crazy_rat/ros2_ws/install/nav2_simple_commander/lib/python3.12/site-packages/nav2_simple_commander/example_nav_to_pose.py to example_nav_to_pose.cpython-312.pyc
[2.994s] byte-compiling /home/crazy_rat/ros2_ws/install/nav2_simple_commander/lib/python3.12/site-packages/nav2_simple_commander/line_iterator.py to line_iterator.cpython-312.pyc
[2.996s] byte-compiling /home/crazy_rat/ros2_ws/install/nav2_simple_commander/lib/python3.12/site-packages/nav2_simple_commander/demo_inspection.py to demo_inspection.cpython-312.pyc
[2.997s] running install_data
[2.997s] creating /home/crazy_rat/ros2_ws/install/nav2_simple_commander/share/ament_index
[2.997s] creating /home/crazy_rat/ros2_ws/install/nav2_simple_commander/share/ament_index/resource_index
[2.997s] creating /home/crazy_rat/ros2_ws/install/nav2_simple_commander/share/ament_index/resource_index/packages
[3.002s] copying resource/nav2_simple_commander -> /home/crazy_rat/ros2_ws/install/nav2_simple_commander/share/ament_index/resource_index/packages
[3.003s] copying package.xml -> /home/crazy_rat/ros2_ws/install/nav2_simple_commander/share/nav2_simple_commander
[3.004s] copying launch/nav_through_poses_example_launch.py -> /home/crazy_rat/ros2_ws/install/nav2_simple_commander/share/nav2_simple_commander
[3.005s] copying launch/inspection_demo_launch.py -> /home/crazy_rat/ros2_ws/install/nav2_simple_commander/share/nav2_simple_commander
[3.007s] copying launch/picking_demo_launch.py -> /home/crazy_rat/ros2_ws/install/nav2_simple_commander/share/nav2_simple_commander
[3.008s] copying launch/route_example_launch.py -> /home/crazy_rat/ros2_ws/install/nav2_simple_commander/share/nav2_simple_commander
[3.009s] copying launch/security_demo_launch.py -> /home/crazy_rat/ros2_ws/install/nav2_simple_commander/share/nav2_simple_commander
[3.010s] copying launch/recoveries_example_launch.py -> /home/crazy_rat/ros2_ws/install/nav2_simple_commander/share/nav2_simple_commander
[3.011s] copying launch/waypoint_follower_example_launch.py -> /home/crazy_rat/ros2_ws/install/nav2_simple_commander/share/nav2_simple_commander
[3.012s] copying launch/nav_to_pose_example_launch.py -> /home/crazy_rat/ros2_ws/install/nav2_simple_commander/share/nav2_simple_commander
[3.012s] copying launch/assisted_teleop_example_launch.py -> /home/crazy_rat/ros2_ws/install/nav2_simple_commander/share/nav2_simple_commander
[3.012s] copying launch/follow_path_example_launch.py -> /home/crazy_rat/ros2_ws/install/nav2_simple_commander/share/nav2_simple_commander
[3.012s] running install_egg_info
[3.055s] Copying ../../../build/nav2_simple_commander/nav2_simple_commander.egg-info to /home/crazy_rat/ros2_ws/install/nav2_simple_commander/lib/python3.12/site-packages/nav2_simple_commander-1.0.0-py3.12.egg-info
[3.056s] running install_scripts
[3.330s] Installing demo_inspection script to /home/crazy_rat/ros2_ws/install/nav2_simple_commander/lib/nav2_simple_commander
[3.331s] Installing demo_picking script to /home/crazy_rat/ros2_ws/install/nav2_simple_commander/lib/nav2_simple_commander
[3.331s] Installing demo_recoveries script to /home/crazy_rat/ros2_ws/install/nav2_simple_commander/lib/nav2_simple_commander
[3.331s] Installing demo_security script to /home/crazy_rat/ros2_ws/install/nav2_simple_commander/lib/nav2_simple_commander
[3.331s] Installing example_assisted_teleop script to /home/crazy_rat/ros2_ws/install/nav2_simple_commander/lib/nav2_simple_commander
[3.331s] Installing example_follow_path script to /home/crazy_rat/ros2_ws/install/nav2_simple_commander/lib/nav2_simple_commander
[3.331s] Installing example_nav_through_poses script to /home/crazy_rat/ros2_ws/install/nav2_simple_commander/lib/nav2_simple_commander
[3.332s] Installing example_nav_to_pose script to /home/crazy_rat/ros2_ws/install/nav2_simple_commander/lib/nav2_simple_commander
[3.332s] Installing example_route script to /home/crazy_rat/ros2_ws/install/nav2_simple_commander/lib/nav2_simple_commander
[3.332s] Installing example_waypoint_follower script to /home/crazy_rat/ros2_ws/install/nav2_simple_commander/lib/nav2_simple_commander
[3.333s] writing list of installed files to '/home/crazy_rat/ros2_ws/build/nav2_simple_commander/install.log'
[3.464s] Invoked command in '/home/crazy_rat/ros2_ws/src/navigation2/nav2_simple_commander' returned '0': AMENT_PREFIX_PATH=/home/crazy_rat/ros2_ws/install/nav2_msgs:/home/crazy_rat/ros2_ws/install/nav2_common:${AMENT_PREFIX_PATH} CMAKE_PREFIX_PATH=/home/crazy_rat/ros2_ws/install/nav2_msgs:/home/crazy_rat/ros2_ws/install/nav2_common:${CMAKE_PREFIX_PATH} DEBUGINFOD_URLS=https://debuginfod.ubuntu.com LD_LIBRARY_PATH=/home/crazy_rat/ros2_ws/install/nav2_msgs/lib:${LD_LIBRARY_PATH} PYTHONPATH=/home/crazy_rat/ros2_ws/build/nav2_simple_commander/prefix_override:/usr/lib/python3/dist-packages/colcon_core/task/python/colcon_distutils_commands:/home/crazy_rat/ros2_ws/install/nav2_simple_commander/lib/python3.12/site-packages:/home/crazy_rat/ros2_ws/install/nav2_msgs/lib/python3.12/site-packages:/home/crazy_rat/ros2_ws/install/nav2_common/lib/python3.12/site-packages:${PYTHONPATH} /usr/bin/python3 -W ignore:setup.py install is deprecated -W ignore:easy_install command is deprecated setup.py egg_info --egg-base ../../../build/nav2_simple_commander build --build-base /home/crazy_rat/ros2_ws/build/nav2_simple_commander/build install --record /home/crazy_rat/ros2_ws/build/nav2_simple_commander/install.log --single-version-externally-managed install_data
