[0.014s] Invoking command in '/home/crazy_rat/ros2_ws/src/build/bno08x_driver': CMAKE_PREFIX_PATH=${CMAKE_PREFIX_PATH}:/home/crazy_rat/ros2_ws/install/fake_rplidar:/home/crazy_rat/ros2_ws/src/install/fake_rplidar:/opt/ros/jazzy DEBUGINFOD_URLS=https://debuginfod.ubuntu.com /usr/bin/cmake --build /home/crazy_rat/ros2_ws/src/build/bno08x_driver -- -j4 -l4
[0.108s] [ 27%] Built target sh2_library
[0.111s] [ 38%] Built target gmock_main
[0.114s] [ 55%] Built target gmock
[0.156s] [ 66%] Built target test_i2c_mock
[0.161s] [ 77%] Built target test_watchdog
[0.165s] [100%] Built target bno08x_driver
[0.184s] Invoked command in '/home/crazy_rat/ros2_ws/src/build/bno08x_driver' returned '0': CMAKE_PREFIX_PATH=${CMAKE_PREFIX_PATH}:/home/crazy_rat/ros2_ws/install/fake_rplidar:/home/crazy_rat/ros2_ws/src/install/fake_rplidar:/opt/ros/jazzy DEBUGINFOD_URLS=https://debuginfod.ubuntu.com /usr/bin/cmake --build /home/crazy_rat/ros2_ws/src/build/bno08x_driver -- -j4 -l4
[0.202s] Invoking command in '/home/crazy_rat/ros2_ws/src/build/bno08x_driver': CMAKE_PREFIX_PATH=${CMAKE_PREFIX_PATH}:/home/crazy_rat/ros2_ws/install/fake_rplidar:/home/crazy_rat/ros2_ws/src/install/fake_rplidar:/opt/ros/jazzy DEBUGINFOD_URLS=https://debuginfod.ubuntu.com /usr/bin/cmake --install /home/crazy_rat/ros2_ws/src/build/bno08x_driver
[0.216s] -- Install configuration: ""
[0.216s] -- Up-to-date: /home/crazy_rat/ros2_ws/src/install/bno08x_driver/lib/bno08x_driver/bno08x_driver
[0.216s] -- Up-to-date: /home/crazy_rat/ros2_ws/src/install/bno08x_driver/share/bno08x_driver/config
[0.216s] -- Up-to-date: /home/crazy_rat/ros2_ws/src/install/bno08x_driver/share/bno08x_driver/config/bno085_i2c.yaml
[0.216s] -- Up-to-date: /home/crazy_rat/ros2_ws/src/install/bno08x_driver/share/bno08x_driver/launch
[0.217s] -- Up-to-date: /home/crazy_rat/ros2_ws/src/install/bno08x_driver/share/bno08x_driver/launch/bno085_i2c.launch.py
[0.217s] -- Up-to-date: /home/crazy_rat/ros2_ws/src/install/bno08x_driver/share/ament_index/resource_index/package_run_dependencies/bno08x_driver
[0.217s] -- Up-to-date: /home/crazy_rat/ros2_ws/src/install/bno08x_driver/share/ament_index/resource_index/parent_prefix_path/bno08x_driver
[0.217s] -- Up-to-date: /home/crazy_rat/ros2_ws/src/install/bno08x_driver/share/bno08x_driver/environment/ament_prefix_path.sh
[0.217s] -- Up-to-date: /home/crazy_rat/ros2_ws/src/install/bno08x_driver/share/bno08x_driver/environment/ament_prefix_path.dsv
[0.217s] -- Up-to-date: /home/crazy_rat/ros2_ws/src/install/bno08x_driver/share/bno08x_driver/environment/path.sh
[0.217s] -- Up-to-date: /home/crazy_rat/ros2_ws/src/install/bno08x_driver/share/bno08x_driver/environment/path.dsv
[0.217s] -- Up-to-date: /home/crazy_rat/ros2_ws/src/install/bno08x_driver/share/bno08x_driver/local_setup.bash
[0.217s] -- Up-to-date: /home/crazy_rat/ros2_ws/src/install/bno08x_driver/share/bno08x_driver/local_setup.sh
[0.217s] -- Up-to-date: /home/crazy_rat/ros2_ws/src/install/bno08x_driver/share/bno08x_driver/local_setup.zsh
[0.218s] -- Up-to-date: /home/crazy_rat/ros2_ws/src/install/bno08x_driver/share/bno08x_driver/local_setup.dsv
[0.218s] -- Installing: /home/crazy_rat/ros2_ws/src/install/bno08x_driver/share/bno08x_driver/package.dsv
[0.218s] -- Up-to-date: /home/crazy_rat/ros2_ws/src/install/bno08x_driver/share/ament_index/resource_index/packages/bno08x_driver
[0.218s] -- Up-to-date: /home/crazy_rat/ros2_ws/src/install/bno08x_driver/share/bno08x_driver/cmake/bno08x_driverConfig.cmake
[0.218s] -- Up-to-date: /home/crazy_rat/ros2_ws/src/install/bno08x_driver/share/bno08x_driver/cmake/bno08x_driverConfig-version.cmake
[0.218s] -- Up-to-date: /home/crazy_rat/ros2_ws/src/install/bno08x_driver/share/bno08x_driver/package.xml
[0.231s] Invoked command in '/home/crazy_rat/ros2_ws/src/build/bno08x_driver' returned '0': CMAKE_PREFIX_PATH=${CMAKE_PREFIX_PATH}:/home/crazy_rat/ros2_ws/install/fake_rplidar:/home/crazy_rat/ros2_ws/src/install/fake_rplidar:/opt/ros/jazzy DEBUGINFOD_URLS=https://debuginfod.ubuntu.com /usr/bin/cmake --install /home/crazy_rat/ros2_ws/src/build/bno08x_driver
