[0.146s] DEBUG:colcon:Command line arguments: ['/usr/bin/colcon', 'build']
[0.146s] DEBUG:colcon:Parsed command line arguments: Namespace(log_base=None, log_level=None, verb_name='build', build_base='build', install_base='install', merge_install=False, symlink_install=False, test_result_base=None, continue_on_error=False, executor='parallel', parallel_workers=4, event_handlers=None, ignore_user_meta=False, metas=['./colcon.meta'], base_paths=['.'], packages_ignore=None, packages_ignore_regex=None, paths=None, packages_up_to=None, packages_up_to_regex=None, packages_above=None, packages_above_and_dependencies=None, packages_above_depth=None, packages_select_by_dep=None, packages_skip_by_dep=None, packages_skip_up_to=None, packages_select_build_failed=False, packages_skip_build_finished=False, packages_select_test_failures=False, packages_skip_test_passed=False, packages_select=None, packages_skip=None, packages_select_regex=None, packages_skip_regex=None, packages_start=None, packages_end=None, allow_overriding=[], cmake_args=None, cmake_target=None, cmake_target_skip_unavailable=False, cmake_clean_cache=False, cmake_clean_first=False, cmake_force_configure=False, ament_cmake_args=None, catkin_cmake_args=None, catkin_skip_building_tests=False, mixin_files=None, mixin=None, verb_parser=<colcon_mixin.mixin.mixin_argument.MixinArgumentDecorator object at 0xffffa635c200>, verb_extension=<colcon_core.verb.build.BuildVerb object at 0xffffa65187a0>, main=<bound method BuildVerb.main of <colcon_core.verb.build.BuildVerb object at 0xffffa65187a0>>, mixin_verb=('build',))
[0.202s] Level 1:colcon.colcon_core.package_discovery:discover_packages(colcon_meta) check parameters
[0.202s] Level 1:colcon.colcon_core.package_discovery:discover_packages(recursive) check parameters
[0.202s] Level 1:colcon.colcon_core.package_discovery:discover_packages(ignore) check parameters
[0.202s] Level 1:colcon.colcon_core.package_discovery:discover_packages(path) check parameters
[0.202s] Level 1:colcon.colcon_core.package_discovery:discover_packages(colcon_meta) discover
[0.202s] Level 1:colcon.colcon_core.package_discovery:discover_packages(recursive) discover
[0.202s] INFO:colcon.colcon_core.package_discovery:Crawling recursively for packages in '/home/crazy_rat/ros2_ws/src'
[0.202s] Level 1:colcon.colcon_core.package_identification:_identify(.) by extensions ['ignore', 'ignore_ament_install']
[0.202s] Level 1:colcon.colcon_core.package_identification:_identify(.) by extension 'ignore'
[0.202s] Level 1:colcon.colcon_core.package_identification:_identify(.) by extension 'ignore_ament_install'
[0.202s] Level 1:colcon.colcon_core.package_identification:_identify(.) by extensions ['colcon_pkg']
[0.202s] Level 1:colcon.colcon_core.package_identification:_identify(.) by extension 'colcon_pkg'
[0.202s] Level 1:colcon.colcon_core.package_identification:_identify(.) by extensions ['colcon_meta']
[0.202s] Level 1:colcon.colcon_core.package_identification:_identify(.) by extension 'colcon_meta'
[0.202s] Level 1:colcon.colcon_core.package_identification:_identify(.) by extensions ['ros']
[0.202s] Level 1:colcon.colcon_core.package_identification:_identify(.) by extension 'ros'
[0.239s] Level 1:colcon.colcon_core.package_identification:_identify(.) by extensions ['cmake', 'python']
[0.239s] Level 1:colcon.colcon_core.package_identification:_identify(.) by extension 'cmake'
[0.239s] Level 1:colcon.colcon_core.package_identification:_identify(.) by extension 'python'
[0.239s] Level 1:colcon.colcon_core.package_identification:_identify(.) by extensions ['python_setup_py']
[0.239s] Level 1:colcon.colcon_core.package_identification:_identify(.) by extension 'python_setup_py'
[0.240s] Level 1:colcon.colcon_core.package_identification:_identify(bno08x-ros2-driver) by extensions ['ignore', 'ignore_ament_install']
[0.240s] Level 1:colcon.colcon_core.package_identification:_identify(bno08x-ros2-driver) by extension 'ignore'
[0.240s] Level 1:colcon.colcon_core.package_identification:_identify(bno08x-ros2-driver) by extension 'ignore_ament_install'
[0.240s] Level 1:colcon.colcon_core.package_identification:_identify(bno08x-ros2-driver) by extensions ['colcon_pkg']
[0.240s] Level 1:colcon.colcon_core.package_identification:_identify(bno08x-ros2-driver) by extension 'colcon_pkg'
[0.240s] Level 1:colcon.colcon_core.package_identification:_identify(bno08x-ros2-driver) by extensions ['colcon_meta']
[0.240s] Level 1:colcon.colcon_core.package_identification:_identify(bno08x-ros2-driver) by extension 'colcon_meta'
[0.240s] Level 1:colcon.colcon_core.package_identification:_identify(bno08x-ros2-driver) by extensions ['ros']
[0.240s] Level 1:colcon.colcon_core.package_identification:_identify(bno08x-ros2-driver) by extension 'ros'
[0.243s] DEBUG:colcon.colcon_core.package_identification:Package 'bno08x-ros2-driver' with type 'ros.ament_cmake' and name 'bno08x_driver'
[0.243s] Level 1:colcon.colcon_core.package_identification:_identify(build) by extensions ['ignore', 'ignore_ament_install']
[0.243s] Level 1:colcon.colcon_core.package_identification:_identify(build) by extension 'ignore'
[0.243s] Level 1:colcon.colcon_core.package_identification:_identify(build) ignored
[0.244s] Level 1:colcon.colcon_core.package_identification:_identify(fake_rplidar) by extensions ['ignore', 'ignore_ament_install']
[0.244s] Level 1:colcon.colcon_core.package_identification:_identify(fake_rplidar) by extension 'ignore'
[0.244s] Level 1:colcon.colcon_core.package_identification:_identify(fake_rplidar) by extension 'ignore_ament_install'
[0.244s] Level 1:colcon.colcon_core.package_identification:_identify(fake_rplidar) by extensions ['colcon_pkg']
[0.244s] Level 1:colcon.colcon_core.package_identification:_identify(fake_rplidar) by extension 'colcon_pkg'
[0.244s] Level 1:colcon.colcon_core.package_identification:_identify(fake_rplidar) by extensions ['colcon_meta']
[0.244s] Level 1:colcon.colcon_core.package_identification:_identify(fake_rplidar) by extension 'colcon_meta'
[0.244s] Level 1:colcon.colcon_core.package_identification:_identify(fake_rplidar) by extensions ['ros']
[0.244s] Level 1:colcon.colcon_core.package_identification:_identify(fake_rplidar) by extension 'ros'
[0.245s] DEBUG:colcon.colcon_core.package_identification:Package 'fake_rplidar' with type 'ros.ament_python' and name 'fake_rplidar'
[0.245s] Level 1:colcon.colcon_core.package_identification:_identify(install) by extensions ['ignore', 'ignore_ament_install']
[0.245s] Level 1:colcon.colcon_core.package_identification:_identify(install) by extension 'ignore'
[0.245s] Level 1:colcon.colcon_core.package_identification:_identify(install) ignored
[0.245s] Level 1:colcon.colcon_core.package_identification:_identify(log) by extensions ['ignore', 'ignore_ament_install']
[0.245s] Level 1:colcon.colcon_core.package_identification:_identify(log) by extension 'ignore'
[0.245s] Level 1:colcon.colcon_core.package_identification:_identify(log) ignored
[0.245s] Level 1:colcon.colcon_core.package_identification:_identify(sllidar_ros2) by extensions ['ignore', 'ignore_ament_install']
[0.245s] Level 1:colcon.colcon_core.package_identification:_identify(sllidar_ros2) by extension 'ignore'
[0.245s] Level 1:colcon.colcon_core.package_identification:_identify(sllidar_ros2) by extension 'ignore_ament_install'
[0.245s] Level 1:colcon.colcon_core.package_identification:_identify(sllidar_ros2) by extensions ['colcon_pkg']
[0.246s] Level 1:colcon.colcon_core.package_identification:_identify(sllidar_ros2) by extension 'colcon_pkg'
[0.246s] Level 1:colcon.colcon_core.package_identification:_identify(sllidar_ros2) by extensions ['colcon_meta']
[0.246s] Level 1:colcon.colcon_core.package_identification:_identify(sllidar_ros2) by extension 'colcon_meta'
[0.246s] Level 1:colcon.colcon_core.package_identification:_identify(sllidar_ros2) by extensions ['ros']
[0.246s] Level 1:colcon.colcon_core.package_identification:_identify(sllidar_ros2) by extension 'ros'
[0.246s] DEBUG:colcon.colcon_core.package_identification:Package 'sllidar_ros2' with type 'ros.ament_cmake' and name 'sllidar_ros2'
[0.246s] Level 1:colcon.colcon_core.package_discovery:discover_packages(recursive) using defaults
[0.246s] Level 1:colcon.colcon_core.package_discovery:discover_packages(ignore) discover
[0.246s] Level 1:colcon.colcon_core.package_discovery:discover_packages(ignore) using defaults
[0.246s] Level 1:colcon.colcon_core.package_discovery:discover_packages(path) discover
[0.246s] Level 1:colcon.colcon_core.package_discovery:discover_packages(path) using defaults
[0.270s] Level 1:colcon.colcon_core.package_discovery:discover_packages(prefix_path) check parameters
[0.270s] Level 1:colcon.colcon_core.package_discovery:discover_packages(prefix_path) discover
[0.272s] DEBUG:colcon.colcon_installed_package_information.package_discovery:Found 2 installed packages in /home/crazy_rat/ros2_ws/install
[0.273s] DEBUG:colcon.colcon_installed_package_information.package_discovery:Found 2 installed packages in /home/crazy_rat/ros2_ws/src/install
[0.275s] DEBUG:colcon.colcon_installed_package_information.package_discovery:Found 289 installed packages in /opt/ros/jazzy
[0.277s] Level 1:colcon.colcon_core.package_discovery:discover_packages(prefix_path) using defaults
[0.337s] Level 5:colcon.colcon_core.verb:set package 'bno08x_driver' build argument 'cmake_args' from command line to 'None'
[0.337s] Level 5:colcon.colcon_core.verb:set package 'bno08x_driver' build argument 'cmake_target' from command line to 'None'
[0.337s] Level 5:colcon.colcon_core.verb:set package 'bno08x_driver' build argument 'cmake_target_skip_unavailable' from command line to 'False'
[0.337s] Level 5:colcon.colcon_core.verb:set package 'bno08x_driver' build argument 'cmake_clean_cache' from command line to 'False'
[0.337s] Level 5:colcon.colcon_core.verb:set package 'bno08x_driver' build argument 'cmake_clean_first' from command line to 'False'
[0.337s] Level 5:colcon.colcon_core.verb:set package 'bno08x_driver' build argument 'cmake_force_configure' from command line to 'False'
[0.337s] Level 5:colcon.colcon_core.verb:set package 'bno08x_driver' build argument 'ament_cmake_args' from command line to 'None'
[0.337s] Level 5:colcon.colcon_core.verb:set package 'bno08x_driver' build argument 'catkin_cmake_args' from command line to 'None'
[0.338s] Level 5:colcon.colcon_core.verb:set package 'bno08x_driver' build argument 'catkin_skip_building_tests' from command line to 'False'
[0.338s] DEBUG:colcon.colcon_core.verb:Building package 'bno08x_driver' with the following arguments: {'ament_cmake_args': None, 'build_base': '/home/crazy_rat/ros2_ws/src/build/bno08x_driver', 'catkin_cmake_args': None, 'catkin_skip_building_tests': False, 'cmake_args': None, 'cmake_clean_cache': False, 'cmake_clean_first': False, 'cmake_force_configure': False, 'cmake_target': None, 'cmake_target_skip_unavailable': False, 'install_base': '/home/crazy_rat/ros2_ws/src/install/bno08x_driver', 'merge_install': False, 'path': '/home/crazy_rat/ros2_ws/src/bno08x-ros2-driver', 'symlink_install': False, 'test_result_base': None}
[0.338s] Level 5:colcon.colcon_core.verb:set package 'fake_rplidar' build argument 'cmake_args' from command line to 'None'
[0.338s] Level 5:colcon.colcon_core.verb:set package 'fake_rplidar' build argument 'cmake_target' from command line to 'None'
[0.338s] Level 5:colcon.colcon_core.verb:set package 'fake_rplidar' build argument 'cmake_target_skip_unavailable' from command line to 'False'
[0.338s] Level 5:colcon.colcon_core.verb:set package 'fake_rplidar' build argument 'cmake_clean_cache' from command line to 'False'
[0.338s] Level 5:colcon.colcon_core.verb:set package 'fake_rplidar' build argument 'cmake_clean_first' from command line to 'False'
[0.338s] Level 5:colcon.colcon_core.verb:set package 'fake_rplidar' build argument 'cmake_force_configure' from command line to 'False'
[0.338s] Level 5:colcon.colcon_core.verb:set package 'fake_rplidar' build argument 'ament_cmake_args' from command line to 'None'
[0.338s] Level 5:colcon.colcon_core.verb:set package 'fake_rplidar' build argument 'catkin_cmake_args' from command line to 'None'
[0.338s] Level 5:colcon.colcon_core.verb:set package 'fake_rplidar' build argument 'catkin_skip_building_tests' from command line to 'False'
[0.338s] DEBUG:colcon.colcon_core.verb:Building package 'fake_rplidar' with the following arguments: {'ament_cmake_args': None, 'build_base': '/home/crazy_rat/ros2_ws/src/build/fake_rplidar', 'catkin_cmake_args': None, 'catkin_skip_building_tests': False, 'cmake_args': None, 'cmake_clean_cache': False, 'cmake_clean_first': False, 'cmake_force_configure': False, 'cmake_target': None, 'cmake_target_skip_unavailable': False, 'install_base': '/home/crazy_rat/ros2_ws/src/install/fake_rplidar', 'merge_install': False, 'path': '/home/crazy_rat/ros2_ws/src/fake_rplidar', 'symlink_install': False, 'test_result_base': None}
[0.339s] Level 5:colcon.colcon_core.verb:set package 'sllidar_ros2' build argument 'cmake_args' from command line to 'None'
[0.339s] Level 5:colcon.colcon_core.verb:set package 'sllidar_ros2' build argument 'cmake_target' from command line to 'None'
[0.339s] Level 5:colcon.colcon_core.verb:set package 'sllidar_ros2' build argument 'cmake_target_skip_unavailable' from command line to 'False'
[0.339s] Level 5:colcon.colcon_core.verb:set package 'sllidar_ros2' build argument 'cmake_clean_cache' from command line to 'False'
[0.339s] Level 5:colcon.colcon_core.verb:set package 'sllidar_ros2' build argument 'cmake_clean_first' from command line to 'False'
[0.339s] Level 5:colcon.colcon_core.verb:set package 'sllidar_ros2' build argument 'cmake_force_configure' from command line to 'False'
[0.339s] Level 5:colcon.colcon_core.verb:set package 'sllidar_ros2' build argument 'ament_cmake_args' from command line to 'None'
[0.339s] Level 5:colcon.colcon_core.verb:set package 'sllidar_ros2' build argument 'catkin_cmake_args' from command line to 'None'
[0.339s] Level 5:colcon.colcon_core.verb:set package 'sllidar_ros2' build argument 'catkin_skip_building_tests' from command line to 'False'
[0.339s] DEBUG:colcon.colcon_core.verb:Building package 'sllidar_ros2' with the following arguments: {'ament_cmake_args': None, 'build_base': '/home/crazy_rat/ros2_ws/src/build/sllidar_ros2', 'catkin_cmake_args': None, 'catkin_skip_building_tests': False, 'cmake_args': None, 'cmake_clean_cache': False, 'cmake_clean_first': False, 'cmake_force_configure': False, 'cmake_target': None, 'cmake_target_skip_unavailable': False, 'install_base': '/home/crazy_rat/ros2_ws/src/install/sllidar_ros2', 'merge_install': False, 'path': '/home/crazy_rat/ros2_ws/src/sllidar_ros2', 'symlink_install': False, 'test_result_base': None}
[0.339s] INFO:colcon.colcon_core.executor:Executing jobs using 'parallel' executor
[0.340s] DEBUG:colcon.colcon_parallel_executor.executor.parallel:run_until_complete
[0.341s] INFO:colcon.colcon_ros.task.ament_cmake.build:Building ROS package in '/home/crazy_rat/ros2_ws/src/bno08x-ros2-driver' with build type 'ament_cmake'
[0.341s] INFO:colcon.colcon_cmake.task.cmake.build:Building CMake package in '/home/crazy_rat/ros2_ws/src/bno08x-ros2-driver'
[0.343s] INFO:colcon.colcon_core.plugin_system:Skipping extension 'colcon_core.shell.bat': Not used on non-Windows systems
[0.343s] INFO:colcon.colcon_core.shell:Skip shell extension 'powershell' for command environment: Not usable outside of PowerShell
[0.344s] DEBUG:colcon.colcon_core.shell:Skip shell extension 'dsv' for command environment
[0.348s] INFO:colcon.colcon_ros.task.ament_python.build:Building ROS package in '/home/crazy_rat/ros2_ws/src/fake_rplidar' with build type 'ament_python'
[0.349s] Level 1:colcon.colcon_core.shell:create_environment_hook('fake_rplidar', 'ament_prefix_path')
[0.349s] INFO:colcon.colcon_core.shell:Creating environment hook '/home/crazy_rat/ros2_ws/src/install/fake_rplidar/share/fake_rplidar/hook/ament_prefix_path.ps1'
[0.350s] INFO:colcon.colcon_core.shell:Creating environment descriptor '/home/crazy_rat/ros2_ws/src/install/fake_rplidar/share/fake_rplidar/hook/ament_prefix_path.dsv'
[0.351s] INFO:colcon.colcon_core.shell:Creating environment hook '/home/crazy_rat/ros2_ws/src/install/fake_rplidar/share/fake_rplidar/hook/ament_prefix_path.sh'
[0.352s] INFO:colcon.colcon_core.shell:Skip shell extension 'powershell' for command environment: Not usable outside of PowerShell
[0.352s] DEBUG:colcon.colcon_core.shell:Skip shell extension 'dsv' for command environment
[0.356s] INFO:colcon.colcon_ros.task.ament_cmake.build:Building ROS package in '/home/crazy_rat/ros2_ws/src/sllidar_ros2' with build type 'ament_cmake'
[0.357s] INFO:colcon.colcon_cmake.task.cmake.build:Building CMake package in '/home/crazy_rat/ros2_ws/src/sllidar_ros2'
[0.357s] INFO:colcon.colcon_core.shell:Skip shell extension 'powershell' for command environment: Not usable outside of PowerShell
[0.357s] DEBUG:colcon.colcon_core.shell:Skip shell extension 'dsv' for command environment
[0.367s] DEBUG:colcon.colcon_core.event_handler.log_command:Invoking command in '/home/crazy_rat/ros2_ws/src/build/bno08x_driver': CMAKE_PREFIX_PATH=${CMAKE_PREFIX_PATH}:/home/crazy_rat/ros2_ws/install/fake_rplidar:/home/crazy_rat/ros2_ws/src/install/fake_rplidar:/opt/ros/jazzy DEBUGINFOD_URLS=https://debuginfod.ubuntu.com /usr/bin/cmake /home/crazy_rat/ros2_ws/src/bno08x-ros2-driver -DCMAKE_INSTALL_PREFIX=/home/crazy_rat/ros2_ws/src/install/bno08x_driver
[0.729s] WARNING:colcon.colcon_ros.task.ament_python.build:Package 'fake_rplidar' doesn't explicitly install a marker in the package index (colcon-ros currently does it implicitly but that fallback will be removed in the future)
[0.729s] WARNING:colcon.colcon_ros.task.ament_python.build:Package 'fake_rplidar' doesn't explicitly install the 'package.xml' file (colcon-ros currently does it implicitly but that fallback will be removed in the future)
[0.730s] INFO:colcon.colcon_core.task.python.build:Building Python package in '/home/crazy_rat/ros2_ws/src/fake_rplidar'
[0.731s] INFO:colcon.colcon_core.shell:Skip shell extension 'powershell' for command environment: Not usable outside of PowerShell
[0.731s] DEBUG:colcon.colcon_core.shell:Skip shell extension 'dsv' for command environment
[0.747s] DEBUG:colcon.colcon_core.event_handler.log_command:Invoking command in '/home/crazy_rat/ros2_ws/src/build/sllidar_ros2': CMAKE_PREFIX_PATH=${CMAKE_PREFIX_PATH}:/home/crazy_rat/ros2_ws/install/fake_rplidar:/home/crazy_rat/ros2_ws/src/install/fake_rplidar:/opt/ros/jazzy DEBUGINFOD_URLS=https://debuginfod.ubuntu.com /usr/bin/cmake /home/crazy_rat/ros2_ws/src/sllidar_ros2 -DCMAKE_INSTALL_PREFIX=/home/crazy_rat/ros2_ws/src/install/sllidar_ros2
[1.783s] DEBUG:colcon.colcon_core.event_handler.log_command:Invoking command in '/home/crazy_rat/ros2_ws/src/build/fake_rplidar': DEBUGINFOD_URLS=https://debuginfod.ubuntu.com PYTHONPATH=/home/crazy_rat/ros2_ws/src/build/fake_rplidar/prefix_override:/usr/lib/python3/dist-packages/colcon_core/task/python/colcon_distutils_commands:/home/crazy_rat/ros2_ws/src/install/fake_rplidar/lib/python3.12/site-packages:${PYTHONPATH} /usr/bin/python3 -W ignore:setup.py install is deprecated -W ignore:easy_install command is deprecated setup.py develop --uninstall --editable --build-directory /home/crazy_rat/ros2_ws/src/build/fake_rplidar/build
[1.982s] DEBUG:colcon.colcon_core.event_handler.log_command:Invoked command in '/home/crazy_rat/ros2_ws/src/build/sllidar_ros2' returned '0': CMAKE_PREFIX_PATH=${CMAKE_PREFIX_PATH}:/home/crazy_rat/ros2_ws/install/fake_rplidar:/home/crazy_rat/ros2_ws/src/install/fake_rplidar:/opt/ros/jazzy DEBUGINFOD_URLS=https://debuginfod.ubuntu.com /usr/bin/cmake /home/crazy_rat/ros2_ws/src/sllidar_ros2 -DCMAKE_INSTALL_PREFIX=/home/crazy_rat/ros2_ws/src/install/sllidar_ros2
[1.985s] DEBUG:colcon.colcon_core.event_handler.log_command:Invoking command in '/home/crazy_rat/ros2_ws/src/build/sllidar_ros2': CMAKE_PREFIX_PATH=${CMAKE_PREFIX_PATH}:/home/crazy_rat/ros2_ws/install/fake_rplidar:/home/crazy_rat/ros2_ws/src/install/fake_rplidar:/opt/ros/jazzy DEBUGINFOD_URLS=https://debuginfod.ubuntu.com /usr/bin/cmake --build /home/crazy_rat/ros2_ws/src/build/sllidar_ros2 -- -j4 -l4
[2.148s] DEBUG:colcon.colcon_core.event_handler.log_command:Invoked command in '/home/crazy_rat/ros2_ws/src/build/sllidar_ros2' returned '0': CMAKE_PREFIX_PATH=${CMAKE_PREFIX_PATH}:/home/crazy_rat/ros2_ws/install/fake_rplidar:/home/crazy_rat/ros2_ws/src/install/fake_rplidar:/opt/ros/jazzy DEBUGINFOD_URLS=https://debuginfod.ubuntu.com /usr/bin/cmake --build /home/crazy_rat/ros2_ws/src/build/sllidar_ros2 -- -j4 -l4
[2.167s] DEBUG:colcon.colcon_core.event_handler.log_command:Invoking command in '/home/crazy_rat/ros2_ws/src/build/sllidar_ros2': CMAKE_PREFIX_PATH=${CMAKE_PREFIX_PATH}:/home/crazy_rat/ros2_ws/install/fake_rplidar:/home/crazy_rat/ros2_ws/src/install/fake_rplidar:/opt/ros/jazzy DEBUGINFOD_URLS=https://debuginfod.ubuntu.com /usr/bin/cmake --install /home/crazy_rat/ros2_ws/src/build/sllidar_ros2
[2.213s] Level 1:colcon.colcon_core.environment:create_environment_scripts_only(sllidar_ros2)
[2.214s] DEBUG:colcon.colcon_core.event_handler.log_command:Invoked command in '/home/crazy_rat/ros2_ws/src/build/sllidar_ros2' returned '0': CMAKE_PREFIX_PATH=${CMAKE_PREFIX_PATH}:/home/crazy_rat/ros2_ws/install/fake_rplidar:/home/crazy_rat/ros2_ws/src/install/fake_rplidar:/opt/ros/jazzy DEBUGINFOD_URLS=https://debuginfod.ubuntu.com /usr/bin/cmake --install /home/crazy_rat/ros2_ws/src/build/sllidar_ros2
[2.217s] Level 1:colcon.colcon_core.environment:checking '/home/crazy_rat/ros2_ws/src/install/sllidar_ros2' for CMake module files
[2.218s] Level 1:colcon.colcon_core.environment:checking '/home/crazy_rat/ros2_ws/src/install/sllidar_ros2' for CMake config files
[2.218s] Level 1:colcon.colcon_core.shell:create_environment_hook('sllidar_ros2', 'cmake_prefix_path')
[2.219s] INFO:colcon.colcon_core.shell:Creating environment hook '/home/crazy_rat/ros2_ws/src/install/sllidar_ros2/share/sllidar_ros2/hook/cmake_prefix_path.ps1'
[2.219s] INFO:colcon.colcon_core.shell:Creating environment descriptor '/home/crazy_rat/ros2_ws/src/install/sllidar_ros2/share/sllidar_ros2/hook/cmake_prefix_path.dsv'
[2.220s] INFO:colcon.colcon_core.shell:Creating environment hook '/home/crazy_rat/ros2_ws/src/install/sllidar_ros2/share/sllidar_ros2/hook/cmake_prefix_path.sh'
[2.221s] Level 1:colcon.colcon_core.environment:checking '/home/crazy_rat/ros2_ws/src/install/sllidar_ros2/lib'
[2.222s] Level 1:colcon.colcon_core.environment:checking '/home/crazy_rat/ros2_ws/src/install/sllidar_ros2/bin'
[2.222s] Level 1:colcon.colcon_core.environment:checking '/home/crazy_rat/ros2_ws/src/install/sllidar_ros2/lib/pkgconfig/sllidar_ros2.pc'
[2.222s] Level 1:colcon.colcon_core.environment:checking '/home/crazy_rat/ros2_ws/src/install/sllidar_ros2/lib/python3.12/site-packages'
[2.223s] Level 1:colcon.colcon_core.environment:checking '/home/crazy_rat/ros2_ws/src/install/sllidar_ros2/bin'
[2.223s] INFO:colcon.colcon_core.shell:Creating package script '/home/crazy_rat/ros2_ws/src/install/sllidar_ros2/share/sllidar_ros2/package.ps1'
[2.224s] INFO:colcon.colcon_core.shell:Creating package descriptor '/home/crazy_rat/ros2_ws/src/install/sllidar_ros2/share/sllidar_ros2/package.dsv'
[2.226s] INFO:colcon.colcon_core.shell:Creating package script '/home/crazy_rat/ros2_ws/src/install/sllidar_ros2/share/sllidar_ros2/package.sh'
[2.227s] INFO:colcon.colcon_core.shell:Creating package script '/home/crazy_rat/ros2_ws/src/install/sllidar_ros2/share/sllidar_ros2/package.bash'
[2.228s] INFO:colcon.colcon_core.shell:Creating package script '/home/crazy_rat/ros2_ws/src/install/sllidar_ros2/share/sllidar_ros2/package.zsh'
[2.228s] Level 1:colcon.colcon_core.environment:create_file_with_runtime_dependencies(/home/crazy_rat/ros2_ws/src/install/sllidar_ros2/share/colcon-core/packages/sllidar_ros2)
[2.230s] Level 1:colcon.colcon_core.environment:create_environment_scripts_only(sllidar_ros2)
[2.230s] Level 1:colcon.colcon_core.environment:checking '/home/crazy_rat/ros2_ws/src/install/sllidar_ros2' for CMake module files
[2.231s] Level 1:colcon.colcon_core.environment:checking '/home/crazy_rat/ros2_ws/src/install/sllidar_ros2' for CMake config files
[2.231s] Level 1:colcon.colcon_core.shell:create_environment_hook('sllidar_ros2', 'cmake_prefix_path')
[2.232s] INFO:colcon.colcon_core.shell:Creating environment hook '/home/crazy_rat/ros2_ws/src/install/sllidar_ros2/share/sllidar_ros2/hook/cmake_prefix_path.ps1'
[2.232s] INFO:colcon.colcon_core.shell:Creating environment descriptor '/home/crazy_rat/ros2_ws/src/install/sllidar_ros2/share/sllidar_ros2/hook/cmake_prefix_path.dsv'
[2.233s] INFO:colcon.colcon_core.shell:Creating environment hook '/home/crazy_rat/ros2_ws/src/install/sllidar_ros2/share/sllidar_ros2/hook/cmake_prefix_path.sh'
[2.235s] Level 1:colcon.colcon_core.environment:checking '/home/crazy_rat/ros2_ws/src/install/sllidar_ros2/lib'
[2.235s] Level 1:colcon.colcon_core.environment:checking '/home/crazy_rat/ros2_ws/src/install/sllidar_ros2/bin'
[2.235s] Level 1:colcon.colcon_core.environment:checking '/home/crazy_rat/ros2_ws/src/install/sllidar_ros2/lib/pkgconfig/sllidar_ros2.pc'
[2.236s] Level 1:colcon.colcon_core.environment:checking '/home/crazy_rat/ros2_ws/src/install/sllidar_ros2/lib/python3.12/site-packages'
[2.236s] Level 1:colcon.colcon_core.environment:checking '/home/crazy_rat/ros2_ws/src/install/sllidar_ros2/bin'
[2.237s] INFO:colcon.colcon_core.shell:Creating package script '/home/crazy_rat/ros2_ws/src/install/sllidar_ros2/share/sllidar_ros2/package.ps1'
[2.237s] INFO:colcon.colcon_core.shell:Creating package descriptor '/home/crazy_rat/ros2_ws/src/install/sllidar_ros2/share/sllidar_ros2/package.dsv'
[2.239s] INFO:colcon.colcon_core.shell:Creating package script '/home/crazy_rat/ros2_ws/src/install/sllidar_ros2/share/sllidar_ros2/package.sh'
[2.240s] INFO:colcon.colcon_core.shell:Creating package script '/home/crazy_rat/ros2_ws/src/install/sllidar_ros2/share/sllidar_ros2/package.bash'
[2.241s] INFO:colcon.colcon_core.shell:Creating package script '/home/crazy_rat/ros2_ws/src/install/sllidar_ros2/share/sllidar_ros2/package.zsh'
[2.243s] Level 1:colcon.colcon_core.environment:create_file_with_runtime_dependencies(/home/crazy_rat/ros2_ws/src/install/sllidar_ros2/share/colcon-core/packages/sllidar_ros2)
[2.446s] DEBUG:colcon.colcon_core.event_handler.log_command:Invoked command in '/home/crazy_rat/ros2_ws/src/build/bno08x_driver' returned '0': CMAKE_PREFIX_PATH=${CMAKE_PREFIX_PATH}:/home/crazy_rat/ros2_ws/install/fake_rplidar:/home/crazy_rat/ros2_ws/src/install/fake_rplidar:/opt/ros/jazzy DEBUGINFOD_URLS=https://debuginfod.ubuntu.com /usr/bin/cmake /home/crazy_rat/ros2_ws/src/bno08x-ros2-driver -DCMAKE_INSTALL_PREFIX=/home/crazy_rat/ros2_ws/src/install/bno08x_driver
[2.447s] DEBUG:colcon.colcon_core.event_handler.log_command:Invoking command in '/home/crazy_rat/ros2_ws/src/build/bno08x_driver': CMAKE_PREFIX_PATH=${CMAKE_PREFIX_PATH}:/home/crazy_rat/ros2_ws/install/fake_rplidar:/home/crazy_rat/ros2_ws/src/install/fake_rplidar:/opt/ros/jazzy DEBUGINFOD_URLS=https://debuginfod.ubuntu.com /usr/bin/cmake --build /home/crazy_rat/ros2_ws/src/build/bno08x_driver -- -j4 -l4
[2.782s] DEBUG:colcon.colcon_core.event_handler.log_command:Invoked command in '/home/crazy_rat/ros2_ws/src/build/fake_rplidar' returned '0': DEBUGINFOD_URLS=https://debuginfod.ubuntu.com PYTHONPATH=/home/crazy_rat/ros2_ws/src/build/fake_rplidar/prefix_override:/usr/lib/python3/dist-packages/colcon_core/task/python/colcon_distutils_commands:/home/crazy_rat/ros2_ws/src/install/fake_rplidar/lib/python3.12/site-packages:${PYTHONPATH} /usr/bin/python3 -W ignore:setup.py install is deprecated -W ignore:easy_install command is deprecated setup.py develop --uninstall --editable --build-directory /home/crazy_rat/ros2_ws/src/build/fake_rplidar/build
[2.784s] DEBUG:colcon.colcon_core.event_handler.log_command:Invoking command in '/home/crazy_rat/ros2_ws/src/fake_rplidar': DEBUGINFOD_URLS=https://debuginfod.ubuntu.com PYTHONPATH=/home/crazy_rat/ros2_ws/src/build/fake_rplidar/prefix_override:/usr/lib/python3/dist-packages/colcon_core/task/python/colcon_distutils_commands:/home/crazy_rat/ros2_ws/src/install/fake_rplidar/lib/python3.12/site-packages:${PYTHONPATH} /usr/bin/python3 -W ignore:setup.py install is deprecated -W ignore:easy_install command is deprecated setup.py egg_info --egg-base ../build/fake_rplidar build --build-base /home/crazy_rat/ros2_ws/src/build/fake_rplidar/build install --record /home/crazy_rat/ros2_ws/src/build/fake_rplidar/install.log --single-version-externally-managed
[4.546s] Level 1:colcon.colcon_core.environment:checking '/home/crazy_rat/ros2_ws/src/install/fake_rplidar' for CMake module files
[4.547s] DEBUG:colcon.colcon_core.event_handler.log_command:Invoked command in '/home/crazy_rat/ros2_ws/src/fake_rplidar' returned '0': DEBUGINFOD_URLS=https://debuginfod.ubuntu.com PYTHONPATH=/home/crazy_rat/ros2_ws/src/build/fake_rplidar/prefix_override:/usr/lib/python3/dist-packages/colcon_core/task/python/colcon_distutils_commands:/home/crazy_rat/ros2_ws/src/install/fake_rplidar/lib/python3.12/site-packages:${PYTHONPATH} /usr/bin/python3 -W ignore:setup.py install is deprecated -W ignore:easy_install command is deprecated setup.py egg_info --egg-base ../build/fake_rplidar build --build-base /home/crazy_rat/ros2_ws/src/build/fake_rplidar/build install --record /home/crazy_rat/ros2_ws/src/build/fake_rplidar/install.log --single-version-externally-managed
[4.548s] Level 1:colcon.colcon_core.environment:checking '/home/crazy_rat/ros2_ws/src/install/fake_rplidar' for CMake config files
[4.549s] Level 1:colcon.colcon_core.environment:checking '/home/crazy_rat/ros2_ws/src/install/fake_rplidar/lib'
[4.550s] Level 1:colcon.colcon_core.environment:checking '/home/crazy_rat/ros2_ws/src/install/fake_rplidar/bin'
[4.550s] Level 1:colcon.colcon_core.environment:checking '/home/crazy_rat/ros2_ws/src/install/fake_rplidar/lib/pkgconfig/fake_rplidar.pc'
[4.555s] Level 1:colcon.colcon_core.environment:checking '/home/crazy_rat/ros2_ws/src/install/fake_rplidar/lib/python3.12/site-packages'
[4.556s] Level 1:colcon.colcon_core.shell:create_environment_hook('fake_rplidar', 'pythonpath')
[4.556s] INFO:colcon.colcon_core.shell:Creating environment hook '/home/crazy_rat/ros2_ws/src/install/fake_rplidar/share/fake_rplidar/hook/pythonpath.ps1'
[4.557s] INFO:colcon.colcon_core.shell:Creating environment descriptor '/home/crazy_rat/ros2_ws/src/install/fake_rplidar/share/fake_rplidar/hook/pythonpath.dsv'
[4.561s] INFO:colcon.colcon_core.shell:Creating environment hook '/home/crazy_rat/ros2_ws/src/install/fake_rplidar/share/fake_rplidar/hook/pythonpath.sh'
[4.563s] Level 1:colcon.colcon_core.environment:checking '/home/crazy_rat/ros2_ws/src/install/fake_rplidar/bin'
[4.563s] Level 1:colcon.colcon_core.environment:create_environment_scripts_only(fake_rplidar)
[4.564s] INFO:colcon.colcon_core.shell:Creating package script '/home/crazy_rat/ros2_ws/src/install/fake_rplidar/share/fake_rplidar/package.ps1'
[4.568s] INFO:colcon.colcon_core.shell:Creating package descriptor '/home/crazy_rat/ros2_ws/src/install/fake_rplidar/share/fake_rplidar/package.dsv'
[4.569s] INFO:colcon.colcon_core.shell:Creating package script '/home/crazy_rat/ros2_ws/src/install/fake_rplidar/share/fake_rplidar/package.sh'
[4.573s] INFO:colcon.colcon_core.shell:Creating package script '/home/crazy_rat/ros2_ws/src/install/fake_rplidar/share/fake_rplidar/package.bash'
[4.574s] INFO:colcon.colcon_core.shell:Creating package script '/home/crazy_rat/ros2_ws/src/install/fake_rplidar/share/fake_rplidar/package.zsh'
[4.576s] Level 1:colcon.colcon_core.environment:create_file_with_runtime_dependencies(/home/crazy_rat/ros2_ws/src/install/fake_rplidar/share/colcon-core/packages/fake_rplidar)
[17.393s] DEBUG:colcon.colcon_core.event_handler.log_command:Invoked command in '/home/crazy_rat/ros2_ws/src/build/bno08x_driver' returned '0': CMAKE_PREFIX_PATH=${CMAKE_PREFIX_PATH}:/home/crazy_rat/ros2_ws/install/fake_rplidar:/home/crazy_rat/ros2_ws/src/install/fake_rplidar:/opt/ros/jazzy DEBUGINFOD_URLS=https://debuginfod.ubuntu.com /usr/bin/cmake --build /home/crazy_rat/ros2_ws/src/build/bno08x_driver -- -j4 -l4
[17.395s] DEBUG:colcon.colcon_core.event_handler.log_command:Invoking command in '/home/crazy_rat/ros2_ws/src/build/bno08x_driver': CMAKE_PREFIX_PATH=${CMAKE_PREFIX_PATH}:/home/crazy_rat/ros2_ws/install/fake_rplidar:/home/crazy_rat/ros2_ws/src/install/fake_rplidar:/opt/ros/jazzy DEBUGINFOD_URLS=https://debuginfod.ubuntu.com /usr/bin/cmake --install /home/crazy_rat/ros2_ws/src/build/bno08x_driver
[17.420s] Level 1:colcon.colcon_core.environment:create_environment_scripts_only(bno08x_driver)
[17.420s] Level 1:colcon.colcon_core.environment:checking '/home/crazy_rat/ros2_ws/src/install/bno08x_driver' for CMake module files
[17.421s] DEBUG:colcon.colcon_core.event_handler.log_command:Invoked command in '/home/crazy_rat/ros2_ws/src/build/bno08x_driver' returned '0': CMAKE_PREFIX_PATH=${CMAKE_PREFIX_PATH}:/home/crazy_rat/ros2_ws/install/fake_rplidar:/home/crazy_rat/ros2_ws/src/install/fake_rplidar:/opt/ros/jazzy DEBUGINFOD_URLS=https://debuginfod.ubuntu.com /usr/bin/cmake --install /home/crazy_rat/ros2_ws/src/build/bno08x_driver
[17.421s] Level 1:colcon.colcon_core.environment:checking '/home/crazy_rat/ros2_ws/src/install/bno08x_driver' for CMake config files
[17.422s] Level 1:colcon.colcon_core.shell:create_environment_hook('bno08x_driver', 'cmake_prefix_path')
[17.422s] INFO:colcon.colcon_core.shell:Creating environment hook '/home/crazy_rat/ros2_ws/src/install/bno08x_driver/share/bno08x_driver/hook/cmake_prefix_path.ps1'
[17.422s] INFO:colcon.colcon_core.shell:Creating environment descriptor '/home/crazy_rat/ros2_ws/src/install/bno08x_driver/share/bno08x_driver/hook/cmake_prefix_path.dsv'
[17.423s] INFO:colcon.colcon_core.shell:Creating environment hook '/home/crazy_rat/ros2_ws/src/install/bno08x_driver/share/bno08x_driver/hook/cmake_prefix_path.sh'
[17.423s] Level 1:colcon.colcon_core.environment:checking '/home/crazy_rat/ros2_ws/src/install/bno08x_driver/lib'
[17.424s] Level 1:colcon.colcon_core.environment:checking '/home/crazy_rat/ros2_ws/src/install/bno08x_driver/bin'
[17.424s] Level 1:colcon.colcon_core.environment:checking '/home/crazy_rat/ros2_ws/src/install/bno08x_driver/lib/pkgconfig/bno08x_driver.pc'
[17.424s] Level 1:colcon.colcon_core.environment:checking '/home/crazy_rat/ros2_ws/src/install/bno08x_driver/lib/python3.12/site-packages'
[17.424s] Level 1:colcon.colcon_core.environment:checking '/home/crazy_rat/ros2_ws/src/install/bno08x_driver/bin'
[17.425s] INFO:colcon.colcon_core.shell:Creating package script '/home/crazy_rat/ros2_ws/src/install/bno08x_driver/share/bno08x_driver/package.ps1'
[17.425s] INFO:colcon.colcon_core.shell:Creating package descriptor '/home/crazy_rat/ros2_ws/src/install/bno08x_driver/share/bno08x_driver/package.dsv'
[17.426s] INFO:colcon.colcon_core.shell:Creating package script '/home/crazy_rat/ros2_ws/src/install/bno08x_driver/share/bno08x_driver/package.sh'
[17.426s] INFO:colcon.colcon_core.shell:Creating package script '/home/crazy_rat/ros2_ws/src/install/bno08x_driver/share/bno08x_driver/package.bash'
[17.427s] INFO:colcon.colcon_core.shell:Creating package script '/home/crazy_rat/ros2_ws/src/install/bno08x_driver/share/bno08x_driver/package.zsh'
[17.427s] Level 1:colcon.colcon_core.environment:create_file_with_runtime_dependencies(/home/crazy_rat/ros2_ws/src/install/bno08x_driver/share/colcon-core/packages/bno08x_driver)
[17.428s] Level 1:colcon.colcon_core.environment:create_environment_scripts_only(bno08x_driver)
[17.428s] Level 1:colcon.colcon_core.environment:checking '/home/crazy_rat/ros2_ws/src/install/bno08x_driver' for CMake module files
[17.429s] Level 1:colcon.colcon_core.environment:checking '/home/crazy_rat/ros2_ws/src/install/bno08x_driver' for CMake config files
[17.429s] Level 1:colcon.colcon_core.shell:create_environment_hook('bno08x_driver', 'cmake_prefix_path')
[17.429s] INFO:colcon.colcon_core.shell:Creating environment hook '/home/crazy_rat/ros2_ws/src/install/bno08x_driver/share/bno08x_driver/hook/cmake_prefix_path.ps1'
[17.430s] INFO:colcon.colcon_core.shell:Creating environment descriptor '/home/crazy_rat/ros2_ws/src/install/bno08x_driver/share/bno08x_driver/hook/cmake_prefix_path.dsv'
[17.431s] INFO:colcon.colcon_core.shell:Creating environment hook '/home/crazy_rat/ros2_ws/src/install/bno08x_driver/share/bno08x_driver/hook/cmake_prefix_path.sh'
[17.432s] Level 1:colcon.colcon_core.environment:checking '/home/crazy_rat/ros2_ws/src/install/bno08x_driver/lib'
[17.432s] Level 1:colcon.colcon_core.environment:checking '/home/crazy_rat/ros2_ws/src/install/bno08x_driver/bin'
[17.432s] Level 1:colcon.colcon_core.environment:checking '/home/crazy_rat/ros2_ws/src/install/bno08x_driver/lib/pkgconfig/bno08x_driver.pc'
[17.432s] Level 1:colcon.colcon_core.environment:checking '/home/crazy_rat/ros2_ws/src/install/bno08x_driver/lib/python3.12/site-packages'
[17.433s] Level 1:colcon.colcon_core.environment:checking '/home/crazy_rat/ros2_ws/src/install/bno08x_driver/bin'
[17.433s] INFO:colcon.colcon_core.shell:Creating package script '/home/crazy_rat/ros2_ws/src/install/bno08x_driver/share/bno08x_driver/package.ps1'
[17.434s] INFO:colcon.colcon_core.shell:Creating package descriptor '/home/crazy_rat/ros2_ws/src/install/bno08x_driver/share/bno08x_driver/package.dsv'
[17.435s] INFO:colcon.colcon_core.shell:Creating package script '/home/crazy_rat/ros2_ws/src/install/bno08x_driver/share/bno08x_driver/package.sh'
[17.435s] INFO:colcon.colcon_core.shell:Creating package script '/home/crazy_rat/ros2_ws/src/install/bno08x_driver/share/bno08x_driver/package.bash'
[17.436s] INFO:colcon.colcon_core.shell:Creating package script '/home/crazy_rat/ros2_ws/src/install/bno08x_driver/share/bno08x_driver/package.zsh'
[17.437s] Level 1:colcon.colcon_core.environment:create_file_with_runtime_dependencies(/home/crazy_rat/ros2_ws/src/install/bno08x_driver/share/colcon-core/packages/bno08x_driver)
[17.439s] DEBUG:colcon.colcon_parallel_executor.executor.parallel:closing loop
[17.439s] DEBUG:colcon.colcon_parallel_executor.executor.parallel:loop closed
[17.439s] DEBUG:colcon.colcon_parallel_executor.executor.parallel:run_until_complete finished with '0'
[17.439s] DEBUG:colcon.colcon_core.event_reactor:joining thread
[17.447s] INFO:colcon.colcon_core.plugin_system:Skipping extension 'colcon_notification.desktop_notification.terminal_notifier': Not used on non-Darwin systems
[17.447s] INFO:colcon.colcon_core.plugin_system:Skipping extension 'colcon_notification.desktop_notification.win32': Not used on non-Windows systems
[17.447s] INFO:colcon.colcon_notification.desktop_notification:Sending desktop notification using 'notify2'
[17.448s] DEBUG:colcon.colcon_notification.desktop_notification.notify2:Failed to initialize notify2: org.freedesktop.DBus.Error.ServiceUnknown: The name org.freedesktop.Notifications was not provided by any .service files
[17.448s] DEBUG:colcon.colcon_core.event_reactor:joined thread
[17.449s] INFO:colcon.colcon_core.shell:Creating prefix script '/home/crazy_rat/ros2_ws/src/install/local_setup.ps1'
[17.450s] INFO:colcon.colcon_core.shell:Creating prefix util module '/home/crazy_rat/ros2_ws/src/install/_local_setup_util_ps1.py'
[17.452s] INFO:colcon.colcon_core.shell:Creating prefix chain script '/home/crazy_rat/ros2_ws/src/install/setup.ps1'
[17.454s] INFO:colcon.colcon_core.shell:Creating prefix script '/home/crazy_rat/ros2_ws/src/install/local_setup.sh'
[17.455s] INFO:colcon.colcon_core.shell:Creating prefix util module '/home/crazy_rat/ros2_ws/src/install/_local_setup_util_sh.py'
[17.458s] INFO:colcon.colcon_core.shell:Creating prefix chain script '/home/crazy_rat/ros2_ws/src/install/setup.sh'
[17.461s] INFO:colcon.colcon_core.shell:Creating prefix script '/home/crazy_rat/ros2_ws/src/install/local_setup.bash'
[17.463s] INFO:colcon.colcon_core.shell:Creating prefix chain script '/home/crazy_rat/ros2_ws/src/install/setup.bash'
[17.464s] INFO:colcon.colcon_core.shell:Creating prefix script '/home/crazy_rat/ros2_ws/src/install/local_setup.zsh'
[17.467s] INFO:colcon.colcon_core.shell:Creating prefix chain script '/home/crazy_rat/ros2_ws/src/install/setup.zsh'
