[2.737s] Invoking command in '/home/crazy_rat/ros2_ws/build/fake_rplidar': DEBUGINFOD_URLS=https://debuginfod.ubuntu.com PYTHONPATH=/home/crazy_rat/ros2_ws/build/fake_rplidar/prefix_override:/usr/lib/python3/dist-packages/colcon_core/task/python/colcon_distutils_commands:/home/crazy_rat/ros2_ws/install/fake_rplidar/lib/python3.12/site-packages:${PYTHONPATH} /usr/bin/python3 -W ignore:setup.py install is deprecated -W ignore:easy_install command is deprecated setup.py develop --uninstall --editable --build-directory /home/crazy_rat/ros2_ws/build/fake_rplidar/build
[3.406s] running develop
[3.838s] Removing /home/crazy_rat/ros2_ws/install/fake_rplidar/lib/python3.12/site-packages/fake-rplidar.egg-link (link to .)
[3.980s] Invoked command in '/home/crazy_rat/ros2_ws/build/fake_rplidar' returned '0': DEBUGINFOD_URLS=https://debuginfod.ubuntu.com PYTHONPATH=/home/crazy_rat/ros2_ws/build/fake_rplidar/prefix_override:/usr/lib/python3/dist-packages/colcon_core/task/python/colcon_distutils_commands:/home/crazy_rat/ros2_ws/install/fake_rplidar/lib/python3.12/site-packages:${PYTHONPATH} /usr/bin/python3 -W ignore:setup.py install is deprecated -W ignore:easy_install command is deprecated setup.py develop --uninstall --editable --build-directory /home/crazy_rat/ros2_ws/build/fake_rplidar/build
[3.981s] Invoking command in '/home/crazy_rat/ros2_ws/src/fake_rplidar': DEBUGINFOD_URLS=https://debuginfod.ubuntu.com PYTHONPATH=/home/crazy_rat/ros2_ws/build/fake_rplidar/prefix_override:/usr/lib/python3/dist-packages/colcon_core/task/python/colcon_distutils_commands:/home/crazy_rat/ros2_ws/install/fake_rplidar/lib/python3.12/site-packages:${PYTHONPATH} /usr/bin/python3 -W ignore:setup.py install is deprecated -W ignore:easy_install command is deprecated setup.py egg_info --egg-base ../../build/fake_rplidar build --build-base /home/crazy_rat/ros2_ws/build/fake_rplidar/build install --record /home/crazy_rat/ros2_ws/build/fake_rplidar/install.log --single-version-externally-managed
[4.616s] running egg_info
[4.644s] writing ../../build/fake_rplidar/fake_rplidar.egg-info/PKG-INFO
[4.645s] writing dependency_links to ../../build/fake_rplidar/fake_rplidar.egg-info/dependency_links.txt
[4.646s] writing entry points to ../../build/fake_rplidar/fake_rplidar.egg-info/entry_points.txt
[4.646s] writing requirements to ../../build/fake_rplidar/fake_rplidar.egg-info/requires.txt
[4.646s] writing top-level names to ../../build/fake_rplidar/fake_rplidar.egg-info/top_level.txt
[4.709s] reading manifest file '../../build/fake_rplidar/fake_rplidar.egg-info/SOURCES.txt'
[4.709s] writing manifest file '../../build/fake_rplidar/fake_rplidar.egg-info/SOURCES.txt'
[4.709s] running build
[4.709s] running build_py
[4.709s] creating /home/crazy_rat/ros2_ws/build/fake_rplidar/build
[4.709s] creating /home/crazy_rat/ros2_ws/build/fake_rplidar/build/lib
[4.710s] creating /home/crazy_rat/ros2_ws/build/fake_rplidar/build/lib/fake_rplidar
[4.710s] copying fake_rplidar/fake_scan.py -> /home/crazy_rat/ros2_ws/build/fake_rplidar/build/lib/fake_rplidar
[4.718s] copying fake_rplidar/__init__.py -> /home/crazy_rat/ros2_ws/build/fake_rplidar/build/lib/fake_rplidar
[4.718s] running install
[4.727s] running install_lib
[4.758s] creating /home/crazy_rat/ros2_ws/install/fake_rplidar/lib/python3.12/site-packages/fake_rplidar
[4.758s] copying /home/crazy_rat/ros2_ws/build/fake_rplidar/build/lib/fake_rplidar/fake_scan.py -> /home/crazy_rat/ros2_ws/install/fake_rplidar/lib/python3.12/site-packages/fake_rplidar
[4.758s] copying /home/crazy_rat/ros2_ws/build/fake_rplidar/build/lib/fake_rplidar/__init__.py -> /home/crazy_rat/ros2_ws/install/fake_rplidar/lib/python3.12/site-packages/fake_rplidar
[4.759s] byte-compiling /home/crazy_rat/ros2_ws/install/fake_rplidar/lib/python3.12/site-packages/fake_rplidar/fake_scan.py to fake_scan.cpython-312.pyc
[4.760s] byte-compiling /home/crazy_rat/ros2_ws/install/fake_rplidar/lib/python3.12/site-packages/fake_rplidar/__init__.py to __init__.cpython-312.pyc
[4.760s] running install_egg_info
[4.793s] Copying ../../build/fake_rplidar/fake_rplidar.egg-info to /home/crazy_rat/ros2_ws/install/fake_rplidar/lib/python3.12/site-packages/fake_rplidar-0.0.1-py3.12.egg-info
[4.809s] running install_scripts
[5.019s] Installing fake_scan script to /home/crazy_rat/ros2_ws/install/fake_rplidar/lib/fake_rplidar
[5.032s] writing list of installed files to '/home/crazy_rat/ros2_ws/build/fake_rplidar/install.log'
[5.142s] Invoked command in '/home/crazy_rat/ros2_ws/src/fake_rplidar' returned '0': DEBUGINFOD_URLS=https://debuginfod.ubuntu.com PYTHONPATH=/home/crazy_rat/ros2_ws/build/fake_rplidar/prefix_override:/usr/lib/python3/dist-packages/colcon_core/task/python/colcon_distutils_commands:/home/crazy_rat/ros2_ws/install/fake_rplidar/lib/python3.12/site-packages:${PYTHONPATH} /usr/bin/python3 -W ignore:setup.py install is deprecated -W ignore:easy_install command is deprecated setup.py egg_info --egg-base ../../build/fake_rplidar build --build-base /home/crazy_rat/ros2_ws/build/fake_rplidar/build install --record /home/crazy_rat/ros2_ws/build/fake_rplidar/install.log --single-version-externally-managed
