[0.754s] Invoking command in '/home/crazy_rat/ros2_ws/build/sllidar_ros2': DEBUGINFOD_URLS=https://debuginfod.ubuntu.com /usr/bin/cmake /home/crazy_rat/ros2_ws/src/sllidar_ros2 -DCMAKE_INSTALL_PREFIX=/home/crazy_rat/ros2_ws/install/sllidar_ros2
[0.817s] [31mCMake Error at CMakeLists.txt:34 (find_package):
[0.817s]   By not providing "Findament_cmake.cmake" in CMAKE_MODULE_PATH this project
[0.817s]   has asked CMake to find a package configuration file provided by
[0.817s]   "ament_cmake", but CMake did not find one.
[0.817s] 
[0.817s]   Could not find a package configuration file provided by "ament_cmake" with
[0.818s]   any of the following names:
[0.818s] 
[0.818s]     ament_cmakeConfig.cmake
[0.818s]     ament_cmake-config.cmake
[0.818s] 
[0.818s]   Add the installation prefix of "ament_cmake" to CMAKE_PREFIX_PATH or set
[0.818s]   "ament_cmake_DIR" to a directory containing one of the above files.  If
[0.818s]   "ament_cmake" provides a separate development package or SDK, be sure it
[0.818s]   has been installed.
[0.818s] 
[0.818s] [0m
[0.819s] -- Configuring incomplete, errors occurred!
[0.829s] Invoked command in '/home/crazy_rat/ros2_ws/build/sllidar_ros2' returned '1': DEBUGINFOD_URLS=https://debuginfod.ubuntu.com /usr/bin/cmake /home/crazy_rat/ros2_ws/src/sllidar_ros2 -DCMAKE_INSTALL_PREFIX=/home/crazy_rat/ros2_ws/install/sllidar_ros2
