[  1%] [34m[1mGenerating type hashes for ROS interfaces[0m
[  1%] Built target ament_cmake_python_copy_nav_2d_msgs
running egg_info
creating nav_2d_msgs.egg-info
writing nav_2d_msgs.egg-info/PKG-INFO
writing dependency_links to nav_2d_msgs.egg-info/dependency_links.txt
writing top-level names to nav_2d_msgs.egg-info/top_level.txt
writing manifest file 'nav_2d_msgs.egg-info/SOURCES.txt'
[  1%] Built target nav_2d_msgs__rosidl_generator_type_description
[  3%] [34m[1mGenerating C code for ROS interfaces[0m
reading manifest file 'nav_2d_msgs.egg-info/SOURCES.txt'
writing manifest file 'nav_2d_msgs.egg-info/SOURCES.txt'
[  4%] [34m[1mGenerating C++ code for ROS interfaces[0m
[  4%] Built target ament_cmake_python_build_nav_2d_msgs_egg
[  4%] Built target nav_2d_msgs__cpp
[  7%] [32mBuilding C object CMakeFiles/nav_2d_msgs__rosidl_generator_c.dir/rosidl_generator_c/nav_2d_msgs/msg/detail/pose2_d32__description.c.o[0m
[  7%] [32mBuilding C object CMakeFiles/nav_2d_msgs__rosidl_generator_c.dir/rosidl_generator_c/nav_2d_msgs/msg/detail/twist2_d__description.c.o[0m
[  9%] [32mBuilding C object CMakeFiles/nav_2d_msgs__rosidl_generator_c.dir/rosidl_generator_c/nav_2d_msgs/msg/detail/pose2_d32__functions.c.o[0m
[ 10%] [32mBuilding C object CMakeFiles/nav_2d_msgs__rosidl_generator_c.dir/rosidl_generator_c/nav_2d_msgs/msg/detail/pose2_d32__type_support.c.o[0m
[ 12%] [32mBuilding C object CMakeFiles/nav_2d_msgs__rosidl_generator_c.dir/rosidl_generator_c/nav_2d_msgs/msg/detail/twist2_d__functions.c.o[0m
[ 14%] [32mBuilding C object CMakeFiles/nav_2d_msgs__rosidl_generator_c.dir/rosidl_generator_c/nav_2d_msgs/msg/detail/twist2_d32__description.c.o[0m
[ 15%] [32mBuilding C object CMakeFiles/nav_2d_msgs__rosidl_generator_c.dir/rosidl_generator_c/nav_2d_msgs/msg/detail/twist2_d__type_support.c.o[0m
[ 17%] [32mBuilding C object CMakeFiles/nav_2d_msgs__rosidl_generator_c.dir/rosidl_generator_c/nav_2d_msgs/msg/detail/twist2_d32__functions.c.o[0m
[ 18%] [32mBuilding C object CMakeFiles/nav_2d_msgs__rosidl_generator_c.dir/rosidl_generator_c/nav_2d_msgs/msg/detail/twist2_d32__type_support.c.o[0m
[ 20%] [32mBuilding C object CMakeFiles/nav_2d_msgs__rosidl_generator_c.dir/rosidl_generator_c/nav_2d_msgs/msg/detail/twist2_d_stamped__description.c.o[0m
[ 21%] [32mBuilding C object CMakeFiles/nav_2d_msgs__rosidl_generator_c.dir/rosidl_generator_c/nav_2d_msgs/msg/detail/twist2_d_stamped__functions.c.o[0m
[ 23%] [32mBuilding C object CMakeFiles/nav_2d_msgs__rosidl_generator_c.dir/rosidl_generator_c/nav_2d_msgs/msg/detail/twist2_d_stamped__type_support.c.o[0m
[ 25%] [32m[1mLinking C shared library libnav_2d_msgs__rosidl_generator_c.so[0m
[ 25%] Built target nav_2d_msgs__rosidl_generator_c
[ 26%] [34m[1mGenerating C introspection for ROS interfaces[0m
[ 28%] [34m[1mGenerating C type support for eProsima Fast-RTPS[0m
[ 29%] [34m[1mGenerating C++ type support for eProsima Fast-RTPS[0m
[ 31%] [34m[1mGenerating C++ type support dispatch for ROS interfaces[0m
[ 32%] [32mBuilding CXX object CMakeFiles/nav_2d_msgs__rosidl_typesupport_cpp.dir/rosidl_typesupport_cpp/nav_2d_msgs/msg/pose2_d32__type_support.cpp.o[0m
[ 34%] [32mBuilding C object CMakeFiles/nav_2d_msgs__rosidl_typesupport_introspection_c.dir/rosidl_typesupport_introspection_c/nav_2d_msgs/msg/detail/pose2_d32__type_support.c.o[0m
[ 35%] [32mBuilding C object CMakeFiles/nav_2d_msgs__rosidl_typesupport_introspection_c.dir/rosidl_typesupport_introspection_c/nav_2d_msgs/msg/detail/twist2_d__type_support.c.o[0m
[ 37%] [32mBuilding C object CMakeFiles/nav_2d_msgs__rosidl_typesupport_introspection_c.dir/rosidl_typesupport_introspection_c/nav_2d_msgs/msg/detail/twist2_d32__type_support.c.o[0m
[ 39%] [32mBuilding CXX object CMakeFiles/nav_2d_msgs__rosidl_typesupport_fastrtps_cpp.dir/rosidl_typesupport_fastrtps_cpp/nav_2d_msgs/msg/detail/dds_fastrtps/pose2_d32__type_support.cpp.o[0m
[ 40%] [32mBuilding C object CMakeFiles/nav_2d_msgs__rosidl_typesupport_introspection_c.dir/rosidl_typesupport_introspection_c/nav_2d_msgs/msg/detail/twist2_d_stamped__type_support.c.o[0m
[ 42%] [32mBuilding CXX object CMakeFiles/nav_2d_msgs__rosidl_typesupport_fastrtps_c.dir/rosidl_typesupport_fastrtps_c/nav_2d_msgs/msg/detail/pose2_d32__type_support_c.cpp.o[0m
[ 43%] [32m[1mLinking C shared library libnav_2d_msgs__rosidl_typesupport_introspection_c.so[0m
[ 43%] Built target nav_2d_msgs__rosidl_typesupport_introspection_c
[ 45%] [34m[1mGenerating C type support dispatch for ROS interfaces[0m
[ 46%] [32mBuilding CXX object CMakeFiles/nav_2d_msgs__rosidl_typesupport_cpp.dir/rosidl_typesupport_cpp/nav_2d_msgs/msg/twist2_d__type_support.cpp.o[0m
[ 48%] [32mBuilding CXX object CMakeFiles/nav_2d_msgs__rosidl_typesupport_c.dir/rosidl_typesupport_c/nav_2d_msgs/msg/pose2_d32__type_support.cpp.o[0m
[ 50%] [32mBuilding CXX object CMakeFiles/nav_2d_msgs__rosidl_typesupport_c.dir/rosidl_typesupport_c/nav_2d_msgs/msg/twist2_d__type_support.cpp.o[0m
[ 51%] [32mBuilding CXX object CMakeFiles/nav_2d_msgs__rosidl_typesupport_fastrtps_c.dir/rosidl_typesupport_fastrtps_c/nav_2d_msgs/msg/detail/twist2_d__type_support_c.cpp.o[0m
[ 53%] [32mBuilding CXX object CMakeFiles/nav_2d_msgs__rosidl_typesupport_c.dir/rosidl_typesupport_c/nav_2d_msgs/msg/twist2_d32__type_support.cpp.o[0m
[ 54%] [32mBuilding CXX object CMakeFiles/nav_2d_msgs__rosidl_typesupport_cpp.dir/rosidl_typesupport_cpp/nav_2d_msgs/msg/twist2_d32__type_support.cpp.o[0m
[ 56%] [32mBuilding CXX object CMakeFiles/nav_2d_msgs__rosidl_typesupport_c.dir/rosidl_typesupport_c/nav_2d_msgs/msg/twist2_d_stamped__type_support.cpp.o[0m
[ 57%] [32mBuilding CXX object CMakeFiles/nav_2d_msgs__rosidl_typesupport_fastrtps_cpp.dir/rosidl_typesupport_fastrtps_cpp/nav_2d_msgs/msg/detail/dds_fastrtps/twist2_d__type_support.cpp.o[0m
[ 59%] [32m[1mLinking CXX shared library libnav_2d_msgs__rosidl_typesupport_c.so[0m
[ 59%] Built target nav_2d_msgs__rosidl_typesupport_c
[ 60%] [32mBuilding CXX object CMakeFiles/nav_2d_msgs__rosidl_typesupport_fastrtps_c.dir/rosidl_typesupport_fastrtps_c/nav_2d_msgs/msg/detail/twist2_d32__type_support_c.cpp.o[0m
[ 62%] [32mBuilding CXX object CMakeFiles/nav_2d_msgs__rosidl_typesupport_fastrtps_c.dir/rosidl_typesupport_fastrtps_c/nav_2d_msgs/msg/detail/twist2_d_stamped__type_support_c.cpp.o[0m
[ 64%] [32mBuilding CXX object CMakeFiles/nav_2d_msgs__rosidl_typesupport_cpp.dir/rosidl_typesupport_cpp/nav_2d_msgs/msg/twist2_d_stamped__type_support.cpp.o[0m
[ 65%] [32mBuilding CXX object CMakeFiles/nav_2d_msgs__rosidl_typesupport_fastrtps_cpp.dir/rosidl_typesupport_fastrtps_cpp/nav_2d_msgs/msg/detail/dds_fastrtps/twist2_d32__type_support.cpp.o[0m
[ 67%] [34m[1mGenerating C++ introspection for ROS interfaces[0m
[ 68%] [32m[1mLinking CXX shared library libnav_2d_msgs__rosidl_typesupport_cpp.so[0m
[ 70%] [32m[1mLinking CXX shared library libnav_2d_msgs__rosidl_typesupport_fastrtps_c.so[0m
[ 70%] Built target nav_2d_msgs__rosidl_typesupport_cpp
[ 71%] [32mBuilding CXX object CMakeFiles/nav_2d_msgs__rosidl_typesupport_fastrtps_cpp.dir/rosidl_typesupport_fastrtps_cpp/nav_2d_msgs/msg/detail/dds_fastrtps/twist2_d_stamped__type_support.cpp.o[0m
[ 71%] Built target nav_2d_msgs__rosidl_typesupport_fastrtps_c
[ 73%] [32mBuilding CXX object CMakeFiles/nav_2d_msgs__rosidl_typesupport_introspection_cpp.dir/rosidl_typesupport_introspection_cpp/nav_2d_msgs/msg/detail/twist2_d__type_support.cpp.o[0m
[ 75%] [32mBuilding CXX object CMakeFiles/nav_2d_msgs__rosidl_typesupport_introspection_cpp.dir/rosidl_typesupport_introspection_cpp/nav_2d_msgs/msg/detail/pose2_d32__type_support.cpp.o[0m
[ 76%] [32mBuilding CXX object CMakeFiles/nav_2d_msgs__rosidl_typesupport_introspection_cpp.dir/rosidl_typesupport_introspection_cpp/nav_2d_msgs/msg/detail/twist2_d32__type_support.cpp.o[0m
[ 78%] [32m[1mLinking CXX shared library libnav_2d_msgs__rosidl_typesupport_fastrtps_cpp.so[0m
[ 79%] [32mBuilding CXX object CMakeFiles/nav_2d_msgs__rosidl_typesupport_introspection_cpp.dir/rosidl_typesupport_introspection_cpp/nav_2d_msgs/msg/detail/twist2_d_stamped__type_support.cpp.o[0m
[ 79%] Built target nav_2d_msgs__rosidl_typesupport_fastrtps_cpp
[ 81%] [32m[1mLinking CXX shared library libnav_2d_msgs__rosidl_typesupport_introspection_cpp.so[0m
[ 81%] Built target nav_2d_msgs__rosidl_typesupport_introspection_cpp
[ 81%] Built target nav_2d_msgs
[ 82%] [34m[1mGenerating Python code for ROS interfaces[0m
[ 82%] Built target nav_2d_msgs__py
[ 84%] [32mBuilding C object CMakeFiles/nav_2d_msgs__rosidl_generator_py.dir/rosidl_generator_py/nav_2d_msgs/msg/_pose2_d32_s.c.o[0m
[ 87%] [32mBuilding C object CMakeFiles/nav_2d_msgs__rosidl_generator_py.dir/rosidl_generator_py/nav_2d_msgs/msg/_twist2_d32_s.c.o[0m
[ 87%] [32mBuilding C object CMakeFiles/nav_2d_msgs__rosidl_generator_py.dir/rosidl_generator_py/nav_2d_msgs/msg/_twist2_d_s.c.o[0m
[ 89%] [32mBuilding C object CMakeFiles/nav_2d_msgs__rosidl_generator_py.dir/rosidl_generator_py/nav_2d_msgs/msg/_twist2_d_stamped_s.c.o[0m
[ 90%] [32m[1mLinking C shared library libnav_2d_msgs__rosidl_generator_py.so[0m
[ 90%] Built target nav_2d_msgs__rosidl_generator_py
[ 92%] [32mBuilding C object CMakeFiles/nav_2d_msgs_s__rosidl_typesupport_fastrtps_c.dir/rosidl_generator_py/nav_2d_msgs/_nav_2d_msgs_s.ep.rosidl_typesupport_fastrtps_c.c.o[0m
[ 93%] [32mBuilding C object CMakeFiles/nav_2d_msgs_s__rosidl_typesupport_introspection_c.dir/rosidl_generator_py/nav_2d_msgs/_nav_2d_msgs_s.ep.rosidl_typesupport_introspection_c.c.o[0m
[ 95%] [32mBuilding C object CMakeFiles/nav_2d_msgs_s__rosidl_typesupport_c.dir/rosidl_generator_py/nav_2d_msgs/_nav_2d_msgs_s.ep.rosidl_typesupport_c.c.o[0m
[ 96%] [32m[1mLinking C shared module rosidl_generator_py/nav_2d_msgs/nav_2d_msgs_s__rosidl_typesupport_fastrtps_c.so[0m
[ 98%] [32m[1mLinking C shared module rosidl_generator_py/nav_2d_msgs/nav_2d_msgs_s__rosidl_typesupport_introspection_c.so[0m
[100%] [32m[1mLinking C shared module rosidl_generator_py/nav_2d_msgs/nav_2d_msgs_s__rosidl_typesupport_c.so[0m
[100%] Built target nav_2d_msgs_s__rosidl_typesupport_fastrtps_c
[100%] Built target nav_2d_msgs_s__rosidl_typesupport_introspection_c
[100%] Built target nav_2d_msgs_s__rosidl_typesupport_c
-- Install configuration: ""
-- Installing: /home/crazy_rat/ros2_ws/install/nav_2d_msgs/share/ament_index/resource_index/rosidl_interfaces/nav_2d_msgs
-- Installing: /home/crazy_rat/ros2_ws/install/nav_2d_msgs/share/nav_2d_msgs/msg/Pose2D32.json
-- Installing: /home/crazy_rat/ros2_ws/install/nav_2d_msgs/share/nav_2d_msgs/msg/Twist2D.json
-- Installing: /home/crazy_rat/ros2_ws/install/nav_2d_msgs/share/nav_2d_msgs/msg/Twist2D32.json
-- Installing: /home/crazy_rat/ros2_ws/install/nav_2d_msgs/share/nav_2d_msgs/msg/Twist2DStamped.json
-- Installing: /home/crazy_rat/ros2_ws/install/nav_2d_msgs/include/nav_2d_msgs/nav_2d_msgs
-- Installing: /home/crazy_rat/ros2_ws/install/nav_2d_msgs/include/nav_2d_msgs/nav_2d_msgs/msg
-- Installing: /home/crazy_rat/ros2_ws/install/nav_2d_msgs/include/nav_2d_msgs/nav_2d_msgs/msg/twist2_d_stamped.h
-- Installing: /home/crazy_rat/ros2_ws/install/nav_2d_msgs/include/nav_2d_msgs/nav_2d_msgs/msg/twist2_d.h
-- Installing: /home/crazy_rat/ros2_ws/install/nav_2d_msgs/include/nav_2d_msgs/nav_2d_msgs/msg/pose2_d32.h
-- Installing: /home/crazy_rat/ros2_ws/install/nav_2d_msgs/include/nav_2d_msgs/nav_2d_msgs/msg/rosidl_generator_c__visibility_control.h
-- Installing: /home/crazy_rat/ros2_ws/install/nav_2d_msgs/include/nav_2d_msgs/nav_2d_msgs/msg/twist2_d32.h
-- Installing: /home/crazy_rat/ros2_ws/install/nav_2d_msgs/include/nav_2d_msgs/nav_2d_msgs/msg/detail
-- Installing: /home/crazy_rat/ros2_ws/install/nav_2d_msgs/include/nav_2d_msgs/nav_2d_msgs/msg/detail/twist2_d__type_support.h
-- Installing: /home/crazy_rat/ros2_ws/install/nav_2d_msgs/include/nav_2d_msgs/nav_2d_msgs/msg/detail/pose2_d32__struct.h
-- Installing: /home/crazy_rat/ros2_ws/install/nav_2d_msgs/include/nav_2d_msgs/nav_2d_msgs/msg/detail/twist2_d32__functions.h
-- Installing: /home/crazy_rat/ros2_ws/install/nav_2d_msgs/include/nav_2d_msgs/nav_2d_msgs/msg/detail/pose2_d32__functions.c
-- Installing: /home/crazy_rat/ros2_ws/install/nav_2d_msgs/include/nav_2d_msgs/nav_2d_msgs/msg/detail/twist2_d_stamped__functions.c
-- Installing: /home/crazy_rat/ros2_ws/install/nav_2d_msgs/include/nav_2d_msgs/nav_2d_msgs/msg/detail/twist2_d_stamped__type_support.h
-- Installing: /home/crazy_rat/ros2_ws/install/nav_2d_msgs/include/nav_2d_msgs/nav_2d_msgs/msg/detail/twist2_d__struct.h
-- Installing: /home/crazy_rat/ros2_ws/install/nav_2d_msgs/include/nav_2d_msgs/nav_2d_msgs/msg/detail/pose2_d32__functions.h
-- Installing: /home/crazy_rat/ros2_ws/install/nav_2d_msgs/include/nav_2d_msgs/nav_2d_msgs/msg/detail/twist2_d32__description.c
-- Installing: /home/crazy_rat/ros2_ws/install/nav_2d_msgs/include/nav_2d_msgs/nav_2d_msgs/msg/detail/twist2_d__type_support.c
-- Installing: /home/crazy_rat/ros2_ws/install/nav_2d_msgs/include/nav_2d_msgs/nav_2d_msgs/msg/detail/twist2_d__description.c
-- Installing: /home/crazy_rat/ros2_ws/install/nav_2d_msgs/include/nav_2d_msgs/nav_2d_msgs/msg/detail/twist2_d_stamped__type_support.c
-- Installing: /home/crazy_rat/ros2_ws/install/nav_2d_msgs/include/nav_2d_msgs/nav_2d_msgs/msg/detail/twist2_d_stamped__description.c
-- Installing: /home/crazy_rat/ros2_ws/install/nav_2d_msgs/include/nav_2d_msgs/nav_2d_msgs/msg/detail/twist2_d_stamped__functions.h
-- Installing: /home/crazy_rat/ros2_ws/install/nav_2d_msgs/include/nav_2d_msgs/nav_2d_msgs/msg/detail/pose2_d32__type_support.c
-- Installing: /home/crazy_rat/ros2_ws/install/nav_2d_msgs/include/nav_2d_msgs/nav_2d_msgs/msg/detail/twist2_d32__struct.h
-- Installing: /home/crazy_rat/ros2_ws/install/nav_2d_msgs/include/nav_2d_msgs/nav_2d_msgs/msg/detail/twist2_d__functions.h
-- Installing: /home/crazy_rat/ros2_ws/install/nav_2d_msgs/include/nav_2d_msgs/nav_2d_msgs/msg/detail/twist2_d_stamped__struct.h
-- Installing: /home/crazy_rat/ros2_ws/install/nav_2d_msgs/include/nav_2d_msgs/nav_2d_msgs/msg/detail/pose2_d32__type_support.h
-- Installing: /home/crazy_rat/ros2_ws/install/nav_2d_msgs/include/nav_2d_msgs/nav_2d_msgs/msg/detail/twist2_d32__functions.c
-- Installing: /home/crazy_rat/ros2_ws/install/nav_2d_msgs/include/nav_2d_msgs/nav_2d_msgs/msg/detail/twist2_d32__type_support.h
-- Installing: /home/crazy_rat/ros2_ws/install/nav_2d_msgs/include/nav_2d_msgs/nav_2d_msgs/msg/detail/pose2_d32__description.c
-- Installing: /home/crazy_rat/ros2_ws/install/nav_2d_msgs/include/nav_2d_msgs/nav_2d_msgs/msg/detail/twist2_d32__type_support.c
-- Installing: /home/crazy_rat/ros2_ws/install/nav_2d_msgs/include/nav_2d_msgs/nav_2d_msgs/msg/detail/twist2_d__functions.c
-- Installing: /home/crazy_rat/ros2_ws/install/nav_2d_msgs/share/nav_2d_msgs/environment/library_path.sh
-- Installing: /home/crazy_rat/ros2_ws/install/nav_2d_msgs/share/nav_2d_msgs/environment/library_path.dsv
-- Installing: /home/crazy_rat/ros2_ws/install/nav_2d_msgs/lib/libnav_2d_msgs__rosidl_generator_c.so
-- Set non-toolchain portion of runtime path of "/home/crazy_rat/ros2_ws/install/nav_2d_msgs/lib/libnav_2d_msgs__rosidl_generator_c.so" to ""
-- Up-to-date: /home/crazy_rat/ros2_ws/install/nav_2d_msgs/include/nav_2d_msgs/nav_2d_msgs
-- Up-to-date: /home/crazy_rat/ros2_ws/install/nav_2d_msgs/include/nav_2d_msgs/nav_2d_msgs/msg
-- Installing: /home/crazy_rat/ros2_ws/install/nav_2d_msgs/include/nav_2d_msgs/nav_2d_msgs/msg/rosidl_typesupport_fastrtps_c__visibility_control.h
-- Up-to-date: /home/crazy_rat/ros2_ws/install/nav_2d_msgs/include/nav_2d_msgs/nav_2d_msgs/msg/detail
-- Installing: /home/crazy_rat/ros2_ws/install/nav_2d_msgs/include/nav_2d_msgs/nav_2d_msgs/msg/detail/pose2_d32__rosidl_typesupport_fastrtps_c.h
-- Installing: /home/crazy_rat/ros2_ws/install/nav_2d_msgs/include/nav_2d_msgs/nav_2d_msgs/msg/detail/twist2_d32__rosidl_typesupport_fastrtps_c.h
-- Installing: /home/crazy_rat/ros2_ws/install/nav_2d_msgs/include/nav_2d_msgs/nav_2d_msgs/msg/detail/twist2_d__rosidl_typesupport_fastrtps_c.h
-- Installing: /home/crazy_rat/ros2_ws/install/nav_2d_msgs/include/nav_2d_msgs/nav_2d_msgs/msg/detail/twist2_d_stamped__rosidl_typesupport_fastrtps_c.h
-- Installing: /home/crazy_rat/ros2_ws/install/nav_2d_msgs/lib/libnav_2d_msgs__rosidl_typesupport_fastrtps_c.so
-- Set non-toolchain portion of runtime path of "/home/crazy_rat/ros2_ws/install/nav_2d_msgs/lib/libnav_2d_msgs__rosidl_typesupport_fastrtps_c.so" to ""
-- Up-to-date: /home/crazy_rat/ros2_ws/install/nav_2d_msgs/include/nav_2d_msgs/nav_2d_msgs
-- Up-to-date: /home/crazy_rat/ros2_ws/install/nav_2d_msgs/include/nav_2d_msgs/nav_2d_msgs/msg
-- Installing: /home/crazy_rat/ros2_ws/install/nav_2d_msgs/include/nav_2d_msgs/nav_2d_msgs/msg/rosidl_generator_cpp__visibility_control.hpp
-- Installing: /home/crazy_rat/ros2_ws/install/nav_2d_msgs/include/nav_2d_msgs/nav_2d_msgs/msg/twist2_d.hpp
-- Installing: /home/crazy_rat/ros2_ws/install/nav_2d_msgs/include/nav_2d_msgs/nav_2d_msgs/msg/twist2_d32.hpp
-- Up-to-date: /home/crazy_rat/ros2_ws/install/nav_2d_msgs/include/nav_2d_msgs/nav_2d_msgs/msg/detail
-- Installing: /home/crazy_rat/ros2_ws/install/nav_2d_msgs/include/nav_2d_msgs/nav_2d_msgs/msg/detail/twist2_d32__struct.hpp
-- Installing: /home/crazy_rat/ros2_ws/install/nav_2d_msgs/include/nav_2d_msgs/nav_2d_msgs/msg/detail/twist2_d__builder.hpp
-- Installing: /home/crazy_rat/ros2_ws/install/nav_2d_msgs/include/nav_2d_msgs/nav_2d_msgs/msg/detail/pose2_d32__type_support.hpp
-- Installing: /home/crazy_rat/ros2_ws/install/nav_2d_msgs/include/nav_2d_msgs/nav_2d_msgs/msg/detail/twist2_d__struct.hpp
-- Installing: /home/crazy_rat/ros2_ws/install/nav_2d_msgs/include/nav_2d_msgs/nav_2d_msgs/msg/detail/twist2_d32__builder.hpp
-- Installing: /home/crazy_rat/ros2_ws/install/nav_2d_msgs/include/nav_2d_msgs/nav_2d_msgs/msg/detail/twist2_d__type_support.hpp
-- Installing: /home/crazy_rat/ros2_ws/install/nav_2d_msgs/include/nav_2d_msgs/nav_2d_msgs/msg/detail/pose2_d32__struct.hpp
-- Installing: /home/crazy_rat/ros2_ws/install/nav_2d_msgs/include/nav_2d_msgs/nav_2d_msgs/msg/detail/twist2_d_stamped__builder.hpp
-- Installing: /home/crazy_rat/ros2_ws/install/nav_2d_msgs/include/nav_2d_msgs/nav_2d_msgs/msg/detail/pose2_d32__builder.hpp
-- Installing: /home/crazy_rat/ros2_ws/install/nav_2d_msgs/include/nav_2d_msgs/nav_2d_msgs/msg/detail/twist2_d__traits.hpp
-- Installing: /home/crazy_rat/ros2_ws/install/nav_2d_msgs/include/nav_2d_msgs/nav_2d_msgs/msg/detail/pose2_d32__traits.hpp
-- Installing: /home/crazy_rat/ros2_ws/install/nav_2d_msgs/include/nav_2d_msgs/nav_2d_msgs/msg/detail/twist2_d32__type_support.hpp
-- Installing: /home/crazy_rat/ros2_ws/install/nav_2d_msgs/include/nav_2d_msgs/nav_2d_msgs/msg/detail/twist2_d32__traits.hpp
-- Installing: /home/crazy_rat/ros2_ws/install/nav_2d_msgs/include/nav_2d_msgs/nav_2d_msgs/msg/detail/twist2_d_stamped__traits.hpp
-- Installing: /home/crazy_rat/ros2_ws/install/nav_2d_msgs/include/nav_2d_msgs/nav_2d_msgs/msg/detail/twist2_d_stamped__type_support.hpp
-- Installing: /home/crazy_rat/ros2_ws/install/nav_2d_msgs/include/nav_2d_msgs/nav_2d_msgs/msg/detail/twist2_d_stamped__struct.hpp
-- Installing: /home/crazy_rat/ros2_ws/install/nav_2d_msgs/include/nav_2d_msgs/nav_2d_msgs/msg/twist2_d_stamped.hpp
-- Installing: /home/crazy_rat/ros2_ws/install/nav_2d_msgs/include/nav_2d_msgs/nav_2d_msgs/msg/pose2_d32.hpp
-- Up-to-date: /home/crazy_rat/ros2_ws/install/nav_2d_msgs/include/nav_2d_msgs/nav_2d_msgs
-- Up-to-date: /home/crazy_rat/ros2_ws/install/nav_2d_msgs/include/nav_2d_msgs/nav_2d_msgs/msg
-- Installing: /home/crazy_rat/ros2_ws/install/nav_2d_msgs/include/nav_2d_msgs/nav_2d_msgs/msg/rosidl_typesupport_fastrtps_cpp__visibility_control.h
-- Up-to-date: /home/crazy_rat/ros2_ws/install/nav_2d_msgs/include/nav_2d_msgs/nav_2d_msgs/msg/detail
-- Installing: /home/crazy_rat/ros2_ws/install/nav_2d_msgs/include/nav_2d_msgs/nav_2d_msgs/msg/detail/pose2_d32__rosidl_typesupport_fastrtps_cpp.hpp
-- Installing: /home/crazy_rat/ros2_ws/install/nav_2d_msgs/include/nav_2d_msgs/nav_2d_msgs/msg/detail/dds_fastrtps
-- Installing: /home/crazy_rat/ros2_ws/install/nav_2d_msgs/include/nav_2d_msgs/nav_2d_msgs/msg/detail/twist2_d__rosidl_typesupport_fastrtps_cpp.hpp
-- Installing: /home/crazy_rat/ros2_ws/install/nav_2d_msgs/include/nav_2d_msgs/nav_2d_msgs/msg/detail/twist2_d_stamped__rosidl_typesupport_fastrtps_cpp.hpp
-- Installing: /home/crazy_rat/ros2_ws/install/nav_2d_msgs/include/nav_2d_msgs/nav_2d_msgs/msg/detail/twist2_d32__rosidl_typesupport_fastrtps_cpp.hpp
-- Installing: /home/crazy_rat/ros2_ws/install/nav_2d_msgs/lib/libnav_2d_msgs__rosidl_typesupport_fastrtps_cpp.so
-- Set non-toolchain portion of runtime path of "/home/crazy_rat/ros2_ws/install/nav_2d_msgs/lib/libnav_2d_msgs__rosidl_typesupport_fastrtps_cpp.so" to ""
-- Up-to-date: /home/crazy_rat/ros2_ws/install/nav_2d_msgs/include/nav_2d_msgs/nav_2d_msgs
-- Up-to-date: /home/crazy_rat/ros2_ws/install/nav_2d_msgs/include/nav_2d_msgs/nav_2d_msgs/msg
-- Installing: /home/crazy_rat/ros2_ws/install/nav_2d_msgs/include/nav_2d_msgs/nav_2d_msgs/msg/rosidl_typesupport_introspection_c__visibility_control.h
-- Up-to-date: /home/crazy_rat/ros2_ws/install/nav_2d_msgs/include/nav_2d_msgs/nav_2d_msgs/msg/detail
-- Installing: /home/crazy_rat/ros2_ws/install/nav_2d_msgs/include/nav_2d_msgs/nav_2d_msgs/msg/detail/pose2_d32__rosidl_typesupport_introspection_c.h
-- Installing: /home/crazy_rat/ros2_ws/install/nav_2d_msgs/include/nav_2d_msgs/nav_2d_msgs/msg/detail/twist2_d__rosidl_typesupport_introspection_c.h
-- Installing: /home/crazy_rat/ros2_ws/install/nav_2d_msgs/include/nav_2d_msgs/nav_2d_msgs/msg/detail/twist2_d__type_support.c
-- Installing: /home/crazy_rat/ros2_ws/install/nav_2d_msgs/include/nav_2d_msgs/nav_2d_msgs/msg/detail/twist2_d_stamped__type_support.c
-- Installing: /home/crazy_rat/ros2_ws/install/nav_2d_msgs/include/nav_2d_msgs/nav_2d_msgs/msg/detail/twist2_d32__rosidl_typesupport_introspection_c.h
-- Installing: /home/crazy_rat/ros2_ws/install/nav_2d_msgs/include/nav_2d_msgs/nav_2d_msgs/msg/detail/pose2_d32__type_support.c
-- Installing: /home/crazy_rat/ros2_ws/install/nav_2d_msgs/include/nav_2d_msgs/nav_2d_msgs/msg/detail/twist2_d_stamped__rosidl_typesupport_introspection_c.h
-- Installing: /home/crazy_rat/ros2_ws/install/nav_2d_msgs/include/nav_2d_msgs/nav_2d_msgs/msg/detail/twist2_d32__type_support.c
-- Installing: /home/crazy_rat/ros2_ws/install/nav_2d_msgs/lib/libnav_2d_msgs__rosidl_typesupport_introspection_c.so
-- Set non-toolchain portion of runtime path of "/home/crazy_rat/ros2_ws/install/nav_2d_msgs/lib/libnav_2d_msgs__rosidl_typesupport_introspection_c.so" to ""
-- Installing: /home/crazy_rat/ros2_ws/install/nav_2d_msgs/lib/libnav_2d_msgs__rosidl_typesupport_c.so
-- Set non-toolchain portion of runtime path of "/home/crazy_rat/ros2_ws/install/nav_2d_msgs/lib/libnav_2d_msgs__rosidl_typesupport_c.so" to ""
-- Up-to-date: /home/crazy_rat/ros2_ws/install/nav_2d_msgs/include/nav_2d_msgs/nav_2d_msgs
-- Up-to-date: /home/crazy_rat/ros2_ws/install/nav_2d_msgs/include/nav_2d_msgs/nav_2d_msgs/msg
-- Up-to-date: /home/crazy_rat/ros2_ws/install/nav_2d_msgs/include/nav_2d_msgs/nav_2d_msgs/msg/detail
-- Installing: /home/crazy_rat/ros2_ws/install/nav_2d_msgs/include/nav_2d_msgs/nav_2d_msgs/msg/detail/pose2_d32__type_support.cpp
-- Installing: /home/crazy_rat/ros2_ws/install/nav_2d_msgs/include/nav_2d_msgs/nav_2d_msgs/msg/detail/twist2_d_stamped__rosidl_typesupport_introspection_cpp.hpp
-- Installing: /home/crazy_rat/ros2_ws/install/nav_2d_msgs/include/nav_2d_msgs/nav_2d_msgs/msg/detail/twist2_d_stamped__type_support.cpp
-- Installing: /home/crazy_rat/ros2_ws/install/nav_2d_msgs/include/nav_2d_msgs/nav_2d_msgs/msg/detail/twist2_d32__rosidl_typesupport_introspection_cpp.hpp
-- Installing: /home/crazy_rat/ros2_ws/install/nav_2d_msgs/include/nav_2d_msgs/nav_2d_msgs/msg/detail/pose2_d32__rosidl_typesupport_introspection_cpp.hpp
-- Installing: /home/crazy_rat/ros2_ws/install/nav_2d_msgs/include/nav_2d_msgs/nav_2d_msgs/msg/detail/twist2_d__type_support.cpp
-- Installing: /home/crazy_rat/ros2_ws/install/nav_2d_msgs/include/nav_2d_msgs/nav_2d_msgs/msg/detail/twist2_d__rosidl_typesupport_introspection_cpp.hpp
-- Installing: /home/crazy_rat/ros2_ws/install/nav_2d_msgs/include/nav_2d_msgs/nav_2d_msgs/msg/detail/twist2_d32__type_support.cpp
-- Installing: /home/crazy_rat/ros2_ws/install/nav_2d_msgs/lib/libnav_2d_msgs__rosidl_typesupport_introspection_cpp.so
-- Set non-toolchain portion of runtime path of "/home/crazy_rat/ros2_ws/install/nav_2d_msgs/lib/libnav_2d_msgs__rosidl_typesupport_introspection_cpp.so" to ""
-- Installing: /home/crazy_rat/ros2_ws/install/nav_2d_msgs/lib/libnav_2d_msgs__rosidl_typesupport_cpp.so
-- Set non-toolchain portion of runtime path of "/home/crazy_rat/ros2_ws/install/nav_2d_msgs/lib/libnav_2d_msgs__rosidl_typesupport_cpp.so" to ""
-- Installing: /home/crazy_rat/ros2_ws/install/nav_2d_msgs/share/nav_2d_msgs/environment/pythonpath.sh
-- Installing: /home/crazy_rat/ros2_ws/install/nav_2d_msgs/share/nav_2d_msgs/environment/pythonpath.dsv
-- Installing: /home/crazy_rat/ros2_ws/install/nav_2d_msgs/lib/python3.12/site-packages/nav_2d_msgs-1.4.0-py3.12.egg-info
-- Installing: /home/crazy_rat/ros2_ws/install/nav_2d_msgs/lib/python3.12/site-packages/nav_2d_msgs-1.4.0-py3.12.egg-info/dependency_links.txt
-- Installing: /home/crazy_rat/ros2_ws/install/nav_2d_msgs/lib/python3.12/site-packages/nav_2d_msgs-1.4.0-py3.12.egg-info/top_level.txt
-- Installing: /home/crazy_rat/ros2_ws/install/nav_2d_msgs/lib/python3.12/site-packages/nav_2d_msgs-1.4.0-py3.12.egg-info/SOURCES.txt
-- Installing: /home/crazy_rat/ros2_ws/install/nav_2d_msgs/lib/python3.12/site-packages/nav_2d_msgs-1.4.0-py3.12.egg-info/PKG-INFO
-- Installing: /home/crazy_rat/ros2_ws/install/nav_2d_msgs/lib/python3.12/site-packages/nav_2d_msgs
-- Installing: /home/crazy_rat/ros2_ws/install/nav_2d_msgs/lib/python3.12/site-packages/nav_2d_msgs/nav_2d_msgs_s__rosidl_typesupport_introspection_c.so
-- Installing: /home/crazy_rat/ros2_ws/install/nav_2d_msgs/lib/python3.12/site-packages/nav_2d_msgs/nav_2d_msgs_s__rosidl_typesupport_c.so
-- Installing: /home/crazy_rat/ros2_ws/install/nav_2d_msgs/lib/python3.12/site-packages/nav_2d_msgs/msg
-- Installing: /home/crazy_rat/ros2_ws/install/nav_2d_msgs/lib/python3.12/site-packages/nav_2d_msgs/msg/_twist2_d_s.c
-- Installing: /home/crazy_rat/ros2_ws/install/nav_2d_msgs/lib/python3.12/site-packages/nav_2d_msgs/msg/_twist2_d_stamped_s.c
-- Installing: /home/crazy_rat/ros2_ws/install/nav_2d_msgs/lib/python3.12/site-packages/nav_2d_msgs/msg/_twist2_d_stamped.py
-- Installing: /home/crazy_rat/ros2_ws/install/nav_2d_msgs/lib/python3.12/site-packages/nav_2d_msgs/msg/_pose2_d32_s.c
-- Installing: /home/crazy_rat/ros2_ws/install/nav_2d_msgs/lib/python3.12/site-packages/nav_2d_msgs/msg/__init__.py
-- Installing: /home/crazy_rat/ros2_ws/install/nav_2d_msgs/lib/python3.12/site-packages/nav_2d_msgs/msg/_pose2_d32.py
-- Installing: /home/crazy_rat/ros2_ws/install/nav_2d_msgs/lib/python3.12/site-packages/nav_2d_msgs/msg/_twist2_d32_s.c
-- Installing: /home/crazy_rat/ros2_ws/install/nav_2d_msgs/lib/python3.12/site-packages/nav_2d_msgs/msg/_twist2_d32.py
-- Installing: /home/crazy_rat/ros2_ws/install/nav_2d_msgs/lib/python3.12/site-packages/nav_2d_msgs/msg/_twist2_d.py
-- Installing: /home/crazy_rat/ros2_ws/install/nav_2d_msgs/lib/python3.12/site-packages/nav_2d_msgs/__init__.py
-- Installing: /home/crazy_rat/ros2_ws/install/nav_2d_msgs/lib/python3.12/site-packages/nav_2d_msgs/_nav_2d_msgs_s.ep.rosidl_typesupport_c.c
-- Installing: /home/crazy_rat/ros2_ws/install/nav_2d_msgs/lib/python3.12/site-packages/nav_2d_msgs/nav_2d_msgs_s__rosidl_typesupport_fastrtps_c.so
-- Installing: /home/crazy_rat/ros2_ws/install/nav_2d_msgs/lib/python3.12/site-packages/nav_2d_msgs/_nav_2d_msgs_s.ep.rosidl_typesupport_fastrtps_c.c
-- Installing: /home/crazy_rat/ros2_ws/install/nav_2d_msgs/lib/python3.12/site-packages/nav_2d_msgs/_nav_2d_msgs_s.ep.rosidl_typesupport_introspection_c.c
Listing '/home/crazy_rat/ros2_ws/install/nav_2d_msgs/lib/python3.12/site-packages/nav_2d_msgs'...
Compiling '/home/crazy_rat/ros2_ws/install/nav_2d_msgs/lib/python3.12/site-packages/nav_2d_msgs/__init__.py'...
Listing '/home/crazy_rat/ros2_ws/install/nav_2d_msgs/lib/python3.12/site-packages/nav_2d_msgs/msg'...
Compiling '/home/crazy_rat/ros2_ws/install/nav_2d_msgs/lib/python3.12/site-packages/nav_2d_msgs/msg/__init__.py'...
Compiling '/home/crazy_rat/ros2_ws/install/nav_2d_msgs/lib/python3.12/site-packages/nav_2d_msgs/msg/_pose2_d32.py'...
Compiling '/home/crazy_rat/ros2_ws/install/nav_2d_msgs/lib/python3.12/site-packages/nav_2d_msgs/msg/_twist2_d.py'...
Compiling '/home/crazy_rat/ros2_ws/install/nav_2d_msgs/lib/python3.12/site-packages/nav_2d_msgs/msg/_twist2_d32.py'...
Compiling '/home/crazy_rat/ros2_ws/install/nav_2d_msgs/lib/python3.12/site-packages/nav_2d_msgs/msg/_twist2_d_stamped.py'...
-- Installing: /home/crazy_rat/ros2_ws/install/nav_2d_msgs/lib/python3.12/site-packages/nav_2d_msgs/nav_2d_msgs_s__rosidl_typesupport_fastrtps_c.so
-- Set non-toolchain portion of runtime path of "/home/crazy_rat/ros2_ws/install/nav_2d_msgs/lib/python3.12/site-packages/nav_2d_msgs/nav_2d_msgs_s__rosidl_typesupport_fastrtps_c.so" to ""
-- Installing: /home/crazy_rat/ros2_ws/install/nav_2d_msgs/lib/python3.12/site-packages/nav_2d_msgs/nav_2d_msgs_s__rosidl_typesupport_introspection_c.so
-- Set non-toolchain portion of runtime path of "/home/crazy_rat/ros2_ws/install/nav_2d_msgs/lib/python3.12/site-packages/nav_2d_msgs/nav_2d_msgs_s__rosidl_typesupport_introspection_c.so" to ""
-- Installing: /home/crazy_rat/ros2_ws/install/nav_2d_msgs/lib/python3.12/site-packages/nav_2d_msgs/nav_2d_msgs_s__rosidl_typesupport_c.so
-- Set non-toolchain portion of runtime path of "/home/crazy_rat/ros2_ws/install/nav_2d_msgs/lib/python3.12/site-packages/nav_2d_msgs/nav_2d_msgs_s__rosidl_typesupport_c.so" to ""
-- Installing: /home/crazy_rat/ros2_ws/install/nav_2d_msgs/lib/libnav_2d_msgs__rosidl_generator_py.so
-- Set non-toolchain portion of runtime path of "/home/crazy_rat/ros2_ws/install/nav_2d_msgs/lib/libnav_2d_msgs__rosidl_generator_py.so" to ""
-- Installing: /home/crazy_rat/ros2_ws/install/nav_2d_msgs/share/nav_2d_msgs/msg/Pose2D32.idl
-- Installing: /home/crazy_rat/ros2_ws/install/nav_2d_msgs/share/nav_2d_msgs/msg/Twist2D.idl
-- Installing: /home/crazy_rat/ros2_ws/install/nav_2d_msgs/share/nav_2d_msgs/msg/Twist2D32.idl
-- Installing: /home/crazy_rat/ros2_ws/install/nav_2d_msgs/share/nav_2d_msgs/msg/Twist2DStamped.idl
-- Installing: /home/crazy_rat/ros2_ws/install/nav_2d_msgs/share/nav_2d_msgs/msg/Pose2D32.msg
-- Installing: /home/crazy_rat/ros2_ws/install/nav_2d_msgs/share/nav_2d_msgs/msg/Twist2D.msg
-- Installing: /home/crazy_rat/ros2_ws/install/nav_2d_msgs/share/nav_2d_msgs/msg/Twist2D32.msg
-- Installing: /home/crazy_rat/ros2_ws/install/nav_2d_msgs/share/nav_2d_msgs/msg/Twist2DStamped.msg
-- Installing: /home/crazy_rat/ros2_ws/install/nav_2d_msgs/share/ament_index/resource_index/package_run_dependencies/nav_2d_msgs
-- Installing: /home/crazy_rat/ros2_ws/install/nav_2d_msgs/share/ament_index/resource_index/parent_prefix_path/nav_2d_msgs
-- Installing: /home/crazy_rat/ros2_ws/install/nav_2d_msgs/share/nav_2d_msgs/environment/ament_prefix_path.sh
-- Installing: /home/crazy_rat/ros2_ws/install/nav_2d_msgs/share/nav_2d_msgs/environment/ament_prefix_path.dsv
-- Installing: /home/crazy_rat/ros2_ws/install/nav_2d_msgs/share/nav_2d_msgs/environment/path.sh
-- Installing: /home/crazy_rat/ros2_ws/install/nav_2d_msgs/share/nav_2d_msgs/environment/path.dsv
-- Installing: /home/crazy_rat/ros2_ws/install/nav_2d_msgs/share/nav_2d_msgs/local_setup.bash
-- Installing: /home/crazy_rat/ros2_ws/install/nav_2d_msgs/share/nav_2d_msgs/local_setup.sh
-- Installing: /home/crazy_rat/ros2_ws/install/nav_2d_msgs/share/nav_2d_msgs/local_setup.zsh
-- Installing: /home/crazy_rat/ros2_ws/install/nav_2d_msgs/share/nav_2d_msgs/local_setup.dsv
-- Installing: /home/crazy_rat/ros2_ws/install/nav_2d_msgs/share/nav_2d_msgs/package.dsv
-- Installing: /home/crazy_rat/ros2_ws/install/nav_2d_msgs/share/ament_index/resource_index/packages/nav_2d_msgs
-- Installing: /home/crazy_rat/ros2_ws/install/nav_2d_msgs/share/nav_2d_msgs/cmake/export_nav_2d_msgs__rosidl_generator_cExport.cmake
-- Installing: /home/crazy_rat/ros2_ws/install/nav_2d_msgs/share/nav_2d_msgs/cmake/export_nav_2d_msgs__rosidl_generator_cExport-noconfig.cmake
-- Installing: /home/crazy_rat/ros2_ws/install/nav_2d_msgs/share/nav_2d_msgs/cmake/export_nav_2d_msgs__rosidl_typesupport_fastrtps_cExport.cmake
-- Installing: /home/crazy_rat/ros2_ws/install/nav_2d_msgs/share/nav_2d_msgs/cmake/export_nav_2d_msgs__rosidl_typesupport_fastrtps_cExport-noconfig.cmake
-- Installing: /home/crazy_rat/ros2_ws/install/nav_2d_msgs/share/nav_2d_msgs/cmake/export_nav_2d_msgs__rosidl_generator_cppExport.cmake
-- Installing: /home/crazy_rat/ros2_ws/install/nav_2d_msgs/share/nav_2d_msgs/cmake/export_nav_2d_msgs__rosidl_typesupport_fastrtps_cppExport.cmake
-- Installing: /home/crazy_rat/ros2_ws/install/nav_2d_msgs/share/nav_2d_msgs/cmake/export_nav_2d_msgs__rosidl_typesupport_fastrtps_cppExport-noconfig.cmake
-- Installing: /home/crazy_rat/ros2_ws/install/nav_2d_msgs/share/nav_2d_msgs/cmake/nav_2d_msgs__rosidl_typesupport_introspection_cExport.cmake
-- Installing: /home/crazy_rat/ros2_ws/install/nav_2d_msgs/share/nav_2d_msgs/cmake/nav_2d_msgs__rosidl_typesupport_introspection_cExport-noconfig.cmake
-- Installing: /home/crazy_rat/ros2_ws/install/nav_2d_msgs/share/nav_2d_msgs/cmake/nav_2d_msgs__rosidl_typesupport_cExport.cmake
-- Installing: /home/crazy_rat/ros2_ws/install/nav_2d_msgs/share/nav_2d_msgs/cmake/nav_2d_msgs__rosidl_typesupport_cExport-noconfig.cmake
-- Installing: /home/crazy_rat/ros2_ws/install/nav_2d_msgs/share/nav_2d_msgs/cmake/nav_2d_msgs__rosidl_typesupport_introspection_cppExport.cmake
-- Installing: /home/crazy_rat/ros2_ws/install/nav_2d_msgs/share/nav_2d_msgs/cmake/nav_2d_msgs__rosidl_typesupport_introspection_cppExport-noconfig.cmake
-- Installing: /home/crazy_rat/ros2_ws/install/nav_2d_msgs/share/nav_2d_msgs/cmake/nav_2d_msgs__rosidl_typesupport_cppExport.cmake
-- Installing: /home/crazy_rat/ros2_ws/install/nav_2d_msgs/share/nav_2d_msgs/cmake/nav_2d_msgs__rosidl_typesupport_cppExport-noconfig.cmake
-- Installing: /home/crazy_rat/ros2_ws/install/nav_2d_msgs/share/nav_2d_msgs/cmake/export_nav_2d_msgs__rosidl_generator_pyExport.cmake
-- Installing: /home/crazy_rat/ros2_ws/install/nav_2d_msgs/share/nav_2d_msgs/cmake/export_nav_2d_msgs__rosidl_generator_pyExport-noconfig.cmake
-- Installing: /home/crazy_rat/ros2_ws/install/nav_2d_msgs/share/nav_2d_msgs/cmake/rosidl_cmake-extras.cmake
-- Installing: /home/crazy_rat/ros2_ws/install/nav_2d_msgs/share/nav_2d_msgs/cmake/ament_cmake_export_dependencies-extras.cmake
-- Installing: /home/crazy_rat/ros2_ws/install/nav_2d_msgs/share/nav_2d_msgs/cmake/ament_cmake_export_include_directories-extras.cmake
-- Installing: /home/crazy_rat/ros2_ws/install/nav_2d_msgs/share/nav_2d_msgs/cmake/ament_cmake_export_libraries-extras.cmake
-- Installing: /home/crazy_rat/ros2_ws/install/nav_2d_msgs/share/nav_2d_msgs/cmake/ament_cmake_export_targets-extras.cmake
-- Installing: /home/crazy_rat/ros2_ws/install/nav_2d_msgs/share/nav_2d_msgs/cmake/rosidl_cmake_export_typesupport_targets-extras.cmake
-- Installing: /home/crazy_rat/ros2_ws/install/nav_2d_msgs/share/nav_2d_msgs/cmake/rosidl_cmake_export_typesupport_libraries-extras.cmake
-- Installing: /home/crazy_rat/ros2_ws/install/nav_2d_msgs/share/nav_2d_msgs/cmake/nav_2d_msgsConfig.cmake
-- Installing: /home/crazy_rat/ros2_ws/install/nav_2d_msgs/share/nav_2d_msgs/cmake/nav_2d_msgsConfig-version.cmake
-- Installing: /home/crazy_rat/ros2_ws/install/nav_2d_msgs/share/nav_2d_msgs/package.xml
