-- Found ament_cmake: 2.5.4 (/opt/ros/jazzy/share/ament_cmake/cmake)
-- Override CMake install command with custom implementation using symlinks instead of copying resources
-- Found rclcpp: 28.1.13 (/opt/ros/jazzy/share/rclcpp/cmake)
-- Found rosidl_generator_c: 4.6.6 (/opt/ros/jazzy/share/rosidl_generator_c/cmake)
-- Found rosidl_generator_cpp: 4.6.6 (/opt/ros/jazzy/share/rosidl_generator_cpp/cmake)
-- Using all available rosidl_typesupport_c: rosidl_typesupport_fastrtps_c;rosidl_typesupport_introspection_c
-- Using all available rosidl_typesupport_cpp: rosidl_typesupport_fastrtps_cpp;rosidl_typesupport_introspection_cpp
-- Found rmw_implementation_cmake: 7.3.2 (/opt/ros/jazzy/share/rmw_implementation_cmake/cmake)
-- Found rmw_fastrtps_cpp: 8.4.3 (/opt/ros/jazzy/share/rmw_fastrtps_cpp/cmake)
-- Using RMW implementation 'rmw_fastrtps_cpp' as default
-- Found sensor_msgs: 5.3.6 (/opt/ros/jazzy/share/sensor_msgs/cmake)
-- Found ament_cmake_gmock: 2.5.4 (/opt/ros/jazzy/share/ament_cmake_gmock/cmake)
-- Found ament_cmake_gtest: 2.5.4 (/opt/ros/jazzy/share/ament_cmake_gtest/cmake)
-- Found gmock sources under '/opt/ros/jazzy/src/gmock_vendor': C++ tests using 'Google Mock' will be built
-- Found gtest sources under '/opt/ros/jazzy/src/gtest_vendor': C++ tests using 'Google Test' will be built
-- Configuring done (2.0s)
-- Generating done (0.2s)
-- Build files have been written to: /home/crazy_rat/ros2_ws/build/bno08x_driver
[ 27%] Built target sh2_library
[ 38%] Built target gmock_main
[ 55%] Built target gmock
[ 61%] [32m[1mLinking CXX executable bno08x_driver[0m
[ 72%] Built target test_i2c_mock
[ 83%] Built target test_watchdog
[100%] Built target bno08x_driver
-- Install configuration: ""
-- Execute custom install script
-- Symlinking: /home/crazy_rat/ros2_ws/install/bno08x_driver/lib/bno08x_driver/bno08x_driver
-- Symlinking: /home/crazy_rat/ros2_ws/install/bno08x_driver/share/bno08x_driver/config/bno085_i2c.yaml
-- Symlinking: /home/crazy_rat/ros2_ws/install/bno08x_driver/share/bno08x_driver/launch/bno085_i2c.launch.py
-- Symlinking: /home/crazy_rat/ros2_ws/install/bno08x_driver/share/ament_index/resource_index/package_run_dependencies/bno08x_driver
-- Symlinking: /home/crazy_rat/ros2_ws/install/bno08x_driver/share/ament_index/resource_index/parent_prefix_path/bno08x_driver
-- Symlinking: /home/crazy_rat/ros2_ws/install/bno08x_driver/share/bno08x_driver/environment/ament_prefix_path.sh
-- Symlinking: /home/crazy_rat/ros2_ws/install/bno08x_driver/share/bno08x_driver/environment/ament_prefix_path.dsv
-- Symlinking: /home/crazy_rat/ros2_ws/install/bno08x_driver/share/bno08x_driver/environment/path.sh
-- Symlinking: /home/crazy_rat/ros2_ws/install/bno08x_driver/share/bno08x_driver/environment/path.dsv
-- Symlinking: /home/crazy_rat/ros2_ws/install/bno08x_driver/share/bno08x_driver/local_setup.bash
-- Symlinking: /home/crazy_rat/ros2_ws/install/bno08x_driver/share/bno08x_driver/local_setup.sh
-- Symlinking: /home/crazy_rat/ros2_ws/install/bno08x_driver/share/bno08x_driver/local_setup.zsh
-- Symlinking: /home/crazy_rat/ros2_ws/install/bno08x_driver/share/bno08x_driver/local_setup.dsv
-- Symlinking: /home/crazy_rat/ros2_ws/install/bno08x_driver/share/bno08x_driver/package.dsv
-- Symlinking: /home/crazy_rat/ros2_ws/install/bno08x_driver/share/ament_index/resource_index/packages/bno08x_driver
-- Symlinking: /home/crazy_rat/ros2_ws/install/bno08x_driver/share/bno08x_driver/cmake/bno08x_driverConfig.cmake
-- Symlinking: /home/crazy_rat/ros2_ws/install/bno08x_driver/share/bno08x_driver/cmake/bno08x_driverConfig-version.cmake
-- Symlinking: /home/crazy_rat/ros2_ws/install/bno08x_driver/share/bno08x_driver/package.xml
