--2025-12-10 15:22:44--  https://raw.githubusercontent.com/hrnr/m-explore-extra/master/map_merge/hector_maps/map00.pgm
Resolving raw.githubusercontent.com (raw.githubusercontent.com)... 2606:50c0:8000::154, 2606:50c0:8003::154, 2606:50c0:8001::154, ...
Connecting to raw.githubusercontent.com (raw.githubusercontent.com)|2606:50c0:8000::154|:443... connected.
HTTP request sent, awaiting response... 200 OK
Length: 4194362 (4.0M) [application/octet-stream]
Saving to: ‘/home/crazy_rat/ros2_ws/build/multirobot_map_merge/map00.pgm’

     0K .......... .......... .......... .......... ..........  1%  127K 32s
    50K .......... .......... .......... .......... ..........  2%  493K 20s
   100K .......... .......... .......... .......... ..........  3%  310K 17s
   150K .......... .......... .......... .......... ..........  4%  284K 16s
   200K .......... .......... .......... .......... ..........  6%  444K 15s
   250K .......... .......... .......... .......... ..........  7%  333K 14s
   300K .......... .......... .......... .......... ..........  8%  455K 13s
   350K .......... .......... .......... .......... ..........  9%  325K 13s
   400K .......... .......... .......... .......... .......... 10%  293K 12s
   450K .......... .......... .......... .......... .......... 12%  361K 12s
   500K .......... .......... .......... .......... .......... 13%  636K 11s
   550K .......... .......... .......... .......... .......... 14%  146K 12s
   600K .......... .......... .......... .......... .......... 15% 88.5M 11s
   650K .......... .......... .......... .......... .......... 17%  257K 11s
   700K .......... .......... .......... .......... .......... 18%  627K 11s
   750K .......... .......... .......... .......... .......... 19% 1.27M 10s
   800K .......... .......... .......... .......... .......... 20%  806K 9s
   850K .......... .......... .......... .......... .......... 21%  962K 9s
   900K .......... .......... .......... .......... .......... 23% 2.21M 8s
   950K .......... .......... .......... .......... .......... 24% 1.20M 8s
  1000K .......... .......... .......... .......... .......... 25% 1.38M 8s
  1050K .......... .......... .......... .......... .......... 26% 1.35M 7s
  1100K .......... .......... .......... .......... .......... 28% 1.13M 7s
  1150K .......... .......... .......... .......... .......... 29% 1.21M 7s
  1200K .......... .......... .......... .......... .......... 30% 1.49M 6s
  1250K .......... .......... .......... .......... .......... 31% 1.12M 6s
  1300K .......... .......... .......... .......... .......... 32% 1.20M 6s
  1350K .......... .......... .......... .......... .......... 34%  829K 6s
  1400K .......... .......... .......... .......... .......... 35% 1.28M 5s
  1450K .......... .......... .......... .......... .......... 36% 1.01M 5s
  1500K .......... .......... .......... .......... .......... 37%  893K 5s
  1550K .......... .......... .......... .......... .......... 39% 1.99M 5s
  1600K .......... .......... .......... .......... .......... 40%  592K 5s
  1650K .......... .......... .......... .......... .......... 41% 1.51M 5s
  1700K .......... .......... .......... .......... .......... 42%  807K 4s
  1750K .......... .......... .......... .......... .......... 43% 1.09M 4s
  1800K .......... .......... .......... .......... .......... 45%  918K 4s
  1850K .......... .......... .......... .......... .......... 46% 2.66M 4s
  1900K .......... .......... .......... .......... .......... 47%  857K 4s
  1950K .......... .......... .......... .......... .......... 48% 1.01M 4s
  2000K .......... .......... .......... .......... .......... 50%  719K 4s
  2050K .......... .......... .......... .......... .......... 51%  710K 3s
  2100K .......... .......... .......... .......... .......... 52%  397K 3s
  2150K .......... .......... .......... .......... .......... 53%  419K 3s
  2200K .......... .......... .......... .......... .......... 54%  364K 3s
  2250K .......... .......... .......... .......... .......... 56%  674K 3s
  2300K .......... .......... .......... .......... .......... 57%  391K 3s
  2350K .......... .......... .......... .......... .......... 58% 1.48M 3s
  2400K .......... .......... .......... .......... .......... 59% 1.40M 3s
  2450K .......... .......... .......... .......... .......... 61% 1.47M 3s
  2500K .......... .......... .......... .......... .......... 62% 1.05M 3s
  2550K .......... .......... .......... .......... .......... 63% 2.03M 3s
  2600K .......... .......... .......... .......... .......... 64% 2.19M 2s
  2650K .......... .......... .......... .......... .......... 65% 2.37M 2s
  2700K .......... .......... .......... .......... .......... 67% 1.30M 2s
  2750K .......... .......... .......... .......... .......... 68% 1.91M 2s
  2800K .......... .......... .......... .......... .......... 69% 2.04M 2s
  2850K .......... .......... .......... .......... .......... 70% 1.95M 2s
  2900K .......... .......... .......... .......... .......... 72% 1.94M 2s
  2950K .......... .......... .......... .......... .......... 73% 1.63M 2s
  3000K .......... .......... .......... .......... .......... 74% 2.74M 2s
  3050K .......... .......... .......... .......... .......... 75% 2.06M 1s
  3100K .......... .......... .......... .......... .......... 76% 1.51M 1s
  3150K .......... .......... .......... .......... .......... 78% 2.77M 1s
  3200K .......... .......... .......... .......... .......... 79% 1.32M 1s
  3250K .......... .......... .......... .......... .......... 80% 3.08M 1s
  3300K .......... .......... .......... .......... .......... 81% 1.34M 1s
  3350K .......... .......... .......... .......... .......... 83% 1.95M 1s
  3400K .......... .......... .......... .......... .......... 84% 1.83M 1s
  3450K .......... .......... .......... .......... .......... 85% 1.49M 1s
  3500K .......... .......... .......... .......... .......... 86% 3.11M 1s
  3550K .......... .......... .......... .......... .......... 87% 1.90M 1s
  3600K .......... .......... .......... .......... .......... 89%  999K 1s
  3650K .......... .......... .......... .......... .......... 90% 3.64M 1s
  3700K .......... .......... .......... .......... .......... 91% 1.14M 0s
  3750K .......... .......... .......... .......... .......... 92% 1.54M 0s
  3800K .......... .......... .......... .......... .......... 93% 3.49M 0s
  3850K .......... .......... .......... .......... .......... 95% 1.25M 0s
  3900K .......... .......... .......... .......... .......... 96% 1.40M 0s
  3950K .......... .......... .......... .......... .......... 97% 1.27M 0s
  4000K .......... .......... .......... .......... .......... 98%  864K 0s
  4050K .......... .......... .......... .......... ......    100% 1.65M=5.2s

2025-12-10 15:22:52 (781 KB/s) - ‘/home/crazy_rat/ros2_ws/build/multirobot_map_merge/map00.pgm’ saved [4194362/4194362]

--2025-12-10 15:22:52--  https://raw.githubusercontent.com/hrnr/m-explore-extra/master/map_merge/hector_maps/map05.pgm
Resolving raw.githubusercontent.com (raw.githubusercontent.com)... 2606:50c0:8001::154, 2606:50c0:8003::154, 2606:50c0:8000::154, ...
Connecting to raw.githubusercontent.com (raw.githubusercontent.com)|2606:50c0:8001::154|:443... connected.
HTTP request sent, awaiting response... 200 OK
Length: 4194362 (4.0M) [application/octet-stream]
Saving to: ‘/home/crazy_rat/ros2_ws/build/multirobot_map_merge/map05.pgm’

     0K .......... .......... .......... .......... ..........  1%  590K 7s
    50K .......... .......... .......... .......... ..........  2%  441K 8s
   100K .......... .......... .......... .......... ..........  3% 1.31M 6s
   150K .......... .......... .......... .......... ..........  4% 1.67M 5s
   200K .......... .......... .......... .......... ..........  6%  437K 6s
   250K .......... .......... .......... .......... ..........  7%  786K 6s
   300K .......... .......... .......... .......... ..........  8%  689K 6s
   350K .......... .......... .......... .......... ..........  9%  549K 6s
   400K .......... .......... .......... .......... .......... 10%  770K 5s
   450K .......... .......... .......... .......... .......... 12%  654K 5s
   500K .......... .......... .......... .......... .......... 13%  467K 6s
   550K .......... .......... .......... .......... .......... 14%  330K 6s
   600K .......... .......... .......... .......... .......... 15%  260K 6s
   650K .......... .......... .......... .......... .......... 17%  341K 7s
   700K .......... .......... .......... .......... .......... 18%  270K 7s
   750K .......... .......... .......... .......... .......... 19%  415K 7s
   800K .......... .......... .......... .......... .......... 20%  381K 7s
   850K .......... .......... .......... .......... .......... 21%  254K 7s
   900K .......... .......... .......... .......... .......... 23%  501K 7s
   950K .......... .......... .......... .......... .......... 24%  282K 7s
  1000K .......... .......... .......... .......... .......... 25%  342K 7s
  1050K .......... .......... .......... .......... .......... 26%  433K 7s
  1100K .......... .......... .......... .......... .......... 28%  390K 7s
  1150K .......... .......... .......... .......... .......... 29%  407K 7s
  1200K .......... .......... .......... .......... .......... 30%  300K 7s
  1250K .......... .......... .......... .......... .......... 31%  308K 7s
  1300K .......... .......... .......... .......... .......... 32%  542K 6s
  1350K .......... .......... .......... .......... .......... 34%  494K 6s
  1400K .......... .......... .......... .......... .......... 35%  314K 6s
  1450K .......... .......... .......... .......... .......... 36%  539K 6s
  1500K .......... .......... .......... .......... .......... 37%  404K 6s
  1550K .......... .......... .......... .......... .......... 39%  415K 6s
  1600K .......... .......... .......... .......... .......... 40%  509K 6s
  1650K .......... .......... .......... .......... .......... 41%  349K 6s
  1700K .......... .......... .......... .......... .......... 42%  552K 6s
  1750K .......... .......... .......... .......... .......... 43%  528K 5s
  1800K .......... .......... .......... .......... .......... 45%  351K 5s
  1850K .......... .......... .......... .......... .......... 46%  448K 5s
  1900K .......... .......... .......... .......... .......... 47%  546K 5s
  1950K .......... .......... .......... .......... .......... 48%  534K 5s
  2000K .......... .......... .......... .......... .......... 50%  314K 5s
  2050K .......... .......... .......... .......... .......... 51%  454K 5s
  2100K .......... .......... .......... .......... .......... 52%  686K 5s
  2150K .......... .......... .......... .......... .......... 53%  555K 4s
  2200K .......... .......... .......... .......... .......... 54%  287K 4s
  2250K .......... .......... .......... .......... .......... 56%  809K 4s
  2300K .......... .......... .......... .......... .......... 57%  502K 4s
  2350K .......... .......... .......... .......... .......... 58%  889K 4s
  2400K .......... .......... .......... .......... .......... 59%  473K 4s
  2450K .......... .......... .......... .......... .......... 61%  480K 4s
  2500K .......... .......... .......... .......... .......... 62%  553K 4s
  2550K .......... .......... .......... .......... .......... 63%  526K 3s
  2600K .......... .......... .......... .......... .......... 64%  549K 3s
  2650K .......... .......... .......... .......... .......... 65%  612K 3s
  2700K .......... .......... .......... .......... .......... 67%  643K 3s
  2750K .......... .......... .......... .......... .......... 68%  506K 3s
  2800K .......... .......... .......... .......... .......... 69%  528K 3s
  2850K .......... .......... .......... .......... .......... 70%  416K 3s
  2900K .......... .......... .......... .......... .......... 72%  516K 3s
  2950K .......... .......... .......... .......... .......... 73%  548K 2s
  3000K .......... .......... .......... .......... .......... 74%  817K 2s
  3050K .......... .......... .......... .......... .......... 75%  553K 2s
  3100K .......... .......... .......... .......... .......... 76%  474K 2s
  3150K .......... .......... .......... .......... .......... 78%  440K 2s
  3200K .......... .......... .......... .......... .......... 79%  662K 2s
  3250K .......... .......... .......... .......... .......... 80%  657K 2s
  3300K .......... .......... .......... .......... .......... 81%  516K 2s
  3350K .......... .......... .......... .......... .......... 83%  456K 2s
  3400K .......... .......... .......... .......... .......... 84%  509K 1s
  3450K .......... .......... .......... .......... .......... 85%  903K 1s
  3500K .......... .......... .......... .......... .......... 86%  761K 1s
  3550K .......... .......... .......... .......... .......... 87%  643K 1s
  3600K .......... .......... .......... .......... .......... 89%  769K 1s
  3650K .......... .......... .......... .......... .......... 90%  510K 1s
  3700K .......... .......... .......... .......... .......... 91%  695K 1s
  3750K .......... .......... .......... .......... .......... 92%  646K 1s
  3800K .......... .......... .......... .......... .......... 93% 1.07M 1s
  3850K .......... .......... .......... .......... .......... 95%  669K 0s
  3900K .......... .......... .......... .......... .......... 96% 1.04M 0s
  3950K .......... .......... .......... .......... .......... 97%  598K 0s
  4000K .......... .......... .......... .......... .......... 98%  897K 0s
  4050K .......... .......... .......... .......... ......    100%  489K=8.4s

2025-12-10 15:23:01 (490 KB/s) - ‘/home/crazy_rat/ros2_ws/build/multirobot_map_merge/map05.pgm’ saved [4194362/4194362]

--2025-12-10 15:23:01--  https://raw.githubusercontent.com/hrnr/m-explore-extra/master/map_merge/gmapping_maps/2011-08-09-12-22-52.pgm
Resolving raw.githubusercontent.com (raw.githubusercontent.com)... 2606:50c0:8000::154, 2606:50c0:8003::154, 2606:50c0:8002::154, ...
Connecting to raw.githubusercontent.com (raw.githubusercontent.com)|2606:50c0:8000::154|:443... connected.
HTTP request sent, awaiting response... 200 OK
Length: 16000058 (15M) [application/octet-stream]
Saving to: ‘/home/crazy_rat/ros2_ws/build/multirobot_map_merge/2011-08-09-12-22-52.pgm’

     0K .......... .......... .......... .......... ..........  0% 76.8K 3m23s
    50K .......... .......... .......... .......... ..........  0% 49.6K 4m18s
   100K .......... .......... .......... .......... ..........  0% 7.05M 2m52s
   150K .......... .......... .......... .......... ..........  1%  338K 2m20s
   200K .......... .......... .......... .......... ..........  1%  816K 1m55s
   250K .......... .......... .......... .......... ..........  1% 1.26M 98s
   300K .......... .......... .......... .......... ..........  2%  478K 88s
   350K .......... .......... .......... .......... ..........  2%  243K 85s
   400K .......... .......... .......... .......... ..........  2%  146K 87s
   450K .......... .......... .......... .......... ..........  3% 98.9K 93s
   500K .......... .......... .......... .......... ..........  3%  102K 98s
   550K .......... .......... .......... .......... ..........  3%  122K 99s
   600K .......... .......... .......... .......... ..........  4% 49.6K 1m55s
   650K .......... .......... .......... .......... ..........  4%  536K 1m48s
   700K .......... .......... .......... .......... ..........  4%  434K 1m43s
   750K .......... .......... .......... .......... ..........  5%  438K 98s
   800K .......... .......... .......... .......... ..........  5%  722K 93s
   850K .......... .......... .......... .......... ..........  5%  584K 89s
   900K .......... .......... .......... .......... ..........  6%  339K 87s
   950K .......... .......... .......... .......... ..........  6%  328K 84s
  1000K .......... .......... .......... .......... ..........  6%  415K 82s
  1050K .......... .......... .......... .......... ..........  7%  168K 82s
  1100K .......... .......... .......... .......... ..........  7%  184K 81s
  1150K .......... .......... .......... .......... ..........  7%  178K 81s
  1200K .......... .......... .......... .......... ..........  7%  144K 81s
  1250K .......... .......... .......... .......... ..........  8%  110K 83s
  1300K .......... .......... .......... .......... ..........  8% 94.8K 85s
  1350K .......... .......... .......... .......... ..........  8%  222K 84s
  1400K .......... .......... .......... .......... ..........  9%  171K 84s
  1450K .......... .......... .......... .......... ..........  9%  224K 83s
  1500K .......... .......... .......... .......... ..........  9%  324K 81s
  1550K .......... .......... .......... .......... .......... 10%  272K 80s
  1600K .......... .......... .......... .......... .......... 10%  345K 79s
  1650K .......... .......... .......... .......... .......... 10%  312K 77s
  1700K .......... .......... .......... .......... .......... 11%  237K 77s
  1750K .......... .......... .......... .......... .......... 11%  246K 76s
  1800K .......... .......... .......... .......... .......... 11%  222K 75s
  1850K .......... .......... .......... .......... .......... 12%  225K 74s
  1900K .......... .......... .......... .......... .......... 12%  163K 74s
  1950K .......... .......... .......... .......... .......... 12%  108K 75s
  2000K .......... .......... .......... .......... .......... 13%  125K 76s
  2050K .......... .......... .......... .......... .......... 13%  131K 76s
  2100K .......... .......... .......... .......... .......... 13%  136K 77s
  2150K .......... .......... .......... .......... .......... 14%  167K 76s
  2200K .......... .......... .......... .......... .......... 14%  151K 76s
  2250K .......... .......... .......... .......... .......... 14%  149K 76s
  2300K .......... .......... .......... .......... .......... 15%  136K 77s
  2350K .......... .......... .......... .......... .......... 15%  125K 77s
  2400K .......... .......... .......... .......... .......... 15%  147K 77s
  2450K .......... .......... .......... .......... .......... 15%  188K 76s
  2500K .......... .......... .......... .......... .......... 16%  167K 76s
  2550K .......... .......... .......... .......... .......... 16%  216K 76s
  2600K .......... .......... .......... .......... .......... 16%  201K 75s
  2650K .......... .......... .......... .......... .......... 17%  256K 74s
  2700K .......... .......... .......... .......... .......... 17%  230K 74s
  2750K .......... .......... .......... .......... .......... 17% 1.71M 72s
  2800K .......... .......... .......... .......... .......... 18%  713K 71s
  2850K .......... .......... .......... .......... .......... 18% 1.30M 70s
  2900K .......... .......... .......... .......... .......... 18% 1.63M 68s
  2950K .......... .......... .......... .......... .......... 19% 1.32M 67s
  3000K .......... .......... .......... .......... .......... 19% 2.08M 66s
  3050K .......... .......... .......... .......... .......... 19% 1.27M 65s
  3100K .......... .......... .......... .......... .......... 20% 1.66M 64s
  3150K .......... .......... .......... .......... .......... 20% 1.46M 62s
  3200K .......... .......... .......... .......... .......... 20% 2.09M 61s
  3250K .......... .......... .......... .......... .......... 21% 2.78M 60s
  3300K .......... .......... .......... .......... .......... 21% 1.46M 59s
  3350K .......... .......... .......... .......... .......... 21% 1.75M 58s
  3400K .......... .......... .......... .......... .......... 22% 1.46M 57s
  3450K .......... .......... .......... .......... .......... 22% 2.11M 56s
  3500K .......... .......... .......... .......... .......... 22% 2.30M 55s
  3550K .......... .......... .......... .......... .......... 23% 2.01M 54s
  3600K .......... .......... .......... .......... .......... 23% 1.10M 54s
  3650K .......... .......... .......... .......... .......... 23% 1.44M 53s
  3700K .......... .......... .......... .......... .......... 23% 1.96M 52s
  3750K .......... .......... .......... .......... .......... 24% 2.35M 51s
  3800K .......... .......... .......... .......... .......... 24% 1.17M 50s
  3850K .......... .......... .......... .......... .......... 24% 2.47M 50s
  3900K .......... .......... .......... .......... .......... 25% 2.70M 49s
  3950K .......... .......... .......... .......... .......... 25% 1.18M 48s
  4000K .......... .......... .......... .......... .......... 25% 2.42M 47s
  4050K .......... .......... .......... .......... .......... 26% 1.17M 47s
  4100K .......... .......... .......... .......... .......... 26% 2.15M 46s
  4150K .......... .......... .......... .......... .......... 26% 2.17M 45s
  4200K .......... .......... .......... .......... .......... 27% 2.08M 45s
  4250K .......... .......... .......... .......... .......... 27% 3.88M 44s
  4300K .......... .......... .......... .......... .......... 27% 2.07M 43s
  4350K .......... .......... .......... .......... .......... 28% 2.11M 43s
  4400K .......... .......... .......... .......... .......... 28% 2.07M 42s
  4450K .......... .......... .......... .......... .......... 28% 1.26M 41s
  4500K .......... .......... .......... .......... .......... 29% 1.71M 41s
  4550K .......... .......... .......... .......... .......... 29% 4.50M 40s
  4600K .......... .......... .......... .......... .......... 29%  664K 40s
  4650K .......... .......... .......... .......... .......... 30% 1.27M 39s
  4700K .......... .......... .......... .......... .......... 30% 4.24M 39s
  4750K .......... .......... .......... .......... .......... 30% 2.17M 38s
  4800K .......... .......... .......... .......... .......... 31% 1.61M 38s
  4850K .......... .......... .......... .......... .......... 31% 4.77M 37s
  4900K .......... .......... .......... .......... .......... 31% 3.12M 37s
  4950K .......... .......... .......... .......... .......... 31% 1.50M 36s
  5000K .......... .......... .......... .......... .......... 32% 2.20M 36s
  5050K .......... .......... .......... .......... .......... 32%  252K 36s
  5100K .......... .......... .......... .......... .......... 32%  117M 35s
  5150K .......... .......... .......... .......... .......... 33%  118M 35s
  5200K .......... .......... .......... .......... .......... 33% 5.76M 34s
  5250K .......... .......... .......... .......... .......... 33% 1.25M 34s
  5300K .......... .......... .......... .......... .......... 34% 1.45M 33s
  5350K .......... .......... .......... .......... .......... 34% 1.74M 33s
  5400K .......... .......... .......... .......... .......... 34% 2.52M 32s
  5450K .......... .......... .......... .......... .......... 35%  853K 32s
  5500K .......... .......... .......... .......... .......... 35% 1.59M 32s
  5550K .......... .......... .......... .......... .......... 35% 1.99M 31s
  5600K .......... .......... .......... .......... .......... 36%  752K 31s
  5650K .......... .......... .......... .......... .......... 36%  921K 31s
  5700K .......... .......... .......... .......... .......... 36%  559K 30s
  5750K .......... .......... .......... .......... .......... 37% 2.02M 30s
  5800K .......... .......... .......... .......... .......... 37% 1.21M 30s
  5850K .......... .......... .......... .......... .......... 37%  471K 30s
  5900K .......... .......... .......... .......... .......... 38%  695K 29s
  5950K .......... .......... .......... .......... .......... 38%  654K 29s
  6000K .......... .......... .......... .......... .......... 38%  335K 29s
  6050K .......... .......... .......... .......... .......... 39%  728K 29s
  6100K .......... .......... .......... .......... .......... 39%  447K 28s
  6150K .......... .......... .......... .......... .......... 39%  642K 28s
  6200K .......... .......... .......... .......... .......... 39%  610K 28s
  6250K .......... .......... .......... .......... .......... 40%  420K 28s
  6300K .......... .......... .......... .......... .......... 40%  574K 27s
  6350K .......... .......... .......... .......... .......... 40%  551K 27s
  6400K .......... .......... .......... .......... .......... 41%  374K 27s
  6450K .......... .......... .......... .......... .......... 41%  545K 27s
  6500K .......... .......... .......... .......... .......... 41%  427K 27s
  6550K .......... .......... .......... .......... .......... 42%  335K 26s
  6600K .......... .......... .......... .......... .......... 42%  511K 26s
  6650K .......... .......... .......... .......... .......... 42%  484K 26s
  6700K .......... .......... .......... .......... .......... 43%  274K 26s
  6750K .......... .......... .......... .......... .......... 43%  488K 26s
  6800K .......... .......... .......... .......... .......... 43%  267K 26s
  6850K .......... .......... .......... .......... .......... 44%  303K 26s
  6900K .......... .......... .......... .......... .......... 44%  404K 25s
  6950K .......... .......... .......... .......... .......... 44%  296K 25s
  7000K .......... .......... .......... .......... .......... 45%  248K 25s
  7050K .......... .......... .......... .......... .......... 45%  211K 25s
  7100K .......... .......... .......... .......... .......... 45% 77.1K 26s
  7150K .......... .......... .......... .......... .......... 46%  380K 25s
  7200K .......... .......... .......... .......... .......... 46%  106M 25s
  7250K .......... .......... .......... .......... .......... 46%  107M 25s
  7300K .......... .......... .......... .......... .......... 47%  528K 25s
  7350K .......... .......... .......... .......... .......... 47%  368K 24s
  7400K .......... .......... .......... .......... .......... 47%  375K 24s
  7450K .......... .......... .......... .......... .......... 47%  225K 24s
  7500K .......... .......... .......... .......... .......... 48%  451K 24s
  7550K .......... .......... .......... .......... .......... 48%  618K 24s
  7600K .......... .......... .......... .......... .......... 48%  407K 24s
  7650K .......... .......... .......... .......... .......... 49%  335K 23s
  7700K .......... .......... .......... .......... .......... 49%  467K 23s
  7750K .......... .......... .......... .......... .......... 49%  421K 23s
  7800K .......... .......... .......... .......... .......... 50%  433K 23s
  7850K .......... .......... .......... .......... .......... 50%  570K 23s
  7900K .......... .......... .......... .......... .......... 50%  297K 23s
  7950K .......... .......... .......... .......... .......... 51%  324K 22s
  8000K .......... .......... .......... .......... .......... 51%  321K 22s
  8050K .......... .......... .......... .......... .......... 51%  406K 22s
  8100K .......... .......... .......... .......... .......... 52%  392K 22s
  8150K .......... .......... .......... .......... .......... 52%  283K 22s
  8200K .......... .......... .......... .......... .......... 52%  497K 22s
  8250K .......... .......... .......... .......... .......... 53%  241K 22s
  8300K .......... .......... .......... .......... .......... 53%  203K 21s
  8350K .......... .......... .......... .......... .......... 53%  215K 21s
  8400K .......... .......... .......... .......... .......... 54% 52.0K 22s
  8450K .......... .......... .......... .......... .......... 54%  446K 22s
  8500K .......... .......... .......... .......... .......... 54%  318K 22s
  8550K .......... .......... .......... .......... .......... 55% 2.90M 21s
  8600K .......... .......... .......... .......... .......... 55%  209K 21s
  8650K .......... .......... .......... .......... .......... 55% 3.20M 21s
  8700K .......... .......... .......... .......... .......... 55%  159K 21s
  8750K .......... .......... .......... .......... .......... 56%  249K 21s
  8800K .......... .......... .......... .......... .......... 56%  409K 21s
  8850K .......... .......... .......... .......... .......... 56%  826K 20s
  8900K .......... .......... .......... .......... .......... 57%  683K 20s
  8950K .......... .......... .......... .......... .......... 57% 2.23M 20s
  9000K .......... .......... .......... .......... .......... 57%  993K 20s
  9050K .......... .......... .......... .......... .......... 58% 2.17M 20s
  9100K .......... .......... .......... .......... .......... 58%  973K 19s
  9150K .......... .......... .......... .......... .......... 58% 1.19M 19s
  9200K .......... .......... .......... .......... .......... 59% 1.04M 19s
  9250K .......... .......... .......... .......... .......... 59% 1.20M 19s
  9300K .......... .......... .......... .......... .......... 59% 1.23M 18s
  9350K .......... .......... .......... .......... .......... 60% 1.14M 18s
  9400K .......... .......... .......... .......... .......... 60% 1.30M 18s
  9450K .......... .......... .......... .......... .......... 60% 1.32M 18s
  9500K .......... .......... .......... .......... .......... 61%  782K 18s
  9550K .......... .......... .......... .......... .......... 61% 1.67M 17s
  9600K .......... .......... .......... .......... .......... 61%  705K 17s
  9650K .......... .......... .......... .......... .......... 62%  702K 17s
  9700K .......... .......... .......... .......... .......... 62% 1.12M 17s
  9750K .......... .......... .......... .......... .......... 62% 1.09M 17s
  9800K .......... .......... .......... .......... .......... 63% 1.07M 16s
  9850K .......... .......... .......... .......... .......... 63% 2.84M 16s
  9900K .......... .......... .......... .......... .......... 63%  631K 16s
  9950K .......... .......... .......... .......... .......... 63%  843K 16s
 10000K .......... .......... .......... .......... .......... 64%  938K 16s
 10050K .......... .......... .......... .......... .......... 64%  865K 15s
 10100K .......... .......... .......... .......... .......... 64% 1.71M 15s
 10150K .......... .......... .......... .......... .......... 65% 1.01M 15s
 10200K .......... .......... .......... .......... .......... 65% 1.02M 15s
 10250K .......... .......... .......... .......... .......... 65%  916K 15s
 10300K .......... .......... .......... .......... .......... 66%  448K 15s
 10350K .......... .......... .......... .......... .......... 66%  605K 14s
 10400K .......... .......... .......... .......... .......... 66%  740K 14s
 10450K .......... .......... .......... .......... .......... 67%  570K 14s
 10500K .......... .......... .......... .......... .......... 67%  715K 14s
 10550K .......... .......... .......... .......... .......... 67%  722K 14s
 10600K .......... .......... .......... .......... .......... 68%  595K 14s
 10650K .......... .......... .......... .......... .......... 68%  957K 13s
 10700K .......... .......... .......... .......... .......... 68%  616K 13s
 10750K .......... .......... .......... .......... .......... 69%  749K 13s
 10800K .......... .......... .......... .......... .......... 69%  735K 13s
 10850K .......... .......... .......... .......... .......... 69%  703K 13s
 10900K .......... .......... .......... .......... .......... 70%  643K 13s
 10950K .......... .......... .......... .......... .......... 70%  545K 12s
 11000K .......... .......... .......... .......... .......... 70%  450K 12s
 11050K .......... .......... .......... .......... .......... 71%  748K 12s
 11100K .......... .......... .......... .......... .......... 71%  616K 12s
 11150K .......... .......... .......... .......... .......... 71%  719K 12s
 11200K .......... .......... .......... .......... .......... 71%  704K 12s
 11250K .......... .......... .......... .......... .......... 72%  704K 11s
 11300K .......... .......... .......... .......... .......... 72%  813K 11s
 11350K .......... .......... .......... .......... .......... 72%  576K 11s
 11400K .......... .......... .......... .......... .......... 73%  599K 11s
 11450K .......... .......... .......... .......... .......... 73%  700K 11s
 11500K .......... .......... .......... .......... .......... 73%  473K 11s
 11550K .......... .......... .......... .......... .......... 74%  796K 11s
 11600K .......... .......... .......... .......... .......... 74%  523K 10s
 11650K .......... .......... .......... .......... .......... 74%  984K 10s
 11700K .......... .......... .......... .......... .......... 75%  646K 10s
 11750K .......... .......... .......... .......... .......... 75%  665K 10s
 11800K .......... .......... .......... .......... .......... 75%  498K 10s
 11850K .......... .......... .......... .......... .......... 76% 1.13M 10s
 11900K .......... .......... .......... .......... .......... 76%  516K 10s
 11950K .......... .......... .......... .......... .......... 76%  981K 9s
 12000K .......... .......... .......... .......... .......... 77%  558K 9s
 12050K .......... .......... .......... .......... .......... 77%  517K 9s
 12100K .......... .......... .......... .......... .......... 77%  769K 9s
 12150K .......... .......... .......... .......... .......... 78%  614K 9s
 12200K .......... .......... .......... .......... .......... 78%  950K 9s
 12250K .......... .......... .......... .......... .......... 78%  529K 9s
 12300K .......... .......... .......... .......... .......... 79%  793K 8s
 12350K .......... .......... .......... .......... .......... 79%  562K 8s
 12400K .......... .......... .......... .......... .......... 79%  400K 8s
 12450K .......... .......... .......... .......... .......... 79%  455K 8s
 12500K .......... .......... .......... .......... .......... 80%  317K 8s
 12550K .......... .......... .......... .......... .......... 80%  217K 8s
 12600K .......... .......... .......... .......... .......... 80%  390K 8s
 12650K .......... .......... .......... .......... .......... 81%  231K 8s
 12700K .......... .......... .......... .......... .......... 81%  325K 7s
 12750K .......... .......... .......... .......... .......... 81%  307K 7s
 12800K .......... .......... .......... .......... .......... 82%  343K 7s
 12850K .......... .......... .......... .......... .......... 82%  397K 7s
 12900K .......... .......... .......... .......... .......... 82%  369K 7s
 12950K .......... .......... .......... .......... .......... 83%  308K 7s
 13000K .......... .......... .......... .......... .......... 83%  336K 7s
 13050K .......... .......... .......... .......... .......... 83%  420K 7s
 13100K .......... .......... .......... .......... .......... 84%  319K 6s
 13150K .......... .......... .......... .......... .......... 84%  659K 6s
 13200K .......... .......... .......... .......... .......... 84%  482K 6s
 13250K .......... .......... .......... .......... .......... 85%  454K 6s
 13300K .......... .......... .......... .......... .......... 85%  507K 6s
 13350K .......... .......... .......... .......... .......... 85%  537K 6s
 13400K .......... .......... .......... .......... .......... 86%  394K 6s
 13450K .......... .......... .......... .......... .......... 86%  799K 5s
 13500K .......... .......... .......... .......... .......... 86%  424K 5s
 13550K .......... .......... .......... .......... .......... 87%  410K 5s
 13600K .......... .......... .......... .......... .......... 87% 1.36M 5s
 13650K .......... .......... .......... .......... .......... 87%  511K 5s
 13700K .......... .......... .......... .......... .......... 87%  405K 5s
 13750K .......... .......... .......... .......... .......... 88%  597K 5s
 13800K .......... .......... .......... .......... .......... 88%  329K 5s
 13850K .......... .......... .......... .......... .......... 88%  384K 4s
 13900K .......... .......... .......... .......... .......... 89%  765K 4s
 13950K .......... .......... .......... .......... .......... 89%  640K 4s
 14000K .......... .......... .......... .......... .......... 89%  445K 4s
 14050K .......... .......... .......... .......... .......... 90%  377K 4s
 14100K .......... .......... .......... .......... .......... 90%  512K 4s
 14150K .......... .......... .......... .......... .......... 90%  118K 4s
 14200K .......... .......... .......... .......... .......... 91% 7.58M 4s
 14250K .......... .......... .......... .......... .......... 91%  109M 3s
 14300K .......... .......... .......... .......... .......... 91%  115M 3s
 14350K .......... .......... .......... .......... .......... 92% 1.48M 3s
 14400K .......... .......... .......... .......... .......... 92%  477K 3s
 14450K .......... .......... .......... .......... .......... 92%  698K 3s
 14500K .......... .......... .......... .......... .......... 93%  428K 3s
 14550K .......... .......... .......... .......... .......... 93%  465K 3s
 14600K .......... .......... .......... .......... .......... 93%  306K 2s
 14650K .......... .......... .......... .......... .......... 94%  483K 2s
 14700K .......... .......... .......... .......... .......... 94%  491K 2s
 14750K .......... .......... .......... .......... .......... 94%  410K 2s
 14800K .......... .......... .......... .......... .......... 95%  560K 2s
 14850K .......... .......... .......... .......... .......... 95%  487K 2s
 14900K .......... .......... .......... .......... .......... 95%  610K 2s
 14950K .......... .......... .......... .......... .......... 95%  526K 2s
 15000K .......... .......... .......... .......... .......... 96%  555K 1s
 15050K .......... .......... .......... .......... .......... 96%  612K 1s
 15100K .......... .......... .......... .......... .......... 96%  573K 1s
 15150K .......... .......... .......... .......... .......... 97%  537K 1s
 15200K .......... .......... .......... .......... .......... 97%  638K 1s
 15250K .......... .......... .......... .......... .......... 97% 1.28M 1s
 15300K .......... .......... .......... .......... .......... 98%  531K 1s
 15350K .......... .......... .......... .......... .......... 98%  531K 1s
 15400K .......... .......... .......... .......... .......... 98%  809K 0s
 15450K .......... .......... .......... .......... .......... 99%  869K 0s
 15500K .......... .......... .......... .......... .......... 99%  587K 0s
 15550K .......... .......... .......... .......... .......... 99% 4.27M 0s
 15600K .......... .......... .....                           100% 2.86M=39s

2025-12-10 15:23:48 (406 KB/s) - ‘/home/crazy_rat/ros2_ws/build/multirobot_map_merge/2011-08-09-12-22-52.pgm’ saved [16000058/16000058]

--2025-12-10 15:23:48--  https://raw.githubusercontent.com/hrnr/m-explore-extra/master/map_merge/gmapping_maps/2012-01-28-11-12-01.pgm
Resolving raw.githubusercontent.com (raw.githubusercontent.com)... 2606:50c0:8000::154, 2606:50c0:8001::154, 2606:50c0:8002::154, ...
Connecting to raw.githubusercontent.com (raw.githubusercontent.com)|2606:50c0:8000::154|:443... connected.
HTTP request sent, awaiting response... 200 OK
Length: 16000058 (15M) [application/octet-stream]
Saving to: ‘/home/crazy_rat/ros2_ws/build/multirobot_map_merge/2012-01-28-11-12-01.pgm’

     0K .......... .......... .......... .......... ..........  0%  565K 28s
    50K .......... .......... .......... .......... ..........  0%  391K 34s
   100K .......... .......... .......... .......... ..........  0%  638K 30s
   150K .......... .......... .......... .......... ..........  1%  360K 33s
   200K .......... .......... .......... .......... ..........  1%  267K 38s
   250K .......... .......... .......... .......... ..........  1%  383K 38s
   300K .......... .......... .......... .......... ..........  2%  183K 45s
   350K .......... .......... .......... .......... ..........  2%  130K 54s
   400K .......... .......... .......... .......... ..........  2%  158K 58s
   450K .......... .......... .......... .......... ..........  3% 52.7K 81s
   500K .......... .......... .......... .......... ..........  3% 2.72M 74s
   550K .......... .......... .......... .......... ..........  3%  591K 70s
   600K .......... .......... .......... .......... ..........  4%  162K 71s
   650K .......... .......... .......... .......... ..........  4%  106K 76s
   700K .......... .......... .......... .......... ..........  4% 1.58M 71s
   750K .......... .......... .......... .......... ..........  5%  497K 68s
   800K .......... .......... .......... .......... ..........  5% 1.05M 65s
   850K .......... .......... .......... .......... ..........  5% 1.20M 62s
   900K .......... .......... .......... .......... ..........  6%  771K 59s
   950K .......... .......... .......... .......... ..........  6% 1.29M 57s
  1000K .......... .......... .......... .......... ..........  6%  643K 55s
  1050K .......... .......... .......... .......... ..........  7%  572K 53s
  1100K .......... .......... .......... .......... ..........  7% 5.53M 51s
  1150K .......... .......... .......... .......... ..........  7%  957K 49s
  1200K .......... .......... .......... .......... ..........  7% 1.05M 48s
  1250K .......... .......... .......... .......... ..........  8%  800K 46s
  1300K .......... .......... .......... .......... ..........  8% 1.12M 45s
  1350K .......... .......... .......... .......... ..........  8%  564K 44s
  1400K .......... .......... .......... .......... ..........  9% 1.32M 43s
  1450K .......... .......... .......... .......... ..........  9%  699K 42s
  1500K .......... .......... .......... .......... ..........  9% 1.07M 41s
  1550K .......... .......... .......... .......... .......... 10%  634K 40s
  1600K .......... .......... .......... .......... .......... 10%  784K 39s
  1650K .......... .......... .......... .......... .......... 10%  650K 39s
  1700K .......... .......... .......... .......... .......... 11%  720K 38s
  1750K .......... .......... .......... .......... .......... 11%  561K 37s
  1800K .......... .......... .......... .......... .......... 11%  507K 37s
  1850K .......... .......... .......... .......... .......... 12%  584K 37s
  1900K .......... .......... .......... .......... .......... 12%  425K 36s
  1950K .......... .......... .......... .......... .......... 12%  359K 36s
  2000K .......... .......... .......... .......... .......... 13%  366K 36s
  2050K .......... .......... .......... .......... .......... 13%  340K 36s
  2100K .......... .......... .......... .......... .......... 13%  271K 36s
  2150K .......... .......... .......... .......... .......... 14%  221K 37s
  2200K .......... .......... .......... .......... .......... 14%  463K 36s
  2250K .......... .......... .......... .......... .......... 14%  198K 37s
  2300K .......... .......... .......... .......... .......... 15%  323K 37s
  2350K .......... .......... .......... .......... .......... 15%  266K 37s
  2400K .......... .......... .......... .......... .......... 15%  227K 37s
  2450K .......... .......... .......... .......... .......... 15%  284K 37s
  2500K .......... .......... .......... .......... .......... 16%  221K 38s
  2550K .......... .......... .......... .......... .......... 16%  229K 38s
  2600K .......... .......... .......... .......... .......... 16%  246K 38s
  2650K .......... .......... .......... .......... .......... 17%  288K 38s
  2700K .......... .......... .......... .......... .......... 17%  251K 38s
  2750K .......... .......... .......... .......... .......... 17%  246K 38s
  2800K .......... .......... .......... .......... .......... 18%  250K 38s
  2850K .......... .......... .......... .......... .......... 18%  269K 38s
  2900K .......... .......... .......... .......... .......... 18%  147K 39s
  2950K .......... .......... .......... .......... .......... 19% 81.1K 41s
  3000K .......... .......... .......... .......... .......... 19%  151M 40s
  3050K .......... .......... .......... .......... .......... 19%  207K 40s
  3100K .......... .......... .......... .......... .......... 20%  371K 40s
  3150K .......... .......... .......... .......... .......... 20%  373K 40s
  3200K .......... .......... .......... .......... .......... 20%  494K 39s
  3250K .......... .......... .......... .......... .......... 21% 1.10M 39s
  3300K .......... .......... .......... .......... .......... 21%  902K 38s
  3350K .......... .......... .......... .......... .......... 21%  904K 38s
  3400K .......... .......... .......... .......... .......... 22% 1.18M 37s
  3450K .......... .......... .......... .......... .......... 22% 1.35M 36s
  3500K .......... .......... .......... .......... .......... 22% 1.01M 36s
  3550K .......... .......... .......... .......... .......... 23%  976K 35s
  3600K .......... .......... .......... .......... .......... 23%  508K 35s
  3650K .......... .......... .......... .......... .......... 23% 1.35M 35s
  3700K .......... .......... .......... .......... .......... 23%  748K 34s
  3750K .......... .......... .......... .......... .......... 24% 1.26M 34s
  3800K .......... .......... .......... .......... .......... 24%  913K 33s
  3850K .......... .......... .......... .......... .......... 24%  701K 33s
  3900K .......... .......... .......... .......... .......... 25%  876K 33s
  3950K .......... .......... .......... .......... .......... 25%  759K 32s
  4000K .......... .......... .......... .......... .......... 25% 1.16M 32s
  4050K .......... .......... .......... .......... .......... 26% 1.51M 31s
  4100K .......... .......... .......... .......... .......... 26% 1.20M 31s
  4150K .......... .......... .......... .......... .......... 26%  701K 31s
  4200K .......... .......... .......... .......... .......... 27%  581K 30s
  4250K .......... .......... .......... .......... .......... 27%  364K 30s
  4300K .......... .......... .......... .......... .......... 27%  691K 30s
  4350K .......... .......... .......... .......... .......... 28%  320K 30s
  4400K .......... .......... .......... .......... .......... 28%  281K 30s
  4450K .......... .......... .......... .......... .......... 28%  519K 30s
  4500K .......... .......... .......... .......... .......... 29%  225K 30s
  4550K .......... .......... .......... .......... .......... 29%  228K 30s
  4600K .......... .......... .......... .......... .......... 29%  212K 30s
  4650K .......... .......... .......... .......... .......... 30%  157K 30s
  4700K .......... .......... .......... .......... .......... 30%  182K 30s
  4750K .......... .......... .......... .......... .......... 30%  159K 31s
  4800K .......... .......... .......... .......... .......... 31%  127K 31s
  4850K .......... .......... .......... .......... .......... 31%  228K 31s
  4900K .......... .......... .......... .......... .......... 31%  160K 31s
  4950K .......... .......... .......... .......... .......... 31%  152K 32s
  5000K .......... .......... .......... .......... .......... 32%  132K 32s
  5050K .......... .......... .......... .......... .......... 32%  114K 32s
  5100K .......... .......... .......... .......... .......... 32%  176K 32s
  5150K .......... .......... .......... .......... .......... 33%  226K 32s
  5200K .......... .......... .......... .......... .......... 33%  324K 32s
  5250K .......... .......... .......... .......... .......... 33%  219K 32s
  5300K .......... .......... .......... .......... .......... 34%  279K 32s
  5350K .......... .......... .......... .......... .......... 34%  315K 32s
  5400K .......... .......... .......... .......... .......... 34%  251K 32s
  5450K .......... .......... .......... .......... .......... 35%  257K 32s
  5500K .......... .......... .......... .......... .......... 35%  308K 32s
  5550K .......... .......... .......... .......... .......... 35%  159K 32s
  5600K .......... .......... .......... .......... .......... 36%  374K 32s
  5650K .......... .......... .......... .......... .......... 36%  541K 31s
  5700K .......... .......... .......... .......... .......... 36%  288K 31s
  5750K .......... .......... .......... .......... .......... 37%  309K 31s
  5800K .......... .......... .......... .......... .......... 37%  483K 31s
  5850K .......... .......... .......... .......... .......... 37%  271K 31s
  5900K .......... .......... .......... .......... .......... 38%  548K 30s
  5950K .......... .......... .......... .......... .......... 38%  403K 30s
  6000K .......... .......... .......... .......... .......... 38%  505K 30s
  6050K .......... .......... .......... .......... .......... 39%  395K 30s
  6100K .......... .......... .......... .......... .......... 39%  522K 30s
  6150K .......... .......... .......... .......... .......... 39%  231K 29s
  6200K .......... .......... .......... .......... .......... 39%  284K 29s
  6250K .......... .......... .......... .......... .......... 40% 67.2K 30s
  6300K .......... .......... .......... .......... .......... 40%  288K 30s
  6350K .......... .......... .......... .......... .......... 40%  359K 30s
  6400K .......... .......... .......... .......... .......... 41% 87.8K 30s
  6450K .......... .......... .......... .......... .......... 41% 30.3M 30s
  6500K .......... .......... .......... .......... .......... 41% 53.6M 29s
  6550K .......... .......... .......... .......... .......... 42%  523K 29s
  6600K .......... .......... .......... .......... .......... 42%  481K 29s
  6650K .......... .......... .......... .......... .......... 42% 88.3M 28s
  6700K .......... .......... .......... .......... .......... 43% 98.8M 28s
  6750K .......... .......... .......... .......... .......... 43% 6.24M 28s
  6800K .......... .......... .......... .......... .......... 43% 2.64M 27s
  6850K .......... .......... .......... .......... .......... 44% 1.17M 27s
  6900K .......... .......... .......... .......... .......... 44% 1.01M 27s
  6950K .......... .......... .......... .......... .......... 44% 2.02M 27s
  7000K .......... .......... .......... .......... .......... 45% 1.44M 26s
  7050K .......... .......... .......... .......... .......... 45% 1.56M 26s
  7100K .......... .......... .......... .......... .......... 45% 2.70M 26s
  7150K .......... .......... .......... .......... .......... 46% 1.68M 25s
  7200K .......... .......... .......... .......... .......... 46% 1.58M 25s
  7250K .......... .......... .......... .......... .......... 46% 1.58M 25s
  7300K .......... .......... .......... .......... .......... 47% 2.15M 24s
  7350K .......... .......... .......... .......... .......... 47%  835K 24s
  7400K .......... .......... .......... .......... .......... 47% 2.61M 24s
  7450K .......... .......... .......... .......... .......... 47% 1.96M 24s
  7500K .......... .......... .......... .......... .......... 48% 1.23M 23s
  7550K .......... .......... .......... .......... .......... 48% 3.32M 23s
  7600K .......... .......... .......... .......... .......... 48% 1.93M 23s
  7650K .......... .......... .......... .......... .......... 49% 1.74M 23s
  7700K .......... .......... .......... .......... .......... 49% 1011K 22s
  7750K .......... .......... .......... .......... .......... 49% 3.33M 22s
  7800K .......... .......... .......... .......... .......... 50% 1.02M 22s
  7850K .......... .......... .......... .......... .......... 50% 2.19M 22s
  7900K .......... .......... .......... .......... .......... 50% 2.18M 21s
  7950K .......... .......... .......... .......... .......... 51% 1.61M 21s
  8000K .......... .......... .......... .......... .......... 51% 2.17M 21s
  8050K .......... .......... .......... .......... .......... 51% 1.22M 21s
  8100K .......... .......... .......... .......... .......... 52% 1.44M 20s
  8150K .......... .......... .......... .......... .......... 52% 2.24M 20s
  8200K .......... .......... .......... .......... .......... 52% 1.93M 20s
  8250K .......... .......... .......... .......... .......... 53% 2.14M 20s
  8300K .......... .......... .......... .......... .......... 53% 2.43M 19s
  8350K .......... .......... .......... .......... .......... 53%  382K 19s
  8400K .......... .......... .......... .......... .......... 54% 1.38M 19s
  8450K .......... .......... .......... .......... .......... 54% 1.44M 19s
  8500K .......... .......... .......... .......... .......... 54% 1.92M 19s
  8550K .......... .......... .......... .......... .......... 55% 1.42M 18s
  8600K .......... .......... .......... .......... .......... 55% 2.16M 18s
  8650K .......... .......... .......... .......... .......... 55% 2.70M 18s
  8700K .......... .......... .......... .......... .......... 55% 2.34M 18s
  8750K .......... .......... .......... .......... .......... 56% 3.02M 18s
  8800K .......... .......... .......... .......... .......... 56% 1.25M 17s
  8850K .......... .......... .......... .......... .......... 56%  908K 17s
  8900K .......... .......... .......... .......... .......... 57% 1.11M 17s
  8950K .......... .......... .......... .......... .......... 57% 1.59M 17s
  9000K .......... .......... .......... .......... .......... 57% 3.82M 17s
  9050K .......... .......... .......... .......... .......... 58% 1.52M 16s
  9100K .......... .......... .......... .......... .......... 58% 1.31M 16s
  9150K .......... .......... .......... .......... .......... 58% 2.90M 16s
  9200K .......... .......... .......... .......... .......... 59% 1.62M 16s
  9250K .......... .......... .......... .......... .......... 59% 2.06M 16s
  9300K .......... .......... .......... .......... .......... 59% 2.22M 15s
  9350K .......... .......... .......... .......... .......... 60% 2.34M 15s
  9400K .......... .......... .......... .......... .......... 60% 1.75M 15s
  9450K .......... .......... .......... .......... .......... 60% 1.46M 15s
  9500K .......... .......... .......... .......... .......... 61% 1.02M 15s
  9550K .......... .......... .......... .......... .......... 61% 1.04M 15s
  9600K .......... .......... .......... .......... .......... 61%  612K 14s
  9650K .......... .......... .......... .......... .......... 62% 5.04M 14s
  9700K .......... .......... .......... .......... .......... 62% 1.23M 14s
  9750K .......... .......... .......... .......... .......... 62% 1.32M 14s
  9800K .......... .......... .......... .......... .......... 63% 2.61M 14s
  9850K .......... .......... .......... .......... .......... 63% 3.97M 14s
  9900K .......... .......... .......... .......... .......... 63% 1.67M 13s
  9950K .......... .......... .......... .......... .......... 63% 1.59M 13s
 10000K .......... .......... .......... .......... .......... 64% 4.95M 13s
 10050K .......... .......... .......... .......... .......... 64% 1.02M 13s
 10100K .......... .......... .......... .......... .......... 64%  886K 13s
 10150K .......... .......... .......... .......... .......... 65%  885K 13s
 10200K .......... .......... .......... .......... .......... 65% 3.70M 12s
 10250K .......... .......... .......... .......... .......... 65% 1.68M 12s
 10300K .......... .......... .......... .......... .......... 66% 1.76M 12s
 10350K .......... .......... .......... .......... .......... 66% 2.74M 12s
 10400K .......... .......... .......... .......... .......... 66% 1.59M 12s
 10450K .......... .......... .......... .......... .......... 67% 1.31M 12s
 10500K .......... .......... .......... .......... .......... 67% 1.54M 11s
 10550K .......... .......... .......... .......... .......... 67% 1.32M 11s
 10600K .......... .......... .......... .......... .......... 68%  930K 11s
 10650K .......... .......... .......... .......... .......... 68%  583K 11s
 10700K .......... .......... .......... .......... .......... 68% 1.10M 11s
 10750K .......... .......... .......... .......... .......... 69% 2.01M 11s
 10800K .......... .......... .......... .......... .......... 69%  846K 11s
 10850K .......... .......... .......... .......... .......... 69%  687K 10s
 10900K .......... .......... .......... .......... .......... 70%  814K 10s
 10950K .......... .......... .......... .......... .......... 70%  417K 10s
 11000K .......... .......... .......... .......... .......... 70%  281K 10s
 11050K .......... .......... .......... .......... .......... 71%  530K 10s
 11100K .......... .......... .......... .......... .......... 71%  230K 10s
 11150K .......... .......... .......... .......... .......... 71%  390K 10s
 11200K .......... .......... .......... .......... .......... 71%  441K 10s
 11250K .......... .......... .......... .......... .......... 72%  234K 10s
 11300K .......... .......... .......... .......... .......... 72%  585K 10s
 11350K .......... .......... .......... .......... .......... 72% 1.27M 9s
 11400K .......... .......... .......... .......... .......... 73%  488K 9s
 11450K .......... .......... .......... .......... .......... 73%  822K 9s
 11500K .......... .......... .......... .......... .......... 73%  977K 9s
 11550K .......... .......... .......... .......... .......... 74%  528K 9s
 11600K .......... .......... .......... .......... .......... 74%  739K 9s
 11650K .......... .......... .......... .......... .......... 74%  627K 9s
 11700K .......... .......... .......... .......... .......... 75%  767K 9s
 11750K .......... .......... .......... .......... .......... 75% 1.20M 8s
 11800K .......... .......... .......... .......... .......... 75%  673K 8s
 11850K .......... .......... .......... .......... .......... 76%  999K 8s
 11900K .......... .......... .......... .......... .......... 76% 1.29M 8s
 11950K .......... .......... .......... .......... .......... 76%  487K 8s
 12000K .......... .......... .......... .......... .......... 77%  859K 8s
 12050K .......... .......... .......... .......... .......... 77%  831K 8s
 12100K .......... .......... .......... .......... .......... 77%  435K 8s
 12150K .......... .......... .......... .......... .......... 78%  734K 7s
 12200K .......... .......... .......... .......... .......... 78%  604K 7s
 12250K .......... .......... .......... .......... .......... 78%  565K 7s
 12300K .......... .......... .......... .......... .......... 79%  555K 7s
 12350K .......... .......... .......... .......... .......... 79%  528K 7s
 12400K .......... .......... .......... .......... .......... 79%  548K 7s
 12450K .......... .......... .......... .......... .......... 79% 1004K 7s
 12500K .......... .......... .......... .......... .......... 80%  440K 7s
 12550K .......... .......... .......... .......... .......... 80%  388K 7s
 12600K .......... .......... .......... .......... .......... 80%  446K 6s
 12650K .......... .......... .......... .......... .......... 81%  333K 6s
 12700K .......... .......... .......... .......... .......... 81%  297K 6s
 12750K .......... .......... .......... .......... .......... 81%  253K 6s
 12800K .......... .......... .......... .......... .......... 82%  204K 6s
 12850K .......... .......... .......... .......... .......... 82%  469K 6s
 12900K .......... .......... .......... .......... .......... 82%  325K 6s
 12950K .......... .......... .......... .......... .......... 83%  277K 6s
 13000K .......... .......... .......... .......... .......... 83%  506K 6s
 13050K .......... .......... .......... .......... .......... 83%  304K 6s
 13100K .......... .......... .......... .......... .......... 84%  353K 5s
 13150K .......... .......... .......... .......... .......... 84%  294K 5s
 13200K .......... .......... .......... .......... .......... 84%  491K 5s
 13250K .......... .......... .......... .......... .......... 85%  740K 5s
 13300K .......... .......... .......... .......... .......... 85%  451K 5s
 13350K .......... .......... .......... .......... .......... 85%  571K 5s
 13400K .......... .......... .......... .......... .......... 86%  701K 5s
 13450K .......... .......... .......... .......... .......... 86%  742K 5s
 13500K .......... .......... .......... .......... .......... 86%  728K 5s
 13550K .......... .......... .......... .......... .......... 87%  488K 4s
 13600K .......... .......... .......... .......... .......... 87%  433K 4s
 13650K .......... .......... .......... .......... .......... 87%  721K 4s
 13700K .......... .......... .......... .......... .......... 87% 1.26M 4s
 13750K .......... .......... .......... .......... .......... 88%  741K 4s
 13800K .......... .......... .......... .......... .......... 88%  486K 4s
 13850K .......... .......... .......... .......... .......... 88% 1.80M 4s
 13900K .......... .......... .......... .......... .......... 89%  982K 4s
 13950K .......... .......... .......... .......... .......... 89%  654K 4s
 14000K .......... .......... .......... .......... .......... 89% 1.11M 3s
 14050K .......... .......... .......... .......... .......... 90%  628K 3s
 14100K .......... .......... .......... .......... .......... 90% 1.76M 3s
 14150K .......... .......... .......... .......... .......... 90%  822K 3s
 14200K .......... .......... .......... .......... .......... 91% 1021K 3s
 14250K .......... .......... .......... .......... .......... 91%  503K 3s
 14300K .......... .......... .......... .......... .......... 91% 1.79M 3s
 14350K .......... .......... .......... .......... .......... 92% 1.44M 3s
 14400K .......... .......... .......... .......... .......... 92% 3.00M 3s
 14450K .......... .......... .......... .......... .......... 92% 1.09M 2s
 14500K .......... .......... .......... .......... .......... 93% 1.17M 2s
 14550K .......... .......... .......... .......... .......... 93% 1.45M 2s
 14600K .......... .......... .......... .......... .......... 93%  748K 2s
 14650K .......... .......... .......... .......... .......... 94% 1.21M 2s
 14700K .......... .......... .......... .......... .......... 94%  953K 2s
 14750K .......... .......... .......... .......... .......... 94%  436K 2s
 14800K .......... .......... .......... .......... .......... 95%  144M 2s
 14850K .......... .......... .......... .......... .......... 95% 1.07M 2s
 14900K .......... .......... .......... .......... .......... 95% 2.71M 1s
 14950K .......... .......... .......... .......... .......... 95%  978K 1s
 15000K .......... .......... .......... .......... .......... 96% 2.01M 1s
 15050K .......... .......... .......... .......... .......... 96%  751K 1s
 15100K .......... .......... .......... .......... .......... 96%  268K 1s
 15150K .......... .......... .......... .......... .......... 97% 9.44M 1s
 15200K .......... .......... .......... .......... .......... 97%  161M 1s
 15250K .......... .......... .......... .......... .......... 97% 10.9M 1s
 15300K .......... .......... .......... .......... .......... 98% 1.44M 1s
 15350K .......... .......... .......... .......... .......... 98% 2.87M 0s
 15400K .......... .......... .......... .......... .......... 98% 1.22M 0s
 15450K .......... .......... .......... .......... .......... 99% 2.43M 0s
 15500K .......... .......... .......... .......... .......... 99% 4.16M 0s
 15550K .......... .......... .......... .......... .......... 99% 2.20M 0s
 15600K .......... .......... .....                           100%  729K=32s

2025-12-10 15:24:22 (491 KB/s) - ‘/home/crazy_rat/ros2_ws/build/multirobot_map_merge/2012-01-28-11-12-01.pgm’ saved [16000058/16000058]

