[0.010s] Invoking command in '/home/crazy_rat/ros2_ws/build/multirobot_map_merge': CMAKE_PREFIX_PATH=${CMAKE_PREFIX_PATH}:/opt/ros/jazzy DEBUGINFOD_URLS=https://debuginfod.ubuntu.com /usr/bin/cmake /home/crazy_rat/ros2_ws/src/m-explore-ros2/map_merge -DCMAKE_INSTALL_PREFIX=/home/crazy_rat/ros2_ws/install/multirobot_map_merge
[0.132s] -- The C compiler identification is GNU 13.3.0
[0.259s] -- The CXX compiler identification is GNU 13.3.0
[0.298s] -- Detecting C compiler ABI info
[0.645s] -- Detecting C compiler ABI info - done
[0.664s] -- Check for working C compiler: /usr/bin/cc - skipped
[0.665s] -- Detecting C compile features
[0.666s] -- Detecting C compile features - done
[0.688s] -- Detecting CXX compiler ABI info
[0.983s] -- Detecting CXX compiler ABI info - done
[1.008s] -- Check for working CXX compiler: /usr/bin/c++ - skipped
[1.008s] -- Detecting CXX compile features
[1.010s] -- Detecting CXX compile features - done
[1.015s] -- Found ament_cmake: 2.5.4 (/opt/ros/jazzy/share/ament_cmake/cmake)
[1.385s] -- Found Python3: /usr/bin/python3 (found version "3.12.3") found components: Interpreter 
[1.605s] -- Found rclcpp: 28.1.13 (/opt/ros/jazzy/share/rclcpp/cmake)
[1.665s] -- Found rosidl_generator_c: 4.6.6 (/opt/ros/jazzy/share/rosidl_generator_c/cmake)
[1.685s] -- Found rosidl_generator_cpp: 4.6.6 (/opt/ros/jazzy/share/rosidl_generator_cpp/cmake)
[1.711s] -- Using all available rosidl_typesupport_c: rosidl_typesupport_fastrtps_c;rosidl_typesupport_introspection_c
[1.743s] -- Using all available rosidl_typesupport_cpp: rosidl_typesupport_fastrtps_cpp;rosidl_typesupport_introspection_cpp
[1.870s] -- Found rmw_implementation_cmake: 7.3.2 (/opt/ros/jazzy/share/rmw_implementation_cmake/cmake)
[1.875s] -- Found rmw_fastrtps_cpp: 8.4.3 (/opt/ros/jazzy/share/rmw_fastrtps_cpp/cmake)
[2.012s] -- Found OpenSSL: /usr/lib/aarch64-linux-gnu/libcrypto.so (found version "3.0.13")  
[2.044s] -- Found FastRTPS: /opt/ros/jazzy/include (Required is at least version "2.13") 
[2.098s] -- Using RMW implementation 'rmw_fastrtps_cpp' as default
[2.219s] -- Found geometry_msgs: 5.3.6 (/opt/ros/jazzy/share/geometry_msgs/cmake)
[2.295s] -- Found image_geometry: 4.1.0 (/opt/ros/jazzy/share/image_geometry/cmake)
[2.497s] -- Found map_msgs: 2.4.1 (/opt/ros/jazzy/share/map_msgs/cmake)
[2.601s] -- Found tf2_geometry_msgs: 0.36.16 (/opt/ros/jazzy/share/tf2_geometry_msgs/cmake)
[2.618s] -- Found eigen3_cmake_module: 0.3.0 (/opt/ros/jazzy/share/eigen3_cmake_module/cmake)
[2.621s] -- Found Eigen3: TRUE (found version "3.4.0") 
[2.621s] -- Ensuring Eigen3 include directory is part of orocos-kdl CMake target
[3.218s] -- Found Boost: /usr/lib/aarch64-linux-gnu/cmake/Boost-1.83.0/BoostConfig.cmake (found version "1.83.0") found components: thread 
[3.232s] -- Found OpenCV: /usr (found version "4.6.0") 
[3.256s] -- Found ament_lint_auto: 0.17.3 (/opt/ros/jazzy/share/ament_lint_auto/cmake)
[3.487s] -- Found ament_cmake_gtest: 2.5.4 (/opt/ros/jazzy/share/ament_cmake_gtest/cmake)
[3.510s] --2025-12-10 15:22:44--  https://raw.githubusercontent.com/hrnr/m-explore-extra/master/map_merge/hector_maps/map00.pgm
[4.106s] Resolving raw.githubusercontent.com (raw.githubusercontent.com)... 2606:50c0:8000::154, 2606:50c0:8003::154, 2606:50c0:8001::154, ...
[4.753s] Connecting to raw.githubusercontent.com (raw.githubusercontent.com)|2606:50c0:8000::154|:443... connected.
[6.072s] HTTP request sent, awaiting response... 200 OK
[6.072s] Length: 4194362 (4.0M) [application/octet-stream]
[6.072s] Saving to: ‘/home/crazy_rat/ros2_ws/build/multirobot_map_merge/map00.pgm’
[6.212s] 
[6.467s]      0K .......... .......... .......... .......... ..........  1%  127K 32s
[6.568s]     50K .......... .......... .......... .......... ..........  2%  493K 20s
[6.729s]    100K .......... .......... .......... .......... ..........  3%  310K 17s
[6.905s]    150K .......... .......... .......... .......... ..........  4%  284K 16s
[7.018s]    200K .......... .......... .......... .......... ..........  6%  444K 15s
[7.168s]    250K .......... .......... .......... .......... ..........  7%  333K 14s
[7.278s]    300K .......... .......... .......... .......... ..........  8%  455K 13s
[7.431s]    350K .......... .......... .......... .......... ..........  9%  325K 13s
[7.603s]    400K .......... .......... .......... .......... .......... 10%  293K 12s
[7.740s]    450K .......... .......... .......... .......... .......... 12%  361K 12s
[7.819s]    500K .......... .......... .......... .......... .......... 13%  636K 11s
[8.161s]    550K .......... .......... .......... .......... .......... 14%  146K 12s
[8.162s]    600K .......... .......... .......... .......... .......... 15% 88.5M 11s
[8.358s]    650K .......... .......... .......... .......... .......... 17%  257K 11s
[8.438s]    700K .......... .......... .......... .......... .......... 18%  627K 11s
[8.477s]    750K .......... .......... .......... .......... .......... 19% 1.27M 10s
[8.537s]    800K .......... .......... .......... .......... .......... 20%  806K 9s
[8.589s]    850K .......... .......... .......... .......... .......... 21%  962K 9s
[8.612s]    900K .......... .......... .......... .......... .......... 23% 2.21M 8s
[8.652s]    950K .......... .......... .......... .......... .......... 24% 1.20M 8s
[8.689s]   1000K .......... .......... .......... .......... .......... 25% 1.38M 8s
[8.727s]   1050K .......... .......... .......... .......... .......... 26% 1.35M 7s
[8.766s]   1100K .......... .......... .......... .......... .......... 28% 1.13M 7s
[8.807s]   1150K .......... .......... .......... .......... .......... 29% 1.21M 7s
[8.840s]   1200K .......... .......... .......... .......... .......... 30% 1.49M 6s
[8.886s]   1250K .......... .......... .......... .......... .......... 31% 1.12M 6s
[8.926s]   1300K .......... .......... .......... .......... .......... 32% 1.20M 6s
[8.986s]   1350K .......... .......... .......... .......... .......... 34%  829K 6s
[9.024s]   1400K .......... .......... .......... .......... .......... 35% 1.28M 5s
[9.071s]   1450K .......... .......... .......... .......... .......... 36% 1.01M 5s
[9.127s]   1500K .......... .......... .......... .......... .......... 37%  893K 5s
[9.156s]   1550K .......... .......... .......... .......... .......... 39% 1.99M 5s
[9.236s]   1600K .......... .......... .......... .......... .......... 40%  592K 5s
[9.268s]   1650K .......... .......... .......... .......... .......... 41% 1.51M 5s
[9.332s]   1700K .......... .......... .......... .......... .......... 42%  807K 4s
[9.377s]   1750K .......... .......... .......... .......... .......... 43% 1.09M 4s
[9.431s]   1800K .......... .......... .......... .......... .......... 45%  918K 4s
[9.449s]   1850K .......... .......... .......... .......... .......... 46% 2.66M 4s
[9.506s]   1900K .......... .......... .......... .......... .......... 47%  857K 4s
[9.556s]   1950K .......... .......... .......... .......... .......... 48% 1.01M 4s
[9.624s]   2000K .......... .......... .......... .......... .......... 50%  719K 4s
[9.708s]   2050K .......... .......... .......... .......... .......... 51%  710K 3s
[9.820s]   2100K .......... .......... .......... .......... .......... 52%  397K 3s
[9.939s]   2150K .......... .......... .......... .......... .......... 53%  419K 3s
[10.077s]   2200K .......... .......... .......... .......... .......... 54%  364K 3s
[10.152s]   2250K .......... .......... .......... .......... .......... 56%  674K 3s
[10.279s]   2300K .......... .......... .......... .......... .......... 57%  391K 3s
[10.312s]   2350K .......... .......... .......... .......... .......... 58% 1.48M 3s
[10.347s]   2400K .......... .......... .......... .......... .......... 59% 1.40M 3s
[10.400s]   2450K .......... .......... .......... .......... .......... 61% 1.47M 3s
[10.426s]   2500K .......... .......... .......... .......... .......... 62% 1.05M 3s
[10.450s]   2550K .......... .......... .......... .......... .......... 63% 2.03M 3s
[10.473s]   2600K .......... .......... .......... .......... .......... 64% 2.19M 2s
[10.493s]   2650K .......... .......... .......... .......... .......... 65% 2.37M 2s
[10.533s]   2700K .......... .......... .......... .......... .......... 67% 1.30M 2s
[10.556s]   2750K .......... .......... .......... .......... .......... 68% 1.91M 2s
[10.580s]   2800K .......... .......... .......... .......... .......... 69% 2.04M 2s
[10.621s]   2850K .......... .......... .......... .......... .......... 70% 1.95M 2s
[10.630s]   2900K .......... .......... .......... .......... .......... 72% 1.94M 2s
[10.660s]   2950K .......... .......... .......... .......... .......... 73% 1.63M 2s
[10.678s]   3000K .......... .......... .......... .......... .......... 74% 2.74M 2s
[10.702s]   3050K .......... .......... .......... .......... .......... 75% 2.06M 1s
[10.734s]   3100K .......... .......... .......... .......... .......... 76% 1.51M 1s
[10.752s]   3150K .......... .......... .......... .......... .......... 78% 2.77M 1s
[10.789s]   3200K .......... .......... .......... .......... .......... 79% 1.32M 1s
[10.810s]   3250K .......... .......... .......... .......... .......... 80% 3.08M 1s
[10.841s]   3300K .......... .......... .......... .......... .......... 81% 1.34M 1s
[10.866s]   3350K .......... .......... .......... .......... .......... 83% 1.95M 1s
[10.893s]   3400K .......... .......... .......... .......... .......... 84% 1.83M 1s
[10.925s]   3450K .......... .......... .......... .......... .......... 85% 1.49M 1s
[10.941s]   3500K .......... .......... .......... .......... .......... 86% 3.11M 1s
[10.967s]   3550K .......... .......... .......... .......... .......... 87% 1.90M 1s
[11.018s]   3600K .......... .......... .......... .......... .......... 89%  999K 1s
[11.037s]   3650K .......... .......... .......... .......... .......... 90% 3.64M 1s
[11.075s]   3700K .......... .......... .......... .......... .......... 91% 1.14M 0s
[11.105s]   3750K .......... .......... .......... .......... .......... 92% 1.54M 0s
[11.119s]   3800K .......... .......... .......... .......... .......... 93% 3.49M 0s
[11.158s]   3850K .......... .......... .......... .......... .......... 95% 1.25M 0s
[11.193s]   3900K .......... .......... .......... .......... .......... 96% 1.40M 0s
[11.231s]   3950K .......... .......... .......... .......... .......... 97% 1.27M 0s
[11.289s]   4000K .......... .......... .......... .......... .......... 98%  864K 0s
[11.316s]   4050K .......... .......... .......... .......... ......    100% 1.65M=5.2s
[11.316s] 
[11.316s] 2025-12-10 15:22:52 (781 KB/s) - ‘/home/crazy_rat/ros2_ws/build/multirobot_map_merge/map00.pgm’ saved [4194362/4194362]
[11.317s] 
[11.325s] Checking MD5 sum of /home/crazy_rat/ros2_ws/build/multirobot_map_merge/map00.pgm
[11.380s] /home/crazy_rat/ros2_ws/build/multirobot_map_merge/map00.pgm: OK
[11.412s] --2025-12-10 15:22:52--  https://raw.githubusercontent.com/hrnr/m-explore-extra/master/map_merge/hector_maps/map05.pgm
[11.562s] Resolving raw.githubusercontent.com (raw.githubusercontent.com)... 2606:50c0:8001::154, 2606:50c0:8003::154, 2606:50c0:8000::154, ...
[11.628s] Connecting to raw.githubusercontent.com (raw.githubusercontent.com)|2606:50c0:8001::154|:443... connected.
[12.196s] HTTP request sent, awaiting response... 200 OK
[12.199s] Length: 4194362 (4.0M) [application/octet-stream]
[12.199s] Saving to: ‘/home/crazy_rat/ros2_ws/build/multirobot_map_merge/map05.pgm’
[12.205s] 
[12.284s]      0K .......... .......... .......... .......... ..........  1%  590K 7s
[12.397s]     50K .......... .......... .......... .......... ..........  2%  441K 8s
[12.434s]    100K .......... .......... .......... .......... ..........  3% 1.31M 6s
[12.463s]    150K .......... .......... .......... .......... ..........  4% 1.67M 5s
[12.578s]    200K .......... .......... .......... .......... ..........  6%  437K 6s
[12.641s]    250K .......... .......... .......... .......... ..........  7%  786K 6s
[12.731s]    300K .......... .......... .......... .......... ..........  8%  689K 6s
[12.805s]    350K .......... .......... .......... .......... ..........  9%  549K 6s
[12.870s]    400K .......... .......... .......... .......... .......... 10%  770K 5s
[12.948s]    450K .......... .......... .......... .......... .......... 12%  654K 5s
[13.053s]    500K .......... .......... .......... .......... .......... 13%  467K 6s
[13.268s]    550K .......... .......... .......... .......... .......... 14%  330K 6s
[13.397s]    600K .......... .......... .......... .......... .......... 15%  260K 6s
[13.543s]    650K .......... .......... .......... .......... .......... 17%  341K 7s
[13.728s]    700K .......... .......... .......... .......... .......... 18%  270K 7s
[13.849s]    750K .......... .......... .......... .......... .......... 19%  415K 7s
[13.980s]    800K .......... .......... .......... .......... .......... 20%  381K 7s
[14.177s]    850K .......... .......... .......... .......... .......... 21%  254K 7s
[14.277s]    900K .......... .......... .......... .......... .......... 23%  501K 7s
[14.488s]    950K .......... .......... .......... .......... .......... 24%  282K 7s
[14.601s]   1000K .......... .......... .......... .......... .......... 25%  342K 7s
[14.716s]   1050K .......... .......... .......... .......... .......... 26%  433K 7s
[14.844s]   1100K .......... .......... .......... .......... .......... 28%  390K 7s
[14.967s]   1150K .......... .......... .......... .......... .......... 29%  407K 7s
[15.134s]   1200K .......... .......... .......... .......... .......... 30%  300K 7s
[15.296s]   1250K .......... .......... .......... .......... .......... 31%  308K 7s
[15.388s]   1300K .......... .......... .......... .......... .......... 32%  542K 6s
[15.491s]   1350K .......... .......... .......... .......... .......... 34%  494K 6s
[15.649s]   1400K .......... .......... .......... .......... .......... 35%  314K 6s
[15.742s]   1450K .......... .......... .......... .......... .......... 36%  539K 6s
[15.866s]   1500K .......... .......... .......... .......... .......... 37%  404K 6s
[15.986s]   1550K .......... .......... .......... .......... .......... 39%  415K 6s
[16.084s]   1600K .......... .......... .......... .......... .......... 40%  509K 6s
[16.227s]   1650K .......... .......... .......... .......... .......... 41%  349K 6s
[16.318s]   1700K .......... .......... .......... .......... .......... 42%  552K 6s
[16.412s]   1750K .......... .......... .......... .......... .......... 43%  528K 5s
[16.555s]   1800K .......... .......... .......... .......... .......... 45%  351K 5s
[16.668s]   1850K .......... .......... .......... .......... .......... 46%  448K 5s
[16.759s]   1900K .......... .......... .......... .......... .......... 47%  546K 5s
[16.852s]   1950K .......... .......... .......... .......... .......... 48%  534K 5s
[17.012s]   2000K .......... .......... .......... .......... .......... 50%  314K 5s
[17.121s]   2050K .......... .......... .......... .......... .......... 51%  454K 5s
[17.195s]   2100K .......... .......... .......... .......... .......... 52%  686K 5s
[17.284s]   2150K .......... .......... .......... .......... .......... 53%  555K 4s
[17.459s]   2200K .......... .......... .......... .......... .......... 54%  287K 4s
[17.521s]   2250K .......... .......... .......... .......... .......... 56%  809K 4s
[17.620s]   2300K .......... .......... .......... .......... .......... 57%  502K 4s
[17.677s]   2350K .......... .......... .......... .......... .......... 58%  889K 4s
[17.782s]   2400K .......... .......... .......... .......... .......... 59%  473K 4s
[17.886s]   2450K .......... .......... .......... .......... .......... 61%  480K 4s
[17.977s]   2500K .......... .......... .......... .......... .......... 62%  553K 4s
[18.072s]   2550K .......... .......... .......... .......... .......... 63%  526K 3s
[18.163s]   2600K .......... .......... .......... .......... .......... 64%  549K 3s
[18.244s]   2650K .......... .......... .......... .......... .......... 65%  612K 3s
[18.322s]   2700K .......... .......... .......... .......... .......... 67%  643K 3s
[18.421s]   2750K .......... .......... .......... .......... .......... 68%  506K 3s
[18.516s]   2800K .......... .......... .......... .......... .......... 69%  528K 3s
[18.636s]   2850K .......... .......... .......... .......... .......... 70%  416K 3s
[18.733s]   2900K .......... .......... .......... .......... .......... 72%  516K 3s
[18.824s]   2950K .......... .......... .......... .......... .......... 73%  548K 2s
[18.885s]   3000K .......... .......... .......... .......... .......... 74%  817K 2s
[18.976s]   3050K .......... .......... .......... .......... .......... 75%  553K 2s
[19.081s]   3100K .......... .......... .......... .......... .......... 76%  474K 2s
[19.195s]   3150K .......... .......... .......... .......... .......... 78%  440K 2s
[19.270s]   3200K .......... .......... .......... .......... .......... 79%  662K 2s
[19.346s]   3250K .......... .......... .......... .......... .......... 80%  657K 2s
[19.443s]   3300K .......... .......... .......... .......... .......... 81%  516K 2s
[19.553s]   3350K .......... .......... .......... .......... .......... 83%  456K 2s
[19.651s]   3400K .......... .......... .......... .......... .......... 84%  509K 1s
[19.706s]   3450K .......... .......... .......... .......... .......... 85%  903K 1s
[19.772s]   3500K .......... .......... .......... .......... .......... 86%  761K 1s
[19.850s]   3550K .......... .......... .......... .......... .......... 87%  643K 1s
[19.954s]   3600K .......... .......... .......... .......... .......... 89%  769K 1s
[20.013s]   3650K .......... .......... .......... .......... .......... 90%  510K 1s
[20.085s]   3700K .......... .......... .......... .......... .......... 91%  695K 1s
[20.162s]   3750K .......... .......... .......... .......... .......... 92%  646K 1s
[20.208s]   3800K .......... .......... .......... .......... .......... 93% 1.07M 1s
[20.283s]   3850K .......... .......... .......... .......... .......... 95%  669K 0s
[20.330s]   3900K .......... .......... .......... .......... .......... 96% 1.04M 0s
[20.413s]   3950K .......... .......... .......... .......... .......... 97%  598K 0s
[20.495s]   4000K .......... .......... .......... .......... .......... 98%  897K 0s
[20.564s]   4050K .......... .......... .......... .......... ......    100%  489K=8.4s
[20.564s] 
[20.564s] 2025-12-10 15:23:01 (490 KB/s) - ‘/home/crazy_rat/ros2_ws/build/multirobot_map_merge/map05.pgm’ saved [4194362/4194362]
[20.564s] 
[20.566s] Checking MD5 sum of /home/crazy_rat/ros2_ws/build/multirobot_map_merge/map05.pgm
[20.582s] /home/crazy_rat/ros2_ws/build/multirobot_map_merge/map05.pgm: OK
[20.593s] --2025-12-10 15:23:01--  https://raw.githubusercontent.com/hrnr/m-explore-extra/master/map_merge/gmapping_maps/2011-08-09-12-22-52.pgm
[20.639s] Resolving raw.githubusercontent.com (raw.githubusercontent.com)... 2606:50c0:8000::154, 2606:50c0:8003::154, 2606:50c0:8002::154, ...
[20.976s] Connecting to raw.githubusercontent.com (raw.githubusercontent.com)|2606:50c0:8000::154|:443... connected.
[28.887s] HTTP request sent, awaiting response... 200 OK
[28.887s] Length: 16000058 (15M) [application/octet-stream]
[28.888s] Saving to: ‘/home/crazy_rat/ros2_ws/build/multirobot_map_merge/2011-08-09-12-22-52.pgm’
[28.891s] 
[29.539s]      0K .......... .......... .......... .......... ..........  0% 76.8K 3m23s
[30.546s]     50K .......... .......... .......... .......... ..........  0% 49.6K 4m18s
[30.553s]    100K .......... .......... .......... .......... ..........  0% 7.05M 2m52s
[30.701s]    150K .......... .......... .......... .......... ..........  1%  338K 2m20s
[30.762s]    200K .......... .......... .......... .......... ..........  1%  816K 1m55s
[30.801s]    250K .......... .......... .......... .......... ..........  1% 1.26M 98s
[30.906s]    300K .......... .......... .......... .......... ..........  2%  478K 88s
[31.217s]    350K .......... .......... .......... .......... ..........  2%  243K 85s
[31.454s]    400K .......... .......... .......... .......... ..........  2%  146K 87s
[31.959s]    450K .......... .......... .......... .......... ..........  3% 98.9K 93s
[32.448s]    500K .......... .......... .......... .......... ..........  3%  102K 98s
[32.859s]    550K .......... .......... .......... .......... ..........  3%  122K 99s
[33.866s]    600K .......... .......... .......... .......... ..........  4% 49.6K 1m55s
[33.961s]    650K .......... .......... .......... .......... ..........  4%  536K 1m48s
[34.075s]    700K .......... .......... .......... .......... ..........  4%  434K 1m43s
[34.189s]    750K .......... .......... .......... .......... ..........  5%  438K 98s
[34.258s]    800K .......... .......... .......... .......... ..........  5%  722K 93s
[34.344s]    850K .......... .......... .......... .......... ..........  5%  584K 89s
[34.492s]    900K .......... .......... .......... .......... ..........  6%  339K 87s
[34.644s]    950K .......... .......... .......... .......... ..........  6%  328K 84s
[34.765s]   1000K .......... .......... .......... .......... ..........  6%  415K 82s
[35.062s]   1050K .......... .......... .......... .......... ..........  7%  168K 82s
[35.334s]   1100K .......... .......... .......... .......... ..........  7%  184K 81s
[35.615s]   1150K .......... .......... .......... .......... ..........  7%  178K 81s
[35.962s]   1200K .......... .......... .......... .......... ..........  7%  144K 81s
[36.489s]   1250K .......... .......... .......... .......... ..........  8%  110K 83s
[36.943s]   1300K .......... .......... .......... .......... ..........  8% 94.8K 85s
[37.168s]   1350K .......... .......... .......... .......... ..........  8%  222K 84s
[37.461s]   1400K .......... .......... .......... .......... ..........  9%  171K 84s
[37.683s]   1450K .......... .......... .......... .......... ..........  9%  224K 83s
[37.838s]   1500K .......... .......... .......... .......... ..........  9%  324K 81s
[38.021s]   1550K .......... .......... .......... .......... .......... 10%  272K 80s
[38.166s]   1600K .......... .......... .......... .......... .......... 10%  345K 79s
[38.327s]   1650K .......... .......... .......... .......... .......... 10%  312K 77s
[38.538s]   1700K .......... .......... .......... .......... .......... 11%  237K 77s
[38.742s]   1750K .......... .......... .......... .......... .......... 11%  246K 76s
[38.970s]   1800K .......... .......... .......... .......... .......... 11%  222K 75s
[39.189s]   1850K .......... .......... .......... .......... .......... 12%  225K 74s
[39.495s]   1900K .......... .......... .......... .......... .......... 12%  163K 74s
[39.956s]   1950K .......... .......... .......... .......... .......... 12%  108K 75s
[40.354s]   2000K .......... .......... .......... .......... .......... 13%  125K 76s
[40.737s]   2050K .......... .......... .......... .......... .......... 13%  131K 76s
[41.105s]   2100K .......... .......... .......... .......... .......... 13%  136K 77s
[41.405s]   2150K .......... .......... .......... .......... .......... 14%  167K 76s
[41.737s]   2200K .......... .......... .......... .......... .......... 14%  151K 76s
[42.071s]   2250K .......... .......... .......... .......... .......... 14%  149K 76s
[42.444s]   2300K .......... .......... .......... .......... .......... 15%  136K 77s
[42.839s]   2350K .......... .......... .......... .......... .......... 15%  125K 77s
[43.179s]   2400K .......... .......... .......... .......... .......... 15%  147K 77s
[43.445s]   2450K .......... .......... .......... .......... .......... 15%  188K 76s
[43.745s]   2500K .......... .......... .......... .......... .......... 16%  167K 76s
[43.976s]   2550K .......... .......... .......... .......... .......... 16%  216K 76s
[44.225s]   2600K .......... .......... .......... .......... .......... 16%  201K 75s
[44.421s]   2650K .......... .......... .......... .......... .......... 17%  256K 74s
[44.638s]   2700K .......... .......... .......... .......... .......... 17%  230K 74s
[44.667s]   2750K .......... .......... .......... .......... .......... 17% 1.71M 72s
[44.737s]   2800K .......... .......... .......... .......... .......... 18%  713K 71s
[44.774s]   2850K .......... .......... .......... .......... .......... 18% 1.30M 70s
[44.804s]   2900K .......... .......... .......... .......... .......... 18% 1.63M 68s
[44.841s]   2950K .......... .......... .......... .......... .......... 19% 1.32M 67s
[44.865s]   3000K .......... .......... .......... .......... .......... 19% 2.08M 66s
[44.903s]   3050K .......... .......... .......... .......... .......... 19% 1.27M 65s
[44.933s]   3100K .......... .......... .......... .......... .......... 20% 1.66M 64s
[44.966s]   3150K .......... .......... .......... .......... .......... 20% 1.46M 62s
[44.990s]   3200K .......... .......... .......... .......... .......... 20% 2.09M 61s
[45.007s]   3250K .......... .......... .......... .......... .......... 21% 2.78M 60s
[45.040s]   3300K .......... .......... .......... .......... .......... 21% 1.46M 59s
[45.068s]   3350K .......... .......... .......... .......... .......... 21% 1.75M 58s
[45.102s]   3400K .......... .......... .......... .......... .......... 22% 1.46M 57s
[45.125s]   3450K .......... .......... .......... .......... .......... 22% 2.11M 56s
[45.146s]   3500K .......... .......... .......... .......... .......... 22% 2.30M 55s
[45.170s]   3550K .......... .......... .......... .......... .......... 23% 2.01M 54s
[45.215s]   3600K .......... .......... .......... .......... .......... 23% 1.10M 54s
[45.249s]   3650K .......... .......... .......... .......... .......... 23% 1.44M 53s
[45.274s]   3700K .......... .......... .......... .......... .......... 23% 1.96M 52s
[45.295s]   3750K .......... .......... .......... .......... .......... 24% 2.35M 51s
[45.337s]   3800K .......... .......... .......... .......... .......... 24% 1.17M 50s
[45.356s]   3850K .......... .......... .......... .......... .......... 24% 2.47M 50s
[45.374s]   3900K .......... .......... .......... .......... .......... 25% 2.70M 49s
[45.416s]   3950K .......... .......... .......... .......... .......... 25% 1.18M 48s
[45.436s]   4000K .......... .......... .......... .......... .......... 25% 2.42M 47s
[45.478s]   4050K .......... .......... .......... .......... .......... 26% 1.17M 47s
[45.506s]   4100K .......... .......... .......... .......... .......... 26% 2.15M 46s
[45.523s]   4150K .......... .......... .......... .......... .......... 26% 2.17M 45s
[45.546s]   4200K .......... .......... .......... .......... .......... 27% 2.08M 45s
[45.559s]   4250K .......... .......... .......... .......... .......... 27% 3.88M 44s
[45.582s]   4300K .......... .......... .......... .......... .......... 27% 2.07M 43s
[45.614s]   4350K .......... .......... .......... .......... .......... 28% 2.11M 43s
[45.629s]   4400K .......... .......... .......... .......... .......... 28% 2.07M 42s
[45.668s]   4450K .......... .......... .......... .......... .......... 28% 1.26M 41s
[45.697s]   4500K .......... .......... .......... .......... .......... 29% 1.71M 41s
[45.708s]   4550K .......... .......... .......... .......... .......... 29% 4.50M 40s
[45.783s]   4600K .......... .......... .......... .......... .......... 29%  664K 40s
[45.821s]   4650K .......... .......... .......... .......... .......... 30% 1.27M 39s
[45.833s]   4700K .......... .......... .......... .......... .......... 30% 4.24M 39s
[45.855s]   4750K .......... .......... .......... .......... .......... 30% 2.17M 38s
[45.886s]   4800K .......... .......... .......... .......... .......... 31% 1.61M 38s
[45.896s]   4850K .......... .......... .......... .......... .......... 31% 4.77M 37s
[45.912s]   4900K .......... .......... .......... .......... .......... 31% 3.12M 37s
[45.944s]   4950K .......... .......... .......... .......... .......... 31% 1.50M 36s
[45.966s]   5000K .......... .......... .......... .......... .......... 32% 2.20M 36s
[46.165s]   5050K .......... .......... .......... .......... .......... 32%  252K 36s
[46.165s]   5100K .......... .......... .......... .......... .......... 32%  117M 35s
[46.165s]   5150K .......... .......... .......... .......... .......... 33%  118M 35s
[46.174s]   5200K .......... .......... .......... .......... .......... 33% 5.76M 34s
[46.218s]   5250K .......... .......... .......... .......... .......... 33% 1.25M 34s
[46.247s]   5300K .......... .......... .......... .......... .......... 34% 1.45M 33s
[46.275s]   5350K .......... .......... .......... .......... .......... 34% 1.74M 33s
[46.294s]   5400K .......... .......... .......... .......... .......... 34% 2.52M 32s
[46.353s]   5450K .......... .......... .......... .......... .......... 35%  853K 32s
[46.384s]   5500K .......... .......... .......... .......... .......... 35% 1.59M 32s
[46.408s]   5550K .......... .......... .......... .......... .......... 35% 1.99M 31s
[46.475s]   5600K .......... .......... .......... .......... .......... 36%  752K 31s
[46.529s]   5650K .......... .......... .......... .......... .......... 36%  921K 31s
[46.618s]   5700K .......... .......... .......... .......... .......... 36%  559K 30s
[46.642s]   5750K .......... .......... .......... .......... .......... 37% 2.02M 30s
[46.683s]   5800K .......... .......... .......... .......... .......... 37% 1.21M 30s
[46.789s]   5850K .......... .......... .......... .......... .......... 37%  471K 30s
[46.861s]   5900K .......... .......... .......... .......... .......... 38%  695K 29s
[47.008s]   5950K .......... .......... .......... .......... .......... 38%  654K 29s
[47.087s]   6000K .......... .......... .......... .......... .......... 38%  335K 29s
[47.155s]   6050K .......... .......... .......... .......... .......... 39%  728K 29s
[47.267s]   6100K .......... .......... .......... .......... .......... 39%  447K 28s
[47.345s]   6150K .......... .......... .......... .......... .......... 39%  642K 28s
[47.427s]   6200K .......... .......... .......... .......... .......... 39%  610K 28s
[47.546s]   6250K .......... .......... .......... .......... .......... 40%  420K 28s
[47.633s]   6300K .......... .......... .......... .......... .......... 40%  574K 27s
[47.768s]   6350K .......... .......... .......... .......... .......... 40%  551K 27s
[47.858s]   6400K .......... .......... .......... .......... .......... 41%  374K 27s
[47.950s]   6450K .......... .......... .......... .......... .......... 41%  545K 27s
[48.067s]   6500K .......... .......... .......... .......... .......... 41%  427K 27s
[48.216s]   6550K .......... .......... .......... .......... .......... 42%  335K 26s
[48.314s]   6600K .......... .......... .......... .......... .......... 42%  511K 26s
[48.417s]   6650K .......... .......... .......... .......... .......... 42%  484K 26s
[48.600s]   6700K .......... .......... .......... .......... .......... 43%  274K 26s
[48.732s]   6750K .......... .......... .......... .......... .......... 43%  488K 26s
[48.890s]   6800K .......... .......... .......... .......... .......... 43%  267K 26s
[49.055s]   6850K .......... .......... .......... .......... .......... 44%  303K 26s
[49.179s]   6900K .......... .......... .......... .......... .......... 44%  404K 25s
[49.348s]   6950K .......... .......... .......... .......... .......... 44%  296K 25s
[49.549s]   7000K .......... .......... .......... .......... .......... 45%  248K 25s
[49.786s]   7050K .......... .......... .......... .......... .......... 45%  211K 25s
[50.435s]   7100K .......... .......... .......... .......... .......... 45% 77.1K 26s
[50.566s]   7150K .......... .......... .......... .......... .......... 46%  380K 25s
[50.566s]   7200K .......... .......... .......... .......... .......... 46%  106M 25s
[50.567s]   7250K .......... .......... .......... .......... .......... 46%  107M 25s
[50.661s]   7300K .......... .......... .......... .......... .......... 47%  528K 25s
[50.797s]   7350K .......... .......... .......... .......... .......... 47%  368K 24s
[50.931s]   7400K .......... .......... .......... .......... .......... 47%  375K 24s
[51.153s]   7450K .......... .......... .......... .......... .......... 47%  225K 24s
[51.264s]   7500K .......... .......... .......... .......... .......... 48%  451K 24s
[51.345s]   7550K .......... .......... .......... .......... .......... 48%  618K 24s
[51.468s]   7600K .......... .......... .......... .......... .......... 48%  407K 24s
[51.617s]   7650K .......... .......... .......... .......... .......... 49%  335K 23s
[51.724s]   7700K .......... .......... .......... .......... .......... 49%  467K 23s
[51.842s]   7750K .......... .......... .......... .......... .......... 49%  421K 23s
[51.958s]   7800K .......... .......... .......... .......... .......... 50%  433K 23s
[52.046s]   7850K .......... .......... .......... .......... .......... 50%  570K 23s
[52.214s]   7900K .......... .......... .......... .......... .......... 50%  297K 23s
[52.368s]   7950K .......... .......... .......... .......... .......... 51%  324K 22s
[52.524s]   8000K .......... .......... .......... .......... .......... 51%  321K 22s
[52.647s]   8050K .......... .......... .......... .......... .......... 51%  406K 22s
[52.775s]   8100K .......... .......... .......... .......... .......... 52%  392K 22s
[52.951s]   8150K .......... .......... .......... .......... .......... 52%  283K 22s
[53.052s]   8200K .......... .......... .......... .......... .......... 52%  497K 22s
[53.259s]   8250K .......... .......... .......... .......... .......... 53%  241K 22s
[53.506s]   8300K .......... .......... .......... .......... .......... 53%  203K 21s
[53.738s]   8350K .......... .......... .......... .......... .......... 53%  215K 21s
[54.699s]   8400K .......... .......... .......... .......... .......... 54% 52.0K 22s
[54.811s]   8450K .......... .......... .......... .......... .......... 54%  446K 22s
[54.968s]   8500K .......... .......... .......... .......... .......... 54%  318K 22s
[54.985s]   8550K .......... .......... .......... .......... .......... 55% 2.90M 21s
[55.224s]   8600K .......... .......... .......... .......... .......... 55%  209K 21s
[55.240s]   8650K .......... .......... .......... .......... .......... 55% 3.20M 21s
[55.555s]   8700K .......... .......... .......... .......... .......... 55%  159K 21s
[55.756s]   8750K .......... .......... .......... .......... .......... 56%  249K 21s
[55.878s]   8800K .......... .......... .......... .......... .......... 56%  409K 21s
[55.938s]   8850K .......... .......... .......... .......... .......... 56%  826K 20s
[56.012s]   8900K .......... .......... .......... .......... .......... 57%  683K 20s
[56.033s]   8950K .......... .......... .......... .......... .......... 57% 2.23M 20s
[56.084s]   9000K .......... .......... .......... .......... .......... 57%  993K 20s
[56.106s]   9050K .......... .......... .......... .......... .......... 58% 2.17M 20s
[56.158s]   9100K .......... .......... .......... .......... .......... 58%  973K 19s
[56.199s]   9150K .......... .......... .......... .......... .......... 58% 1.19M 19s
[56.246s]   9200K .......... .......... .......... .......... .......... 59% 1.04M 19s
[56.286s]   9250K .......... .......... .......... .......... .......... 59% 1.20M 19s
[56.326s]   9300K .......... .......... .......... .......... .......... 59% 1.23M 18s
[56.369s]   9350K .......... .......... .......... .......... .......... 60% 1.14M 18s
[56.406s]   9400K .......... .......... .......... .......... .......... 60% 1.30M 18s
[56.443s]   9450K .......... .......... .......... .......... .......... 60% 1.32M 18s
[56.507s]   9500K .......... .......... .......... .......... .......... 61%  782K 18s
[56.536s]   9550K .......... .......... .......... .......... .......... 61% 1.67M 17s
[56.607s]   9600K .......... .......... .......... .......... .......... 61%  705K 17s
[56.678s]   9650K .......... .......... .......... .......... .......... 62%  702K 17s
[56.722s]   9700K .......... .......... .......... .......... .......... 62% 1.12M 17s
[56.767s]   9750K .......... .......... .......... .......... .......... 62% 1.09M 17s
[56.812s]   9800K .......... .......... .......... .......... .......... 63% 1.07M 16s
[56.830s]   9850K .......... .......... .......... .......... .......... 63% 2.84M 16s
[56.909s]   9900K .......... .......... .......... .......... .......... 63%  631K 16s
[56.968s]   9950K .......... .......... .......... .......... .......... 63%  843K 16s
[57.021s]  10000K .......... .......... .......... .......... .......... 64%  938K 16s
[57.079s]  10050K .......... .......... .......... .......... .......... 64%  865K 15s
[57.108s]  10100K .......... .......... .......... .......... .......... 64% 1.71M 15s
[57.156s]  10150K .......... .......... .......... .......... .......... 65% 1.01M 15s
[57.204s]  10200K .......... .......... .......... .......... .......... 65% 1.02M 15s
[57.259s]  10250K .......... .......... .......... .......... .......... 65%  916K 15s
[57.370s]  10300K .......... .......... .......... .......... .......... 66%  448K 15s
[57.453s]  10350K .......... .......... .......... .......... .......... 66%  605K 14s
[57.520s]  10400K .......... .......... .......... .......... .......... 66%  740K 14s
[57.608s]  10450K .......... .......... .......... .......... .......... 67%  570K 14s
[57.678s]  10500K .......... .......... .......... .......... .......... 67%  715K 14s
[57.747s]  10550K .......... .......... .......... .......... .......... 67%  722K 14s
[57.831s]  10600K .......... .......... .......... .......... .......... 68%  595K 14s
[57.883s]  10650K .......... .......... .......... .......... .......... 68%  957K 13s
[57.965s]  10700K .......... .......... .......... .......... .......... 68%  616K 13s
[58.031s]  10750K .......... .......... .......... .......... .......... 69%  749K 13s
[58.100s]  10800K .......... .......... .......... .......... .......... 69%  735K 13s
[58.171s]  10850K .......... .......... .......... .......... .......... 69%  703K 13s
[58.249s]  10900K .......... .......... .......... .......... .......... 70%  643K 13s
[58.341s]  10950K .......... .......... .......... .......... .......... 70%  545K 12s
[58.451s]  11000K .......... .......... .......... .......... .......... 70%  450K 12s
[58.518s]  11050K .......... .......... .......... .......... .......... 71%  748K 12s
[58.599s]  11100K .......... .......... .......... .......... .......... 71%  616K 12s
[58.669s]  11150K .......... .......... .......... .......... .......... 71%  719K 12s
[58.740s]  11200K .......... .......... .......... .......... .......... 71%  704K 12s
[58.811s]  11250K .......... .......... .......... .......... .......... 72%  704K 11s
[58.872s]  11300K .......... .......... .......... .......... .......... 72%  813K 11s
[58.959s]  11350K .......... .......... .......... .......... .......... 72%  576K 11s
[59.043s]  11400K .......... .......... .......... .......... .......... 73%  599K 11s
[59.114s]  11450K .......... .......... .......... .......... .......... 73%  700K 11s
[59.220s]  11500K .......... .......... .......... .......... .......... 73%  473K 11s
[59.283s]  11550K .......... .......... .......... .......... .......... 74%  796K 11s
[59.378s]  11600K .......... .......... .......... .......... .......... 74%  523K 10s
[59.429s]  11650K .......... .......... .......... .......... .......... 74%  984K 10s
[59.506s]  11700K .......... .......... .......... .......... .......... 75%  646K 10s
[59.582s]  11750K .......... .......... .......... .......... .......... 75%  665K 10s
[59.682s]  11800K .......... .......... .......... .......... .......... 75%  498K 10s
[59.725s]  11850K .......... .......... .......... .......... .......... 76% 1.13M 10s
[59.822s]  11900K .......... .......... .......... .......... .......... 76%  516K 10s
[59.873s]  11950K .......... .......... .......... .......... .......... 76%  981K 9s
[59.963s]  12000K .......... .......... .......... .......... .......... 77%  558K 9s
[60.060s]  12050K .......... .......... .......... .......... .......... 77%  517K 9s
[60.125s]  12100K .......... .......... .......... .......... .......... 77%  769K 9s
[60.206s]  12150K .......... .......... .......... .......... .......... 78%  614K 9s
[60.259s]  12200K .......... .......... .......... .......... .......... 78%  950K 9s
[60.353s]  12250K .......... .......... .......... .......... .......... 78%  529K 9s
[60.416s]  12300K .......... .......... .......... .......... .......... 79%  793K 8s
[60.505s]  12350K .......... .......... .......... .......... .......... 79%  562K 8s
[60.630s]  12400K .......... .......... .......... .......... .......... 79%  400K 8s
[60.740s]  12450K .......... .......... .......... .......... .......... 79%  455K 8s
[60.898s]  12500K .......... .......... .......... .......... .......... 80%  317K 8s
[61.128s]  12550K .......... .......... .......... .......... .......... 80%  217K 8s
[61.259s]  12600K .......... .......... .......... .......... .......... 80%  390K 8s
[61.474s]  12650K .......... .......... .......... .......... .......... 81%  231K 8s
[61.627s]  12700K .......... .......... .......... .......... .......... 81%  325K 7s
[61.790s]  12750K .......... .......... .......... .......... .......... 81%  307K 7s
[61.936s]  12800K .......... .......... .......... .......... .......... 82%  343K 7s
[62.062s]  12850K .......... .......... .......... .......... .......... 82%  397K 7s
[62.197s]  12900K .......... .......... .......... .......... .......... 82%  369K 7s
[62.360s]  12950K .......... .......... .......... .......... .......... 83%  308K 7s
[62.508s]  13000K .......... .......... .......... .......... .......... 83%  336K 7s
[62.627s]  13050K .......... .......... .......... .......... .......... 83%  420K 7s
[62.785s]  13100K .......... .......... .......... .......... .......... 84%  319K 6s
[62.860s]  13150K .......... .......... .......... .......... .......... 84%  659K 6s
[62.964s]  13200K .......... .......... .......... .......... .......... 84%  482K 6s
[63.076s]  13250K .......... .......... .......... .......... .......... 85%  454K 6s
[63.174s]  13300K .......... .......... .......... .......... .......... 85%  507K 6s
[63.310s]  13350K .......... .......... .......... .......... .......... 85%  537K 6s
[63.393s]  13400K .......... .......... .......... .......... .......... 86%  394K 6s
[63.455s]  13450K .......... .......... .......... .......... .......... 86%  799K 5s
[63.575s]  13500K .......... .......... .......... .......... .......... 86%  424K 5s
[63.695s]  13550K .......... .......... .......... .......... .......... 87%  410K 5s
[63.731s]  13600K .......... .......... .......... .......... .......... 87% 1.36M 5s
[63.829s]  13650K .......... .......... .......... .......... .......... 87%  511K 5s
[63.952s]  13700K .......... .......... .......... .......... .......... 87%  405K 5s
[64.061s]  13750K .......... .......... .......... .......... .......... 88%  597K 5s
[64.189s]  13800K .......... .......... .......... .......... .......... 88%  329K 5s
[64.318s]  13850K .......... .......... .......... .......... .......... 88%  384K 4s
[64.385s]  13900K .......... .......... .......... .......... .......... 89%  765K 4s
[64.462s]  13950K .......... .......... .......... .......... .......... 89%  640K 4s
[64.575s]  14000K .......... .......... .......... .......... .......... 89%  445K 4s
[64.707s]  14050K .......... .......... .......... .......... .......... 90%  377K 4s
[64.805s]  14100K .......... .......... .......... .......... .......... 90%  512K 4s
[65.235s]  14150K .......... .......... .......... .......... .......... 90%  118K 4s
[65.236s]  14200K .......... .......... .......... .......... .......... 91% 7.58M 4s
[65.236s]  14250K .......... .......... .......... .......... .......... 91%  109M 3s
[65.236s]  14300K .......... .......... .......... .......... .......... 91%  115M 3s
[65.269s]  14350K .......... .......... .......... .......... .......... 92% 1.48M 3s
[65.376s]  14400K .......... .......... .......... .......... .......... 92%  477K 3s
[65.446s]  14450K .......... .......... .......... .......... .......... 92%  698K 3s
[65.563s]  14500K .......... .......... .......... .......... .......... 93%  428K 3s
[65.711s]  14550K .......... .......... .......... .......... .......... 93%  465K 3s
[65.834s]  14600K .......... .......... .......... .......... .......... 93%  306K 2s
[65.937s]  14650K .......... .......... .......... .......... .......... 94%  483K 2s
[66.039s]  14700K .......... .......... .......... .......... .......... 94%  491K 2s
[66.161s]  14750K .......... .......... .......... .......... .......... 94%  410K 2s
[66.250s]  14800K .......... .......... .......... .......... .......... 95%  560K 2s
[66.353s]  14850K .......... .......... .......... .......... .......... 95%  487K 2s
[66.435s]  14900K .......... .......... .......... .......... .......... 95%  610K 2s
[66.547s]  14950K .......... .......... .......... .......... .......... 95%  526K 2s
[66.620s]  15000K .......... .......... .......... .......... .......... 96%  555K 1s
[66.701s]  15050K .......... .......... .......... .......... .......... 96%  612K 1s
[66.790s]  15100K .......... .......... .......... .......... .......... 96%  573K 1s
[66.883s]  15150K .......... .......... .......... .......... .......... 97%  537K 1s
[66.960s]  15200K .......... .......... .......... .......... .......... 97%  638K 1s
[67.025s]  15250K .......... .......... .......... .......... .......... 97% 1.28M 1s
[67.093s]  15300K .......... .......... .......... .......... .......... 98%  531K 1s
[67.188s]  15350K .......... .......... .......... .......... .......... 98%  531K 1s
[67.249s]  15400K .......... .......... .......... .......... .......... 98%  809K 0s
[67.306s]  15450K .......... .......... .......... .......... .......... 99%  869K 0s
[67.392s]  15500K .......... .......... .......... .......... .......... 99%  587K 0s
[67.403s]  15550K .......... .......... .......... .......... .......... 99% 4.27M 0s
[67.411s]  15600K .......... .......... .....                           100% 2.86M=39s
[67.411s] 
[67.412s] 2025-12-10 15:23:48 (406 KB/s) - ‘/home/crazy_rat/ros2_ws/build/multirobot_map_merge/2011-08-09-12-22-52.pgm’ saved [16000058/16000058]
[67.412s] 
[67.414s] Checking MD5 sum of /home/crazy_rat/ros2_ws/build/multirobot_map_merge/2011-08-09-12-22-52.pgm
[67.464s] /home/crazy_rat/ros2_ws/build/multirobot_map_merge/2011-08-09-12-22-52.pgm: OK
[67.473s] --2025-12-10 15:23:48--  https://raw.githubusercontent.com/hrnr/m-explore-extra/master/map_merge/gmapping_maps/2012-01-28-11-12-01.pgm
[67.525s] Resolving raw.githubusercontent.com (raw.githubusercontent.com)... 2606:50c0:8000::154, 2606:50c0:8001::154, 2606:50c0:8002::154, ...
[67.569s] Connecting to raw.githubusercontent.com (raw.githubusercontent.com)|2606:50c0:8000::154|:443... connected.
[69.053s] HTTP request sent, awaiting response... 200 OK
[69.053s] Length: 16000058 (15M) [application/octet-stream]
[69.053s] Saving to: ‘/home/crazy_rat/ros2_ws/build/multirobot_map_merge/2012-01-28-11-12-01.pgm’
[69.053s] 
[69.141s]      0K .......... .......... .......... .......... ..........  0%  565K 28s
[69.269s]     50K .......... .......... .......... .......... ..........  0%  391K 34s
[69.348s]    100K .......... .......... .......... .......... ..........  0%  638K 30s
[69.487s]    150K .......... .......... .......... .......... ..........  1%  360K 33s
[69.674s]    200K .......... .......... .......... .......... ..........  1%  267K 38s
[69.804s]    250K .......... .......... .......... .......... ..........  1%  383K 38s
[70.078s]    300K .......... .......... .......... .......... ..........  2%  183K 45s
[70.508s]    350K .......... .......... .......... .......... ..........  2%  130K 54s
[70.780s]    400K .......... .......... .......... .......... ..........  2%  158K 58s
[71.728s]    450K .......... .......... .......... .......... ..........  3% 52.7K 81s
[71.746s]    500K .......... .......... .......... .......... ..........  3% 2.72M 74s
[71.830s]    550K .......... .......... .......... .......... ..........  3%  591K 70s
[72.139s]    600K .......... .......... .......... .......... ..........  4%  162K 71s
[72.611s]    650K .......... .......... .......... .......... ..........  4%  106K 76s
[72.641s]    700K .......... .......... .......... .......... ..........  4% 1.58M 71s
[72.742s]    750K .......... .......... .......... .......... ..........  5%  497K 68s
[72.789s]    800K .......... .......... .......... .......... ..........  5% 1.05M 65s
[72.830s]    850K .......... .......... .......... .......... ..........  5% 1.20M 62s
[72.896s]    900K .......... .......... .......... .......... ..........  6%  771K 59s
[72.933s]    950K .......... .......... .......... .......... ..........  6% 1.29M 57s
[73.010s]   1000K .......... .......... .......... .......... ..........  6%  643K 55s
[73.098s]   1050K .......... .......... .......... .......... ..........  7%  572K 53s
[73.107s]   1100K .......... .......... .......... .......... ..........  7% 5.53M 51s
[73.159s]   1150K .......... .......... .......... .......... ..........  7%  957K 49s
[73.206s]   1200K .......... .......... .......... .......... ..........  7% 1.05M 48s
[73.268s]   1250K .......... .......... .......... .......... ..........  8%  800K 46s
[73.330s]   1300K .......... .......... .......... .......... ..........  8% 1.12M 45s
[73.400s]   1350K .......... .......... .......... .......... ..........  8%  564K 44s
[73.436s]   1400K .......... .......... .......... .......... ..........  9% 1.32M 43s
[73.509s]   1450K .......... .......... .......... .......... ..........  9%  699K 42s
[73.553s]   1500K .......... .......... .......... .......... ..........  9% 1.07M 41s
[73.632s]   1550K .......... .......... .......... .......... .......... 10%  634K 40s
[73.698s]   1600K .......... .......... .......... .......... .......... 10%  784K 39s
[73.773s]   1650K .......... .......... .......... .......... .......... 10%  650K 39s
[73.843s]   1700K .......... .......... .......... .......... .......... 11%  720K 38s
[73.932s]   1750K .......... .......... .......... .......... .......... 11%  561K 37s
[74.030s]   1800K .......... .......... .......... .......... .......... 11%  507K 37s
[74.116s]   1850K .......... .......... .......... .......... .......... 12%  584K 37s
[74.234s]   1900K .......... .......... .......... .......... .......... 12%  425K 36s
[74.373s]   1950K .......... .......... .......... .......... .......... 12%  359K 36s
[74.510s]   2000K .......... .......... .......... .......... .......... 13%  366K 36s
[74.656s]   2050K .......... .......... .......... .......... .......... 13%  340K 36s
[74.841s]   2100K .......... .......... .......... .......... .......... 13%  271K 36s
[75.067s]   2150K .......... .......... .......... .......... .......... 14%  221K 37s
[75.231s]   2200K .......... .......... .......... .......... .......... 14%  463K 36s
[75.428s]   2250K .......... .......... .......... .......... .......... 14%  198K 37s
[75.582s]   2300K .......... .......... .......... .......... .......... 15%  323K 37s
[75.770s]   2350K .......... .......... .......... .......... .......... 15%  266K 37s
[75.991s]   2400K .......... .......... .......... .......... .......... 15%  227K 37s
[76.167s]   2450K .......... .......... .......... .......... .......... 15%  284K 37s
[76.393s]   2500K .......... .......... .......... .......... .......... 16%  221K 38s
[76.611s]   2550K .......... .......... .......... .......... .......... 16%  229K 38s
[76.814s]   2600K .......... .......... .......... .......... .......... 16%  246K 38s
[76.988s]   2650K .......... .......... .......... .......... .......... 17%  288K 38s
[77.187s]   2700K .......... .......... .......... .......... .......... 17%  251K 38s
[77.390s]   2750K .......... .......... .......... .......... .......... 17%  246K 38s
[77.590s]   2800K .......... .......... .......... .......... .......... 18%  250K 38s
[77.776s]   2850K .......... .......... .......... .......... .......... 18%  269K 38s
[78.115s]   2900K .......... .......... .......... .......... .......... 18%  147K 39s
[78.731s]   2950K .......... .......... .......... .......... .......... 19% 81.1K 41s
[78.731s]   3000K .......... .......... .......... .......... .......... 19%  151M 40s
[78.973s]   3050K .......... .......... .......... .......... .......... 19%  207K 40s
[79.110s]   3100K .......... .......... .......... .......... .......... 20%  371K 40s
[79.275s]   3150K .......... .......... .......... .......... .......... 20%  373K 40s
[79.343s]   3200K .......... .......... .......... .......... .......... 20%  494K 39s
[79.388s]   3250K .......... .......... .......... .......... .......... 21% 1.10M 39s
[79.443s]   3300K .......... .......... .......... .......... .......... 21%  902K 38s
[79.499s]   3350K .......... .......... .......... .......... .......... 21%  904K 38s
[79.540s]   3400K .......... .......... .......... .......... .......... 22% 1.18M 37s
[79.576s]   3450K .......... .......... .......... .......... .......... 22% 1.35M 36s
[79.624s]   3500K .......... .......... .......... .......... .......... 22% 1.01M 36s
[79.688s]   3550K .......... .......... .......... .......... .......... 23%  976K 35s
[79.774s]   3600K .......... .......... .......... .......... .......... 23%  508K 35s
[79.812s]   3650K .......... .......... .......... .......... .......... 23% 1.35M 35s
[79.877s]   3700K .......... .......... .......... .......... .......... 23%  748K 34s
[79.917s]   3750K .......... .......... .......... .......... .......... 24% 1.26M 34s
[79.970s]   3800K .......... .......... .......... .......... .......... 24%  913K 33s
[80.042s]   3850K .......... .......... .......... .......... .......... 24%  701K 33s
[80.099s]   3900K .......... .......... .......... .......... .......... 25%  876K 33s
[80.165s]   3950K .......... .......... .......... .......... .......... 25%  759K 32s
[80.208s]   4000K .......... .......... .......... .......... .......... 25% 1.16M 32s
[80.239s]   4050K .......... .......... .......... .......... .......... 26% 1.51M 31s
[80.280s]   4100K .......... .......... .......... .......... .......... 26% 1.20M 31s
[80.351s]   4150K .......... .......... .......... .......... .......... 26%  701K 31s
[80.437s]   4200K .......... .......... .......... .......... .......... 27%  581K 30s
[80.574s]   4250K .......... .......... .......... .......... .......... 27%  364K 30s
[80.647s]   4300K .......... .......... .......... .......... .......... 27%  691K 30s
[80.803s]   4350K .......... .......... .......... .......... .......... 28%  320K 30s
[80.981s]   4400K .......... .......... .......... .......... .......... 28%  281K 30s
[81.077s]   4450K .......... .......... .......... .......... .......... 28%  519K 30s
[81.299s]   4500K .......... .......... .......... .......... .......... 29%  225K 30s
[81.519s]   4550K .......... .......... .......... .......... .......... 29%  228K 30s
[81.754s]   4600K .......... .......... .......... .......... .......... 29%  212K 30s
[82.072s]   4650K .......... .......... .......... .......... .......... 30%  157K 30s
[82.347s]   4700K .......... .......... .......... .......... .......... 30%  182K 30s
[82.739s]   4750K .......... .......... .......... .......... .......... 30%  159K 31s
[83.055s]   4800K .......... .......... .......... .......... .......... 31%  127K 31s
[83.274s]   4850K .......... .......... .......... .......... .......... 31%  228K 31s
[83.587s]   4900K .......... .......... .......... .......... .......... 31%  160K 31s
[83.919s]   4950K .......... .......... .......... .......... .......... 31%  152K 32s
[84.388s]   5000K .......... .......... .......... .......... .......... 32%  132K 32s
[84.733s]   5050K .......... .......... .......... .......... .......... 32%  114K 32s
[85.017s]   5100K .......... .......... .......... .......... .......... 32%  176K 32s
[85.237s]   5150K .......... .......... .......... .......... .......... 33%  226K 32s
[85.391s]   5200K .......... .......... .......... .......... .......... 33%  324K 32s
[85.650s]   5250K .......... .......... .......... .......... .......... 33%  219K 32s
[85.799s]   5300K .......... .......... .......... .......... .......... 34%  279K 32s
[85.958s]   5350K .......... .......... .......... .......... .......... 34%  315K 32s
[86.157s]   5400K .......... .......... .......... .......... .......... 34%  251K 32s
[86.351s]   5450K .......... .......... .......... .......... .......... 35%  257K 32s
[86.648s]   5500K .......... .......... .......... .......... .......... 35%  308K 32s
[86.828s]   5550K .......... .......... .......... .......... .......... 35%  159K 32s
[86.962s]   5600K .......... .......... .......... .......... .......... 36%  374K 32s
[87.054s]   5650K .......... .......... .......... .......... .......... 36%  541K 31s
[87.228s]   5700K .......... .......... .......... .......... .......... 36%  288K 31s
[87.390s]   5750K .......... .......... .......... .......... .......... 37%  309K 31s
[87.493s]   5800K .......... .......... .......... .......... .......... 37%  483K 31s
[87.678s]   5850K .......... .......... .......... .......... .......... 37%  271K 31s
[87.769s]   5900K .......... .......... .......... .......... .......... 38%  548K 30s
[87.893s]   5950K .......... .......... .......... .......... .......... 38%  403K 30s
[87.992s]   6000K .......... .......... .......... .......... .......... 38%  505K 30s
[88.119s]   6050K .......... .......... .......... .......... .......... 39%  395K 30s
[88.215s]   6100K .......... .......... .......... .......... .......... 39%  522K 30s
[88.431s]   6150K .......... .......... .......... .......... .......... 39%  231K 29s
[88.607s]   6200K .......... .......... .......... .......... .......... 39%  284K 29s
[89.351s]   6250K .......... .......... .......... .......... .......... 40% 67.2K 30s
[89.527s]   6300K .......... .......... .......... .......... .......... 40%  288K 30s
[89.664s]   6350K .......... .......... .......... .......... .......... 40%  359K 30s
[90.236s]   6400K .......... .......... .......... .......... .......... 41% 87.8K 30s
[90.236s]   6450K .......... .......... .......... .......... .......... 41% 30.3M 30s
[90.237s]   6500K .......... .......... .......... .......... .......... 41% 53.6M 29s
[90.333s]   6550K .......... .......... .......... .......... .......... 42%  523K 29s
[90.436s]   6600K .......... .......... .......... .......... .......... 42%  481K 29s
[90.436s]   6650K .......... .......... .......... .......... .......... 42% 88.3M 28s
[90.437s]   6700K .......... .......... .......... .......... .......... 43% 98.8M 28s
[90.445s]   6750K .......... .......... .......... .......... .......... 43% 6.24M 28s
[90.463s]   6800K .......... .......... .......... .......... .......... 43% 2.64M 27s
[90.505s]   6850K .......... .......... .......... .......... .......... 44% 1.17M 27s
[90.553s]   6900K .......... .......... .......... .......... .......... 44% 1.01M 27s
[90.577s]   6950K .......... .......... .......... .......... .......... 44% 2.02M 27s
[90.611s]   7000K .......... .......... .......... .......... .......... 45% 1.44M 26s
[90.643s]   7050K .......... .......... .......... .......... .......... 45% 1.56M 26s
[90.661s]   7100K .......... .......... .......... .......... .......... 45% 2.70M 26s
[90.690s]   7150K .......... .......... .......... .......... .......... 46% 1.68M 25s
[90.721s]   7200K .......... .......... .......... .......... .......... 46% 1.58M 25s
[90.752s]   7250K .......... .......... .......... .......... .......... 46% 1.58M 25s
[90.774s]   7300K .......... .......... .......... .......... .......... 47% 2.15M 24s
[90.835s]   7350K .......... .......... .......... .......... .......... 47%  835K 24s
[90.853s]   7400K .......... .......... .......... .......... .......... 47% 2.61M 24s
[90.878s]   7450K .......... .......... .......... .......... .......... 47% 1.96M 24s
[90.918s]   7500K .......... .......... .......... .......... .......... 48% 1.23M 23s
[90.934s]   7550K .......... .......... .......... .......... .......... 48% 3.32M 23s
[90.958s]   7600K .......... .......... .......... .......... .......... 48% 1.93M 23s
[90.986s]   7650K .......... .......... .......... .......... .......... 49% 1.74M 23s
[91.035s]   7700K .......... .......... .......... .......... .......... 49% 1011K 22s
[91.050s]   7750K .......... .......... .......... .......... .......... 49% 3.33M 22s
[91.098s]   7800K .......... .......... .......... .......... .......... 50% 1.02M 22s
[91.120s]   7850K .......... .......... .......... .......... .......... 50% 2.19M 22s
[91.143s]   7900K .......... .......... .......... .......... .......... 50% 2.18M 21s
[91.173s]   7950K .......... .......... .......... .......... .......... 51% 1.61M 21s
[91.195s]   8000K .......... .......... .......... .......... .......... 51% 2.17M 21s
[91.236s]   8050K .......... .......... .......... .......... .......... 51% 1.22M 21s
[91.269s]   8100K .......... .......... .......... .......... .......... 52% 1.44M 20s
[91.291s]   8150K .......... .......... .......... .......... .......... 52% 2.24M 20s
[91.316s]   8200K .......... .......... .......... .......... .......... 52% 1.93M 20s
[91.341s]   8250K .......... .......... .......... .......... .......... 53% 2.14M 20s
[91.359s]   8300K .......... .......... .......... .......... .......... 53% 2.43M 19s
[91.490s]   8350K .......... .......... .......... .......... .......... 53%  382K 19s
[91.525s]   8400K .......... .......... .......... .......... .......... 54% 1.38M 19s
[91.559s]   8450K .......... .......... .......... .......... .......... 54% 1.44M 19s
[91.585s]   8500K .......... .......... .......... .......... .......... 54% 1.92M 19s
[91.619s]   8550K .......... .......... .......... .......... .......... 55% 1.42M 18s
[91.644s]   8600K .......... .......... .......... .......... .......... 55% 2.16M 18s
[91.660s]   8650K .......... .......... .......... .......... .......... 55% 2.70M 18s
[91.681s]   8700K .......... .......... .......... .......... .......... 55% 2.34M 18s
[91.697s]   8750K .......... .......... .......... .......... .......... 56% 3.02M 18s
[91.737s]   8800K .......... .......... .......... .......... .......... 56% 1.25M 17s
[91.791s]   8850K .......... .......... .......... .......... .......... 56%  908K 17s
[91.837s]   8900K .......... .......... .......... .......... .......... 57% 1.11M 17s
[91.866s]   8950K .......... .......... .......... .......... .......... 57% 1.59M 17s
[91.879s]   9000K .......... .......... .......... .......... .......... 57% 3.82M 17s
[91.911s]   9050K .......... .......... .......... .......... .......... 58% 1.52M 16s
[91.948s]   9100K .......... .......... .......... .......... .......... 58% 1.31M 16s
[91.967s]   9150K .......... .......... .......... .......... .......... 58% 2.90M 16s
[91.995s]   9200K .......... .......... .......... .......... .......... 59% 1.62M 16s
[92.018s]   9250K .......... .......... .......... .......... .......... 59% 2.06M 16s
[92.043s]   9300K .......... .......... .......... .......... .......... 59% 2.22M 15s
[92.061s]   9350K .......... .......... .......... .......... .......... 60% 2.34M 15s
[92.089s]   9400K .......... .......... .......... .......... .......... 60% 1.75M 15s
[92.123s]   9450K .......... .......... .......... .......... .......... 60% 1.46M 15s
[92.171s]   9500K .......... .......... .......... .......... .......... 61% 1.02M 15s
[92.218s]   9550K .......... .......... .......... .......... .......... 61% 1.04M 15s
[92.300s]   9600K .......... .......... .......... .......... .......... 61%  612K 14s
[92.309s]   9650K .......... .......... .......... .......... .......... 62% 5.04M 14s
[92.349s]   9700K .......... .......... .......... .......... .......... 62% 1.23M 14s
[92.386s]   9750K .......... .......... .......... .......... .......... 62% 1.32M 14s
[92.405s]   9800K .......... .......... .......... .......... .......... 63% 2.61M 14s
[92.417s]   9850K .......... .......... .......... .......... .......... 63% 3.97M 14s
[92.447s]   9900K .......... .......... .......... .......... .......... 63% 1.67M 13s
[92.477s]   9950K .......... .......... .......... .......... .......... 63% 1.59M 13s
[92.487s]  10000K .......... .......... .......... .......... .......... 64% 4.95M 13s
[92.536s]  10050K .......... .......... .......... .......... .......... 64% 1.02M 13s
[92.591s]  10100K .......... .......... .......... .......... .......... 64%  886K 13s
[92.648s]  10150K .......... .......... .......... .......... .......... 65%  885K 13s
[92.660s]  10200K .......... .......... .......... .......... .......... 65% 3.70M 12s
[92.690s]  10250K .......... .......... .......... .......... .......... 65% 1.68M 12s
[92.717s]  10300K .......... .......... .......... .......... .......... 66% 1.76M 12s
[92.736s]  10350K .......... .......... .......... .......... .......... 66% 2.74M 12s
[92.766s]  10400K .......... .......... .......... .......... .......... 66% 1.59M 12s
[92.803s]  10450K .......... .......... .......... .......... .......... 67% 1.31M 12s
[92.837s]  10500K .......... .......... .......... .......... .......... 67% 1.54M 11s
[92.872s]  10550K .......... .......... .......... .......... .......... 67% 1.32M 11s
[92.925s]  10600K .......... .......... .......... .......... .......... 68%  930K 11s
[93.011s]  10650K .......... .......... .......... .......... .......... 68%  583K 11s
[93.056s]  10700K .......... .......... .......... .......... .......... 68% 1.10M 11s
[93.080s]  10750K .......... .......... .......... .......... .......... 69% 2.01M 11s
[93.140s]  10800K .......... .......... .......... .......... .......... 69%  846K 11s
[93.212s]  10850K .......... .......... .......... .......... .......... 69%  687K 10s
[93.273s]  10900K .......... .......... .......... .......... .......... 70%  814K 10s
[93.393s]  10950K .......... .......... .......... .......... .......... 70%  417K 10s
[93.571s]  11000K .......... .......... .......... .......... .......... 70%  281K 10s
[93.666s]  11050K .......... .......... .......... .......... .......... 71%  530K 10s
[93.883s]  11100K .......... .......... .......... .......... .......... 71%  230K 10s
[94.011s]  11150K .......... .......... .......... .......... .......... 71%  390K 10s
[94.124s]  11200K .......... .......... .......... .......... .......... 71%  441K 10s
[94.339s]  11250K .......... .......... .......... .......... .......... 72%  234K 10s
[94.424s]  11300K .......... .......... .......... .......... .......... 72%  585K 10s
[94.462s]  11350K .......... .......... .......... .......... .......... 72% 1.27M 9s
[94.565s]  11400K .......... .......... .......... .......... .......... 73%  488K 9s
[94.626s]  11450K .......... .......... .......... .......... .......... 73%  822K 9s
[94.677s]  11500K .......... .......... .......... .......... .......... 73%  977K 9s
[94.772s]  11550K .......... .......... .......... .......... .......... 74%  528K 9s
[94.840s]  11600K .......... .......... .......... .......... .......... 74%  739K 9s
[94.919s]  11650K .......... .......... .......... .......... .......... 74%  627K 9s
[94.984s]  11700K .......... .......... .......... .......... .......... 75%  767K 9s
[95.025s]  11750K .......... .......... .......... .......... .......... 75% 1.20M 8s
[95.099s]  11800K .......... .......... .......... .......... .......... 75%  673K 8s
[95.150s]  11850K .......... .......... .......... .......... .......... 76%  999K 8s
[95.187s]  11900K .......... .......... .......... .......... .......... 76% 1.29M 8s
[95.290s]  11950K .......... .......... .......... .......... .......... 76%  487K 8s
[95.348s]  12000K .......... .......... .......... .......... .......... 77%  859K 8s
[95.408s]  12050K .......... .......... .......... .......... .......... 77%  831K 8s
[95.523s]  12100K .......... .......... .......... .......... .......... 77%  435K 8s
[95.591s]  12150K .......... .......... .......... .......... .......... 78%  734K 7s
[95.674s]  12200K .......... .......... .......... .......... .......... 78%  604K 7s
[95.763s]  12250K .......... .......... .......... .......... .......... 78%  565K 7s
[95.853s]  12300K .......... .......... .......... .......... .......... 79%  555K 7s
[95.949s]  12350K .......... .......... .......... .......... .......... 79%  528K 7s
[96.040s]  12400K .......... .......... .......... .......... .......... 79%  548K 7s
[96.089s]  12450K .......... .......... .......... .......... .......... 79% 1004K 7s
[96.202s]  12500K .......... .......... .......... .......... .......... 80%  440K 7s
[96.331s]  12550K .......... .......... .......... .......... .......... 80%  388K 7s
[96.444s]  12600K .......... .......... .......... .......... .......... 80%  446K 6s
[96.594s]  12650K .......... .......... .......... .......... .......... 81%  333K 6s
[96.788s]  12700K .......... .......... .......... .......... .......... 81%  297K 6s
[96.960s]  12750K .......... .......... .......... .......... .......... 81%  253K 6s
[97.205s]  12800K .......... .......... .......... .......... .......... 82%  204K 6s
[97.312s]  12850K .......... .......... .......... .......... .......... 82%  469K 6s
[97.466s]  12900K .......... .......... .......... .......... .......... 82%  325K 6s
[97.648s]  12950K .......... .......... .......... .......... .......... 83%  277K 6s
[97.746s]  13000K .......... .......... .......... .......... .......... 83%  506K 6s
[97.910s]  13050K .......... .......... .......... .......... .......... 83%  304K 6s
[98.084s]  13100K .......... .......... .......... .......... .......... 84%  353K 5s
[98.222s]  13150K .......... .......... .......... .......... .......... 84%  294K 5s
[98.324s]  13200K .......... .......... .......... .......... .......... 84%  491K 5s
[98.391s]  13250K .......... .......... .......... .......... .......... 85%  740K 5s
[98.502s]  13300K .......... .......... .......... .......... .......... 85%  451K 5s
[98.590s]  13350K .......... .......... .......... .......... .......... 85%  571K 5s
[98.661s]  13400K .......... .......... .......... .......... .......... 86%  701K 5s
[98.729s]  13450K .......... .......... .......... .......... .......... 86%  742K 5s
[98.808s]  13500K .......... .......... .......... .......... .......... 86%  728K 5s
[98.899s]  13550K .......... .......... .......... .......... .......... 87%  488K 4s
[99.015s]  13600K .......... .......... .......... .......... .......... 87%  433K 4s
[99.084s]  13650K .......... .......... .......... .......... .......... 87%  721K 4s
[99.123s]  13700K .......... .......... .......... .......... .......... 87% 1.26M 4s
[99.190s]  13750K .......... .......... .......... .......... .......... 88%  741K 4s
[99.293s]  13800K .......... .......... .......... .......... .......... 88%  486K 4s
[99.321s]  13850K .......... .......... .......... .......... .......... 88% 1.80M 4s
[99.400s]  13900K .......... .......... .......... .......... .......... 89%  982K 4s
[99.448s]  13950K .......... .......... .......... .......... .......... 89%  654K 4s
[99.492s]  14000K .......... .......... .......... .......... .......... 89% 1.11M 3s
[99.572s]  14050K .......... .......... .......... .......... .......... 90%  628K 3s
[99.599s]  14100K .......... .......... .......... .......... .......... 90% 1.76M 3s
[99.660s]  14150K .......... .......... .......... .......... .......... 90%  822K 3s
[99.709s]  14200K .......... .......... .......... .......... .......... 91% 1021K 3s
[99.809s]  14250K .......... .......... .......... .......... .......... 91%  503K 3s
[99.845s]  14300K .......... .......... .......... .......... .......... 91% 1.79M 3s
[99.870s]  14350K .......... .......... .......... .......... .......... 92% 1.44M 3s
[99.886s]  14400K .......... .......... .......... .......... .......... 92% 3.00M 3s
[99.931s]  14450K .......... .......... .......... .......... .......... 92% 1.09M 2s
[99.972s]  14500K .......... .......... .......... .......... .......... 93% 1.17M 2s
[100.006s]  14550K .......... .......... .......... .......... .......... 93% 1.45M 2s
[100.073s]  14600K .......... .......... .......... .......... .......... 93%  748K 2s
[100.113s]  14650K .......... .......... .......... .......... .......... 94% 1.21M 2s
[100.169s]  14700K .......... .......... .......... .......... .......... 94%  953K 2s
[100.281s]  14750K .......... .......... .......... .......... .......... 94%  436K 2s
[100.281s]  14800K .......... .......... .......... .......... .......... 95%  144M 2s
[100.327s]  14850K .......... .......... .......... .......... .......... 95% 1.07M 2s
[100.346s]  14900K .......... .......... .......... .......... .......... 95% 2.71M 1s
[100.396s]  14950K .......... .......... .......... .......... .......... 95%  978K 1s
[100.420s]  15000K .......... .......... .......... .......... .......... 96% 2.01M 1s
[100.487s]  15050K .......... .......... .......... .......... .......... 96%  751K 1s
[100.677s]  15100K .......... .......... .......... .......... .......... 96%  268K 1s
[100.679s]  15150K .......... .......... .......... .......... .......... 97% 9.44M 1s
[100.679s]  15200K .......... .......... .......... .......... .......... 97%  161M 1s
[100.683s]  15250K .......... .......... .......... .......... .......... 97% 10.9M 1s
[100.717s]  15300K .......... .......... .......... .......... .......... 98% 1.44M 1s
[100.734s]  15350K .......... .......... .......... .......... .......... 98% 2.87M 0s
[100.774s]  15400K .......... .......... .......... .......... .......... 98% 1.22M 0s
[100.794s]  15450K .......... .......... .......... .......... .......... 99% 2.43M 0s
[100.812s]  15500K .......... .......... .......... .......... .......... 99% 4.16M 0s
[100.828s]  15550K .......... .......... .......... .......... .......... 99% 2.20M 0s
[100.864s]  15600K .......... .......... .....                           100%  729K=32s
[100.865s] 
[100.865s] 2025-12-10 15:24:22 (491 KB/s) - ‘/home/crazy_rat/ros2_ws/build/multirobot_map_merge/2012-01-28-11-12-01.pgm’ saved [16000058/16000058]
[100.865s] 
[100.865s] Checking MD5 sum of /home/crazy_rat/ros2_ws/build/multirobot_map_merge/2012-01-28-11-12-01.pgm
[100.912s] /home/crazy_rat/ros2_ws/build/multirobot_map_merge/2012-01-28-11-12-01.pgm: OK
[100.916s] -- Found gtest sources under '/opt/ros/jazzy/src/gtest_vendor': C++ tests using 'Google Test' will be built
[100.923s] -- Found Threads: TRUE  
[100.931s] -- Added test 'cppcheck' to perform static code analysis on C / C++ code
[100.932s] -- Configured cppcheck include dirs: /home/crazy_rat/ros2_ws/src/m-explore-ros2/map_merge/include;$<BUILD_INTERFACE:/home/crazy_rat/ros2_ws/src/m-explore-ros2/map_merge/include>
[100.932s] -- Configured cppcheck exclude dirs and/or files: 
[100.933s] -- Added test 'flake8' to check Python code syntax and style conventions
[100.933s] -- Configured 'flake8' exclude dirs and/or files: 
[100.935s] -- Added test 'lint_cmake' to check CMake code style
[100.935s] -- Added test 'pep257' to check Python code against some of the docstring style conventions in PEP 257
[100.942s] -- Added test 'uncrustify' to check C / C++ code style
[100.942s] -- Configured uncrustify additional arguments: 
[100.943s] -- Added test 'xmllint' to check XML markup files
[100.955s] -- Configuring done (100.9s)
[101.137s] -- Generating done (0.1s)
[101.164s] -- Build files have been written to: /home/crazy_rat/ros2_ws/build/multirobot_map_merge
[101.191s] Invoked command in '/home/crazy_rat/ros2_ws/build/multirobot_map_merge' returned '0': CMAKE_PREFIX_PATH=${CMAKE_PREFIX_PATH}:/opt/ros/jazzy DEBUGINFOD_URLS=https://debuginfod.ubuntu.com /usr/bin/cmake /home/crazy_rat/ros2_ws/src/m-explore-ros2/map_merge -DCMAKE_INSTALL_PREFIX=/home/crazy_rat/ros2_ws/install/multirobot_map_merge
[101.193s] Invoking command in '/home/crazy_rat/ros2_ws/build/multirobot_map_merge': CMAKE_PREFIX_PATH=${CMAKE_PREFIX_PATH}:/opt/ros/jazzy DEBUGINFOD_URLS=https://debuginfod.ubuntu.com /usr/bin/cmake --build /home/crazy_rat/ros2_ws/build/multirobot_map_merge -- -j4 -l4
[101.305s] [  8%] [32mBuilding CXX object CMakeFiles/combine_grids.dir/src/combine_grids/grid_warper.cpp.o[0m
[101.305s] [ 16%] [32mBuilding CXX object gtest/CMakeFiles/gtest.dir/src/gtest-all.cc.o[0m
[101.311s] [ 25%] [32mBuilding CXX object CMakeFiles/combine_grids.dir/src/combine_grids/grid_compositor.cpp.o[0m
[101.326s] [ 33%] [32mBuilding CXX object gtest/CMakeFiles/gtest_main.dir/src/gtest_main.cc.o[0m
[103.940s] [ 41%] [32m[1mLinking CXX static library libgtest_main.a[0m
[104.048s] [ 41%] Built target gtest_main
[104.073s] [ 50%] [32mBuilding CXX object CMakeFiles/combine_grids.dir/src/combine_grids/merging_pipeline.cpp.o[0m
[110.742s] [ 58%] [32m[1mLinking CXX static library libgtest.a[0m
[110.957s] [ 58%] Built target gtest
[113.208s] [ 66%] [32m[1mLinking CXX static library libcombine_grids.a[0m
[113.337s] [ 66%] Built target combine_grids
[113.376s] [ 83%] [32mBuilding CXX object CMakeFiles/test_merging_pipeline.dir/test/test_merging_pipeline.cpp.o[0m
[113.376s] [ 83%] [32mBuilding CXX object CMakeFiles/map_merge.dir/src/map_merge.cpp.o[0m
[123.069s] [ 91%] [32m[1mLinking CXX executable test_merging_pipeline[0m
[125.806s] [ 91%] Built target test_merging_pipeline
[139.537s] [100%] [32m[1mLinking CXX executable map_merge[0m
[142.659s] [100%] Built target map_merge
[142.681s] Invoked command in '/home/crazy_rat/ros2_ws/build/multirobot_map_merge' returned '0': CMAKE_PREFIX_PATH=${CMAKE_PREFIX_PATH}:/opt/ros/jazzy DEBUGINFOD_URLS=https://debuginfod.ubuntu.com /usr/bin/cmake --build /home/crazy_rat/ros2_ws/build/multirobot_map_merge -- -j4 -l4
[142.683s] Invoking command in '/home/crazy_rat/ros2_ws/build/multirobot_map_merge': CMAKE_PREFIX_PATH=${CMAKE_PREFIX_PATH}:/opt/ros/jazzy DEBUGINFOD_URLS=https://debuginfod.ubuntu.com /usr/bin/cmake --install /home/crazy_rat/ros2_ws/build/multirobot_map_merge
[142.699s] -- Install configuration: ""
[142.699s] -- Installing: /home/crazy_rat/ros2_ws/install/multirobot_map_merge/include/map_merge/
[142.699s] -- Installing: /home/crazy_rat/ros2_ws/install/multirobot_map_merge/include/map_merge//map_merge.h
[142.699s] -- Installing: /home/crazy_rat/ros2_ws/install/multirobot_map_merge/include/map_merge//ros1_names.hpp
[142.699s] -- Installing: /home/crazy_rat/ros2_ws/install/multirobot_map_merge/share/multirobot_map_merge/launch
[142.700s] -- Installing: /home/crazy_rat/ros2_ws/install/multirobot_map_merge/share/multirobot_map_merge/launch/from_map_server.launch.py
[142.700s] -- Installing: /home/crazy_rat/ros2_ws/install/multirobot_map_merge/share/multirobot_map_merge/launch/map_merge.rviz
[142.700s] -- Installing: /home/crazy_rat/ros2_ws/install/multirobot_map_merge/share/multirobot_map_merge/launch/map_merge.launch.py
[142.700s] -- Installing: /home/crazy_rat/ros2_ws/install/multirobot_map_merge/share/multirobot_map_merge/launch/tb3_simulation
[142.700s] -- Installing: /home/crazy_rat/ros2_ws/install/multirobot_map_merge/share/multirobot_map_merge/launch/tb3_simulation/worlds
[142.700s] -- Installing: /home/crazy_rat/ros2_ws/install/multirobot_map_merge/share/multirobot_map_merge/launch/tb3_simulation/worlds/world_only.model
[142.700s] -- Installing: /home/crazy_rat/ros2_ws/install/multirobot_map_merge/share/multirobot_map_merge/launch/tb3_simulation/multi_tb3_simulation_launch.py
[142.701s] -- Installing: /home/crazy_rat/ros2_ws/install/multirobot_map_merge/share/multirobot_map_merge/launch/tb3_simulation/bringup_launch.py
[142.701s] -- Installing: /home/crazy_rat/ros2_ws/install/multirobot_map_merge/share/multirobot_map_merge/launch/tb3_simulation/config
[142.701s] -- Installing: /home/crazy_rat/ros2_ws/install/multirobot_map_merge/share/multirobot_map_merge/launch/tb3_simulation/config/nav2_multirobot_params_1.yaml
[142.701s] -- Installing: /home/crazy_rat/ros2_ws/install/multirobot_map_merge/share/multirobot_map_merge/launch/tb3_simulation/config/nav2_multirobot_params_2.yaml
[142.701s] -- Installing: /home/crazy_rat/ros2_ws/install/multirobot_map_merge/share/multirobot_map_merge/launch/tb3_simulation/tb3_simulation_launch.py
[142.701s] -- Installing: /home/crazy_rat/ros2_ws/install/multirobot_map_merge/share/multirobot_map_merge/launch/tb3_simulation/slam_toolbox.py
[142.701s] -- Installing: /home/crazy_rat/ros2_ws/install/multirobot_map_merge/share/multirobot_map_merge/config
[142.702s] -- Installing: /home/crazy_rat/ros2_ws/install/multirobot_map_merge/share/multirobot_map_merge/config/params.yaml
[142.702s] -- Installing: /home/crazy_rat/ros2_ws/install/multirobot_map_merge/lib/libcombine_grids.a
[142.704s] -- Installing: /home/crazy_rat/ros2_ws/install/multirobot_map_merge/lib/multirobot_map_merge/map_merge
[142.717s] -- Set non-toolchain portion of runtime path of "/home/crazy_rat/ros2_ws/install/multirobot_map_merge/lib/multirobot_map_merge/map_merge" to ""
[142.717s] -- Installing: /home/crazy_rat/ros2_ws/install/multirobot_map_merge/share/multirobot_map_merge/environment/library_path.sh
[142.718s] -- Installing: /home/crazy_rat/ros2_ws/install/multirobot_map_merge/share/multirobot_map_merge/environment/library_path.dsv
[142.718s] -- Installing: /home/crazy_rat/ros2_ws/install/multirobot_map_merge/share/ament_index/resource_index/package_run_dependencies/multirobot_map_merge
[142.718s] -- Installing: /home/crazy_rat/ros2_ws/install/multirobot_map_merge/share/ament_index/resource_index/parent_prefix_path/multirobot_map_merge
[142.718s] -- Installing: /home/crazy_rat/ros2_ws/install/multirobot_map_merge/share/multirobot_map_merge/environment/ament_prefix_path.sh
[142.718s] -- Installing: /home/crazy_rat/ros2_ws/install/multirobot_map_merge/share/multirobot_map_merge/environment/ament_prefix_path.dsv
[142.719s] -- Installing: /home/crazy_rat/ros2_ws/install/multirobot_map_merge/share/multirobot_map_merge/environment/path.sh
[142.719s] -- Installing: /home/crazy_rat/ros2_ws/install/multirobot_map_merge/share/multirobot_map_merge/environment/path.dsv
[142.719s] -- Installing: /home/crazy_rat/ros2_ws/install/multirobot_map_merge/share/multirobot_map_merge/local_setup.bash
[142.719s] -- Installing: /home/crazy_rat/ros2_ws/install/multirobot_map_merge/share/multirobot_map_merge/local_setup.sh
[142.719s] -- Installing: /home/crazy_rat/ros2_ws/install/multirobot_map_merge/share/multirobot_map_merge/local_setup.zsh
[142.719s] -- Installing: /home/crazy_rat/ros2_ws/install/multirobot_map_merge/share/multirobot_map_merge/local_setup.dsv
[142.720s] -- Installing: /home/crazy_rat/ros2_ws/install/multirobot_map_merge/share/multirobot_map_merge/package.dsv
[142.720s] -- Installing: /home/crazy_rat/ros2_ws/install/multirobot_map_merge/share/ament_index/resource_index/packages/multirobot_map_merge
[142.720s] -- Installing: /home/crazy_rat/ros2_ws/install/multirobot_map_merge/share/multirobot_map_merge/cmake/ament_cmake_export_include_directories-extras.cmake
[142.720s] -- Installing: /home/crazy_rat/ros2_ws/install/multirobot_map_merge/share/multirobot_map_merge/cmake/ament_cmake_export_libraries-extras.cmake
[142.720s] -- Installing: /home/crazy_rat/ros2_ws/install/multirobot_map_merge/share/multirobot_map_merge/cmake/multirobot_map_mergeConfig.cmake
[142.721s] -- Installing: /home/crazy_rat/ros2_ws/install/multirobot_map_merge/share/multirobot_map_merge/cmake/multirobot_map_mergeConfig-version.cmake
[142.721s] -- Installing: /home/crazy_rat/ros2_ws/install/multirobot_map_merge/share/multirobot_map_merge/package.xml
[142.725s] Invoked command in '/home/crazy_rat/ros2_ws/build/multirobot_map_merge' returned '0': CMAKE_PREFIX_PATH=${CMAKE_PREFIX_PATH}:/opt/ros/jazzy DEBUGINFOD_URLS=https://debuginfod.ubuntu.com /usr/bin/cmake --install /home/crazy_rat/ros2_ws/build/multirobot_map_merge
