[0.070s] Invoking command in '/home/crazy_rat/ros2_ws/build/sllidar_ros2': CMAKE_PREFIX_PATH=${CMAKE_PREFIX_PATH}:/home/crazy_rat/ros2_ws/install/fake_rplidar:/home/crazy_rat/ros2_ws/install/autonomous_exploration:/opt/ros/jazzy DEBUGINFOD_URLS=https://debuginfod.ubuntu.com /usr/bin/cmake --build /home/crazy_rat/ros2_ws/build/sllidar_ros2 -- -j4 -l4
[0.461s] [ 10%] Built target sllidar_client
[0.500s] [100%] Built target sllidar_node
[0.550s] Invoked command in '/home/crazy_rat/ros2_ws/build/sllidar_ros2' returned '0': CMAKE_PREFIX_PATH=${CMAKE_PREFIX_PATH}:/home/crazy_rat/ros2_ws/install/fake_rplidar:/home/crazy_rat/ros2_ws/install/autonomous_exploration:/opt/ros/jazzy DEBUGINFOD_URLS=https://debuginfod.ubuntu.com /usr/bin/cmake --build /home/crazy_rat/ros2_ws/build/sllidar_ros2 -- -j4 -l4
[0.561s] Invoking command in '/home/crazy_rat/ros2_ws/build/sllidar_ros2': CMAKE_PREFIX_PATH=${CMAKE_PREFIX_PATH}:/home/crazy_rat/ros2_ws/install/fake_rplidar:/home/crazy_rat/ros2_ws/install/autonomous_exploration:/opt/ros/jazzy DEBUGINFOD_URLS=https://debuginfod.ubuntu.com /usr/bin/cmake --install /home/crazy_rat/ros2_ws/build/sllidar_ros2
[0.627s] -- Install configuration: ""
[0.630s] -- Execute custom install script
[0.635s] -- Up-to-date symlink: /home/crazy_rat/ros2_ws/install/sllidar_ros2/share/sllidar_ros2/launch/sllidar_a1_launch.py
[0.639s] -- Up-to-date symlink: /home/crazy_rat/ros2_ws/install/sllidar_ros2/share/sllidar_ros2/launch/sllidar_a2m12_launch .py
[0.639s] -- Up-to-date symlink: /home/crazy_rat/ros2_ws/install/sllidar_ros2/share/sllidar_ros2/launch/sllidar_a2m7_launch.py
[0.639s] -- Up-to-date symlink: /home/crazy_rat/ros2_ws/install/sllidar_ros2/share/sllidar_ros2/launch/sllidar_a2m8_launch.py
[0.639s] -- Up-to-date symlink: /home/crazy_rat/ros2_ws/install/sllidar_ros2/share/sllidar_ros2/launch/sllidar_a3_launch.py
[0.642s] -- Up-to-date symlink: /home/crazy_rat/ros2_ws/install/sllidar_ros2/share/sllidar_ros2/launch/sllidar_c1_launch.py
[0.642s] -- Up-to-date symlink: /home/crazy_rat/ros2_ws/install/sllidar_ros2/share/sllidar_ros2/launch/sllidar_s1_launch.py
[0.642s] -- Up-to-date symlink: /home/crazy_rat/ros2_ws/install/sllidar_ros2/share/sllidar_ros2/launch/sllidar_s1_tcp_launch.py
[0.643s] -- Up-to-date symlink: /home/crazy_rat/ros2_ws/install/sllidar_ros2/share/sllidar_ros2/launch/sllidar_s2_launch.py
[0.644s] -- Up-to-date symlink: /home/crazy_rat/ros2_ws/install/sllidar_ros2/share/sllidar_ros2/launch/sllidar_s2e_launch.py
[0.648s] -- Up-to-date symlink: /home/crazy_rat/ros2_ws/install/sllidar_ros2/share/sllidar_ros2/launch/sllidar_s3_launch.py
[0.648s] -- Up-to-date symlink: /home/crazy_rat/ros2_ws/install/sllidar_ros2/share/sllidar_ros2/launch/sllidar_t1_launch.py
[0.648s] -- Up-to-date symlink: /home/crazy_rat/ros2_ws/install/sllidar_ros2/share/sllidar_ros2/launch/view_sllidar_a1_launch.py
[0.650s] -- Up-to-date symlink: /home/crazy_rat/ros2_ws/install/sllidar_ros2/share/sllidar_ros2/launch/view_sllidar_a2m12_launch.py
[0.651s] -- Up-to-date symlink: /home/crazy_rat/ros2_ws/install/sllidar_ros2/share/sllidar_ros2/launch/view_sllidar_a2m7_launch.py
[0.651s] -- Up-to-date symlink: /home/crazy_rat/ros2_ws/install/sllidar_ros2/share/sllidar_ros2/launch/view_sllidar_a2m8_launch.py
[0.653s] -- Up-to-date symlink: /home/crazy_rat/ros2_ws/install/sllidar_ros2/share/sllidar_ros2/launch/view_sllidar_a3_launch.py
[0.653s] -- Up-to-date symlink: /home/crazy_rat/ros2_ws/install/sllidar_ros2/share/sllidar_ros2/launch/view_sllidar_c1_launch.py
[0.654s] -- Up-to-date symlink: /home/crazy_rat/ros2_ws/install/sllidar_ros2/share/sllidar_ros2/launch/view_sllidar_s1_launch.py
[0.658s] -- Up-to-date symlink: /home/crazy_rat/ros2_ws/install/sllidar_ros2/share/sllidar_ros2/launch/view_sllidar_s1_tcp_launch.py
[0.660s] -- Up-to-date symlink: /home/crazy_rat/ros2_ws/install/sllidar_ros2/share/sllidar_ros2/launch/view_sllidar_s2_launch.py
[0.661s] -- Up-to-date symlink: /home/crazy_rat/ros2_ws/install/sllidar_ros2/share/sllidar_ros2/launch/view_sllidar_s2e_launch.py
[0.661s] -- Up-to-date symlink: /home/crazy_rat/ros2_ws/install/sllidar_ros2/share/sllidar_ros2/launch/view_sllidar_s3_launch.py
[0.663s] -- Up-to-date symlink: /home/crazy_rat/ros2_ws/install/sllidar_ros2/share/sllidar_ros2/launch/view_sllidar_t1_launch.py
[0.667s] -- Up-to-date symlink: /home/crazy_rat/ros2_ws/install/sllidar_ros2/share/sllidar_ros2/rviz/sllidar_ros2.rviz
[0.669s] -- Up-to-date symlink: /home/crazy_rat/ros2_ws/install/sllidar_ros2/lib/sllidar_ros2/sllidar_node
[0.669s] -- Up-to-date symlink: /home/crazy_rat/ros2_ws/install/sllidar_ros2/lib/sllidar_ros2/sllidar_client
[0.669s] -- Up-to-date symlink: /home/crazy_rat/ros2_ws/install/sllidar_ros2/share/ament_index/resource_index/package_run_dependencies/sllidar_ros2
[0.673s] -- Up-to-date symlink: /home/crazy_rat/ros2_ws/install/sllidar_ros2/share/ament_index/resource_index/parent_prefix_path/sllidar_ros2
[0.673s] -- Up-to-date symlink: /home/crazy_rat/ros2_ws/install/sllidar_ros2/share/sllidar_ros2/environment/ament_prefix_path.sh
[0.674s] -- Up-to-date symlink: /home/crazy_rat/ros2_ws/install/sllidar_ros2/share/sllidar_ros2/environment/ament_prefix_path.dsv
[0.674s] -- Up-to-date symlink: /home/crazy_rat/ros2_ws/install/sllidar_ros2/share/sllidar_ros2/environment/path.sh
[0.675s] -- Up-to-date symlink: /home/crazy_rat/ros2_ws/install/sllidar_ros2/share/sllidar_ros2/environment/path.dsv
[0.680s] -- Up-to-date symlink: /home/crazy_rat/ros2_ws/install/sllidar_ros2/share/sllidar_ros2/local_setup.bash
[0.685s] -- Up-to-date symlink: /home/crazy_rat/ros2_ws/install/sllidar_ros2/share/sllidar_ros2/local_setup.sh
[0.692s] -- Up-to-date symlink: /home/crazy_rat/ros2_ws/install/sllidar_ros2/share/sllidar_ros2/local_setup.zsh
[0.695s] -- Up-to-date symlink: /home/crazy_rat/ros2_ws/install/sllidar_ros2/share/sllidar_ros2/local_setup.dsv
[0.699s] -- Symlinking: /home/crazy_rat/ros2_ws/install/sllidar_ros2/share/sllidar_ros2/package.dsv
[0.751s] -- Up-to-date symlink: /home/crazy_rat/ros2_ws/install/sllidar_ros2/share/ament_index/resource_index/packages/sllidar_ros2
[0.751s] -- Up-to-date symlink: /home/crazy_rat/ros2_ws/install/sllidar_ros2/share/sllidar_ros2/cmake/ament_cmake_export_dependencies-extras.cmake
[0.752s] -- Up-to-date symlink: /home/crazy_rat/ros2_ws/install/sllidar_ros2/share/sllidar_ros2/cmake/ament_cmake_export_include_directories-extras.cmake
[0.755s] -- Up-to-date symlink: /home/crazy_rat/ros2_ws/install/sllidar_ros2/share/sllidar_ros2/cmake/sllidar_ros2Config.cmake
[0.762s] -- Up-to-date symlink: /home/crazy_rat/ros2_ws/install/sllidar_ros2/share/sllidar_ros2/cmake/sllidar_ros2Config-version.cmake
[0.762s] -- Up-to-date symlink: /home/crazy_rat/ros2_ws/install/sllidar_ros2/share/sllidar_ros2/package.xml
[0.787s] Invoked command in '/home/crazy_rat/ros2_ws/build/sllidar_ros2' returned '0': CMAKE_PREFIX_PATH=${CMAKE_PREFIX_PATH}:/home/crazy_rat/ros2_ws/install/fake_rplidar:/home/crazy_rat/ros2_ws/install/autonomous_exploration:/opt/ros/jazzy DEBUGINFOD_URLS=https://debuginfod.ubuntu.com /usr/bin/cmake --install /home/crazy_rat/ros2_ws/build/sllidar_ros2
