[0.060s] Invoking command in '/home/crazy_rat/ros2_ws/build/nav2_common': CMAKE_PREFIX_PATH=${CMAKE_PREFIX_PATH}:/home/crazy_rat/ros2_ws/install/fake_rplidar:/home/crazy_rat/ros2_ws/install/autonomous_exploration:/opt/ros/jazzy DEBUGINFOD_URLS=https://debuginfod.ubuntu.com /usr/bin/cmake --build /home/crazy_rat/ros2_ws/build/nav2_common -- -j4 -l4
[0.789s] Built target ament_cmake_python_copy_nav2_common
[0.861s] running egg_info
[0.862s] creating nav2_common.egg-info
[0.924s] writing nav2_common.egg-info/PKG-INFO
[0.926s] writing dependency_links to nav2_common.egg-info/dependency_links.txt
[0.928s] writing top-level names to nav2_common.egg-info/top_level.txt
[0.928s] writing manifest file 'nav2_common.egg-info/SOURCES.txt'
[1.236s] reading manifest file 'nav2_common.egg-info/SOURCES.txt'
[1.241s] writing manifest file 'nav2_common.egg-info/SOURCES.txt'
[1.544s] Built target ament_cmake_python_build_nav2_common_egg
[1.597s] Invoked command in '/home/crazy_rat/ros2_ws/build/nav2_common' returned '0': CMAKE_PREFIX_PATH=${CMAKE_PREFIX_PATH}:/home/crazy_rat/ros2_ws/install/fake_rplidar:/home/crazy_rat/ros2_ws/install/autonomous_exploration:/opt/ros/jazzy DEBUGINFOD_URLS=https://debuginfod.ubuntu.com /usr/bin/cmake --build /home/crazy_rat/ros2_ws/build/nav2_common -- -j4 -l4
[1.598s] Invoking command in '/home/crazy_rat/ros2_ws/build/nav2_common': CMAKE_PREFIX_PATH=${CMAKE_PREFIX_PATH}:/home/crazy_rat/ros2_ws/install/fake_rplidar:/home/crazy_rat/ros2_ws/install/autonomous_exploration:/opt/ros/jazzy DEBUGINFOD_URLS=https://debuginfod.ubuntu.com /usr/bin/cmake --install /home/crazy_rat/ros2_ws/build/nav2_common
[1.648s] -- Install configuration: ""
[1.656s] -- Installing: /home/crazy_rat/ros2_ws/install/nav2_common/share/nav2_common/environment/pythonpath.sh
[1.657s] -- Installing: /home/crazy_rat/ros2_ws/install/nav2_common/share/nav2_common/environment/pythonpath.dsv
[1.657s] -- Installing: /home/crazy_rat/ros2_ws/install/nav2_common/lib/python3.12/site-packages/nav2_common-1.4.0-py3.12.egg-info
[1.658s] -- Installing: /home/crazy_rat/ros2_ws/install/nav2_common/lib/python3.12/site-packages/nav2_common-1.4.0-py3.12.egg-info/dependency_links.txt
[1.659s] -- Installing: /home/crazy_rat/ros2_ws/install/nav2_common/lib/python3.12/site-packages/nav2_common-1.4.0-py3.12.egg-info/top_level.txt
[1.659s] -- Installing: /home/crazy_rat/ros2_ws/install/nav2_common/lib/python3.12/site-packages/nav2_common-1.4.0-py3.12.egg-info/SOURCES.txt
[1.660s] -- Installing: /home/crazy_rat/ros2_ws/install/nav2_common/lib/python3.12/site-packages/nav2_common-1.4.0-py3.12.egg-info/PKG-INFO
[1.660s] -- Installing: /home/crazy_rat/ros2_ws/install/nav2_common/lib/python3.12/site-packages/nav2_common
[1.661s] -- Installing: /home/crazy_rat/ros2_ws/install/nav2_common/lib/python3.12/site-packages/nav2_common/__init__.py
[1.662s] -- Installing: /home/crazy_rat/ros2_ws/install/nav2_common/lib/python3.12/site-packages/nav2_common/launch
[1.662s] -- Installing: /home/crazy_rat/ros2_ws/install/nav2_common/lib/python3.12/site-packages/nav2_common/launch/has_node_params.py
[1.663s] -- Installing: /home/crazy_rat/ros2_ws/install/nav2_common/lib/python3.12/site-packages/nav2_common/launch/rewritten_yaml.py
[1.664s] -- Installing: /home/crazy_rat/ros2_ws/install/nav2_common/lib/python3.12/site-packages/nav2_common/launch/replace_string.py
[1.664s] -- Installing: /home/crazy_rat/ros2_ws/install/nav2_common/lib/python3.12/site-packages/nav2_common/launch/__init__.py
[1.665s] -- Installing: /home/crazy_rat/ros2_ws/install/nav2_common/lib/python3.12/site-packages/nav2_common/launch/launch_config_as_bool.py
[1.801s] Listing '/home/crazy_rat/ros2_ws/install/nav2_common/lib/python3.12/site-packages/nav2_common'...
[1.801s] Compiling '/home/crazy_rat/ros2_ws/install/nav2_common/lib/python3.12/site-packages/nav2_common/__init__.py'...
[1.801s] Listing '/home/crazy_rat/ros2_ws/install/nav2_common/lib/python3.12/site-packages/nav2_common/launch'...
[1.801s] Compiling '/home/crazy_rat/ros2_ws/install/nav2_common/lib/python3.12/site-packages/nav2_common/launch/__init__.py'...
[1.801s] Compiling '/home/crazy_rat/ros2_ws/install/nav2_common/lib/python3.12/site-packages/nav2_common/launch/has_node_params.py'...
[1.801s] Compiling '/home/crazy_rat/ros2_ws/install/nav2_common/lib/python3.12/site-packages/nav2_common/launch/launch_config_as_bool.py'...
[1.801s] Compiling '/home/crazy_rat/ros2_ws/install/nav2_common/lib/python3.12/site-packages/nav2_common/launch/replace_string.py'...
[1.802s] Compiling '/home/crazy_rat/ros2_ws/install/nav2_common/lib/python3.12/site-packages/nav2_common/launch/rewritten_yaml.py'...
[1.830s] -- Installing: /home/crazy_rat/ros2_ws/install/nav2_common/share/ament_index/resource_index/package_run_dependencies/nav2_common
[1.830s] -- Installing: /home/crazy_rat/ros2_ws/install/nav2_common/share/ament_index/resource_index/parent_prefix_path/nav2_common
[1.830s] -- Installing: /home/crazy_rat/ros2_ws/install/nav2_common/share/nav2_common/environment/ament_prefix_path.sh
[1.831s] -- Installing: /home/crazy_rat/ros2_ws/install/nav2_common/share/nav2_common/environment/ament_prefix_path.dsv
[1.831s] -- Installing: /home/crazy_rat/ros2_ws/install/nav2_common/share/nav2_common/environment/path.sh
[1.831s] -- Installing: /home/crazy_rat/ros2_ws/install/nav2_common/share/nav2_common/environment/path.dsv
[1.831s] -- Installing: /home/crazy_rat/ros2_ws/install/nav2_common/share/nav2_common/local_setup.bash
[1.837s] -- Installing: /home/crazy_rat/ros2_ws/install/nav2_common/share/nav2_common/local_setup.sh
[1.837s] -- Installing: /home/crazy_rat/ros2_ws/install/nav2_common/share/nav2_common/local_setup.zsh
[1.837s] -- Installing: /home/crazy_rat/ros2_ws/install/nav2_common/share/nav2_common/local_setup.dsv
[1.838s] -- Installing: /home/crazy_rat/ros2_ws/install/nav2_common/share/nav2_common/package.dsv
[1.839s] -- Installing: /home/crazy_rat/ros2_ws/install/nav2_common/share/ament_index/resource_index/packages/nav2_common
[1.844s] -- Installing: /home/crazy_rat/ros2_ws/install/nav2_common/share/nav2_common/cmake/nav2_common-extras.cmake
[1.845s] -- Installing: /home/crazy_rat/ros2_ws/install/nav2_common/share/nav2_common/cmake/nav2_commonConfig.cmake
[1.845s] -- Installing: /home/crazy_rat/ros2_ws/install/nav2_common/share/nav2_common/cmake/nav2_commonConfig-version.cmake
[1.845s] -- Installing: /home/crazy_rat/ros2_ws/install/nav2_common/share/nav2_common/package.xml
[1.845s] -- Up-to-date: /home/crazy_rat/ros2_ws/install/nav2_common/share/nav2_common/cmake
[1.845s] -- Installing: /home/crazy_rat/ros2_ws/install/nav2_common/share/nav2_common/cmake/nav2_package.cmake
[1.847s] -- Installing: /home/crazy_rat/ros2_ws/install/nav2_common/share/nav2_common/test
[1.849s] -- Installing: /home/crazy_rat/ros2_ws/install/nav2_common/share/nav2_common/test/test_rewritten_yaml.py
[1.851s] -- Installing: /home/crazy_rat/ros2_ws/install/nav2_common/share/nav2_common/test/test_launch_config_as_bool.py
[2.514s] Invoked command in '/home/crazy_rat/ros2_ws/build/nav2_common' returned '0': CMAKE_PREFIX_PATH=${CMAKE_PREFIX_PATH}:/home/crazy_rat/ros2_ws/install/fake_rplidar:/home/crazy_rat/ros2_ws/install/autonomous_exploration:/opt/ros/jazzy DEBUGINFOD_URLS=https://debuginfod.ubuntu.com /usr/bin/cmake --install /home/crazy_rat/ros2_ws/build/nav2_common
