[0.364s] Invoking command in '/home/crazy_rat/ros2_ws/build/bno08x_driver': DEBUGINFOD_URLS=https://debuginfod.ubuntu.com /usr/bin/cmake --build /home/crazy_rat/ros2_ws/build/bno08x_driver -- -j4 -l4
[0.761s] [ 27%] Built target sh2_library
[0.764s] [ 38%] Built target gmock_main
[0.765s] [ 55%] Built target gmock
[0.765s] [ 77%] Built target bno08x_driver
[0.765s] [ 88%] Built target test_i2c_mock
[0.765s] [100%] Built target test_watchdog
[0.774s] Invoked command in '/home/crazy_rat/ros2_ws/build/bno08x_driver' returned '0': DEBUGINFOD_URLS=https://debuginfod.ubuntu.com /usr/bin/cmake --build /home/crazy_rat/ros2_ws/build/bno08x_driver -- -j4 -l4
[0.821s] Invoking command in '/home/crazy_rat/ros2_ws/build/bno08x_driver': DEBUGINFOD_URLS=https://debuginfod.ubuntu.com /usr/bin/cmake --install /home/crazy_rat/ros2_ws/build/bno08x_driver
[0.842s] -- Install configuration: ""
[0.845s] -- Up-to-date: /home/crazy_rat/ros2_ws/install/bno08x_driver/lib/bno08x_driver/bno08x_driver
[0.845s] -- Up-to-date: /home/crazy_rat/ros2_ws/install/bno08x_driver/share/bno08x_driver/config
[0.845s] -- Up-to-date: /home/crazy_rat/ros2_ws/install/bno08x_driver/share/bno08x_driver/config/bno085_i2c.yaml
[0.846s] -- Up-to-date: /home/crazy_rat/ros2_ws/install/bno08x_driver/share/bno08x_driver/launch
[0.846s] -- Up-to-date: /home/crazy_rat/ros2_ws/install/bno08x_driver/share/bno08x_driver/launch/bno085_i2c.launch.py
[0.846s] -- Up-to-date: /home/crazy_rat/ros2_ws/install/bno08x_driver/share/ament_index/resource_index/package_run_dependencies/bno08x_driver
[0.846s] -- Up-to-date: /home/crazy_rat/ros2_ws/install/bno08x_driver/share/ament_index/resource_index/parent_prefix_path/bno08x_driver
[0.846s] -- Up-to-date: /home/crazy_rat/ros2_ws/install/bno08x_driver/share/bno08x_driver/environment/ament_prefix_path.sh
[0.846s] -- Up-to-date: /home/crazy_rat/ros2_ws/install/bno08x_driver/share/bno08x_driver/environment/ament_prefix_path.dsv
[0.846s] -- Up-to-date: /home/crazy_rat/ros2_ws/install/bno08x_driver/share/bno08x_driver/environment/path.sh
[0.847s] -- Up-to-date: /home/crazy_rat/ros2_ws/install/bno08x_driver/share/bno08x_driver/environment/path.dsv
[0.847s] -- Up-to-date: /home/crazy_rat/ros2_ws/install/bno08x_driver/share/bno08x_driver/local_setup.bash
[0.847s] -- Up-to-date: /home/crazy_rat/ros2_ws/install/bno08x_driver/share/bno08x_driver/local_setup.sh
[0.847s] -- Up-to-date: /home/crazy_rat/ros2_ws/install/bno08x_driver/share/bno08x_driver/local_setup.zsh
[0.847s] -- Up-to-date: /home/crazy_rat/ros2_ws/install/bno08x_driver/share/bno08x_driver/local_setup.dsv
[0.847s] -- Installing: /home/crazy_rat/ros2_ws/install/bno08x_driver/share/bno08x_driver/package.dsv
[0.847s] -- Up-to-date: /home/crazy_rat/ros2_ws/install/bno08x_driver/share/ament_index/resource_index/packages/bno08x_driver
[0.848s] -- Up-to-date: /home/crazy_rat/ros2_ws/install/bno08x_driver/share/bno08x_driver/cmake/bno08x_driverConfig.cmake
[0.848s] -- Up-to-date: /home/crazy_rat/ros2_ws/install/bno08x_driver/share/bno08x_driver/cmake/bno08x_driverConfig-version.cmake
[0.848s] -- Up-to-date: /home/crazy_rat/ros2_ws/install/bno08x_driver/share/bno08x_driver/package.xml
[0.850s] Invoked command in '/home/crazy_rat/ros2_ws/build/bno08x_driver' returned '0': DEBUGINFOD_URLS=https://debuginfod.ubuntu.com /usr/bin/cmake --install /home/crazy_rat/ros2_ws/build/bno08x_driver
