[0.077s] Invoking command in '/home/crazy_rat/ros2_ws/build/multirobot_map_merge': CMAKE_PREFIX_PATH=${CMAKE_PREFIX_PATH}:/home/crazy_rat/ros2_ws/install/fake_rplidar:/home/crazy_rat/ros2_ws/install/autonomous_exploration:/opt/ros/jazzy DEBUGINFOD_URLS=https://debuginfod.ubuntu.com /usr/bin/cmake --build /home/crazy_rat/ros2_ws/build/multirobot_map_merge -- -j4 -l4
[0.554s] [ 16%] Built target gtest
[0.572s] [ 33%] Built target gtest_main
[0.649s] [ 66%] Built target combine_grids
[0.948s] [ 83%] Built target test_merging_pipeline
[1.176s] [100%] Built target map_merge
[1.247s] Invoked command in '/home/crazy_rat/ros2_ws/build/multirobot_map_merge' returned '0': CMAKE_PREFIX_PATH=${CMAKE_PREFIX_PATH}:/home/crazy_rat/ros2_ws/install/fake_rplidar:/home/crazy_rat/ros2_ws/install/autonomous_exploration:/opt/ros/jazzy DEBUGINFOD_URLS=https://debuginfod.ubuntu.com /usr/bin/cmake --build /home/crazy_rat/ros2_ws/build/multirobot_map_merge -- -j4 -l4
[1.258s] Invoking command in '/home/crazy_rat/ros2_ws/build/multirobot_map_merge': CMAKE_PREFIX_PATH=${CMAKE_PREFIX_PATH}:/home/crazy_rat/ros2_ws/install/fake_rplidar:/home/crazy_rat/ros2_ws/install/autonomous_exploration:/opt/ros/jazzy DEBUGINFOD_URLS=https://debuginfod.ubuntu.com /usr/bin/cmake --install /home/crazy_rat/ros2_ws/build/multirobot_map_merge
[1.312s] -- Install configuration: ""
[1.313s] -- Up-to-date: /home/crazy_rat/ros2_ws/install/multirobot_map_merge/include/map_merge/
[1.313s] -- Up-to-date: /home/crazy_rat/ros2_ws/install/multirobot_map_merge/include/map_merge//map_merge.h
[1.313s] -- Up-to-date: /home/crazy_rat/ros2_ws/install/multirobot_map_merge/include/map_merge//ros1_names.hpp
[1.313s] -- Up-to-date: /home/crazy_rat/ros2_ws/install/multirobot_map_merge/share/multirobot_map_merge/launch
[1.314s] -- Up-to-date: /home/crazy_rat/ros2_ws/install/multirobot_map_merge/share/multirobot_map_merge/launch/from_map_server.launch.py
[1.314s] -- Up-to-date: /home/crazy_rat/ros2_ws/install/multirobot_map_merge/share/multirobot_map_merge/launch/map_merge.rviz
[1.314s] -- Up-to-date: /home/crazy_rat/ros2_ws/install/multirobot_map_merge/share/multirobot_map_merge/launch/map_merge.launch.py
[1.315s] -- Up-to-date: /home/crazy_rat/ros2_ws/install/multirobot_map_merge/share/multirobot_map_merge/launch/tb3_simulation
[1.315s] -- Up-to-date: /home/crazy_rat/ros2_ws/install/multirobot_map_merge/share/multirobot_map_merge/launch/tb3_simulation/worlds
[1.315s] -- Up-to-date: /home/crazy_rat/ros2_ws/install/multirobot_map_merge/share/multirobot_map_merge/launch/tb3_simulation/worlds/world_only.model
[1.316s] -- Up-to-date: /home/crazy_rat/ros2_ws/install/multirobot_map_merge/share/multirobot_map_merge/launch/tb3_simulation/multi_tb3_simulation_launch.py
[1.324s] -- Up-to-date: /home/crazy_rat/ros2_ws/install/multirobot_map_merge/share/multirobot_map_merge/launch/tb3_simulation/bringup_launch.py
[1.324s] -- Up-to-date: /home/crazy_rat/ros2_ws/install/multirobot_map_merge/share/multirobot_map_merge/launch/tb3_simulation/config
[1.324s] -- Up-to-date: /home/crazy_rat/ros2_ws/install/multirobot_map_merge/share/multirobot_map_merge/launch/tb3_simulation/config/nav2_multirobot_params_1.yaml
[1.324s] -- Up-to-date: /home/crazy_rat/ros2_ws/install/multirobot_map_merge/share/multirobot_map_merge/launch/tb3_simulation/config/nav2_multirobot_params_2.yaml
[1.327s] -- Up-to-date: /home/crazy_rat/ros2_ws/install/multirobot_map_merge/share/multirobot_map_merge/launch/tb3_simulation/tb3_simulation_launch.py
[1.327s] -- Up-to-date: /home/crazy_rat/ros2_ws/install/multirobot_map_merge/share/multirobot_map_merge/launch/tb3_simulation/slam_toolbox.py
[1.328s] -- Up-to-date: /home/crazy_rat/ros2_ws/install/multirobot_map_merge/share/multirobot_map_merge/config
[1.328s] -- Up-to-date: /home/crazy_rat/ros2_ws/install/multirobot_map_merge/share/multirobot_map_merge/config/params.yaml
[1.328s] -- Up-to-date: /home/crazy_rat/ros2_ws/install/multirobot_map_merge/lib/libcombine_grids.a
[1.328s] -- Up-to-date: /home/crazy_rat/ros2_ws/install/multirobot_map_merge/lib/multirobot_map_merge/map_merge
[1.328s] -- Up-to-date: /home/crazy_rat/ros2_ws/install/multirobot_map_merge/share/multirobot_map_merge/environment/library_path.sh
[1.328s] -- Up-to-date: /home/crazy_rat/ros2_ws/install/multirobot_map_merge/share/multirobot_map_merge/environment/library_path.dsv
[1.329s] -- Up-to-date: /home/crazy_rat/ros2_ws/install/multirobot_map_merge/share/ament_index/resource_index/package_run_dependencies/multirobot_map_merge
[1.335s] -- Up-to-date: /home/crazy_rat/ros2_ws/install/multirobot_map_merge/share/ament_index/resource_index/parent_prefix_path/multirobot_map_merge
[1.335s] -- Up-to-date: /home/crazy_rat/ros2_ws/install/multirobot_map_merge/share/multirobot_map_merge/environment/ament_prefix_path.sh
[1.335s] -- Up-to-date: /home/crazy_rat/ros2_ws/install/multirobot_map_merge/share/multirobot_map_merge/environment/ament_prefix_path.dsv
[1.336s] -- Up-to-date: /home/crazy_rat/ros2_ws/install/multirobot_map_merge/share/multirobot_map_merge/environment/path.sh
[1.336s] -- Up-to-date: /home/crazy_rat/ros2_ws/install/multirobot_map_merge/share/multirobot_map_merge/environment/path.dsv
[1.336s] -- Up-to-date: /home/crazy_rat/ros2_ws/install/multirobot_map_merge/share/multirobot_map_merge/local_setup.bash
[1.336s] -- Up-to-date: /home/crazy_rat/ros2_ws/install/multirobot_map_merge/share/multirobot_map_merge/local_setup.sh
[1.336s] -- Up-to-date: /home/crazy_rat/ros2_ws/install/multirobot_map_merge/share/multirobot_map_merge/local_setup.zsh
[1.336s] -- Up-to-date: /home/crazy_rat/ros2_ws/install/multirobot_map_merge/share/multirobot_map_merge/local_setup.dsv
[1.337s] -- Installing: /home/crazy_rat/ros2_ws/install/multirobot_map_merge/share/multirobot_map_merge/package.dsv
[1.346s] -- Up-to-date: /home/crazy_rat/ros2_ws/install/multirobot_map_merge/share/ament_index/resource_index/packages/multirobot_map_merge
[1.347s] -- Up-to-date: /home/crazy_rat/ros2_ws/install/multirobot_map_merge/share/multirobot_map_merge/cmake/ament_cmake_export_include_directories-extras.cmake
[1.347s] -- Up-to-date: /home/crazy_rat/ros2_ws/install/multirobot_map_merge/share/multirobot_map_merge/cmake/ament_cmake_export_libraries-extras.cmake
[1.347s] -- Up-to-date: /home/crazy_rat/ros2_ws/install/multirobot_map_merge/share/multirobot_map_merge/cmake/multirobot_map_mergeConfig.cmake
[1.347s] -- Up-to-date: /home/crazy_rat/ros2_ws/install/multirobot_map_merge/share/multirobot_map_merge/cmake/multirobot_map_mergeConfig-version.cmake
[1.347s] -- Up-to-date: /home/crazy_rat/ros2_ws/install/multirobot_map_merge/share/multirobot_map_merge/package.xml
[1.362s] Invoked command in '/home/crazy_rat/ros2_ws/build/multirobot_map_merge' returned '0': CMAKE_PREFIX_PATH=${CMAKE_PREFIX_PATH}:/home/crazy_rat/ros2_ws/install/fake_rplidar:/home/crazy_rat/ros2_ws/install/autonomous_exploration:/opt/ros/jazzy DEBUGINFOD_URLS=https://debuginfod.ubuntu.com /usr/bin/cmake --install /home/crazy_rat/ros2_ws/build/multirobot_map_merge
